[0.009s] Invoking command in '/home/fins/Desktop/merged_lidar_ws/build/lidar_merge': CMAKE_PREFIX_PATH=/home/fins/Desktop/merged_lidar_ws/install/livox_ros_driver2:/home/fins/Desktop/merged_lidar_ws/install/lidar_merge:/opt/ros/humble LD_LIBRARY_PATH=/home/fins/Desktop/merged_lidar_ws/install/livox_ros_driver2/lib:/opt/ros/humble/opt/rviz_ogre_vendor/lib:/opt/ros/humble/lib/x86_64-linux-gnu:/opt/ros/humble/lib:/opt/MVS/lib/64:/opt/MVS/lib/32:/opt/MVS/lib/64:/opt/MVS/lib/32:/opt/MVS/lib/64:/opt/MVS/lib/32:/usr/local/lib:/usr/local/opencv-4.7.0/lib /usr/bin/cmake /home/fins/Desktop/merged_lidar_ws/src/lidar_merge -DROS_EDITION=ROS2 -DHUMBLE_ROS=humble -DCMAKE_INSTALL_PREFIX=/home/fins/Desktop/merged_lidar_ws/install/lidar_merge
[0.055s] -- The C compiler identification is GNU 11.4.0
[0.103s] -- The CXX compiler identification is GNU 11.4.0
[0.109s] -- Detecting C compiler ABI info
[0.172s] -- Detecting C compiler ABI info - done
[0.177s] -- Check for working C compiler: /usr/bin/cc - skipped
[0.177s] -- Detecting C compile features
[0.177s] -- Detecting C compile features - done
[0.180s] -- Detecting CXX compiler ABI info
[0.255s] -- Detecting CXX compiler ABI info - done
[0.260s] -- Check for working CXX compiler: /usr/bin/c++ - skipped
[0.260s] -- Detecting CXX compile features
[0.261s] -- Detecting CXX compile features - done
[0.263s] -- Found ament_cmake: 1.3.10 (/opt/ros/humble/share/ament_cmake/cmake)
[0.556s] -- Found Python3: /usr/bin/python3 (found version "3.10.12") found components: Interpreter 
[0.629s] -- Found ament_cmake_auto: 1.3.10 (/opt/ros/humble/share/ament_cmake_auto/cmake)
[0.717s] -- Found rosidl_generator_c: 3.1.5 (/opt/ros/humble/share/rosidl_generator_c/cmake)
[0.721s] -- Found rosidl_adapter: 3.1.5 (/opt/ros/humble/share/rosidl_adapter/cmake)
[0.727s] -- Found rosidl_generator_cpp: 3.1.5 (/opt/ros/humble/share/rosidl_generator_cpp/cmake)
[0.736s] -- Using all available rosidl_typesupport_c: rosidl_typesupport_fastrtps_c;rosidl_typesupport_introspection_c
[0.748s] -- Using all available rosidl_typesupport_cpp: rosidl_typesupport_fastrtps_cpp;rosidl_typesupport_introspection_cpp
[0.780s] -- Found rmw_implementation_cmake: 6.1.2 (/opt/ros/humble/share/rmw_implementation_cmake/cmake)
[0.782s] -- Found rmw_fastrtps_cpp: 6.2.7 (/opt/ros/humble/share/rmw_fastrtps_cpp/cmake)
[0.866s] -- Found OpenSSL: /usr/lib/x86_64-linux-gnu/libcrypto.so (found version "3.0.2")  
[0.891s] -- Found FastRTPS: /opt/ros/humble/include  
[0.930s] -- Using RMW implementation 'rmw_fastrtps_cpp' as default
[0.937s] -- Looking for pthread.h
[1.006s] -- Looking for pthread.h - found
[1.007s] -- Performing Test CMAKE_HAVE_LIBC_PTHREAD
[1.076s] -- Performing Test CMAKE_HAVE_LIBC_PTHREAD - Success
[1.077s] -- Found Threads: TRUE  
[1.213s] -- Found eigen3_cmake_module: 0.1.1 (/opt/ros/humble/share/eigen3_cmake_module/cmake)
[1.214s] -- Found Eigen3: TRUE (found version "3.4.0") 
[1.214s] -- Ensuring Eigen3 include directory is part of orocos-kdl CMake target
[1.264s] -- Checking for module 'eigen3'
[1.282s] --   Found eigen3, version 3.4.0
[1.317s] -- Found Eigen: /usr/include/eigen3 (Required is at least version "3.1") 
[1.317s] -- Eigen found (include: /usr/include/eigen3, version: 3.4.0)
[1.348s] -- Checking for module 'flann'
[1.365s] --   Found flann, version 1.9.1
[1.414s] -- Found FLANN: /usr/lib/x86_64-linux-gnu/libflann_cpp.so  
[1.414s] -- FLANN found (include: /usr/include, lib: /usr/lib/x86_64-linux-gnu/libflann_cpp.so)
[2.303s] -- Checking for module 'libusb-1.0'
[2.319s] --   Found libusb-1.0, version 1.0.25
[2.358s] -- Found libusb: /usr/lib/x86_64-linux-gnu/libusb-1.0.so  
[2.359s] -- OpenNI found (version: 1.5.4.0, include: /usr/include/ni, lib: /usr/lib/libOpenNI.so;libusb::libusb)
[2.425s] -- OpenNI2 found (version: 2.2.0.33, include: /usr/include/openni2, lib: /usr/lib/x86_64-linux-gnu/libOpenNI2.so;libusb::libusb)
[2.548s] -- Eigen found (include: /usr/include/eigen3, version: 3.4.0)
[2.554s] -- OpenNI found (version: 1.5.4.0, include: /usr/include/ni, lib: /usr/lib/libOpenNI.so;libusb::libusb)
[2.561s] -- OpenNI2 found (version: 2.2.0.33, include: /usr/include/openni2, lib: /usr/lib/x86_64-linux-gnu/libOpenNI2.so;libusb::libusb)
[2.677s] -- Found Qhull version 8.0.2
[2.793s] -- OpenNI found (version: 1.5.4.0, include: /usr/include/ni, lib: /usr/lib/libOpenNI.so;libusb::libusb)
[2.904s] -- Found PCL_COMMON: /usr/lib/x86_64-linux-gnu/libpcl_common.so  
[2.905s] -- Found PCL_KDTREE: /usr/lib/x86_64-linux-gnu/libpcl_kdtree.so  
[2.905s] -- Found PCL_OCTREE: /usr/lib/x86_64-linux-gnu/libpcl_octree.so  
[2.906s] -- Found PCL_SEARCH: /usr/lib/x86_64-linux-gnu/libpcl_search.so  
[2.906s] -- Found PCL_SAMPLE_CONSENSUS: /usr/lib/x86_64-linux-gnu/libpcl_sample_consensus.so  
[2.907s] -- Found PCL_FILTERS: /usr/lib/x86_64-linux-gnu/libpcl_filters.so  
[2.907s] -- Found PCL_2D: /usr/include/pcl-1.12  
[2.907s] -- Found PCL_GEOMETRY: /usr/include/pcl-1.12  
[2.908s] -- Found PCL_IO: /usr/lib/x86_64-linux-gnu/libpcl_io.so  
[2.909s] -- Found PCL_FEATURES: /usr/lib/x86_64-linux-gnu/libpcl_features.so  
[2.909s] -- Found PCL_ML: /usr/lib/x86_64-linux-gnu/libpcl_ml.so  
[2.910s] -- Found PCL_SEGMENTATION: /usr/lib/x86_64-linux-gnu/libpcl_segmentation.so  
[2.911s] -- Found PCL_VISUALIZATION: /usr/lib/x86_64-linux-gnu/libpcl_visualization.so  
[2.911s] -- Found PCL_SURFACE: /usr/lib/x86_64-linux-gnu/libpcl_surface.so  
[2.912s] -- Found PCL_REGISTRATION: /usr/lib/x86_64-linux-gnu/libpcl_registration.so  
[2.912s] -- Found PCL_KEYPOINTS: /usr/lib/x86_64-linux-gnu/libpcl_keypoints.so  
[2.913s] -- Found PCL_TRACKING: /usr/lib/x86_64-linux-gnu/libpcl_tracking.so  
[2.914s] -- Found PCL_RECOGNITION: /usr/lib/x86_64-linux-gnu/libpcl_recognition.so  
[2.914s] -- Found PCL_STEREO: /usr/lib/x86_64-linux-gnu/libpcl_stereo.so  
[2.915s] -- Found PCL_APPS: /usr/lib/x86_64-linux-gnu/libpcl_apps.so  
[2.916s] -- Found PCL_IN_HAND_SCANNER: /usr/include/pcl-1.12  
[2.916s] -- Found PCL_MODELER: /usr/include/pcl-1.12  
[2.916s] -- Found PCL_POINT_CLOUD_EDITOR: /usr/include/pcl-1.12  
[2.917s] -- Found PCL_OUTOFCORE: /usr/lib/x86_64-linux-gnu/libpcl_outofcore.so  
[2.917s] -- Found PCL_PEOPLE: /usr/lib/x86_64-linux-gnu/libpcl_people.so  
[2.930s] -- Configuring done
[2.943s] -- Generating done
[2.944s] [33mCMake Warning:
[2.944s]   Manually-specified variables were not used by the project:
[2.944s] 
[2.944s]     HUMBLE_ROS
[2.945s]     ROS_EDITION
[2.945s] 
[2.945s] [0m
[2.945s] -- Build files have been written to: /home/fins/Desktop/merged_lidar_ws/build/lidar_merge
[2.964s] Invoked command in '/home/fins/Desktop/merged_lidar_ws/build/lidar_merge' returned '0': CMAKE_PREFIX_PATH=/home/fins/Desktop/merged_lidar_ws/install/livox_ros_driver2:/home/fins/Desktop/merged_lidar_ws/install/lidar_merge:/opt/ros/humble LD_LIBRARY_PATH=/home/fins/Desktop/merged_lidar_ws/install/livox_ros_driver2/lib:/opt/ros/humble/opt/rviz_ogre_vendor/lib:/opt/ros/humble/lib/x86_64-linux-gnu:/opt/ros/humble/lib:/opt/MVS/lib/64:/opt/MVS/lib/32:/opt/MVS/lib/64:/opt/MVS/lib/32:/opt/MVS/lib/64:/opt/MVS/lib/32:/usr/local/lib:/usr/local/opencv-4.7.0/lib /usr/bin/cmake /home/fins/Desktop/merged_lidar_ws/src/lidar_merge -DROS_EDITION=ROS2 -DHUMBLE_ROS=humble -DCMAKE_INSTALL_PREFIX=/home/fins/Desktop/merged_lidar_ws/install/lidar_merge
[2.966s] Invoking command in '/home/fins/Desktop/merged_lidar_ws/build/lidar_merge': CMAKE_PREFIX_PATH=/home/fins/Desktop/merged_lidar_ws/install/livox_ros_driver2:/home/fins/Desktop/merged_lidar_ws/install/lidar_merge:/opt/ros/humble LD_LIBRARY_PATH=/home/fins/Desktop/merged_lidar_ws/install/livox_ros_driver2/lib:/opt/ros/humble/opt/rviz_ogre_vendor/lib:/opt/ros/humble/lib/x86_64-linux-gnu:/opt/ros/humble/lib:/opt/MVS/lib/64:/opt/MVS/lib/32:/opt/MVS/lib/64:/opt/MVS/lib/32:/opt/MVS/lib/64:/opt/MVS/lib/32:/usr/local/lib:/usr/local/opencv-4.7.0/lib /usr/bin/cmake --build /home/fins/Desktop/merged_lidar_ws/build/lidar_merge -- -j16 -l16
[3.018s] [ 50%] [32mBuilding CXX object CMakeFiles/merge_point_node.dir/src/merge.cpp.o[0m
[14.194s] [100%] [32m[1mLinking CXX executable merge_point_node[0m
[14.343s] [100%] Built target merge_point_node
[14.354s] Invoked command in '/home/fins/Desktop/merged_lidar_ws/build/lidar_merge' returned '0': CMAKE_PREFIX_PATH=/home/fins/Desktop/merged_lidar_ws/install/livox_ros_driver2:/home/fins/Desktop/merged_lidar_ws/install/lidar_merge:/opt/ros/humble LD_LIBRARY_PATH=/home/fins/Desktop/merged_lidar_ws/install/livox_ros_driver2/lib:/opt/ros/humble/opt/rviz_ogre_vendor/lib:/opt/ros/humble/lib/x86_64-linux-gnu:/opt/ros/humble/lib:/opt/MVS/lib/64:/opt/MVS/lib/32:/opt/MVS/lib/64:/opt/MVS/lib/32:/opt/MVS/lib/64:/opt/MVS/lib/32:/usr/local/lib:/usr/local/opencv-4.7.0/lib /usr/bin/cmake --build /home/fins/Desktop/merged_lidar_ws/build/lidar_merge -- -j16 -l16
[14.386s] Invoking command in '/home/fins/Desktop/merged_lidar_ws/build/lidar_merge': CMAKE_PREFIX_PATH=/home/fins/Desktop/merged_lidar_ws/install/livox_ros_driver2:/home/fins/Desktop/merged_lidar_ws/install/lidar_merge:/opt/ros/humble LD_LIBRARY_PATH=/home/fins/Desktop/merged_lidar_ws/install/livox_ros_driver2/lib:/opt/ros/humble/opt/rviz_ogre_vendor/lib:/opt/ros/humble/lib/x86_64-linux-gnu:/opt/ros/humble/lib:/opt/MVS/lib/64:/opt/MVS/lib/32:/opt/MVS/lib/64:/opt/MVS/lib/32:/opt/MVS/lib/64:/opt/MVS/lib/32:/usr/local/lib:/usr/local/opencv-4.7.0/lib /usr/bin/cmake --install /home/fins/Desktop/merged_lidar_ws/build/lidar_merge
[14.392s] -- Install configuration: "Release"
[14.392s] -- Installing: /home/fins/Desktop/merged_lidar_ws/install/lidar_merge/include
[14.392s] -- Installing: /home/fins/Desktop/merged_lidar_ws/install/lidar_merge/include/lidar_merge
[14.392s] -- Installing: /home/fins/Desktop/merged_lidar_ws/install/lidar_merge/lib/lidar_merge/merge_point_node
[14.394s] -- Set runtime path of "/home/fins/Desktop/merged_lidar_ws/install/lidar_merge/lib/lidar_merge/merge_point_node" to ""
[14.394s] -- Installing: /home/fins/Desktop/merged_lidar_ws/install/lidar_merge/share/ament_index/resource_index/package_run_dependencies/lidar_merge
[14.394s] -- Installing: /home/fins/Desktop/merged_lidar_ws/install/lidar_merge/share/ament_index/resource_index/parent_prefix_path/lidar_merge
[14.394s] -- Installing: /home/fins/Desktop/merged_lidar_ws/install/lidar_merge/share/lidar_merge/environment/ament_prefix_path.sh
[14.394s] -- Installing: /home/fins/Desktop/merged_lidar_ws/install/lidar_merge/share/lidar_merge/environment/ament_prefix_path.dsv
[14.394s] -- Installing: /home/fins/Desktop/merged_lidar_ws/install/lidar_merge/share/lidar_merge/environment/path.sh
[14.394s] -- Installing: /home/fins/Desktop/merged_lidar_ws/install/lidar_merge/share/lidar_merge/environment/path.dsv
[14.395s] -- Installing: /home/fins/Desktop/merged_lidar_ws/install/lidar_merge/share/lidar_merge/local_setup.bash
[14.395s] -- Installing: /home/fins/Desktop/merged_lidar_ws/install/lidar_merge/share/lidar_merge/local_setup.sh
[14.395s] -- Installing: /home/fins/Desktop/merged_lidar_ws/install/lidar_merge/share/lidar_merge/local_setup.zsh
[14.395s] -- Installing: /home/fins/Desktop/merged_lidar_ws/install/lidar_merge/share/lidar_merge/local_setup.dsv
[14.395s] -- Installing: /home/fins/Desktop/merged_lidar_ws/install/lidar_merge/share/lidar_merge/package.dsv
[14.395s] -- Installing: /home/fins/Desktop/merged_lidar_ws/install/lidar_merge/share/ament_index/resource_index/packages/lidar_merge
[14.395s] -- Installing: /home/fins/Desktop/merged_lidar_ws/install/lidar_merge/share/lidar_merge/cmake/ament_cmake_export_dependencies-extras.cmake
[14.396s] -- Installing: /home/fins/Desktop/merged_lidar_ws/install/lidar_merge/share/lidar_merge/cmake/ament_cmake_export_include_directories-extras.cmake
[14.396s] -- Installing: /home/fins/Desktop/merged_lidar_ws/install/lidar_merge/share/lidar_merge/cmake/lidar_mergeConfig.cmake
[14.396s] -- Installing: /home/fins/Desktop/merged_lidar_ws/install/lidar_merge/share/lidar_merge/cmake/lidar_mergeConfig-version.cmake
[14.396s] -- Installing: /home/fins/Desktop/merged_lidar_ws/install/lidar_merge/share/lidar_merge/package.xml
[14.398s] Invoked command in '/home/fins/Desktop/merged_lidar_ws/build/lidar_merge' returned '0': CMAKE_PREFIX_PATH=/home/fins/Desktop/merged_lidar_ws/install/livox_ros_driver2:/home/fins/Desktop/merged_lidar_ws/install/lidar_merge:/opt/ros/humble LD_LIBRARY_PATH=/home/fins/Desktop/merged_lidar_ws/install/livox_ros_driver2/lib:/opt/ros/humble/opt/rviz_ogre_vendor/lib:/opt/ros/humble/lib/x86_64-linux-gnu:/opt/ros/humble/lib:/opt/MVS/lib/64:/opt/MVS/lib/32:/opt/MVS/lib/64:/opt/MVS/lib/32:/opt/MVS/lib/64:/opt/MVS/lib/32:/usr/local/lib:/usr/local/opencv-4.7.0/lib /usr/bin/cmake --install /home/fins/Desktop/merged_lidar_ws/build/lidar_merge
