[0.008s] Invoking command in '/home/fins/Desktop/merged_lidar_ws/build/lidar_merge': CMAKE_PREFIX_PATH=/home/fins/Desktop/merged_lidar_ws/install/livox_ros_driver2:/home/fins/Desktop/merged_lidar_ws/install/lidar_merge:/opt/ros/humble LD_LIBRARY_PATH=/home/fins/Desktop/merged_lidar_ws/install/livox_ros_driver2/lib:/opt/ros/humble/opt/rviz_ogre_vendor/lib:/opt/ros/humble/lib/x86_64-linux-gnu:/opt/ros/humble/lib:/opt/MVS/lib/64:/opt/MVS/lib/32:/opt/MVS/lib/64:/opt/MVS/lib/32:/opt/MVS/lib/64:/opt/MVS/lib/32:/usr/local/lib:/usr/local/opencv-4.7.0/lib /usr/bin/cmake /home/fins/Desktop/merged_lidar_ws/src/lidar_merge -DROS_EDITION=ROS2 -DHUMBLE_ROS=humble -DCMAKE_INSTALL_PREFIX=/home/fins/Desktop/merged_lidar_ws/install/lidar_merge
[0.059s] -- The C compiler identification is GNU 11.4.0
[0.122s] -- The CXX compiler identification is GNU 11.4.0
[0.129s] -- Detecting C compiler ABI info
[0.200s] -- Detecting C compiler ABI info - done
[0.205s] -- Check for working C compiler: /usr/bin/cc - skipped
[0.206s] -- Detecting C compile features
[0.206s] -- Detecting C compile features - done
[0.208s] -- Detecting CXX compiler ABI info
[0.291s] -- Detecting CXX compiler ABI info - done
[0.297s] -- Check for working CXX compiler: /usr/bin/c++ - skipped
[0.297s] -- Detecting CXX compile features
[0.297s] -- Detecting CXX compile features - done
[0.300s] -- Found ament_cmake: 1.3.10 (/opt/ros/humble/share/ament_cmake/cmake)
[0.603s] -- Found Python3: /usr/bin/python3 (found version "3.10.12") found components: Interpreter 
[0.678s] -- Found ament_cmake_auto: 1.3.10 (/opt/ros/humble/share/ament_cmake_auto/cmake)
[0.769s] -- Found rosidl_generator_c: 3.1.5 (/opt/ros/humble/share/rosidl_generator_c/cmake)
[0.773s] -- Found rosidl_adapter: 3.1.5 (/opt/ros/humble/share/rosidl_adapter/cmake)
[0.781s] -- Found rosidl_generator_cpp: 3.1.5 (/opt/ros/humble/share/rosidl_generator_cpp/cmake)
[0.790s] -- Using all available rosidl_typesupport_c: rosidl_typesupport_fastrtps_c;rosidl_typesupport_introspection_c
[0.804s] -- Using all available rosidl_typesupport_cpp: rosidl_typesupport_fastrtps_cpp;rosidl_typesupport_introspection_cpp
[0.840s] -- Found rmw_implementation_cmake: 6.1.2 (/opt/ros/humble/share/rmw_implementation_cmake/cmake)
[0.842s] -- Found rmw_fastrtps_cpp: 6.2.7 (/opt/ros/humble/share/rmw_fastrtps_cpp/cmake)
[0.923s] -- Found OpenSSL: /usr/lib/x86_64-linux-gnu/libcrypto.so (found version "3.0.2")  
[0.949s] -- Found FastRTPS: /opt/ros/humble/include  
[0.987s] -- Using RMW implementation 'rmw_fastrtps_cpp' as default
[0.994s] -- Looking for pthread.h
[1.065s] -- Looking for pthread.h - found
[1.065s] -- Performing Test CMAKE_HAVE_LIBC_PTHREAD
[1.144s] -- Performing Test CMAKE_HAVE_LIBC_PTHREAD - Success
[1.145s] -- Found Threads: TRUE  
[1.281s] -- Found eigen3_cmake_module: 0.1.1 (/opt/ros/humble/share/eigen3_cmake_module/cmake)
[1.282s] -- Found Eigen3: TRUE (found version "3.4.0") 
[1.282s] -- Ensuring Eigen3 include directory is part of orocos-kdl CMake target
[1.334s] -- Checking for module 'eigen3'
[1.348s] --   Found eigen3, version 3.4.0
[1.380s] -- Found Eigen: /usr/include/eigen3 (Required is at least version "3.1") 
[1.380s] -- Eigen found (include: /usr/include/eigen3, version: 3.4.0)
[1.411s] -- Checking for module 'flann'
[1.425s] --   Found flann, version 1.9.1
[1.466s] -- Found FLANN: /usr/lib/x86_64-linux-gnu/libflann_cpp.so  
[1.466s] -- FLANN found (include: /usr/include, lib: /usr/lib/x86_64-linux-gnu/libflann_cpp.so)
[2.331s] -- Checking for module 'libusb-1.0'
[2.347s] --   Found libusb-1.0, version 1.0.25
[2.388s] -- Found libusb: /usr/lib/x86_64-linux-gnu/libusb-1.0.so  
[2.388s] -- OpenNI found (version: 1.5.4.0, include: /usr/include/ni, lib: /usr/lib/libOpenNI.so;libusb::libusb)
[2.452s] -- OpenNI2 found (version: 2.2.0.33, include: /usr/include/openni2, lib: /usr/lib/x86_64-linux-gnu/libOpenNI2.so;libusb::libusb)
[2.569s] -- Eigen found (include: /usr/include/eigen3, version: 3.4.0)
[2.576s] -- OpenNI found (version: 1.5.4.0, include: /usr/include/ni, lib: /usr/lib/libOpenNI.so;libusb::libusb)
[2.582s] -- OpenNI2 found (version: 2.2.0.33, include: /usr/include/openni2, lib: /usr/lib/x86_64-linux-gnu/libOpenNI2.so;libusb::libusb)
[2.700s] -- Found Qhull version 8.0.2
[2.825s] -- OpenNI found (version: 1.5.4.0, include: /usr/include/ni, lib: /usr/lib/libOpenNI.so;libusb::libusb)
[2.941s] -- Found PCL_COMMON: /usr/lib/x86_64-linux-gnu/libpcl_common.so  
[2.942s] -- Found PCL_KDTREE: /usr/lib/x86_64-linux-gnu/libpcl_kdtree.so  
[2.943s] -- Found PCL_OCTREE: /usr/lib/x86_64-linux-gnu/libpcl_octree.so  
[2.944s] -- Found PCL_SEARCH: /usr/lib/x86_64-linux-gnu/libpcl_search.so  
[2.945s] -- Found PCL_SAMPLE_CONSENSUS: /usr/lib/x86_64-linux-gnu/libpcl_sample_consensus.so  
[2.945s] -- Found PCL_FILTERS: /usr/lib/x86_64-linux-gnu/libpcl_filters.so  
[2.946s] -- Found PCL_2D: /usr/include/pcl-1.12  
[2.946s] -- Found PCL_GEOMETRY: /usr/include/pcl-1.12  
[2.947s] -- Found PCL_IO: /usr/lib/x86_64-linux-gnu/libpcl_io.so  
[2.947s] -- Found PCL_FEATURES: /usr/lib/x86_64-linux-gnu/libpcl_features.so  
[2.948s] -- Found PCL_ML: /usr/lib/x86_64-linux-gnu/libpcl_ml.so  
[2.949s] -- Found PCL_SEGMENTATION: /usr/lib/x86_64-linux-gnu/libpcl_segmentation.so  
[2.949s] -- Found PCL_VISUALIZATION: /usr/lib/x86_64-linux-gnu/libpcl_visualization.so  
[2.950s] -- Found PCL_SURFACE: /usr/lib/x86_64-linux-gnu/libpcl_surface.so  
[2.951s] -- Found PCL_REGISTRATION: /usr/lib/x86_64-linux-gnu/libpcl_registration.so  
[2.952s] -- Found PCL_KEYPOINTS: /usr/lib/x86_64-linux-gnu/libpcl_keypoints.so  
[2.953s] -- Found PCL_TRACKING: /usr/lib/x86_64-linux-gnu/libpcl_tracking.so  
[2.953s] -- Found PCL_RECOGNITION: /usr/lib/x86_64-linux-gnu/libpcl_recognition.so  
[2.954s] -- Found PCL_STEREO: /usr/lib/x86_64-linux-gnu/libpcl_stereo.so  
[2.955s] -- Found PCL_APPS: /usr/lib/x86_64-linux-gnu/libpcl_apps.so  
[2.955s] -- Found PCL_IN_HAND_SCANNER: /usr/include/pcl-1.12  
[2.956s] -- Found PCL_MODELER: /usr/include/pcl-1.12  
[2.956s] -- Found PCL_POINT_CLOUD_EDITOR: /usr/include/pcl-1.12  
[2.956s] -- Found PCL_OUTOFCORE: /usr/lib/x86_64-linux-gnu/libpcl_outofcore.so  
[2.957s] -- Found PCL_PEOPLE: /usr/lib/x86_64-linux-gnu/libpcl_people.so  
[2.971s] -- Configuring done
[2.984s] -- Generating done
[2.985s] [33mCMake Warning:
[2.985s]   Manually-specified variables were not used by the project:
[2.985s] 
[2.985s]     HUMBLE_ROS
[2.986s]     ROS_EDITION
[2.986s] 
[2.986s] [0m
[2.986s] -- Build files have been written to: /home/fins/Desktop/merged_lidar_ws/build/lidar_merge
[3.007s] Invoked command in '/home/fins/Desktop/merged_lidar_ws/build/lidar_merge' returned '0': CMAKE_PREFIX_PATH=/home/fins/Desktop/merged_lidar_ws/install/livox_ros_driver2:/home/fins/Desktop/merged_lidar_ws/install/lidar_merge:/opt/ros/humble LD_LIBRARY_PATH=/home/fins/Desktop/merged_lidar_ws/install/livox_ros_driver2/lib:/opt/ros/humble/opt/rviz_ogre_vendor/lib:/opt/ros/humble/lib/x86_64-linux-gnu:/opt/ros/humble/lib:/opt/MVS/lib/64:/opt/MVS/lib/32:/opt/MVS/lib/64:/opt/MVS/lib/32:/opt/MVS/lib/64:/opt/MVS/lib/32:/usr/local/lib:/usr/local/opencv-4.7.0/lib /usr/bin/cmake /home/fins/Desktop/merged_lidar_ws/src/lidar_merge -DROS_EDITION=ROS2 -DHUMBLE_ROS=humble -DCMAKE_INSTALL_PREFIX=/home/fins/Desktop/merged_lidar_ws/install/lidar_merge
[3.009s] Invoking command in '/home/fins/Desktop/merged_lidar_ws/build/lidar_merge': CMAKE_PREFIX_PATH=/home/fins/Desktop/merged_lidar_ws/install/livox_ros_driver2:/home/fins/Desktop/merged_lidar_ws/install/lidar_merge:/opt/ros/humble LD_LIBRARY_PATH=/home/fins/Desktop/merged_lidar_ws/install/livox_ros_driver2/lib:/opt/ros/humble/opt/rviz_ogre_vendor/lib:/opt/ros/humble/lib/x86_64-linux-gnu:/opt/ros/humble/lib:/opt/MVS/lib/64:/opt/MVS/lib/32:/opt/MVS/lib/64:/opt/MVS/lib/32:/opt/MVS/lib/64:/opt/MVS/lib/32:/usr/local/lib:/usr/local/opencv-4.7.0/lib /usr/bin/cmake --build /home/fins/Desktop/merged_lidar_ws/build/lidar_merge -- -j16 -l16
[3.063s] [ 50%] [32mBuilding CXX object CMakeFiles/merge_point_node.dir/src/merge.cpp.o[0m
[14.796s] [100%] [32m[1mLinking CXX executable merge_point_node[0m
[14.955s] [100%] Built target merge_point_node
[14.967s] Invoked command in '/home/fins/Desktop/merged_lidar_ws/build/lidar_merge' returned '0': CMAKE_PREFIX_PATH=/home/fins/Desktop/merged_lidar_ws/install/livox_ros_driver2:/home/fins/Desktop/merged_lidar_ws/install/lidar_merge:/opt/ros/humble LD_LIBRARY_PATH=/home/fins/Desktop/merged_lidar_ws/install/livox_ros_driver2/lib:/opt/ros/humble/opt/rviz_ogre_vendor/lib:/opt/ros/humble/lib/x86_64-linux-gnu:/opt/ros/humble/lib:/opt/MVS/lib/64:/opt/MVS/lib/32:/opt/MVS/lib/64:/opt/MVS/lib/32:/opt/MVS/lib/64:/opt/MVS/lib/32:/usr/local/lib:/usr/local/opencv-4.7.0/lib /usr/bin/cmake --build /home/fins/Desktop/merged_lidar_ws/build/lidar_merge -- -j16 -l16
[15.000s] Invoking command in '/home/fins/Desktop/merged_lidar_ws/build/lidar_merge': CMAKE_PREFIX_PATH=/home/fins/Desktop/merged_lidar_ws/install/livox_ros_driver2:/home/fins/Desktop/merged_lidar_ws/install/lidar_merge:/opt/ros/humble LD_LIBRARY_PATH=/home/fins/Desktop/merged_lidar_ws/install/livox_ros_driver2/lib:/opt/ros/humble/opt/rviz_ogre_vendor/lib:/opt/ros/humble/lib/x86_64-linux-gnu:/opt/ros/humble/lib:/opt/MVS/lib/64:/opt/MVS/lib/32:/opt/MVS/lib/64:/opt/MVS/lib/32:/opt/MVS/lib/64:/opt/MVS/lib/32:/usr/local/lib:/usr/local/opencv-4.7.0/lib /usr/bin/cmake --install /home/fins/Desktop/merged_lidar_ws/build/lidar_merge
[15.007s] -- Install configuration: "Release"
[15.007s] -- Installing: /home/fins/Desktop/merged_lidar_ws/install/lidar_merge/include
[15.007s] -- Installing: /home/fins/Desktop/merged_lidar_ws/install/lidar_merge/include/lidar_merge
[15.007s] -- Installing: /home/fins/Desktop/merged_lidar_ws/install/lidar_merge/lib/lidar_merge/merge_point_node
[15.008s] -- Set runtime path of "/home/fins/Desktop/merged_lidar_ws/install/lidar_merge/lib/lidar_merge/merge_point_node" to ""
[15.008s] -- Installing: /home/fins/Desktop/merged_lidar_ws/install/lidar_merge/share/lidar_merge/launch
[15.008s] -- Installing: /home/fins/Desktop/merged_lidar_ws/install/lidar_merge/share/lidar_merge/launch/merge_lidar.launch.py
[15.009s] -- Installing: /home/fins/Desktop/merged_lidar_ws/install/lidar_merge/share/ament_index/resource_index/package_run_dependencies/lidar_merge
[15.009s] -- Installing: /home/fins/Desktop/merged_lidar_ws/install/lidar_merge/share/ament_index/resource_index/parent_prefix_path/lidar_merge
[15.009s] -- Installing: /home/fins/Desktop/merged_lidar_ws/install/lidar_merge/share/lidar_merge/environment/ament_prefix_path.sh
[15.009s] -- Installing: /home/fins/Desktop/merged_lidar_ws/install/lidar_merge/share/lidar_merge/environment/ament_prefix_path.dsv
[15.009s] -- Installing: /home/fins/Desktop/merged_lidar_ws/install/lidar_merge/share/lidar_merge/environment/path.sh
[15.009s] -- Installing: /home/fins/Desktop/merged_lidar_ws/install/lidar_merge/share/lidar_merge/environment/path.dsv
[15.009s] -- Installing: /home/fins/Desktop/merged_lidar_ws/install/lidar_merge/share/lidar_merge/local_setup.bash
[15.010s] -- Installing: /home/fins/Desktop/merged_lidar_ws/install/lidar_merge/share/lidar_merge/local_setup.sh
[15.010s] -- Installing: /home/fins/Desktop/merged_lidar_ws/install/lidar_merge/share/lidar_merge/local_setup.zsh
[15.010s] -- Installing: /home/fins/Desktop/merged_lidar_ws/install/lidar_merge/share/lidar_merge/local_setup.dsv
[15.010s] -- Installing: /home/fins/Desktop/merged_lidar_ws/install/lidar_merge/share/lidar_merge/package.dsv
[15.010s] -- Installing: /home/fins/Desktop/merged_lidar_ws/install/lidar_merge/share/ament_index/resource_index/packages/lidar_merge
[15.010s] -- Installing: /home/fins/Desktop/merged_lidar_ws/install/lidar_merge/share/lidar_merge/cmake/ament_cmake_export_dependencies-extras.cmake
[15.010s] -- Installing: /home/fins/Desktop/merged_lidar_ws/install/lidar_merge/share/lidar_merge/cmake/ament_cmake_export_include_directories-extras.cmake
[15.010s] -- Installing: /home/fins/Desktop/merged_lidar_ws/install/lidar_merge/share/lidar_merge/cmake/lidar_mergeConfig.cmake
[15.011s] -- Installing: /home/fins/Desktop/merged_lidar_ws/install/lidar_merge/share/lidar_merge/cmake/lidar_mergeConfig-version.cmake
[15.011s] -- Installing: /home/fins/Desktop/merged_lidar_ws/install/lidar_merge/share/lidar_merge/package.xml
[15.013s] Invoked command in '/home/fins/Desktop/merged_lidar_ws/build/lidar_merge' returned '0': CMAKE_PREFIX_PATH=/home/fins/Desktop/merged_lidar_ws/install/livox_ros_driver2:/home/fins/Desktop/merged_lidar_ws/install/lidar_merge:/opt/ros/humble LD_LIBRARY_PATH=/home/fins/Desktop/merged_lidar_ws/install/livox_ros_driver2/lib:/opt/ros/humble/opt/rviz_ogre_vendor/lib:/opt/ros/humble/lib/x86_64-linux-gnu:/opt/ros/humble/lib:/opt/MVS/lib/64:/opt/MVS/lib/32:/opt/MVS/lib/64:/opt/MVS/lib/32:/opt/MVS/lib/64:/opt/MVS/lib/32:/usr/local/lib:/usr/local/opencv-4.7.0/lib /usr/bin/cmake --install /home/fins/Desktop/merged_lidar_ws/build/lidar_merge
