[0.012s] Invoking command in '/home/fins/Desktop/merged_lidar_ws/build/livox_ros_driver2': CMAKE_PREFIX_PATH=/opt/ros/humble /usr/bin/cmake /home/fins/Desktop/merged_lidar_ws/src/livox_ros_driver2 -DROS_EDITION=ROS2 -DHUMBLE_ROS=humble -DCMAKE_INSTALL_PREFIX=/home/fins/Desktop/merged_lidar_ws/install/livox_ros_driver2
[0.070s] -- The C compiler identification is GNU 11.4.0
[0.117s] -- The CXX compiler identification is GNU 11.4.0
[0.124s] -- Detecting C compiler ABI info
[0.187s] -- Detecting C compiler ABI info - done
[0.191s] -- Check for working C compiler: /usr/bin/cc - skipped
[0.192s] -- Detecting C compile features
[0.192s] -- Detecting C compile features - done
[0.194s] -- Detecting CXX compiler ABI info
[0.270s] -- Detecting CXX compiler ABI info - done
[0.275s] -- Check for working CXX compiler: /usr/bin/c++ - skipped
[0.275s] -- Detecting CXX compile features
[0.275s] -- Detecting CXX compile features - done
[0.276s] -- livox_ros_driver2 version: 1.2.4
[0.277s] -- Found ament_cmake_auto: 1.3.10 (/opt/ros/humble/share/ament_cmake_auto/cmake)
[0.560s] -- Found Python3: /usr/bin/python3 (found version "3.10.12") found components: Interpreter 
[0.675s] -- Using all available rosidl_typesupport_c: rosidl_typesupport_fastrtps_c;rosidl_typesupport_introspection_c
[0.679s] -- Found rosidl_adapter: 3.1.5 (/opt/ros/humble/share/rosidl_adapter/cmake)
[0.710s] -- Using all available rosidl_typesupport_cpp: rosidl_typesupport_fastrtps_cpp;rosidl_typesupport_introspection_cpp
[0.770s] -- Found rmw_implementation_cmake: 6.1.2 (/opt/ros/humble/share/rmw_implementation_cmake/cmake)
[0.771s] -- Found rmw_fastrtps_cpp: 6.2.7 (/opt/ros/humble/share/rmw_fastrtps_cpp/cmake)
[0.856s] -- Found OpenSSL: /usr/lib/x86_64-linux-gnu/libcrypto.so (found version "3.0.2")  
[0.881s] -- Found FastRTPS: /opt/ros/humble/include  
[0.918s] -- Using RMW implementation 'rmw_fastrtps_cpp' as default
[0.924s] -- Looking for pthread.h
[0.991s] -- Looking for pthread.h - found
[0.991s] -- Performing Test CMAKE_HAVE_LIBC_PTHREAD
[1.061s] -- Performing Test CMAKE_HAVE_LIBC_PTHREAD - Success
[1.062s] -- Found Threads: TRUE  
[1.171s] -- Checking for module 'eigen3'
[1.185s] --   Found eigen3, version 3.4.0
[1.218s] -- Found Eigen: /usr/include/eigen3 (Required is at least version "3.1") 
[1.218s] -- Eigen found (include: /usr/include/eigen3, version: 3.4.0)
[1.250s] -- Checking for module 'flann'
[1.266s] --   Found flann, version 1.9.1
[1.308s] -- Found FLANN: /usr/lib/x86_64-linux-gnu/libflann_cpp.so  
[1.308s] -- FLANN found (include: /usr/include, lib: /usr/lib/x86_64-linux-gnu/libflann_cpp.so)
[2.207s] -- Checking for module 'libusb-1.0'
[2.224s] --   Found libusb-1.0, version 1.0.25
[2.266s] -- Found libusb: /usr/lib/x86_64-linux-gnu/libusb-1.0.so  
[2.267s] -- OpenNI found (version: 1.5.4.0, include: /usr/include/ni, lib: /usr/lib/libOpenNI.so;libusb::libusb)
[2.339s] -- OpenNI2 found (version: 2.2.0.33, include: /usr/include/openni2, lib: /usr/lib/x86_64-linux-gnu/libOpenNI2.so;libusb::libusb)
[2.459s] -- Eigen found (include: /usr/include/eigen3, version: 3.4.0)
[2.466s] -- OpenNI found (version: 1.5.4.0, include: /usr/include/ni, lib: /usr/lib/libOpenNI.so;libusb::libusb)
[2.473s] -- OpenNI2 found (version: 2.2.0.33, include: /usr/include/openni2, lib: /usr/lib/x86_64-linux-gnu/libOpenNI2.so;libusb::libusb)
[2.589s] -- Found Qhull version 8.0.2
[2.704s] -- OpenNI found (version: 1.5.4.0, include: /usr/include/ni, lib: /usr/lib/libOpenNI.so;libusb::libusb)
[2.819s] -- Found PCL_COMMON: /usr/lib/x86_64-linux-gnu/libpcl_common.so  
[2.820s] -- Found PCL_KDTREE: /usr/lib/x86_64-linux-gnu/libpcl_kdtree.so  
[2.821s] -- Found PCL_OCTREE: /usr/lib/x86_64-linux-gnu/libpcl_octree.so  
[2.821s] -- Found PCL_SEARCH: /usr/lib/x86_64-linux-gnu/libpcl_search.so  
[2.822s] -- Found PCL_SAMPLE_CONSENSUS: /usr/lib/x86_64-linux-gnu/libpcl_sample_consensus.so  
[2.823s] -- Found PCL_FILTERS: /usr/lib/x86_64-linux-gnu/libpcl_filters.so  
[2.823s] -- Found PCL_2D: /usr/include/pcl-1.12  
[2.823s] -- Found PCL_GEOMETRY: /usr/include/pcl-1.12  
[2.824s] -- Found PCL_IO: /usr/lib/x86_64-linux-gnu/libpcl_io.so  
[2.824s] -- Found PCL_FEATURES: /usr/lib/x86_64-linux-gnu/libpcl_features.so  
[2.825s] -- Found PCL_ML: /usr/lib/x86_64-linux-gnu/libpcl_ml.so  
[2.826s] -- Found PCL_SEGMENTATION: /usr/lib/x86_64-linux-gnu/libpcl_segmentation.so  
[2.826s] -- Found PCL_VISUALIZATION: /usr/lib/x86_64-linux-gnu/libpcl_visualization.so  
[2.827s] -- Found PCL_SURFACE: /usr/lib/x86_64-linux-gnu/libpcl_surface.so  
[2.828s] -- Found PCL_REGISTRATION: /usr/lib/x86_64-linux-gnu/libpcl_registration.so  
[2.828s] -- Found PCL_KEYPOINTS: /usr/lib/x86_64-linux-gnu/libpcl_keypoints.so  
[2.829s] -- Found PCL_TRACKING: /usr/lib/x86_64-linux-gnu/libpcl_tracking.so  
[2.830s] -- Found PCL_RECOGNITION: /usr/lib/x86_64-linux-gnu/libpcl_recognition.so  
[2.830s] -- Found PCL_STEREO: /usr/lib/x86_64-linux-gnu/libpcl_stereo.so  
[2.831s] -- Found PCL_APPS: /usr/lib/x86_64-linux-gnu/libpcl_apps.so  
[2.832s] -- Found PCL_IN_HAND_SCANNER: /usr/include/pcl-1.12  
[2.832s] -- Found PCL_MODELER: /usr/include/pcl-1.12  
[2.832s] -- Found PCL_POINT_CLOUD_EDITOR: /usr/include/pcl-1.12  
[2.833s] -- Found PCL_OUTOFCORE: /usr/lib/x86_64-linux-gnu/libpcl_outofcore.so  
[2.834s] -- Found PCL_PEOPLE: /usr/lib/x86_64-linux-gnu/libpcl_people.so  
[2.876s] -- Found PkgConfig: /usr/bin/pkg-config (found version "0.29.2") 
[2.877s] -- Checking for module 'apr-1'
[2.895s] --   Found apr-1, version 1.7.0
[2.941s] [0m/usr/include/apr-1.0[0m
[2.941s] [0mapr-1[0m
[3.112s] -- Found ament_cmake_ros: 0.10.0 (/opt/ros/humble/share/ament_cmake_ros/cmake)
[3.295s] -- Using all available rosidl_typesupport_c: rosidl_typesupport_fastrtps_c;rosidl_typesupport_introspection_c
[3.526s] -- Using all available rosidl_typesupport_cpp: rosidl_typesupport_fastrtps_cpp;rosidl_typesupport_introspection_cpp
[3.547s] -- Found PythonInterp: /usr/bin/python3 (found suitable version "3.10.12", minimum required is "3.6") 
[3.548s] -- Found python_cmake_module: 0.10.0 (/opt/ros/humble/share/python_cmake_module/cmake)
[3.572s] -- Found PythonLibs: /usr/lib/x86_64-linux-gnu/libpython3.10.so (found suitable version "3.10.12", minimum required is "3.5") 
[3.573s] -- Using PYTHON_EXECUTABLE: /usr/bin/python3
[3.573s] -- Using PYTHON_INCLUDE_DIRS: /usr/include/python3.10
[3.573s] -- Using PYTHON_LIBRARIES: /usr/lib/x86_64-linux-gnu/libpython3.10.so
[3.591s] -- Found PythonExtra: .so  
[3.639s] -- Found ament_lint_auto: 0.12.11 (/opt/ros/humble/share/ament_lint_auto/cmake)
[3.657s] -- Added test 'copyright' to check source files copyright and LICENSE
[3.663s] -- Added test 'cppcheck' to perform static code analysis on C / C++ code
[3.664s] -- Configured cppcheck include dirs: /home/fins/Desktop/merged_lidar_ws/src/livox_ros_driver2/3rdparty;/home/fins/Desktop/merged_lidar_ws/src/livox_ros_driver2/src
[3.664s] -- Configured cppcheck exclude dirs and/or files: 
[3.670s] -- Added test 'cpplint' to check C / C++ code against the Google style
[3.670s] -- Configured cpplint exclude dirs and/or files: 
[3.671s] -- Added test 'flake8' to check Python code syntax and style conventions
[3.673s] -- Added test 'lint_cmake' to check CMake code style
[3.674s] -- Added test 'pep257' to check Python code against some of the docstring style conventions in PEP 257
[3.680s] -- Added test 'uncrustify' to check C / C++ code style
[3.681s] -- Configured uncrustify additional arguments: 
[3.681s] -- Added test 'xmllint' to check XML markup files
[3.684s] -- Configuring done
[3.748s] -- Generating done
[3.752s] -- Build files have been written to: /home/fins/Desktop/merged_lidar_ws/build/livox_ros_driver2
[3.780s] Invoked command in '/home/fins/Desktop/merged_lidar_ws/build/livox_ros_driver2' returned '0': CMAKE_PREFIX_PATH=/opt/ros/humble /usr/bin/cmake /home/fins/Desktop/merged_lidar_ws/src/livox_ros_driver2 -DROS_EDITION=ROS2 -DHUMBLE_ROS=humble -DCMAKE_INSTALL_PREFIX=/home/fins/Desktop/merged_lidar_ws/install/livox_ros_driver2
[3.782s] Invoking command in '/home/fins/Desktop/merged_lidar_ws/build/livox_ros_driver2': CMAKE_PREFIX_PATH=/opt/ros/humble /usr/bin/cmake --build /home/fins/Desktop/merged_lidar_ws/build/livox_ros_driver2 -- -j16 -l16
[3.826s] [  1%] [34m[1mGenerating C code for ROS interfaces[0m
[3.835s] [  3%] [32mBuilding CXX object CMakeFiles/livox_ros_driver2_node.dir/rclcpp_components/node_main_livox_ros_driver2_node.cpp.o[0m
[3.836s] [  5%] [34m[1mGenerating C++ code for ROS interfaces[0m
[3.845s] [  5%] Built target ament_cmake_python_copy_livox_ros_driver2
[4.035s] running egg_info
[4.036s] creating livox_ros_driver2.egg-info
[4.050s] writing livox_ros_driver2.egg-info/PKG-INFO
[4.050s] writing dependency_links to livox_ros_driver2.egg-info/dependency_links.txt
[4.050s] writing top-level names to livox_ros_driver2.egg-info/top_level.txt
[4.140s] writing manifest file 'livox_ros_driver2.egg-info/SOURCES.txt'
[4.186s] reading manifest file 'livox_ros_driver2.egg-info/SOURCES.txt'
[4.187s] writing manifest file 'livox_ros_driver2.egg-info/SOURCES.txt'
[4.209s] [  8%] [32mBuilding C object CMakeFiles/livox_interfaces2__rosidl_generator_c.dir/rosidl_generator_c/livox_ros_driver2/msg/detail/custom_msg__functions.c.o[0m
[4.210s] [  8%] [32mBuilding C object CMakeFiles/livox_interfaces2__rosidl_generator_c.dir/rosidl_generator_c/livox_ros_driver2/msg/detail/custom_point__functions.c.o[0m
[4.228s] [  8%] Built target livox_interfaces2__cpp
[4.241s] [ 14%] Built target ament_cmake_python_build_livox_ros_driver2_egg
[4.241s] [ 14%] [34m[1mGenerating C++ type support for eProsima Fast-RTPS[0m
[4.241s] [ 14%] [34m[1mGenerating C++ introspection for ROS interfaces[0m
[4.241s] [ 14%] [34m[1mGenerating C++ type support dispatch for ROS interfaces[0m
[4.260s] [ 15%] [32m[1mLinking C shared library liblivox_ros_driver2__rosidl_generator_c.so[0m
[4.302s] [ 15%] Built target livox_interfaces2__rosidl_generator_c
[4.314s] [ 21%] [34m[1mGenerating C type support for eProsima Fast-RTPS[0m
[4.315s] [ 21%] [34m[1mGenerating C introspection for ROS interfaces[0m
[4.315s] [ 21%] [34m[1mGenerating C type support dispatch for ROS interfaces[0m
[4.637s] [ 24%] [32mBuilding CXX object CMakeFiles/livox_interfaces2__rosidl_typesupport_introspection_cpp.dir/rosidl_typesupport_introspection_cpp/livox_ros_driver2/msg/detail/custom_point__type_support.cpp.o[0m
[4.637s] [ 24%] [32mBuilding CXX object CMakeFiles/livox_interfaces2__rosidl_typesupport_introspection_cpp.dir/rosidl_typesupport_introspection_cpp/livox_ros_driver2/msg/detail/custom_msg__type_support.cpp.o[0m
[4.638s] [ 26%] [32mBuilding CXX object CMakeFiles/livox_interfaces2__rosidl_typesupport_cpp.dir/rosidl_typesupport_cpp/livox_ros_driver2/msg/custom_point__type_support.cpp.o[0m
[4.638s] [ 28%] [32mBuilding CXX object CMakeFiles/livox_interfaces2__rosidl_typesupport_cpp.dir/rosidl_typesupport_cpp/livox_ros_driver2/msg/custom_msg__type_support.cpp.o[0m
[4.664s] [ 29%] [32mBuilding CXX object CMakeFiles/livox_interfaces2__rosidl_typesupport_fastrtps_cpp.dir/rosidl_typesupport_fastrtps_cpp/livox_ros_driver2/msg/detail/dds_fastrtps/custom_point__type_support.cpp.o[0m
[4.666s] [ 31%] [32mBuilding CXX object CMakeFiles/livox_interfaces2__rosidl_typesupport_fastrtps_cpp.dir/rosidl_typesupport_fastrtps_cpp/livox_ros_driver2/msg/detail/dds_fastrtps/custom_msg__type_support.cpp.o[0m
[4.721s] [ 33%] [32mBuilding CXX object CMakeFiles/livox_interfaces2__rosidl_typesupport_c.dir/rosidl_typesupport_c/livox_ros_driver2/msg/custom_point__type_support.cpp.o[0m
[4.722s] [ 35%] [32mBuilding CXX object CMakeFiles/livox_interfaces2__rosidl_typesupport_c.dir/rosidl_typesupport_c/livox_ros_driver2/msg/custom_msg__type_support.cpp.o[0m
[4.739s] [ 38%] [32mBuilding C object CMakeFiles/livox_interfaces2__rosidl_typesupport_introspection_c.dir/rosidl_typesupport_introspection_c/livox_ros_driver2/msg/detail/custom_msg__type_support.c.o[0m
[4.741s] [ 38%] [32mBuilding C object CMakeFiles/livox_interfaces2__rosidl_typesupport_introspection_c.dir/rosidl_typesupport_introspection_c/livox_ros_driver2/msg/detail/custom_point__type_support.c.o[0m
[4.768s] [ 40%] [32m[1mLinking CXX shared library liblivox_ros_driver2__rosidl_typesupport_c.so[0m
[4.777s] [ 42%] [32mBuilding CXX object CMakeFiles/livox_interfaces2__rosidl_typesupport_fastrtps_c.dir/rosidl_typesupport_fastrtps_c/livox_ros_driver2/msg/detail/custom_msg__type_support_c.cpp.o[0m
[4.777s] [ 43%] [32mBuilding CXX object CMakeFiles/livox_interfaces2__rosidl_typesupport_fastrtps_c.dir/rosidl_typesupport_fastrtps_c/livox_ros_driver2/msg/detail/custom_point__type_support_c.cpp.o[0m
[4.801s] [ 45%] [32m[1mLinking C shared library liblivox_ros_driver2__rosidl_typesupport_introspection_c.so[0m
[4.823s] [ 45%] Built target livox_interfaces2__rosidl_typesupport_c
[4.849s] [ 45%] Built target livox_interfaces2__rosidl_typesupport_introspection_c
[4.968s] [ 47%] [32m[1mLinking CXX shared library liblivox_ros_driver2__rosidl_typesupport_cpp.so[0m
[5.020s] [ 47%] Built target livox_interfaces2__rosidl_typesupport_cpp
[5.051s] [ 52%] [32mBuilding CXX object CMakeFiles/livox_ros_driver2.dir/src/lddc.cpp.o[0m
[5.053s] [ 52%] [32mBuilding CXX object CMakeFiles/livox_ros_driver2.dir/src/comm/ldq.cpp.o[0m
[5.054s] [ 52%] [32mBuilding CXX object CMakeFiles/livox_ros_driver2.dir/src/lds.cpp.o[0m
[5.054s] [ 54%] [32mBuilding CXX object CMakeFiles/livox_ros_driver2.dir/src/comm/semaphore.cpp.o[0m
[5.055s] [ 56%] [32mBuilding CXX object CMakeFiles/livox_ros_driver2.dir/src/livox_ros_driver2.cpp.o[0m
[5.056s] [ 57%] [32mBuilding CXX object CMakeFiles/livox_ros_driver2.dir/src/comm/comm.cpp.o[0m
[5.057s] [ 59%] [32mBuilding CXX object CMakeFiles/livox_ros_driver2.dir/src/lds_lidar.cpp.o[0m
[5.057s] [ 61%] [32mBuilding CXX object CMakeFiles/livox_ros_driver2.dir/src/driver_node.cpp.o[0m
[5.057s] [ 63%] [32mBuilding CXX object CMakeFiles/livox_ros_driver2.dir/src/comm/cache_index.cpp.o[0m
[5.060s] [ 64%] [32mBuilding CXX object CMakeFiles/livox_ros_driver2.dir/src/comm/lidar_imu_data_queue.cpp.o[0m
[5.105s] [ 66%] [32mBuilding CXX object CMakeFiles/livox_ros_driver2.dir/src/comm/pub_handler.cpp.o[0m
[5.153s] [ 68%] [32mBuilding CXX object CMakeFiles/livox_ros_driver2.dir/src/parse_cfg_file/parse_cfg_file.cpp.o[0m
[5.177s] [ 70%] [32m[1mLinking CXX shared library liblivox_ros_driver2__rosidl_typesupport_introspection_cpp.so[0m
[5.179s] [ 71%] [32m[1mLinking CXX shared library liblivox_ros_driver2__rosidl_typesupport_fastrtps_c.so[0m
[5.207s] [ 73%] [32m[1mLinking CXX shared library liblivox_ros_driver2__rosidl_typesupport_fastrtps_cpp.so[0m
[5.369s] [ 73%] Built target livox_interfaces2__rosidl_typesupport_fastrtps_c
[5.381s] [ 73%] Built target livox_interfaces2__rosidl_typesupport_fastrtps_cpp
[5.381s] [ 73%] Built target livox_interfaces2__rosidl_typesupport_introspection_cpp
[5.383s] [ 75%] [32mBuilding CXX object CMakeFiles/livox_ros_driver2.dir/src/parse_cfg_file/parse_livox_lidar_cfg.cpp.o[0m
[5.399s] [ 77%] [32mBuilding CXX object CMakeFiles/livox_ros_driver2.dir/src/call_back/lidar_common_callback.cpp.o[0m
[5.423s] [ 77%] Built target livox_interfaces2
[5.440s] [ 78%] [32mBuilding CXX object CMakeFiles/livox_ros_driver2.dir/src/call_back/livox_lidar_callback.cpp.o[0m
[5.816s] [ 80%] [34m[1mGenerating Python code for ROS interfaces[0m
[7.183s] [ 80%] Built target livox_interfaces2__py
[7.214s] [ 82%] [32mBuilding C object CMakeFiles/livox_interfaces2__rosidl_generator_py.dir/rosidl_generator_py/livox_ros_driver2/msg/_custom_msg_s.c.o[0m
[7.217s] [ 84%] [32mBuilding C object CMakeFiles/livox_interfaces2__rosidl_generator_py.dir/rosidl_generator_py/livox_ros_driver2/msg/_custom_point_s.c.o[0m
[7.380s] [ 85%] [32m[1mLinking C shared library rosidl_generator_py/livox_ros_driver2/liblivox_interfaces2__rosidl_generator_py.so[0m
[7.431s] [ 85%] Built target livox_interfaces2__rosidl_generator_py
[7.457s] [ 89%] [32mBuilding C object CMakeFiles/livox_ros_driver2__rosidl_typesupport_introspection_c__pyext.dir/rosidl_generator_py/livox_ros_driver2/_livox_ros_driver2_s.ep.rosidl_typesupport_introspection_c.c.o[0m
[7.457s] [ 89%] [32mBuilding C object CMakeFiles/livox_ros_driver2__rosidl_typesupport_c__pyext.dir/rosidl_generator_py/livox_ros_driver2/_livox_ros_driver2_s.ep.rosidl_typesupport_c.c.o[0m
[7.462s] [ 91%] [32mBuilding C object CMakeFiles/livox_ros_driver2__rosidl_typesupport_fastrtps_c__pyext.dir/rosidl_generator_py/livox_ros_driver2/_livox_ros_driver2_s.ep.rosidl_typesupport_fastrtps_c.c.o[0m
[7.568s] [ 92%] [32m[1mLinking C shared library rosidl_generator_py/livox_ros_driver2/livox_ros_driver2_s__rosidl_typesupport_introspection_c.cpython-310-x86_64-linux-gnu.so[0m
[7.570s] [ 94%] [32m[1mLinking C shared library rosidl_generator_py/livox_ros_driver2/livox_ros_driver2_s__rosidl_typesupport_c.cpython-310-x86_64-linux-gnu.so[0m
[7.615s] [ 96%] [32m[1mLinking C shared library rosidl_generator_py/livox_ros_driver2/livox_ros_driver2_s__rosidl_typesupport_fastrtps_c.cpython-310-x86_64-linux-gnu.so[0m
[7.621s] [ 96%] Built target livox_ros_driver2__rosidl_typesupport_introspection_c__pyext
[7.624s] [ 96%] Built target livox_ros_driver2__rosidl_typesupport_c__pyext
[7.665s] [ 96%] Built target livox_ros_driver2__rosidl_typesupport_fastrtps_c__pyext
[8.365s] [ 98%] [32m[1mLinking CXX executable livox_ros_driver2_node[0m
[8.514s] [ 98%] Built target livox_ros_driver2_node
[13.823s] [100%] [32m[1mLinking CXX shared library liblivox_ros_driver2.so[0m
[14.423s] [100%] Built target livox_ros_driver2
[14.437s] Invoked command in '/home/fins/Desktop/merged_lidar_ws/build/livox_ros_driver2' returned '0': CMAKE_PREFIX_PATH=/opt/ros/humble /usr/bin/cmake --build /home/fins/Desktop/merged_lidar_ws/build/livox_ros_driver2 -- -j16 -l16
[14.583s] Invoking command in '/home/fins/Desktop/merged_lidar_ws/build/livox_ros_driver2': CMAKE_PREFIX_PATH=/opt/ros/humble /usr/bin/cmake --install /home/fins/Desktop/merged_lidar_ws/build/livox_ros_driver2
[14.591s] -- Install configuration: ""
[14.592s] -- Installing: /home/fins/Desktop/merged_lidar_ws/install/livox_ros_driver2/share/ament_index/resource_index/rosidl_interfaces/livox_ros_driver2
[14.592s] -- Installing: /home/fins/Desktop/merged_lidar_ws/install/livox_ros_driver2/include/livox_ros_driver2/livox_ros_driver2
[14.592s] -- Installing: /home/fins/Desktop/merged_lidar_ws/install/livox_ros_driver2/include/livox_ros_driver2/livox_ros_driver2/msg
[14.592s] -- Installing: /home/fins/Desktop/merged_lidar_ws/install/livox_ros_driver2/include/livox_ros_driver2/livox_ros_driver2/msg/rosidl_generator_c__visibility_control.h
[14.592s] -- Installing: /home/fins/Desktop/merged_lidar_ws/install/livox_ros_driver2/include/livox_ros_driver2/livox_ros_driver2/msg/custom_point.h
[14.592s] -- Installing: /home/fins/Desktop/merged_lidar_ws/install/livox_ros_driver2/include/livox_ros_driver2/livox_ros_driver2/msg/detail
[14.592s] -- Installing: /home/fins/Desktop/merged_lidar_ws/install/livox_ros_driver2/include/livox_ros_driver2/livox_ros_driver2/msg/detail/custom_point__struct.h
[14.592s] -- Installing: /home/fins/Desktop/merged_lidar_ws/install/livox_ros_driver2/include/livox_ros_driver2/livox_ros_driver2/msg/detail/custom_msg__functions.h
[14.592s] -- Installing: /home/fins/Desktop/merged_lidar_ws/install/livox_ros_driver2/include/livox_ros_driver2/livox_ros_driver2/msg/detail/custom_point__functions.c
[14.593s] -- Installing: /home/fins/Desktop/merged_lidar_ws/install/livox_ros_driver2/include/livox_ros_driver2/livox_ros_driver2/msg/detail/custom_msg__type_support.h
[14.593s] -- Installing: /home/fins/Desktop/merged_lidar_ws/install/livox_ros_driver2/include/livox_ros_driver2/livox_ros_driver2/msg/detail/custom_point__functions.h
[14.593s] -- Installing: /home/fins/Desktop/merged_lidar_ws/install/livox_ros_driver2/include/livox_ros_driver2/livox_ros_driver2/msg/detail/custom_msg__functions.c
[14.593s] -- Installing: /home/fins/Desktop/merged_lidar_ws/install/livox_ros_driver2/include/livox_ros_driver2/livox_ros_driver2/msg/detail/custom_point__type_support.h
[14.593s] -- Installing: /home/fins/Desktop/merged_lidar_ws/install/livox_ros_driver2/include/livox_ros_driver2/livox_ros_driver2/msg/detail/custom_msg__struct.h
[14.593s] -- Installing: /home/fins/Desktop/merged_lidar_ws/install/livox_ros_driver2/include/livox_ros_driver2/livox_ros_driver2/msg/custom_msg.h
[14.594s] -- Installing: /home/fins/Desktop/merged_lidar_ws/install/livox_ros_driver2/share/livox_ros_driver2/environment/library_path.sh
[14.594s] -- Installing: /home/fins/Desktop/merged_lidar_ws/install/livox_ros_driver2/share/livox_ros_driver2/environment/library_path.dsv
[14.594s] -- Installing: /home/fins/Desktop/merged_lidar_ws/install/livox_ros_driver2/lib/liblivox_ros_driver2__rosidl_generator_c.so
[14.594s] -- Set runtime path of "/home/fins/Desktop/merged_lidar_ws/install/livox_ros_driver2/lib/liblivox_ros_driver2__rosidl_generator_c.so" to ""
[14.594s] -- Up-to-date: /home/fins/Desktop/merged_lidar_ws/install/livox_ros_driver2/include/livox_ros_driver2/livox_ros_driver2
[14.594s] -- Up-to-date: /home/fins/Desktop/merged_lidar_ws/install/livox_ros_driver2/include/livox_ros_driver2/livox_ros_driver2/msg
[14.594s] -- Installing: /home/fins/Desktop/merged_lidar_ws/install/livox_ros_driver2/include/livox_ros_driver2/livox_ros_driver2/msg/rosidl_typesupport_fastrtps_c__visibility_control.h
[14.594s] -- Up-to-date: /home/fins/Desktop/merged_lidar_ws/install/livox_ros_driver2/include/livox_ros_driver2/livox_ros_driver2/msg/detail
[14.594s] -- Installing: /home/fins/Desktop/merged_lidar_ws/install/livox_ros_driver2/include/livox_ros_driver2/livox_ros_driver2/msg/detail/custom_msg__rosidl_typesupport_fastrtps_c.h
[14.595s] -- Installing: /home/fins/Desktop/merged_lidar_ws/install/livox_ros_driver2/include/livox_ros_driver2/livox_ros_driver2/msg/detail/custom_point__rosidl_typesupport_fastrtps_c.h
[14.595s] -- Installing: /home/fins/Desktop/merged_lidar_ws/install/livox_ros_driver2/lib/liblivox_ros_driver2__rosidl_typesupport_fastrtps_c.so
[14.595s] -- Set runtime path of "/home/fins/Desktop/merged_lidar_ws/install/livox_ros_driver2/lib/liblivox_ros_driver2__rosidl_typesupport_fastrtps_c.so" to ""
[14.595s] -- Up-to-date: /home/fins/Desktop/merged_lidar_ws/install/livox_ros_driver2/include/livox_ros_driver2/livox_ros_driver2
[14.595s] -- Up-to-date: /home/fins/Desktop/merged_lidar_ws/install/livox_ros_driver2/include/livox_ros_driver2/livox_ros_driver2/msg
[14.595s] -- Installing: /home/fins/Desktop/merged_lidar_ws/install/livox_ros_driver2/include/livox_ros_driver2/livox_ros_driver2/msg/rosidl_typesupport_introspection_c__visibility_control.h
[14.595s] -- Up-to-date: /home/fins/Desktop/merged_lidar_ws/install/livox_ros_driver2/include/livox_ros_driver2/livox_ros_driver2/msg/detail
[14.595s] -- Installing: /home/fins/Desktop/merged_lidar_ws/install/livox_ros_driver2/include/livox_ros_driver2/livox_ros_driver2/msg/detail/custom_msg__type_support.c
[14.595s] -- Installing: /home/fins/Desktop/merged_lidar_ws/install/livox_ros_driver2/include/livox_ros_driver2/livox_ros_driver2/msg/detail/custom_point__rosidl_typesupport_introspection_c.h
[14.596s] -- Installing: /home/fins/Desktop/merged_lidar_ws/install/livox_ros_driver2/include/livox_ros_driver2/livox_ros_driver2/msg/detail/custom_point__type_support.c
[14.596s] -- Installing: /home/fins/Desktop/merged_lidar_ws/install/livox_ros_driver2/include/livox_ros_driver2/livox_ros_driver2/msg/detail/custom_msg__rosidl_typesupport_introspection_c.h
[14.596s] -- Installing: /home/fins/Desktop/merged_lidar_ws/install/livox_ros_driver2/lib/liblivox_ros_driver2__rosidl_typesupport_introspection_c.so
[14.597s] -- Set runtime path of "/home/fins/Desktop/merged_lidar_ws/install/livox_ros_driver2/lib/liblivox_ros_driver2__rosidl_typesupport_introspection_c.so" to ""
[14.597s] -- Installing: /home/fins/Desktop/merged_lidar_ws/install/livox_ros_driver2/lib/liblivox_ros_driver2__rosidl_typesupport_c.so
[14.597s] -- Set runtime path of "/home/fins/Desktop/merged_lidar_ws/install/livox_ros_driver2/lib/liblivox_ros_driver2__rosidl_typesupport_c.so" to ""
[14.597s] -- Up-to-date: /home/fins/Desktop/merged_lidar_ws/install/livox_ros_driver2/include/livox_ros_driver2/livox_ros_driver2
[14.597s] -- Up-to-date: /home/fins/Desktop/merged_lidar_ws/install/livox_ros_driver2/include/livox_ros_driver2/livox_ros_driver2/msg
[14.597s] -- Installing: /home/fins/Desktop/merged_lidar_ws/install/livox_ros_driver2/include/livox_ros_driver2/livox_ros_driver2/msg/custom_point.hpp
[14.597s] -- Installing: /home/fins/Desktop/merged_lidar_ws/install/livox_ros_driver2/include/livox_ros_driver2/livox_ros_driver2/msg/custom_msg.hpp
[14.598s] -- Up-to-date: /home/fins/Desktop/merged_lidar_ws/install/livox_ros_driver2/include/livox_ros_driver2/livox_ros_driver2/msg/detail
[14.598s] -- Installing: /home/fins/Desktop/merged_lidar_ws/install/livox_ros_driver2/include/livox_ros_driver2/livox_ros_driver2/msg/detail/custom_point__builder.hpp
[14.598s] -- Installing: /home/fins/Desktop/merged_lidar_ws/install/livox_ros_driver2/include/livox_ros_driver2/livox_ros_driver2/msg/detail/custom_msg__struct.hpp
[14.598s] -- Installing: /home/fins/Desktop/merged_lidar_ws/install/livox_ros_driver2/include/livox_ros_driver2/livox_ros_driver2/msg/detail/custom_msg__traits.hpp
[14.598s] -- Installing: /home/fins/Desktop/merged_lidar_ws/install/livox_ros_driver2/include/livox_ros_driver2/livox_ros_driver2/msg/detail/custom_point__traits.hpp
[14.598s] -- Installing: /home/fins/Desktop/merged_lidar_ws/install/livox_ros_driver2/include/livox_ros_driver2/livox_ros_driver2/msg/detail/custom_msg__builder.hpp
[14.598s] -- Installing: /home/fins/Desktop/merged_lidar_ws/install/livox_ros_driver2/include/livox_ros_driver2/livox_ros_driver2/msg/detail/custom_point__struct.hpp
[14.598s] -- Up-to-date: /home/fins/Desktop/merged_lidar_ws/install/livox_ros_driver2/include/livox_ros_driver2/livox_ros_driver2
[14.599s] -- Up-to-date: /home/fins/Desktop/merged_lidar_ws/install/livox_ros_driver2/include/livox_ros_driver2/livox_ros_driver2/msg
[14.599s] -- Installing: /home/fins/Desktop/merged_lidar_ws/install/livox_ros_driver2/include/livox_ros_driver2/livox_ros_driver2/msg/rosidl_typesupport_fastrtps_cpp__visibility_control.h
[14.599s] -- Up-to-date: /home/fins/Desktop/merged_lidar_ws/install/livox_ros_driver2/include/livox_ros_driver2/livox_ros_driver2/msg/detail
[14.599s] -- Installing: /home/fins/Desktop/merged_lidar_ws/install/livox_ros_driver2/include/livox_ros_driver2/livox_ros_driver2/msg/detail/custom_msg__rosidl_typesupport_fastrtps_cpp.hpp
[14.599s] -- Installing: /home/fins/Desktop/merged_lidar_ws/install/livox_ros_driver2/include/livox_ros_driver2/livox_ros_driver2/msg/detail/dds_fastrtps
[14.599s] -- Installing: /home/fins/Desktop/merged_lidar_ws/install/livox_ros_driver2/include/livox_ros_driver2/livox_ros_driver2/msg/detail/custom_point__rosidl_typesupport_fastrtps_cpp.hpp
[14.599s] -- Installing: /home/fins/Desktop/merged_lidar_ws/install/livox_ros_driver2/lib/liblivox_ros_driver2__rosidl_typesupport_fastrtps_cpp.so
[14.600s] -- Set runtime path of "/home/fins/Desktop/merged_lidar_ws/install/livox_ros_driver2/lib/liblivox_ros_driver2__rosidl_typesupport_fastrtps_cpp.so" to ""
[14.600s] -- Up-to-date: /home/fins/Desktop/merged_lidar_ws/install/livox_ros_driver2/include/livox_ros_driver2/livox_ros_driver2
[14.600s] -- Up-to-date: /home/fins/Desktop/merged_lidar_ws/install/livox_ros_driver2/include/livox_ros_driver2/livox_ros_driver2/msg
[14.600s] -- Up-to-date: /home/fins/Desktop/merged_lidar_ws/install/livox_ros_driver2/include/livox_ros_driver2/livox_ros_driver2/msg/detail
[14.600s] -- Installing: /home/fins/Desktop/merged_lidar_ws/install/livox_ros_driver2/include/livox_ros_driver2/livox_ros_driver2/msg/detail/custom_msg__rosidl_typesupport_introspection_cpp.hpp
[14.600s] -- Installing: /home/fins/Desktop/merged_lidar_ws/install/livox_ros_driver2/include/livox_ros_driver2/livox_ros_driver2/msg/detail/custom_msg__type_support.cpp
[14.600s] -- Installing: /home/fins/Desktop/merged_lidar_ws/install/livox_ros_driver2/include/livox_ros_driver2/livox_ros_driver2/msg/detail/custom_point__rosidl_typesupport_introspection_cpp.hpp
[14.600s] -- Installing: /home/fins/Desktop/merged_lidar_ws/install/livox_ros_driver2/include/livox_ros_driver2/livox_ros_driver2/msg/detail/custom_point__type_support.cpp
[14.600s] -- Installing: /home/fins/Desktop/merged_lidar_ws/install/livox_ros_driver2/lib/liblivox_ros_driver2__rosidl_typesupport_introspection_cpp.so
[14.601s] -- Set runtime path of "/home/fins/Desktop/merged_lidar_ws/install/livox_ros_driver2/lib/liblivox_ros_driver2__rosidl_typesupport_introspection_cpp.so" to ""
[14.601s] -- Installing: /home/fins/Desktop/merged_lidar_ws/install/livox_ros_driver2/lib/liblivox_ros_driver2__rosidl_typesupport_cpp.so
[14.601s] -- Set runtime path of "/home/fins/Desktop/merged_lidar_ws/install/livox_ros_driver2/lib/liblivox_ros_driver2__rosidl_typesupport_cpp.so" to ""
[14.601s] -- Installing: /home/fins/Desktop/merged_lidar_ws/install/livox_ros_driver2/share/livox_ros_driver2/environment/pythonpath.sh
[14.601s] -- Installing: /home/fins/Desktop/merged_lidar_ws/install/livox_ros_driver2/share/livox_ros_driver2/environment/pythonpath.dsv
[14.602s] -- Installing: /home/fins/Desktop/merged_lidar_ws/install/livox_ros_driver2/local/lib/python3.10/dist-packages/livox_ros_driver2-1.0.0-py3.10.egg-info
[14.602s] -- Installing: /home/fins/Desktop/merged_lidar_ws/install/livox_ros_driver2/local/lib/python3.10/dist-packages/livox_ros_driver2-1.0.0-py3.10.egg-info/PKG-INFO
[14.602s] -- Installing: /home/fins/Desktop/merged_lidar_ws/install/livox_ros_driver2/local/lib/python3.10/dist-packages/livox_ros_driver2-1.0.0-py3.10.egg-info/SOURCES.txt
[14.602s] -- Installing: /home/fins/Desktop/merged_lidar_ws/install/livox_ros_driver2/local/lib/python3.10/dist-packages/livox_ros_driver2-1.0.0-py3.10.egg-info/top_level.txt
[14.602s] -- Installing: /home/fins/Desktop/merged_lidar_ws/install/livox_ros_driver2/local/lib/python3.10/dist-packages/livox_ros_driver2-1.0.0-py3.10.egg-info/dependency_links.txt
[14.602s] -- Installing: /home/fins/Desktop/merged_lidar_ws/install/livox_ros_driver2/local/lib/python3.10/dist-packages/livox_ros_driver2
[14.602s] -- Installing: /home/fins/Desktop/merged_lidar_ws/install/livox_ros_driver2/local/lib/python3.10/dist-packages/livox_ros_driver2/_livox_ros_driver2_s.ep.rosidl_typesupport_fastrtps_c.c
[14.602s] -- Installing: /home/fins/Desktop/merged_lidar_ws/install/livox_ros_driver2/local/lib/python3.10/dist-packages/livox_ros_driver2/livox_ros_driver2_s__rosidl_typesupport_fastrtps_c.cpython-310-x86_64-linux-gnu.so
[14.603s] -- Installing: /home/fins/Desktop/merged_lidar_ws/install/livox_ros_driver2/local/lib/python3.10/dist-packages/livox_ros_driver2/_livox_ros_driver2_s.ep.rosidl_typesupport_introspection_c.c
[14.603s] -- Installing: /home/fins/Desktop/merged_lidar_ws/install/livox_ros_driver2/local/lib/python3.10/dist-packages/livox_ros_driver2/msg
[14.603s] -- Installing: /home/fins/Desktop/merged_lidar_ws/install/livox_ros_driver2/local/lib/python3.10/dist-packages/livox_ros_driver2/msg/_custom_msg.py
[14.603s] -- Installing: /home/fins/Desktop/merged_lidar_ws/install/livox_ros_driver2/local/lib/python3.10/dist-packages/livox_ros_driver2/msg/_custom_msg_s.c
[14.603s] -- Installing: /home/fins/Desktop/merged_lidar_ws/install/livox_ros_driver2/local/lib/python3.10/dist-packages/livox_ros_driver2/msg/_custom_point_s.c
[14.603s] -- Installing: /home/fins/Desktop/merged_lidar_ws/install/livox_ros_driver2/local/lib/python3.10/dist-packages/livox_ros_driver2/msg/__init__.py
[14.604s] -- Installing: /home/fins/Desktop/merged_lidar_ws/install/livox_ros_driver2/local/lib/python3.10/dist-packages/livox_ros_driver2/msg/_custom_point.py
[14.604s] -- Installing: /home/fins/Desktop/merged_lidar_ws/install/livox_ros_driver2/local/lib/python3.10/dist-packages/livox_ros_driver2/liblivox_interfaces2__rosidl_generator_py.so
[14.604s] -- Installing: /home/fins/Desktop/merged_lidar_ws/install/livox_ros_driver2/local/lib/python3.10/dist-packages/livox_ros_driver2/livox_ros_driver2_s__rosidl_typesupport_c.cpython-310-x86_64-linux-gnu.so
[14.604s] -- Installing: /home/fins/Desktop/merged_lidar_ws/install/livox_ros_driver2/local/lib/python3.10/dist-packages/livox_ros_driver2/__init__.py
[14.604s] -- Installing: /home/fins/Desktop/merged_lidar_ws/install/livox_ros_driver2/local/lib/python3.10/dist-packages/livox_ros_driver2/_livox_ros_driver2_s.ep.rosidl_typesupport_c.c
[14.604s] -- Installing: /home/fins/Desktop/merged_lidar_ws/install/livox_ros_driver2/local/lib/python3.10/dist-packages/livox_ros_driver2/livox_ros_driver2_s__rosidl_typesupport_introspection_c.cpython-310-x86_64-linux-gnu.so
[14.635s] Listing '/home/fins/Desktop/merged_lidar_ws/install/livox_ros_driver2/local/lib/python3.10/dist-packages/livox_ros_driver2'...
[14.635s] Compiling '/home/fins/Desktop/merged_lidar_ws/install/livox_ros_driver2/local/lib/python3.10/dist-packages/livox_ros_driver2/__init__.py'...
[14.635s] Listing '/home/fins/Desktop/merged_lidar_ws/install/livox_ros_driver2/local/lib/python3.10/dist-packages/livox_ros_driver2/msg'...
[14.635s] Compiling '/home/fins/Desktop/merged_lidar_ws/install/livox_ros_driver2/local/lib/python3.10/dist-packages/livox_ros_driver2/msg/__init__.py'...
[14.635s] Compiling '/home/fins/Desktop/merged_lidar_ws/install/livox_ros_driver2/local/lib/python3.10/dist-packages/livox_ros_driver2/msg/_custom_msg.py'...
[14.635s] Compiling '/home/fins/Desktop/merged_lidar_ws/install/livox_ros_driver2/local/lib/python3.10/dist-packages/livox_ros_driver2/msg/_custom_point.py'...
[14.641s] -- Installing: /home/fins/Desktop/merged_lidar_ws/install/livox_ros_driver2/local/lib/python3.10/dist-packages/livox_ros_driver2/livox_ros_driver2_s__rosidl_typesupport_fastrtps_c.cpython-310-x86_64-linux-gnu.so
[14.642s] -- Set runtime path of "/home/fins/Desktop/merged_lidar_ws/install/livox_ros_driver2/local/lib/python3.10/dist-packages/livox_ros_driver2/livox_ros_driver2_s__rosidl_typesupport_fastrtps_c.cpython-310-x86_64-linux-gnu.so" to ""
[14.642s] -- Installing: /home/fins/Desktop/merged_lidar_ws/install/livox_ros_driver2/local/lib/python3.10/dist-packages/livox_ros_driver2/livox_ros_driver2_s__rosidl_typesupport_introspection_c.cpython-310-x86_64-linux-gnu.so
[14.643s] -- Set runtime path of "/home/fins/Desktop/merged_lidar_ws/install/livox_ros_driver2/local/lib/python3.10/dist-packages/livox_ros_driver2/livox_ros_driver2_s__rosidl_typesupport_introspection_c.cpython-310-x86_64-linux-gnu.so" to ""
[14.643s] -- Installing: /home/fins/Desktop/merged_lidar_ws/install/livox_ros_driver2/local/lib/python3.10/dist-packages/livox_ros_driver2/livox_ros_driver2_s__rosidl_typesupport_c.cpython-310-x86_64-linux-gnu.so
[14.643s] -- Set runtime path of "/home/fins/Desktop/merged_lidar_ws/install/livox_ros_driver2/local/lib/python3.10/dist-packages/livox_ros_driver2/livox_ros_driver2_s__rosidl_typesupport_c.cpython-310-x86_64-linux-gnu.so" to ""
[14.643s] -- Installing: /home/fins/Desktop/merged_lidar_ws/install/livox_ros_driver2/lib/liblivox_interfaces2__rosidl_generator_py.so
[14.643s] -- Set runtime path of "/home/fins/Desktop/merged_lidar_ws/install/livox_ros_driver2/lib/liblivox_interfaces2__rosidl_generator_py.so" to ""
[14.643s] -- Installing: /home/fins/Desktop/merged_lidar_ws/install/livox_ros_driver2/share/livox_ros_driver2/msg/CustomPoint.idl
[14.644s] -- Installing: /home/fins/Desktop/merged_lidar_ws/install/livox_ros_driver2/share/livox_ros_driver2/msg/CustomMsg.idl
[14.644s] -- Installing: /home/fins/Desktop/merged_lidar_ws/install/livox_ros_driver2/share/livox_ros_driver2/msg/CustomPoint.msg
[14.644s] -- Installing: /home/fins/Desktop/merged_lidar_ws/install/livox_ros_driver2/share/livox_ros_driver2/msg/CustomMsg.msg
[14.644s] -- Installing: /home/fins/Desktop/merged_lidar_ws/install/livox_ros_driver2/lib/livox_ros_driver2/livox_ros_driver2_node
[14.645s] -- Set runtime path of "/home/fins/Desktop/merged_lidar_ws/install/livox_ros_driver2/lib/livox_ros_driver2/livox_ros_driver2_node" to ""
[14.645s] -- Installing: /home/fins/Desktop/merged_lidar_ws/install/livox_ros_driver2/lib/liblivox_ros_driver2.so
[14.650s] -- Set runtime path of "/home/fins/Desktop/merged_lidar_ws/install/livox_ros_driver2/lib/liblivox_ros_driver2.so" to ""
[14.651s] -- Installing: /home/fins/Desktop/merged_lidar_ws/install/livox_ros_driver2/share/livox_ros_driver2/config
[14.651s] -- Installing: /home/fins/Desktop/merged_lidar_ws/install/livox_ros_driver2/share/livox_ros_driver2/config/MID360_config1.json
[14.651s] -- Installing: /home/fins/Desktop/merged_lidar_ws/install/livox_ros_driver2/share/livox_ros_driver2/config/HAP_config.json
[14.651s] -- Installing: /home/fins/Desktop/merged_lidar_ws/install/livox_ros_driver2/share/livox_ros_driver2/config/display_point_cloud_ROS1.rviz
[14.651s] -- Installing: /home/fins/Desktop/merged_lidar_ws/install/livox_ros_driver2/share/livox_ros_driver2/config/MID360_config2.json
[14.651s] -- Installing: /home/fins/Desktop/merged_lidar_ws/install/livox_ros_driver2/share/livox_ros_driver2/config/display_point_cloud_ROS2.rviz
[14.651s] -- Installing: /home/fins/Desktop/merged_lidar_ws/install/livox_ros_driver2/share/livox_ros_driver2/config/multi_config.json
[14.652s] -- Installing: /home/fins/Desktop/merged_lidar_ws/install/livox_ros_driver2/share/livox_ros_driver2/launch_ROS2
[14.652s] -- Installing: /home/fins/Desktop/merged_lidar_ws/install/livox_ros_driver2/share/livox_ros_driver2/launch_ROS2/rviz_HAP_launch.py
[14.652s] -- Installing: /home/fins/Desktop/merged_lidar_ws/install/livox_ros_driver2/share/livox_ros_driver2/launch_ROS2/rviz_MID360_launch2.py
[14.652s] -- Installing: /home/fins/Desktop/merged_lidar_ws/install/livox_ros_driver2/share/livox_ros_driver2/launch_ROS2/rviz_MID360_launch1.py
[14.652s] -- Installing: /home/fins/Desktop/merged_lidar_ws/install/livox_ros_driver2/share/livox_ros_driver2/launch_ROS2/rviz_mixed.py
[14.652s] -- Installing: /home/fins/Desktop/merged_lidar_ws/install/livox_ros_driver2/share/livox_ros_driver2/launch_ROS2/msg_HAP_launch.py
[14.652s] -- Installing: /home/fins/Desktop/merged_lidar_ws/install/livox_ros_driver2/share/livox_ros_driver2/launch_ROS2/msg_multi_launch.py
[14.652s] -- Installing: /home/fins/Desktop/merged_lidar_ws/install/livox_ros_driver2/share/ament_index/resource_index/package_run_dependencies/livox_ros_driver2
[14.652s] -- Installing: /home/fins/Desktop/merged_lidar_ws/install/livox_ros_driver2/share/ament_index/resource_index/parent_prefix_path/livox_ros_driver2
[14.652s] -- Installing: /home/fins/Desktop/merged_lidar_ws/install/livox_ros_driver2/share/livox_ros_driver2/environment/ament_prefix_path.sh
[14.652s] -- Installing: /home/fins/Desktop/merged_lidar_ws/install/livox_ros_driver2/share/livox_ros_driver2/environment/ament_prefix_path.dsv
[14.653s] -- Installing: /home/fins/Desktop/merged_lidar_ws/install/livox_ros_driver2/share/livox_ros_driver2/environment/path.sh
[14.653s] -- Installing: /home/fins/Desktop/merged_lidar_ws/install/livox_ros_driver2/share/livox_ros_driver2/environment/path.dsv
[14.653s] -- Installing: /home/fins/Desktop/merged_lidar_ws/install/livox_ros_driver2/share/livox_ros_driver2/local_setup.bash
[14.653s] -- Installing: /home/fins/Desktop/merged_lidar_ws/install/livox_ros_driver2/share/livox_ros_driver2/local_setup.sh
[14.653s] -- Installing: /home/fins/Desktop/merged_lidar_ws/install/livox_ros_driver2/share/livox_ros_driver2/local_setup.zsh
[14.653s] -- Installing: /home/fins/Desktop/merged_lidar_ws/install/livox_ros_driver2/share/livox_ros_driver2/local_setup.dsv
[14.653s] -- Installing: /home/fins/Desktop/merged_lidar_ws/install/livox_ros_driver2/share/livox_ros_driver2/package.dsv
[14.654s] -- Installing: /home/fins/Desktop/merged_lidar_ws/install/livox_ros_driver2/share/ament_index/resource_index/packages/livox_ros_driver2
[14.654s] -- Installing: /home/fins/Desktop/merged_lidar_ws/install/livox_ros_driver2/share/livox_ros_driver2/cmake/export_livox_interfaces2__rosidl_generator_cExport.cmake
[14.654s] -- Installing: /home/fins/Desktop/merged_lidar_ws/install/livox_ros_driver2/share/livox_ros_driver2/cmake/export_livox_interfaces2__rosidl_generator_cExport-noconfig.cmake
[14.654s] -- Installing: /home/fins/Desktop/merged_lidar_ws/install/livox_ros_driver2/share/livox_ros_driver2/cmake/export_livox_interfaces2__rosidl_typesupport_fastrtps_cExport.cmake
[14.654s] -- Installing: /home/fins/Desktop/merged_lidar_ws/install/livox_ros_driver2/share/livox_ros_driver2/cmake/export_livox_interfaces2__rosidl_typesupport_fastrtps_cExport-noconfig.cmake
[14.655s] -- Installing: /home/fins/Desktop/merged_lidar_ws/install/livox_ros_driver2/share/livox_ros_driver2/cmake/livox_interfaces2__rosidl_typesupport_introspection_cExport.cmake
[14.655s] -- Installing: /home/fins/Desktop/merged_lidar_ws/install/livox_ros_driver2/share/livox_ros_driver2/cmake/livox_interfaces2__rosidl_typesupport_introspection_cExport-noconfig.cmake
[14.655s] -- Installing: /home/fins/Desktop/merged_lidar_ws/install/livox_ros_driver2/share/livox_ros_driver2/cmake/livox_interfaces2__rosidl_typesupport_cExport.cmake
[14.655s] -- Installing: /home/fins/Desktop/merged_lidar_ws/install/livox_ros_driver2/share/livox_ros_driver2/cmake/livox_interfaces2__rosidl_typesupport_cExport-noconfig.cmake
[14.655s] -- Installing: /home/fins/Desktop/merged_lidar_ws/install/livox_ros_driver2/share/livox_ros_driver2/cmake/export_livox_interfaces2__rosidl_generator_cppExport.cmake
[14.655s] -- Installing: /home/fins/Desktop/merged_lidar_ws/install/livox_ros_driver2/share/livox_ros_driver2/cmake/export_livox_interfaces2__rosidl_typesupport_fastrtps_cppExport.cmake
[14.655s] -- Installing: /home/fins/Desktop/merged_lidar_ws/install/livox_ros_driver2/share/livox_ros_driver2/cmake/export_livox_interfaces2__rosidl_typesupport_fastrtps_cppExport-noconfig.cmake
[14.656s] -- Installing: /home/fins/Desktop/merged_lidar_ws/install/livox_ros_driver2/share/livox_ros_driver2/cmake/livox_interfaces2__rosidl_typesupport_introspection_cppExport.cmake
[14.656s] -- Installing: /home/fins/Desktop/merged_lidar_ws/install/livox_ros_driver2/share/livox_ros_driver2/cmake/livox_interfaces2__rosidl_typesupport_introspection_cppExport-noconfig.cmake
[14.656s] -- Installing: /home/fins/Desktop/merged_lidar_ws/install/livox_ros_driver2/share/livox_ros_driver2/cmake/livox_interfaces2__rosidl_typesupport_cppExport.cmake
[14.656s] -- Installing: /home/fins/Desktop/merged_lidar_ws/install/livox_ros_driver2/share/livox_ros_driver2/cmake/livox_interfaces2__rosidl_typesupport_cppExport-noconfig.cmake
[14.656s] -- Installing: /home/fins/Desktop/merged_lidar_ws/install/livox_ros_driver2/share/livox_ros_driver2/cmake/export_livox_interfaces2__rosidl_generator_pyExport.cmake
[14.656s] -- Installing: /home/fins/Desktop/merged_lidar_ws/install/livox_ros_driver2/share/livox_ros_driver2/cmake/export_livox_interfaces2__rosidl_generator_pyExport-noconfig.cmake
[14.657s] -- Installing: /home/fins/Desktop/merged_lidar_ws/install/livox_ros_driver2/share/ament_index/resource_index/rclcpp_components/livox_ros_driver2
[14.657s] -- Installing: /home/fins/Desktop/merged_lidar_ws/install/livox_ros_driver2/share/livox_ros_driver2/cmake/rosidl_cmake-extras.cmake
[14.657s] -- Installing: /home/fins/Desktop/merged_lidar_ws/install/livox_ros_driver2/share/livox_ros_driver2/cmake/ament_cmake_export_dependencies-extras.cmake
[14.657s] -- Installing: /home/fins/Desktop/merged_lidar_ws/install/livox_ros_driver2/share/livox_ros_driver2/cmake/ament_cmake_export_include_directories-extras.cmake
[14.657s] -- Installing: /home/fins/Desktop/merged_lidar_ws/install/livox_ros_driver2/share/livox_ros_driver2/cmake/ament_cmake_export_libraries-extras.cmake
[14.657s] -- Installing: /home/fins/Desktop/merged_lidar_ws/install/livox_ros_driver2/share/livox_ros_driver2/cmake/ament_cmake_export_targets-extras.cmake
[14.657s] -- Installing: /home/fins/Desktop/merged_lidar_ws/install/livox_ros_driver2/share/livox_ros_driver2/cmake/rosidl_cmake_export_typesupport_targets-extras.cmake
[14.658s] -- Installing: /home/fins/Desktop/merged_lidar_ws/install/livox_ros_driver2/share/livox_ros_driver2/cmake/rosidl_cmake_export_typesupport_libraries-extras.cmake
[14.658s] -- Installing: /home/fins/Desktop/merged_lidar_ws/install/livox_ros_driver2/share/livox_ros_driver2/cmake/livox_ros_driver2Config.cmake
[14.658s] -- Installing: /home/fins/Desktop/merged_lidar_ws/install/livox_ros_driver2/share/livox_ros_driver2/cmake/livox_ros_driver2Config-version.cmake
[14.658s] -- Installing: /home/fins/Desktop/merged_lidar_ws/install/livox_ros_driver2/share/livox_ros_driver2/package.xml
[14.661s] Invoked command in '/home/fins/Desktop/merged_lidar_ws/build/livox_ros_driver2' returned '0': CMAKE_PREFIX_PATH=/opt/ros/humble /usr/bin/cmake --install /home/fins/Desktop/merged_lidar_ws/build/livox_ros_driver2
