[33mCMake Warning:
  Manually-specified variables were not used by the project:

    HUMBLE_ROS
    ROS_EDITION

[0m
[01m[K/home/fins/Desktop/merged_lidar_ws/src/lidar_merge/src/merge.cpp:[m[K In constructor ‘[01m[KMergeCustomMsgNode::MergeCustomMsgNode()[m[K’:
[01m[K/home/fins/Desktop/merged_lidar_ws/src/lidar_merge/src/merge.cpp:23:20:[m[K [01;31m[Kerror: [m[Kno matching function for call to ‘[01m[Kmessage_filters::Subscriber<livox_ros_driver2::msg::CustomMsg_<std::allocator<void> > >::subscribe(MergeCustomMsgNode*, const char [27], rclcpp::SensorDataQoS)[m[K’
   23 |     [01;31m[Ksub1_.subscribe(this, "/livox/lidar_192_168_1_198", rclcpp::SensorDataQoS())[m[K;
      |     [01;31m[K~~~~~~~~~~~~~~~^~~~~~~~~~~~~~~~~~~~~~~~~~~~~~~~~~~~~~~~~~~~~~~~~~~~~~~~~~~~~[m[K
In file included from [01m[K/home/fins/Desktop/merged_lidar_ws/src/lidar_merge/src/merge.cpp:4[m[K:
[01m[K/opt/ros/humble/include/message_filters/message_filters/subscriber.h:219:8:[m[K [01;36m[Knote: [m[Kcandidate: ‘[01m[Kvoid message_filters::Subscriber<M, NodeType>::subscribe(message_filters::Subscriber<M, NodeType>::NodePtr, const string&, rmw_qos_profile_t) [with M = livox_ros_driver2::msg::CustomMsg_<std::allocator<void> >; NodeType = rclcpp::Node; message_filters::Subscriber<M, NodeType>::NodePtr = std::shared_ptr<rclcpp::Node>; std::string = std::__cxx11::basic_string<char>; rmw_qos_profile_t = rmw_qos_profile_s][m[K’
  219 |   void [01;36m[Ksubscribe[m[K(NodePtr node, const std::string& topic, const rmw_qos_profile_t qos = rmw_qos_profile_default) override
      |        [01;36m[K^~~~~~~~~[m[K
[01m[K/opt/ros/humble/include/message_filters/message_filters/subscriber.h:219:26:[m[K [01;36m[Knote: [m[K  no known conversion for argument 1 from ‘[01m[KMergeCustomMsgNode*[m[K’ to ‘[01m[Kmessage_filters::Subscriber<livox_ros_driver2::msg::CustomMsg_<std::allocator<void> > >::NodePtr[m[K’ {aka ‘[01m[Kstd::shared_ptr<rclcpp::Node>[m[K’}
  219 |   void subscribe([01;36m[KNodePtr node[m[K, const std::string& topic, const rmw_qos_profile_t qos = rmw_qos_profile_default) override
      |                  [01;36m[K~~~~~~~~^~~~[m[K
[01m[K/opt/ros/humble/include/message_filters/message_filters/subscriber.h:234:8:[m[K [01;36m[Knote: [m[Kcandidate: ‘[01m[Kvoid message_filters::Subscriber<M, NodeType>::subscribe(NodeType*, const string&, rmw_qos_profile_t) [with M = livox_ros_driver2::msg::CustomMsg_<std::allocator<void> >; NodeType = rclcpp::Node; std::string = std::__cxx11::basic_string<char>; rmw_qos_profile_t = rmw_qos_profile_s][m[K’
  234 |   void [01;36m[Ksubscribe[m[K(NodeType * node, const std::string& topic, const rmw_qos_profile_t qos = rmw_qos_profile_default) override
      |        [01;36m[K^~~~~~~~~[m[K
[01m[K/opt/ros/humble/include/message_filters/message_filters/subscriber.h:234:85:[m[K [01;36m[Knote: [m[K  no known conversion for argument 3 from ‘[01m[Krclcpp::SensorDataQoS[m[K’ to ‘[01m[Krmw_qos_profile_t[m[K’ {aka ‘[01m[Krmw_qos_profile_s[m[K’}
  234 |  void subscribe(NodeType * node, const std::string& topic, [01;36m[Kconst rmw_qos_profile_t qos = rmw_qos_profile_default[m[K) override
      |                                                            [01;36m[K~~~~~~~~~~~~~~~~~~~~~~~~^~~~~~~~~~~~~~~~~~~~~~~~~~~~~[m[K

[01m[K/opt/ros/humble/include/message_filters/message_filters/subscriber.h:249:8:[m[K [01;36m[Knote: [m[Kcandidate: ‘[01m[Kvoid message_filters::Subscriber<M, NodeType>::subscribe(message_filters::Subscriber<M, NodeType>::NodePtr, const string&, rmw_qos_profile_t, rclcpp::SubscriptionOptions) [with M = livox_ros_driver2::msg::CustomMsg_<std::allocator<void> >; NodeType = rclcpp::Node; message_filters::Subscriber<M, NodeType>::NodePtr = std::shared_ptr<rclcpp::Node>; std::string = std::__cxx11::basic_string<char>; rmw_qos_profile_t = rmw_qos_profile_s; rclcpp::SubscriptionOptions = rclcpp::SubscriptionOptionsWithAllocator<std::allocator<void> >][m[K’
  249 |   void [01;36m[Ksubscribe[m[K(
      |        [01;36m[K^~~~~~~~~[m[K
[01m[K/opt/ros/humble/include/message_filters/message_filters/subscriber.h:249:8:[m[K [01;36m[Knote: [m[K  candidate expects 4 arguments, 3 provided
[01m[K/opt/ros/humble/include/message_filters/message_filters/subscriber.h:271:8:[m[K [01;36m[Knote: [m[Kcandidate: ‘[01m[Kvoid message_filters::Subscriber<M, NodeType>::subscribe(NodeType*, const string&, rmw_qos_profile_t, rclcpp::SubscriptionOptions) [with M = livox_ros_driver2::msg::CustomMsg_<std::allocator<void> >; NodeType = rclcpp::Node; std::string = std::__cxx11::basic_string<char>; rmw_qos_profile_t = rmw_qos_profile_s; rclcpp::SubscriptionOptions = rclcpp::SubscriptionOptionsWithAllocator<std::allocator<void> >][m[K’
  271 |   void [01;36m[Ksubscribe[m[K(
      |        [01;36m[K^~~~~~~~~[m[K
[01m[K/opt/ros/humble/include/message_filters/message_filters/subscriber.h:271:8:[m[K [01;36m[Knote: [m[K  candidate expects 4 arguments, 3 provided
[01m[K/opt/ros/humble/include/message_filters/message_filters/subscriber.h:298:8:[m[K [01;36m[Knote: [m[Kcandidate: ‘[01m[Kvoid message_filters::Subscriber<M, NodeType>::subscribe() [with M = livox_ros_driver2::msg::CustomMsg_<std::allocator<void> >; NodeType = rclcpp::Node][m[K’
  298 |   void [01;36m[Ksubscribe[m[K() override
      |        [01;36m[K^~~~~~~~~[m[K
[01m[K/opt/ros/humble/include/message_filters/message_filters/subscriber.h:298:8:[m[K [01;36m[Knote: [m[K  candidate expects 0 arguments, 3 provided
[01m[K/home/fins/Desktop/merged_lidar_ws/src/lidar_merge/src/merge.cpp:24:20:[m[K [01;31m[Kerror: [m[Kno matching function for call to ‘[01m[Kmessage_filters::Subscriber<livox_ros_driver2::msg::CustomMsg_<std::allocator<void> > >::subscribe(MergeCustomMsgNode*, const char [27], rclcpp::SensorDataQoS)[m[K’
   24 |     [01;31m[Ksub2_.subscribe(this, "/livox/lidar_192_168_1_187", rclcpp::SensorDataQoS())[m[K;
      |     [01;31m[K~~~~~~~~~~~~~~~^~~~~~~~~~~~~~~~~~~~~~~~~~~~~~~~~~~~~~~~~~~~~~~~~~~~~~~~~~~~~[m[K
In file included from [01m[K/home/fins/Desktop/merged_lidar_ws/src/lidar_merge/src/merge.cpp:4[m[K:
[01m[K/opt/ros/humble/include/message_filters/message_filters/subscriber.h:219:8:[m[K [01;36m[Knote: [m[Kcandidate: ‘[01m[Kvoid message_filters::Subscriber<M, NodeType>::subscribe(message_filters::Subscriber<M, NodeType>::NodePtr, const string&, rmw_qos_profile_t) [with M = livox_ros_driver2::msg::CustomMsg_<std::allocator<void> >; NodeType = rclcpp::Node; message_filters::Subscriber<M, NodeType>::NodePtr = std::shared_ptr<rclcpp::Node>; std::string = std::__cxx11::basic_string<char>; rmw_qos_profile_t = rmw_qos_profile_s][m[K’
  219 |   void [01;36m[Ksubscribe[m[K(NodePtr node, const std::string& topic, const rmw_qos_profile_t qos = rmw_qos_profile_default) override
      |        [01;36m[K^~~~~~~~~[m[K
[01m[K/opt/ros/humble/include/message_filters/message_filters/subscriber.h:219:26:[m[K [01;36m[Knote: [m[K  no known conversion for argument 1 from ‘[01m[KMergeCustomMsgNode*[m[K’ to ‘[01m[Kmessage_filters::Subscriber<livox_ros_driver2::msg::CustomMsg_<std::allocator<void> > >::NodePtr[m[K’ {aka ‘[01m[Kstd::shared_ptr<rclcpp::Node>[m[K’}
  219 |   void subscribe([01;36m[KNodePtr node[m[K, const std::string& topic, const rmw_qos_profile_t qos = rmw_qos_profile_default) override
      |                  [01;36m[K~~~~~~~~^~~~[m[K
[01m[K/opt/ros/humble/include/message_filters/message_filters/subscriber.h:234:8:[m[K [01;36m[Knote: [m[Kcandidate: ‘[01m[Kvoid message_filters::Subscriber<M, NodeType>::subscribe(NodeType*, const string&, rmw_qos_profile_t) [with M = livox_ros_driver2::msg::CustomMsg_<std::allocator<void> >; NodeType = rclcpp::Node; std::string = std::__cxx11::basic_string<char>; rmw_qos_profile_t = rmw_qos_profile_s][m[K’
  234 |   void [01;36m[Ksubscribe[m[K(NodeType * node, const std::string& topic, const rmw_qos_profile_t qos = rmw_qos_profile_default) override
      |        [01;36m[K^~~~~~~~~[m[K
[01m[K/opt/ros/humble/include/message_filters/message_filters/subscriber.h:234:85:[m[K [01;36m[Knote: [m[K  no known conversion for argument 3 from ‘[01m[Krclcpp::SensorDataQoS[m[K’ to ‘[01m[Krmw_qos_profile_t[m[K’ {aka ‘[01m[Krmw_qos_profile_s[m[K’}
  234 |  void subscribe(NodeType * node, const std::string& topic, [01;36m[Kconst rmw_qos_profile_t qos = rmw_qos_profile_default[m[K) override
      |                                                            [01;36m[K~~~~~~~~~~~~~~~~~~~~~~~~^~~~~~~~~~~~~~~~~~~~~~~~~~~~~[m[K

[01m[K/opt/ros/humble/include/message_filters/message_filters/subscriber.h:249:8:[m[K [01;36m[Knote: [m[Kcandidate: ‘[01m[Kvoid message_filters::Subscriber<M, NodeType>::subscribe(message_filters::Subscriber<M, NodeType>::NodePtr, const string&, rmw_qos_profile_t, rclcpp::SubscriptionOptions) [with M = livox_ros_driver2::msg::CustomMsg_<std::allocator<void> >; NodeType = rclcpp::Node; message_filters::Subscriber<M, NodeType>::NodePtr = std::shared_ptr<rclcpp::Node>; std::string = std::__cxx11::basic_string<char>; rmw_qos_profile_t = rmw_qos_profile_s; rclcpp::SubscriptionOptions = rclcpp::SubscriptionOptionsWithAllocator<std::allocator<void> >][m[K’
  249 |   void [01;36m[Ksubscribe[m[K(
      |        [01;36m[K^~~~~~~~~[m[K
[01m[K/opt/ros/humble/include/message_filters/message_filters/subscriber.h:249:8:[m[K [01;36m[Knote: [m[K  candidate expects 4 arguments, 3 provided
[01m[K/opt/ros/humble/include/message_filters/message_filters/subscriber.h:271:8:[m[K [01;36m[Knote: [m[Kcandidate: ‘[01m[Kvoid message_filters::Subscriber<M, NodeType>::subscribe(NodeType*, const string&, rmw_qos_profile_t, rclcpp::SubscriptionOptions) [with M = livox_ros_driver2::msg::CustomMsg_<std::allocator<void> >; NodeType = rclcpp::Node; std::string = std::__cxx11::basic_string<char>; rmw_qos_profile_t = rmw_qos_profile_s; rclcpp::SubscriptionOptions = rclcpp::SubscriptionOptionsWithAllocator<std::allocator<void> >][m[K’
  271 |   void [01;36m[Ksubscribe[m[K(
      |        [01;36m[K^~~~~~~~~[m[K
[01m[K/opt/ros/humble/include/message_filters/message_filters/subscriber.h:271:8:[m[K [01;36m[Knote: [m[K  candidate expects 4 arguments, 3 provided
[01m[K/opt/ros/humble/include/message_filters/message_filters/subscriber.h:298:8:[m[K [01;36m[Knote: [m[Kcandidate: ‘[01m[Kvoid message_filters::Subscriber<M, NodeType>::subscribe() [with M = livox_ros_driver2::msg::CustomMsg_<std::allocator<void> >; NodeType = rclcpp::Node][m[K’
  298 |   void [01;36m[Ksubscribe[m[K() override
      |        [01;36m[K^~~~~~~~~[m[K
[01m[K/opt/ros/humble/include/message_filters/message_filters/subscriber.h:298:8:[m[K [01;36m[Knote: [m[K  candidate expects 0 arguments, 3 provided
[01m[K/home/fins/Desktop/merged_lidar_ws/src/lidar_merge/src/merge.cpp:[m[K In member function ‘[01m[Kvoid MergeCustomMsgNode::callback(const ConstSharedPtr&, const ConstSharedPtr&)[m[K’:
[01m[K/home/fins/Desktop/merged_lidar_ws/src/lidar_merge/src/merge.cpp:49:5:[m[K [01;31m[Kerror: [m[K‘[01m[Kuint64[m[K’ was not declared in this scope; did you mean ‘[01m[Kuint64_t[m[K’?
   49 |     [01;31m[Kuint64[m[K dt_ns = 0;
      |     [01;31m[K^~~~~~[m[K
      |     [32m[Kuint64_t[m[K
[01m[K/home/fins/Desktop/merged_lidar_ws/src/lidar_merge/src/merge.cpp:50:5:[m[K [01;31m[Kerror: [m[K‘[01m[Kuint8[m[K’ was not declared in this scope; did you mean ‘[01m[Kuint[m[K’?
   50 |     [01;31m[Kuint8[m[K earlier_lidar_id;
      |     [01;31m[K^~~~~[m[K
      |     [32m[Kuint[m[K
[01m[K/home/fins/Desktop/merged_lidar_ws/src/lidar_merge/src/merge.cpp:52:7:[m[K [01;31m[Kerror: [m[K‘[01m[Kearlier_lidar_id[m[K’ was not declared in this scope
   52 |       [01;31m[Kearlier_lidar_id[m[K = 1;
      |       [01;31m[K^~~~~~~~~~~~~~~~[m[K
[01m[K/home/fins/Desktop/merged_lidar_ws/src/lidar_merge/src/merge.cpp:53:7:[m[K [01;31m[Kerror: [m[K‘[01m[Kdt_ns[m[K’ was not declared in this scope
   53 |       [01;31m[Kdt_ns[m[K = msg2->timebase - msg1->timebase;
      |       [01;31m[K^~~~~[m[K
[01m[K/home/fins/Desktop/merged_lidar_ws/src/lidar_merge/src/merge.cpp:55:7:[m[K [01;31m[Kerror: [m[K‘[01m[Kearlier_lidar_id[m[K’ was not declared in this scope
   55 |       [01;31m[Kearlier_lidar_id[m[K = 2;
      |       [01;31m[K^~~~~~~~~~~~~~~~[m[K
[01m[K/home/fins/Desktop/merged_lidar_ws/src/lidar_merge/src/merge.cpp:56:7:[m[K [01;31m[Kerror: [m[K‘[01m[Kdt_ns[m[K’ was not declared in this scope
   56 |       [01;31m[Kdt_ns[m[K = msg1->timebase - msg2->timebase;
      |       [01;31m[K^~~~~[m[K
[01m[K/home/fins/Desktop/merged_lidar_ws/src/lidar_merge/src/merge.cpp:64:72:[m[K [01;31m[Kerror: [m[K‘[01m[Kearlier_lidar_id[m[K’ was not declared in this scope
   64 |       new_pt.offset_time = static_cast<uint32_t>(new_pt.offset_time + ([01;31m[Kearlier_lidar_id[m[K == 1 ? 0 : dt_ns / 1000));
      |                                                                        [01;31m[K^~~~~~~~~~~~~~~~[m[K
[01m[K/home/fins/Desktop/merged_lidar_ws/src/lidar_merge/src/merge.cpp:64:100:[m[K [01;31m[Kerror: [m[K‘[01m[Kdt_ns[m[K’ was not declared in this scope
   64 | set_time = static_cast<uint32_t>(new_pt.offset_time + (earlier_lidar_id == 1 ? 0 : [01;31m[Kdt_ns[m[K / 1000));
      |                                                                                    [01;31m[K^~~~~[m[K

[01m[K/home/fins/Desktop/merged_lidar_ws/src/lidar_merge/src/merge.cpp:77:72:[m[K [01;31m[Kerror: [m[K‘[01m[Kearlier_lidar_id[m[K’ was not declared in this scope
   77 |       new_pt.offset_time = static_cast<uint32_t>(new_pt.offset_time + ([01;31m[Kearlier_lidar_id[m[K == 2 ? 0 : dt_ns / 1000));
      |                                                                        [01;31m[K^~~~~~~~~~~~~~~~[m[K
[01m[K/home/fins/Desktop/merged_lidar_ws/src/lidar_merge/src/merge.cpp:77:100:[m[K [01;31m[Kerror: [m[K‘[01m[Kdt_ns[m[K’ was not declared in this scope
   77 | set_time = static_cast<uint32_t>(new_pt.offset_time + (earlier_lidar_id == 2 ? 0 : [01;31m[Kdt_ns[m[K / 1000));
      |                                                                                    [01;31m[K^~~~~[m[K

[01m[K/home/fins/Desktop/merged_lidar_ws/src/lidar_merge/src/merge.cpp:82:28:[m[K [01;31m[Kerror: [m[K‘[01m[Kearlier_lidar_id[m[K’ was not declared in this scope
   82 |     merged.header.stamp = ([01;31m[Kearlier_lidar_id[m[K == 1) ? msg1->header.stamp : msg2->header.stamp;
      |                            [01;31m[K^~~~~~~~~~~~~~~~[m[K
gmake[2]: *** [CMakeFiles/merge_point_node.dir/build.make:76：CMakeFiles/merge_point_node.dir/src/merge.cpp.o] 错误 1
gmake[1]: *** [CMakeFiles/Makefile2:137：CMakeFiles/merge_point_node.dir/all] 错误 2
gmake: *** [Makefile:146：all] 错误 2
