-- The C compiler identification is GNU 11.4.0
-- The CXX compiler identification is GNU 11.4.0
-- Detecting C compiler ABI info
-- Detecting C compiler ABI info - done
-- Check for working C compiler: /usr/bin/cc - skipped
-- Detecting C compile features
-- Detecting C compile features - done
-- Detecting CXX compiler ABI info
-- Detecting CXX compiler ABI info - done
-- Check for working CXX compiler: /usr/bin/c++ - skipped
-- Detecting CXX compile features
-- Detecting CXX compile features - done
-- Found ament_cmake: 1.3.10 (/opt/ros/humble/share/ament_cmake/cmake)
-- Found Python3: /usr/bin/python3 (found version "3.10.12") found components: Interpreter 
-- Found ament_cmake_auto: 1.3.10 (/opt/ros/humble/share/ament_cmake_auto/cmake)
-- Found rosidl_generator_c: 3.1.5 (/opt/ros/humble/share/rosidl_generator_c/cmake)
-- Found rosidl_adapter: 3.1.5 (/opt/ros/humble/share/rosidl_adapter/cmake)
-- Found rosidl_generator_cpp: 3.1.5 (/opt/ros/humble/share/rosidl_generator_cpp/cmake)
-- Using all available rosidl_typesupport_c: rosidl_typesupport_fastrtps_c;rosidl_typesupport_introspection_c
-- Using all available rosidl_typesupport_cpp: rosidl_typesupport_fastrtps_cpp;rosidl_typesupport_introspection_cpp
-- Found rmw_implementation_cmake: 6.1.2 (/opt/ros/humble/share/rmw_implementation_cmake/cmake)
-- Found rmw_fastrtps_cpp: 6.2.7 (/opt/ros/humble/share/rmw_fastrtps_cpp/cmake)
-- Found OpenSSL: /usr/lib/x86_64-linux-gnu/libcrypto.so (found version "3.0.2")  
-- Found FastRTPS: /opt/ros/humble/include  
-- Using RMW implementation 'rmw_fastrtps_cpp' as default
-- Looking for pthread.h
-- Looking for pthread.h - found
-- Performing Test CMAKE_HAVE_LIBC_PTHREAD
-- Performing Test CMAKE_HAVE_LIBC_PTHREAD - Success
-- Found Threads: TRUE  
-- Found eigen3_cmake_module: 0.1.1 (/opt/ros/humble/share/eigen3_cmake_module/cmake)
-- Found Eigen3: TRUE (found version "3.4.0") 
-- Ensuring Eigen3 include directory is part of orocos-kdl CMake target
-- Checking for module 'eigen3'
--   Found eigen3, version 3.4.0
-- Found Eigen: /usr/include/eigen3 (Required is at least version "3.1") 
-- Eigen found (include: /usr/include/eigen3, version: 3.4.0)
-- Checking for module 'flann'
--   Found flann, version 1.9.1
-- Found FLANN: /usr/lib/x86_64-linux-gnu/libflann_cpp.so  
-- FLANN found (include: /usr/include, lib: /usr/lib/x86_64-linux-gnu/libflann_cpp.so)
-- Checking for module 'libusb-1.0'
--   Found libusb-1.0, version 1.0.25
-- Found libusb: /usr/lib/x86_64-linux-gnu/libusb-1.0.so  
-- OpenNI found (version: 1.5.4.0, include: /usr/include/ni, lib: /usr/lib/libOpenNI.so;libusb::libusb)
-- OpenNI2 found (version: 2.2.0.33, include: /usr/include/openni2, lib: /usr/lib/x86_64-linux-gnu/libOpenNI2.so;libusb::libusb)
-- Eigen found (include: /usr/include/eigen3, version: 3.4.0)
-- OpenNI found (version: 1.5.4.0, include: /usr/include/ni, lib: /usr/lib/libOpenNI.so;libusb::libusb)
-- OpenNI2 found (version: 2.2.0.33, include: /usr/include/openni2, lib: /usr/lib/x86_64-linux-gnu/libOpenNI2.so;libusb::libusb)
-- Found Qhull version 8.0.2
-- OpenNI found (version: 1.5.4.0, include: /usr/include/ni, lib: /usr/lib/libOpenNI.so;libusb::libusb)
-- Found PCL_COMMON: /usr/lib/x86_64-linux-gnu/libpcl_common.so  
-- Found PCL_KDTREE: /usr/lib/x86_64-linux-gnu/libpcl_kdtree.so  
-- Found PCL_OCTREE: /usr/lib/x86_64-linux-gnu/libpcl_octree.so  
-- Found PCL_SEARCH: /usr/lib/x86_64-linux-gnu/libpcl_search.so  
-- Found PCL_SAMPLE_CONSENSUS: /usr/lib/x86_64-linux-gnu/libpcl_sample_consensus.so  
-- Found PCL_FILTERS: /usr/lib/x86_64-linux-gnu/libpcl_filters.so  
-- Found PCL_2D: /usr/include/pcl-1.12  
-- Found PCL_GEOMETRY: /usr/include/pcl-1.12  
-- Found PCL_IO: /usr/lib/x86_64-linux-gnu/libpcl_io.so  
-- Found PCL_FEATURES: /usr/lib/x86_64-linux-gnu/libpcl_features.so  
-- Found PCL_ML: /usr/lib/x86_64-linux-gnu/libpcl_ml.so  
-- Found PCL_SEGMENTATION: /usr/lib/x86_64-linux-gnu/libpcl_segmentation.so  
-- Found PCL_VISUALIZATION: /usr/lib/x86_64-linux-gnu/libpcl_visualization.so  
-- Found PCL_SURFACE: /usr/lib/x86_64-linux-gnu/libpcl_surface.so  
-- Found PCL_REGISTRATION: /usr/lib/x86_64-linux-gnu/libpcl_registration.so  
-- Found PCL_KEYPOINTS: /usr/lib/x86_64-linux-gnu/libpcl_keypoints.so  
-- Found PCL_TRACKING: /usr/lib/x86_64-linux-gnu/libpcl_tracking.so  
-- Found PCL_RECOGNITION: /usr/lib/x86_64-linux-gnu/libpcl_recognition.so  
-- Found PCL_STEREO: /usr/lib/x86_64-linux-gnu/libpcl_stereo.so  
-- Found PCL_APPS: /usr/lib/x86_64-linux-gnu/libpcl_apps.so  
-- Found PCL_IN_HAND_SCANNER: /usr/include/pcl-1.12  
-- Found PCL_MODELER: /usr/include/pcl-1.12  
-- Found PCL_POINT_CLOUD_EDITOR: /usr/include/pcl-1.12  
-- Found PCL_OUTOFCORE: /usr/lib/x86_64-linux-gnu/libpcl_outofcore.so  
-- Found PCL_PEOPLE: /usr/lib/x86_64-linux-gnu/libpcl_people.so  
-- Configuring done
-- Generating done
[33mCMake Warning:
  Manually-specified variables were not used by the project:

    HUMBLE_ROS
    ROS_EDITION

[0m
-- Build files have been written to: /home/fins/Desktop/merged_lidar_ws/build/multi_livox_merge
[ 50%] [32mBuilding CXX object CMakeFiles/merge_point_node.dir/src/merge.cpp.o[0m
[01m[K/home/fins/Desktop/merged_lidar_ws/src/lidar_merge/src/merge.cpp:[m[K In constructor ‘[01m[KMergeCustomMsgNode::MergeCustomMsgNode()[m[K’:
[01m[K/home/fins/Desktop/merged_lidar_ws/src/lidar_merge/src/merge.cpp:23:20:[m[K [01;31m[Kerror: [m[Kno matching function for call to ‘[01m[Kmessage_filters::Subscriber<livox_ros_driver2::msg::CustomMsg_<std::allocator<void> > >::subscribe(MergeCustomMsgNode*, const char [27], rclcpp::SensorDataQoS)[m[K’
   23 |     [01;31m[Ksub1_.subscribe(this, "/livox/lidar_192_168_1_198", rclcpp::SensorDataQoS())[m[K;
      |     [01;31m[K~~~~~~~~~~~~~~~^~~~~~~~~~~~~~~~~~~~~~~~~~~~~~~~~~~~~~~~~~~~~~~~~~~~~~~~~~~~~[m[K
In file included from [01m[K/home/fins/Desktop/merged_lidar_ws/src/lidar_merge/src/merge.cpp:4[m[K:
[01m[K/opt/ros/humble/include/message_filters/message_filters/subscriber.h:219:8:[m[K [01;36m[Knote: [m[Kcandidate: ‘[01m[Kvoid message_filters::Subscriber<M, NodeType>::subscribe(message_filters::Subscriber<M, NodeType>::NodePtr, const string&, rmw_qos_profile_t) [with M = livox_ros_driver2::msg::CustomMsg_<std::allocator<void> >; NodeType = rclcpp::Node; message_filters::Subscriber<M, NodeType>::NodePtr = std::shared_ptr<rclcpp::Node>; std::string = std::__cxx11::basic_string<char>; rmw_qos_profile_t = rmw_qos_profile_s][m[K’
  219 |   void [01;36m[Ksubscribe[m[K(NodePtr node, const std::string& topic, const rmw_qos_profile_t qos = rmw_qos_profile_default) override
      |        [01;36m[K^~~~~~~~~[m[K
[01m[K/opt/ros/humble/include/message_filters/message_filters/subscriber.h:219:26:[m[K [01;36m[Knote: [m[K  no known conversion for argument 1 from ‘[01m[KMergeCustomMsgNode*[m[K’ to ‘[01m[Kmessage_filters::Subscriber<livox_ros_driver2::msg::CustomMsg_<std::allocator<void> > >::NodePtr[m[K’ {aka ‘[01m[Kstd::shared_ptr<rclcpp::Node>[m[K’}
  219 |   void subscribe([01;36m[KNodePtr node[m[K, const std::string& topic, const rmw_qos_profile_t qos = rmw_qos_profile_default) override
      |                  [01;36m[K~~~~~~~~^~~~[m[K
[01m[K/opt/ros/humble/include/message_filters/message_filters/subscriber.h:234:8:[m[K [01;36m[Knote: [m[Kcandidate: ‘[01m[Kvoid message_filters::Subscriber<M, NodeType>::subscribe(NodeType*, const string&, rmw_qos_profile_t) [with M = livox_ros_driver2::msg::CustomMsg_<std::allocator<void> >; NodeType = rclcpp::Node; std::string = std::__cxx11::basic_string<char>; rmw_qos_profile_t = rmw_qos_profile_s][m[K’
  234 |   void [01;36m[Ksubscribe[m[K(NodeType * node, const std::string& topic, const rmw_qos_profile_t qos = rmw_qos_profile_default) override
      |        [01;36m[K^~~~~~~~~[m[K
[01m[K/opt/ros/humble/include/message_filters/message_filters/subscriber.h:234:85:[m[K [01;36m[Knote: [m[K  no known conversion for argument 3 from ‘[01m[Krclcpp::SensorDataQoS[m[K’ to ‘[01m[Krmw_qos_profile_t[m[K’ {aka ‘[01m[Krmw_qos_profile_s[m[K’}
  234 |  void subscribe(NodeType * node, const std::string& topic, [01;36m[Kconst rmw_qos_profile_t qos = rmw_qos_profile_default[m[K) override
      |                                                            [01;36m[K~~~~~~~~~~~~~~~~~~~~~~~~^~~~~~~~~~~~~~~~~~~~~~~~~~~~~[m[K

[01m[K/opt/ros/humble/include/message_filters/message_filters/subscriber.h:249:8:[m[K [01;36m[Knote: [m[Kcandidate: ‘[01m[Kvoid message_filters::Subscriber<M, NodeType>::subscribe(message_filters::Subscriber<M, NodeType>::NodePtr, const string&, rmw_qos_profile_t, rclcpp::SubscriptionOptions) [with M = livox_ros_driver2::msg::CustomMsg_<std::allocator<void> >; NodeType = rclcpp::Node; message_filters::Subscriber<M, NodeType>::NodePtr = std::shared_ptr<rclcpp::Node>; std::string = std::__cxx11::basic_string<char>; rmw_qos_profile_t = rmw_qos_profile_s; rclcpp::SubscriptionOptions = rclcpp::SubscriptionOptionsWithAllocator<std::allocator<void> >][m[K’
  249 |   void [01;36m[Ksubscribe[m[K(
      |        [01;36m[K^~~~~~~~~[m[K
[01m[K/opt/ros/humble/include/message_filters/message_filters/subscriber.h:249:8:[m[K [01;36m[Knote: [m[K  candidate expects 4 arguments, 3 provided
[01m[K/opt/ros/humble/include/message_filters/message_filters/subscriber.h:271:8:[m[K [01;36m[Knote: [m[Kcandidate: ‘[01m[Kvoid message_filters::Subscriber<M, NodeType>::subscribe(NodeType*, const string&, rmw_qos_profile_t, rclcpp::SubscriptionOptions) [with M = livox_ros_driver2::msg::CustomMsg_<std::allocator<void> >; NodeType = rclcpp::Node; std::string = std::__cxx11::basic_string<char>; rmw_qos_profile_t = rmw_qos_profile_s; rclcpp::SubscriptionOptions = rclcpp::SubscriptionOptionsWithAllocator<std::allocator<void> >][m[K’
  271 |   void [01;36m[Ksubscribe[m[K(
      |        [01;36m[K^~~~~~~~~[m[K
[01m[K/opt/ros/humble/include/message_filters/message_filters/subscriber.h:271:8:[m[K [01;36m[Knote: [m[K  candidate expects 4 arguments, 3 provided
[01m[K/opt/ros/humble/include/message_filters/message_filters/subscriber.h:298:8:[m[K [01;36m[Knote: [m[Kcandidate: ‘[01m[Kvoid message_filters::Subscriber<M, NodeType>::subscribe() [with M = livox_ros_driver2::msg::CustomMsg_<std::allocator<void> >; NodeType = rclcpp::Node][m[K’
  298 |   void [01;36m[Ksubscribe[m[K() override
      |        [01;36m[K^~~~~~~~~[m[K
[01m[K/opt/ros/humble/include/message_filters/message_filters/subscriber.h:298:8:[m[K [01;36m[Knote: [m[K  candidate expects 0 arguments, 3 provided
[01m[K/home/fins/Desktop/merged_lidar_ws/src/lidar_merge/src/merge.cpp:24:20:[m[K [01;31m[Kerror: [m[Kno matching function for call to ‘[01m[Kmessage_filters::Subscriber<livox_ros_driver2::msg::CustomMsg_<std::allocator<void> > >::subscribe(MergeCustomMsgNode*, const char [27], rclcpp::SensorDataQoS)[m[K’
   24 |     [01;31m[Ksub2_.subscribe(this, "/livox/lidar_192_168_1_187", rclcpp::SensorDataQoS())[m[K;
      |     [01;31m[K~~~~~~~~~~~~~~~^~~~~~~~~~~~~~~~~~~~~~~~~~~~~~~~~~~~~~~~~~~~~~~~~~~~~~~~~~~~~[m[K
In file included from [01m[K/home/fins/Desktop/merged_lidar_ws/src/lidar_merge/src/merge.cpp:4[m[K:
[01m[K/opt/ros/humble/include/message_filters/message_filters/subscriber.h:219:8:[m[K [01;36m[Knote: [m[Kcandidate: ‘[01m[Kvoid message_filters::Subscriber<M, NodeType>::subscribe(message_filters::Subscriber<M, NodeType>::NodePtr, const string&, rmw_qos_profile_t) [with M = livox_ros_driver2::msg::CustomMsg_<std::allocator<void> >; NodeType = rclcpp::Node; message_filters::Subscriber<M, NodeType>::NodePtr = std::shared_ptr<rclcpp::Node>; std::string = std::__cxx11::basic_string<char>; rmw_qos_profile_t = rmw_qos_profile_s][m[K’
  219 |   void [01;36m[Ksubscribe[m[K(NodePtr node, const std::string& topic, const rmw_qos_profile_t qos = rmw_qos_profile_default) override
      |        [01;36m[K^~~~~~~~~[m[K
[01m[K/opt/ros/humble/include/message_filters/message_filters/subscriber.h:219:26:[m[K [01;36m[Knote: [m[K  no known conversion for argument 1 from ‘[01m[KMergeCustomMsgNode*[m[K’ to ‘[01m[Kmessage_filters::Subscriber<livox_ros_driver2::msg::CustomMsg_<std::allocator<void> > >::NodePtr[m[K’ {aka ‘[01m[Kstd::shared_ptr<rclcpp::Node>[m[K’}
  219 |   void subscribe([01;36m[KNodePtr node[m[K, const std::string& topic, const rmw_qos_profile_t qos = rmw_qos_profile_default) override
      |                  [01;36m[K~~~~~~~~^~~~[m[K
[01m[K/opt/ros/humble/include/message_filters/message_filters/subscriber.h:234:8:[m[K [01;36m[Knote: [m[Kcandidate: ‘[01m[Kvoid message_filters::Subscriber<M, NodeType>::subscribe(NodeType*, const string&, rmw_qos_profile_t) [with M = livox_ros_driver2::msg::CustomMsg_<std::allocator<void> >; NodeType = rclcpp::Node; std::string = std::__cxx11::basic_string<char>; rmw_qos_profile_t = rmw_qos_profile_s][m[K’
  234 |   void [01;36m[Ksubscribe[m[K(NodeType * node, const std::string& topic, const rmw_qos_profile_t qos = rmw_qos_profile_default) override
      |        [01;36m[K^~~~~~~~~[m[K
[01m[K/opt/ros/humble/include/message_filters/message_filters/subscriber.h:234:85:[m[K [01;36m[Knote: [m[K  no known conversion for argument 3 from ‘[01m[Krclcpp::SensorDataQoS[m[K’ to ‘[01m[Krmw_qos_profile_t[m[K’ {aka ‘[01m[Krmw_qos_profile_s[m[K’}
  234 |  void subscribe(NodeType * node, const std::string& topic, [01;36m[Kconst rmw_qos_profile_t qos = rmw_qos_profile_default[m[K) override
      |                                                            [01;36m[K~~~~~~~~~~~~~~~~~~~~~~~~^~~~~~~~~~~~~~~~~~~~~~~~~~~~~[m[K

[01m[K/opt/ros/humble/include/message_filters/message_filters/subscriber.h:249:8:[m[K [01;36m[Knote: [m[Kcandidate: ‘[01m[Kvoid message_filters::Subscriber<M, NodeType>::subscribe(message_filters::Subscriber<M, NodeType>::NodePtr, const string&, rmw_qos_profile_t, rclcpp::SubscriptionOptions) [with M = livox_ros_driver2::msg::CustomMsg_<std::allocator<void> >; NodeType = rclcpp::Node; message_filters::Subscriber<M, NodeType>::NodePtr = std::shared_ptr<rclcpp::Node>; std::string = std::__cxx11::basic_string<char>; rmw_qos_profile_t = rmw_qos_profile_s; rclcpp::SubscriptionOptions = rclcpp::SubscriptionOptionsWithAllocator<std::allocator<void> >][m[K’
  249 |   void [01;36m[Ksubscribe[m[K(
      |        [01;36m[K^~~~~~~~~[m[K
[01m[K/opt/ros/humble/include/message_filters/message_filters/subscriber.h:249:8:[m[K [01;36m[Knote: [m[K  candidate expects 4 arguments, 3 provided
[01m[K/opt/ros/humble/include/message_filters/message_filters/subscriber.h:271:8:[m[K [01;36m[Knote: [m[Kcandidate: ‘[01m[Kvoid message_filters::Subscriber<M, NodeType>::subscribe(NodeType*, const string&, rmw_qos_profile_t, rclcpp::SubscriptionOptions) [with M = livox_ros_driver2::msg::CustomMsg_<std::allocator<void> >; NodeType = rclcpp::Node; std::string = std::__cxx11::basic_string<char>; rmw_qos_profile_t = rmw_qos_profile_s; rclcpp::SubscriptionOptions = rclcpp::SubscriptionOptionsWithAllocator<std::allocator<void> >][m[K’
  271 |   void [01;36m[Ksubscribe[m[K(
      |        [01;36m[K^~~~~~~~~[m[K
[01m[K/opt/ros/humble/include/message_filters/message_filters/subscriber.h:271:8:[m[K [01;36m[Knote: [m[K  candidate expects 4 arguments, 3 provided
[01m[K/opt/ros/humble/include/message_filters/message_filters/subscriber.h:298:8:[m[K [01;36m[Knote: [m[Kcandidate: ‘[01m[Kvoid message_filters::Subscriber<M, NodeType>::subscribe() [with M = livox_ros_driver2::msg::CustomMsg_<std::allocator<void> >; NodeType = rclcpp::Node][m[K’
  298 |   void [01;36m[Ksubscribe[m[K() override
      |        [01;36m[K^~~~~~~~~[m[K
[01m[K/opt/ros/humble/include/message_filters/message_filters/subscriber.h:298:8:[m[K [01;36m[Knote: [m[K  candidate expects 0 arguments, 3 provided
[01m[K/home/fins/Desktop/merged_lidar_ws/src/lidar_merge/src/merge.cpp:[m[K In member function ‘[01m[Kvoid MergeCustomMsgNode::callback(const ConstSharedPtr&, const ConstSharedPtr&)[m[K’:
[01m[K/home/fins/Desktop/merged_lidar_ws/src/lidar_merge/src/merge.cpp:49:5:[m[K [01;31m[Kerror: [m[K‘[01m[Kuint64[m[K’ was not declared in this scope; did you mean ‘[01m[Kuint64_t[m[K’?
   49 |     [01;31m[Kuint64[m[K dt_ns = 0;
      |     [01;31m[K^~~~~~[m[K
      |     [32m[Kuint64_t[m[K
[01m[K/home/fins/Desktop/merged_lidar_ws/src/lidar_merge/src/merge.cpp:50:5:[m[K [01;31m[Kerror: [m[K‘[01m[Kuint8[m[K’ was not declared in this scope; did you mean ‘[01m[Kuint[m[K’?
   50 |     [01;31m[Kuint8[m[K earlier_lidar_id;
      |     [01;31m[K^~~~~[m[K
      |     [32m[Kuint[m[K
[01m[K/home/fins/Desktop/merged_lidar_ws/src/lidar_merge/src/merge.cpp:52:7:[m[K [01;31m[Kerror: [m[K‘[01m[Kearlier_lidar_id[m[K’ was not declared in this scope
   52 |       [01;31m[Kearlier_lidar_id[m[K = 1;
      |       [01;31m[K^~~~~~~~~~~~~~~~[m[K
[01m[K/home/fins/Desktop/merged_lidar_ws/src/lidar_merge/src/merge.cpp:53:7:[m[K [01;31m[Kerror: [m[K‘[01m[Kdt_ns[m[K’ was not declared in this scope
   53 |       [01;31m[Kdt_ns[m[K = msg2->timebase - msg1->timebase;
      |       [01;31m[K^~~~~[m[K
[01m[K/home/fins/Desktop/merged_lidar_ws/src/lidar_merge/src/merge.cpp:55:7:[m[K [01;31m[Kerror: [m[K‘[01m[Kearlier_lidar_id[m[K’ was not declared in this scope
   55 |       [01;31m[Kearlier_lidar_id[m[K = 2;
      |       [01;31m[K^~~~~~~~~~~~~~~~[m[K
[01m[K/home/fins/Desktop/merged_lidar_ws/src/lidar_merge/src/merge.cpp:56:7:[m[K [01;31m[Kerror: [m[K‘[01m[Kdt_ns[m[K’ was not declared in this scope
   56 |       [01;31m[Kdt_ns[m[K = msg1->timebase - msg2->timebase;
      |       [01;31m[K^~~~~[m[K
[01m[K/home/fins/Desktop/merged_lidar_ws/src/lidar_merge/src/merge.cpp:64:72:[m[K [01;31m[Kerror: [m[K‘[01m[Kearlier_lidar_id[m[K’ was not declared in this scope
   64 |       new_pt.offset_time = static_cast<uint32_t>(new_pt.offset_time + ([01;31m[Kearlier_lidar_id[m[K == 1 ? 0 : dt_ns / 1000));
      |                                                                        [01;31m[K^~~~~~~~~~~~~~~~[m[K
[01m[K/home/fins/Desktop/merged_lidar_ws/src/lidar_merge/src/merge.cpp:64:100:[m[K [01;31m[Kerror: [m[K‘[01m[Kdt_ns[m[K’ was not declared in this scope
   64 | set_time = static_cast<uint32_t>(new_pt.offset_time + (earlier_lidar_id == 1 ? 0 : [01;31m[Kdt_ns[m[K / 1000));
      |                                                                                    [01;31m[K^~~~~[m[K

[01m[K/home/fins/Desktop/merged_lidar_ws/src/lidar_merge/src/merge.cpp:77:72:[m[K [01;31m[Kerror: [m[K‘[01m[Kearlier_lidar_id[m[K’ was not declared in this scope
   77 |       new_pt.offset_time = static_cast<uint32_t>(new_pt.offset_time + ([01;31m[Kearlier_lidar_id[m[K == 2 ? 0 : dt_ns / 1000));
      |                                                                        [01;31m[K^~~~~~~~~~~~~~~~[m[K
[01m[K/home/fins/Desktop/merged_lidar_ws/src/lidar_merge/src/merge.cpp:77:100:[m[K [01;31m[Kerror: [m[K‘[01m[Kdt_ns[m[K’ was not declared in this scope
   77 | set_time = static_cast<uint32_t>(new_pt.offset_time + (earlier_lidar_id == 2 ? 0 : [01;31m[Kdt_ns[m[K / 1000));
      |                                                                                    [01;31m[K^~~~~[m[K

[01m[K/home/fins/Desktop/merged_lidar_ws/src/lidar_merge/src/merge.cpp:82:28:[m[K [01;31m[Kerror: [m[K‘[01m[Kearlier_lidar_id[m[K’ was not declared in this scope
   82 |     merged.header.stamp = ([01;31m[Kearlier_lidar_id[m[K == 1) ? msg1->header.stamp : msg2->header.stamp;
      |                            [01;31m[K^~~~~~~~~~~~~~~~[m[K
gmake[2]: *** [CMakeFiles/merge_point_node.dir/build.make:76：CMakeFiles/merge_point_node.dir/src/merge.cpp.o] 错误 1
gmake[1]: *** [CMakeFiles/Makefile2:137：CMakeFiles/merge_point_node.dir/all] 错误 2
gmake: *** [Makefile:146：all] 错误 2
