[0.008s] Invoking command in '/home/fins/Desktop/merged_lidar_ws/build/multi_livox_merge': AMENT_PREFIX_PATH=/home/fins/Desktop/merged_lidar_ws/install/livox_ros_driver2:${AMENT_PREFIX_PATH} CMAKE_PREFIX_PATH=/home/fins/Desktop/merged_lidar_ws/install/livox_ros_driver2:/opt/ros/humble LD_LIBRARY_PATH=/home/fins/Desktop/merged_lidar_ws/install/livox_ros_driver2/lib:/opt/ros/humble/opt/rviz_ogre_vendor/lib:/opt/ros/humble/lib/x86_64-linux-gnu:/opt/ros/humble/lib:/opt/MVS/lib/64:/opt/MVS/lib/32:/opt/MVS/lib/64:/opt/MVS/lib/32:/opt/MVS/lib/64:/opt/MVS/lib/32:/usr/local/lib:/usr/local/opencv-4.7.0/lib PYTHONPATH=/home/fins/Desktop/merged_lidar_ws/install/livox_ros_driver2/local/lib/python3.10/dist-packages:${PYTHONPATH} /usr/bin/cmake /home/fins/Desktop/merged_lidar_ws/src/lidar_merge -DROS_EDITION=ROS2 -DHUMBLE_ROS=humble -DCMAKE_INSTALL_PREFIX=/home/fins/Desktop/merged_lidar_ws/install/multi_livox_merge
[0.056s] -- The C compiler identification is GNU 11.4.0
[0.103s] -- The CXX compiler identification is GNU 11.4.0
[0.110s] -- Detecting C compiler ABI info
[0.177s] -- Detecting C compiler ABI info - done
[0.182s] -- Check for working C compiler: /usr/bin/cc - skipped
[0.182s] -- Detecting C compile features
[0.182s] -- Detecting C compile features - done
[0.184s] -- Detecting CXX compiler ABI info
[0.258s] -- Detecting CXX compiler ABI info - done
[0.263s] -- Check for working CXX compiler: /usr/bin/c++ - skipped
[0.263s] -- Detecting CXX compile features
[0.263s] -- Detecting CXX compile features - done
[0.265s] -- Found ament_cmake: 1.3.10 (/opt/ros/humble/share/ament_cmake/cmake)
[0.559s] -- Found Python3: /usr/bin/python3 (found version "3.10.12") found components: Interpreter 
[0.635s] -- Found ament_cmake_auto: 1.3.10 (/opt/ros/humble/share/ament_cmake_auto/cmake)
[0.729s] -- Found rosidl_generator_c: 3.1.5 (/opt/ros/humble/share/rosidl_generator_c/cmake)
[0.733s] -- Found rosidl_adapter: 3.1.5 (/opt/ros/humble/share/rosidl_adapter/cmake)
[0.740s] -- Found rosidl_generator_cpp: 3.1.5 (/opt/ros/humble/share/rosidl_generator_cpp/cmake)
[0.749s] -- Using all available rosidl_typesupport_c: rosidl_typesupport_fastrtps_c;rosidl_typesupport_introspection_c
[0.762s] -- Using all available rosidl_typesupport_cpp: rosidl_typesupport_fastrtps_cpp;rosidl_typesupport_introspection_cpp
[0.794s] -- Found rmw_implementation_cmake: 6.1.2 (/opt/ros/humble/share/rmw_implementation_cmake/cmake)
[0.796s] -- Found rmw_fastrtps_cpp: 6.2.7 (/opt/ros/humble/share/rmw_fastrtps_cpp/cmake)
[0.878s] -- Found OpenSSL: /usr/lib/x86_64-linux-gnu/libcrypto.so (found version "3.0.2")  
[0.905s] -- Found FastRTPS: /opt/ros/humble/include  
[0.947s] -- Using RMW implementation 'rmw_fastrtps_cpp' as default
[0.954s] -- Looking for pthread.h
[1.022s] -- Looking for pthread.h - found
[1.022s] -- Performing Test CMAKE_HAVE_LIBC_PTHREAD
[1.090s] -- Performing Test CMAKE_HAVE_LIBC_PTHREAD - Success
[1.091s] -- Found Threads: TRUE  
[1.227s] -- Found eigen3_cmake_module: 0.1.1 (/opt/ros/humble/share/eigen3_cmake_module/cmake)
[1.228s] -- Found Eigen3: TRUE (found version "3.4.0") 
[1.228s] -- Ensuring Eigen3 include directory is part of orocos-kdl CMake target
[1.277s] -- Checking for module 'eigen3'
[1.291s] --   Found eigen3, version 3.4.0
[1.329s] -- Found Eigen: /usr/include/eigen3 (Required is at least version "3.1") 
[1.329s] -- Eigen found (include: /usr/include/eigen3, version: 3.4.0)
[1.359s] -- Checking for module 'flann'
[1.374s] --   Found flann, version 1.9.1
[1.421s] -- Found FLANN: /usr/lib/x86_64-linux-gnu/libflann_cpp.so  
[1.421s] -- FLANN found (include: /usr/include, lib: /usr/lib/x86_64-linux-gnu/libflann_cpp.so)
[2.262s] -- Checking for module 'libusb-1.0'
[2.279s] --   Found libusb-1.0, version 1.0.25
[2.325s] -- Found libusb: /usr/lib/x86_64-linux-gnu/libusb-1.0.so  
[2.326s] -- OpenNI found (version: 1.5.4.0, include: /usr/include/ni, lib: /usr/lib/libOpenNI.so;libusb::libusb)
[2.389s] -- OpenNI2 found (version: 2.2.0.33, include: /usr/include/openni2, lib: /usr/lib/x86_64-linux-gnu/libOpenNI2.so;libusb::libusb)
[2.511s] -- Eigen found (include: /usr/include/eigen3, version: 3.4.0)
[2.517s] -- OpenNI found (version: 1.5.4.0, include: /usr/include/ni, lib: /usr/lib/libOpenNI.so;libusb::libusb)
[2.523s] -- OpenNI2 found (version: 2.2.0.33, include: /usr/include/openni2, lib: /usr/lib/x86_64-linux-gnu/libOpenNI2.so;libusb::libusb)
[2.632s] -- Found Qhull version 8.0.2
[2.749s] -- OpenNI found (version: 1.5.4.0, include: /usr/include/ni, lib: /usr/lib/libOpenNI.so;libusb::libusb)
[2.859s] -- Found PCL_COMMON: /usr/lib/x86_64-linux-gnu/libpcl_common.so  
[2.859s] -- Found PCL_KDTREE: /usr/lib/x86_64-linux-gnu/libpcl_kdtree.so  
[2.860s] -- Found PCL_OCTREE: /usr/lib/x86_64-linux-gnu/libpcl_octree.so  
[2.861s] -- Found PCL_SEARCH: /usr/lib/x86_64-linux-gnu/libpcl_search.so  
[2.861s] -- Found PCL_SAMPLE_CONSENSUS: /usr/lib/x86_64-linux-gnu/libpcl_sample_consensus.so  
[2.862s] -- Found PCL_FILTERS: /usr/lib/x86_64-linux-gnu/libpcl_filters.so  
[2.862s] -- Found PCL_2D: /usr/include/pcl-1.12  
[2.862s] -- Found PCL_GEOMETRY: /usr/include/pcl-1.12  
[2.863s] -- Found PCL_IO: /usr/lib/x86_64-linux-gnu/libpcl_io.so  
[2.864s] -- Found PCL_FEATURES: /usr/lib/x86_64-linux-gnu/libpcl_features.so  
[2.864s] -- Found PCL_ML: /usr/lib/x86_64-linux-gnu/libpcl_ml.so  
[2.865s] -- Found PCL_SEGMENTATION: /usr/lib/x86_64-linux-gnu/libpcl_segmentation.so  
[2.865s] -- Found PCL_VISUALIZATION: /usr/lib/x86_64-linux-gnu/libpcl_visualization.so  
[2.866s] -- Found PCL_SURFACE: /usr/lib/x86_64-linux-gnu/libpcl_surface.so  
[2.867s] -- Found PCL_REGISTRATION: /usr/lib/x86_64-linux-gnu/libpcl_registration.so  
[2.867s] -- Found PCL_KEYPOINTS: /usr/lib/x86_64-linux-gnu/libpcl_keypoints.so  
[2.868s] -- Found PCL_TRACKING: /usr/lib/x86_64-linux-gnu/libpcl_tracking.so  
[2.869s] -- Found PCL_RECOGNITION: /usr/lib/x86_64-linux-gnu/libpcl_recognition.so  
[2.869s] -- Found PCL_STEREO: /usr/lib/x86_64-linux-gnu/libpcl_stereo.so  
[2.870s] -- Found PCL_APPS: /usr/lib/x86_64-linux-gnu/libpcl_apps.so  
[2.870s] -- Found PCL_IN_HAND_SCANNER: /usr/include/pcl-1.12  
[2.871s] -- Found PCL_MODELER: /usr/include/pcl-1.12  
[2.871s] -- Found PCL_POINT_CLOUD_EDITOR: /usr/include/pcl-1.12  
[2.871s] -- Found PCL_OUTOFCORE: /usr/lib/x86_64-linux-gnu/libpcl_outofcore.so  
[2.872s] -- Found PCL_PEOPLE: /usr/lib/x86_64-linux-gnu/libpcl_people.so  
[2.885s] -- Configuring done
[2.899s] -- Generating done
[2.900s] [33mCMake Warning:
[2.900s]   Manually-specified variables were not used by the project:
[2.900s] 
[2.900s]     HUMBLE_ROS
[2.900s]     ROS_EDITION
[2.900s] 
[2.900s] [0m
[2.901s] -- Build files have been written to: /home/fins/Desktop/merged_lidar_ws/build/multi_livox_merge
[2.918s] Invoked command in '/home/fins/Desktop/merged_lidar_ws/build/multi_livox_merge' returned '0': AMENT_PREFIX_PATH=/home/fins/Desktop/merged_lidar_ws/install/livox_ros_driver2:${AMENT_PREFIX_PATH} CMAKE_PREFIX_PATH=/home/fins/Desktop/merged_lidar_ws/install/livox_ros_driver2:/opt/ros/humble LD_LIBRARY_PATH=/home/fins/Desktop/merged_lidar_ws/install/livox_ros_driver2/lib:/opt/ros/humble/opt/rviz_ogre_vendor/lib:/opt/ros/humble/lib/x86_64-linux-gnu:/opt/ros/humble/lib:/opt/MVS/lib/64:/opt/MVS/lib/32:/opt/MVS/lib/64:/opt/MVS/lib/32:/opt/MVS/lib/64:/opt/MVS/lib/32:/usr/local/lib:/usr/local/opencv-4.7.0/lib PYTHONPATH=/home/fins/Desktop/merged_lidar_ws/install/livox_ros_driver2/local/lib/python3.10/dist-packages:${PYTHONPATH} /usr/bin/cmake /home/fins/Desktop/merged_lidar_ws/src/lidar_merge -DROS_EDITION=ROS2 -DHUMBLE_ROS=humble -DCMAKE_INSTALL_PREFIX=/home/fins/Desktop/merged_lidar_ws/install/multi_livox_merge
[2.919s] Invoking command in '/home/fins/Desktop/merged_lidar_ws/build/multi_livox_merge': AMENT_PREFIX_PATH=/home/fins/Desktop/merged_lidar_ws/install/livox_ros_driver2:${AMENT_PREFIX_PATH} CMAKE_PREFIX_PATH=/home/fins/Desktop/merged_lidar_ws/install/livox_ros_driver2:/opt/ros/humble LD_LIBRARY_PATH=/home/fins/Desktop/merged_lidar_ws/install/livox_ros_driver2/lib:/opt/ros/humble/opt/rviz_ogre_vendor/lib:/opt/ros/humble/lib/x86_64-linux-gnu:/opt/ros/humble/lib:/opt/MVS/lib/64:/opt/MVS/lib/32:/opt/MVS/lib/64:/opt/MVS/lib/32:/opt/MVS/lib/64:/opt/MVS/lib/32:/usr/local/lib:/usr/local/opencv-4.7.0/lib PYTHONPATH=/home/fins/Desktop/merged_lidar_ws/install/livox_ros_driver2/local/lib/python3.10/dist-packages:${PYTHONPATH} /usr/bin/cmake --build /home/fins/Desktop/merged_lidar_ws/build/multi_livox_merge -- -j16 -l16
[2.969s] [ 50%] [32mBuilding CXX object CMakeFiles/merge_point_node.dir/src/merge.cpp.o[0m
[5.161s] [01m[K/home/fins/Desktop/merged_lidar_ws/src/lidar_merge/src/merge.cpp:[m[K In constructor ‘[01m[KMergeCustomMsgNode::MergeCustomMsgNode()[m[K’:
[5.161s] [01m[K/home/fins/Desktop/merged_lidar_ws/src/lidar_merge/src/merge.cpp:23:20:[m[K [01;31m[Kerror: [m[Kno matching function for call to ‘[01m[Kmessage_filters::Subscriber<livox_ros_driver2::msg::CustomMsg_<std::allocator<void> > >::subscribe(MergeCustomMsgNode*, const char [27], rclcpp::SensorDataQoS)[m[K’
[5.161s]    23 |     [01;31m[Ksub1_.subscribe(this, "/livox/lidar_192_168_1_198", rclcpp::SensorDataQoS())[m[K;
[5.161s]       |     [01;31m[K~~~~~~~~~~~~~~~^~~~~~~~~~~~~~~~~~~~~~~~~~~~~~~~~~~~~~~~~~~~~~~~~~~~~~~~~~~~~[m[K
[5.161s] In file included from [01m[K/home/fins/Desktop/merged_lidar_ws/src/lidar_merge/src/merge.cpp:4[m[K:
[5.161s] [01m[K/opt/ros/humble/include/message_filters/message_filters/subscriber.h:219:8:[m[K [01;36m[Knote: [m[Kcandidate: ‘[01m[Kvoid message_filters::Subscriber<M, NodeType>::subscribe(message_filters::Subscriber<M, NodeType>::NodePtr, const string&, rmw_qos_profile_t) [with M = livox_ros_driver2::msg::CustomMsg_<std::allocator<void> >; NodeType = rclcpp::Node; message_filters::Subscriber<M, NodeType>::NodePtr = std::shared_ptr<rclcpp::Node>; std::string = std::__cxx11::basic_string<char>; rmw_qos_profile_t = rmw_qos_profile_s][m[K’
[5.161s]   219 |   void [01;36m[Ksubscribe[m[K(NodePtr node, const std::string& topic, const rmw_qos_profile_t qos = rmw_qos_profile_default) override
[5.161s]       |        [01;36m[K^~~~~~~~~[m[K
[5.161s] [01m[K/opt/ros/humble/include/message_filters/message_filters/subscriber.h:219:26:[m[K [01;36m[Knote: [m[K  no known conversion for argument 1 from ‘[01m[KMergeCustomMsgNode*[m[K’ to ‘[01m[Kmessage_filters::Subscriber<livox_ros_driver2::msg::CustomMsg_<std::allocator<void> > >::NodePtr[m[K’ {aka ‘[01m[Kstd::shared_ptr<rclcpp::Node>[m[K’}
[5.162s]   219 |   void subscribe([01;36m[KNodePtr node[m[K, const std::string& topic, const rmw_qos_profile_t qos = rmw_qos_profile_default) override
[5.162s]       |                  [01;36m[K~~~~~~~~^~~~[m[K
[5.162s] [01m[K/opt/ros/humble/include/message_filters/message_filters/subscriber.h:234:8:[m[K [01;36m[Knote: [m[Kcandidate: ‘[01m[Kvoid message_filters::Subscriber<M, NodeType>::subscribe(NodeType*, const string&, rmw_qos_profile_t) [with M = livox_ros_driver2::msg::CustomMsg_<std::allocator<void> >; NodeType = rclcpp::Node; std::string = std::__cxx11::basic_string<char>; rmw_qos_profile_t = rmw_qos_profile_s][m[K’
[5.162s]   234 |   void [01;36m[Ksubscribe[m[K(NodeType * node, const std::string& topic, const rmw_qos_profile_t qos = rmw_qos_profile_default) override
[5.162s]       |        [01;36m[K^~~~~~~~~[m[K
[5.162s] [01m[K/opt/ros/humble/include/message_filters/message_filters/subscriber.h:234:85:[m[K [01;36m[Knote: [m[K  no known conversion for argument 3 from ‘[01m[Krclcpp::SensorDataQoS[m[K’ to ‘[01m[Krmw_qos_profile_t[m[K’ {aka ‘[01m[Krmw_qos_profile_s[m[K’}
[5.162s]   234 |  void subscribe(NodeType * node, const std::string& topic, [01;36m[Kconst rmw_qos_profile_t qos = rmw_qos_profile_default[m[K) override
[5.162s]       |                                                            [01;36m[K~~~~~~~~~~~~~~~~~~~~~~~~^~~~~~~~~~~~~~~~~~~~~~~~~~~~~[m[K
[5.162s] 
[5.162s] [01m[K/opt/ros/humble/include/message_filters/message_filters/subscriber.h:249:8:[m[K [01;36m[Knote: [m[Kcandidate: ‘[01m[Kvoid message_filters::Subscriber<M, NodeType>::subscribe(message_filters::Subscriber<M, NodeType>::NodePtr, const string&, rmw_qos_profile_t, rclcpp::SubscriptionOptions) [with M = livox_ros_driver2::msg::CustomMsg_<std::allocator<void> >; NodeType = rclcpp::Node; message_filters::Subscriber<M, NodeType>::NodePtr = std::shared_ptr<rclcpp::Node>; std::string = std::__cxx11::basic_string<char>; rmw_qos_profile_t = rmw_qos_profile_s; rclcpp::SubscriptionOptions = rclcpp::SubscriptionOptionsWithAllocator<std::allocator<void> >][m[K’
[5.162s]   249 |   void [01;36m[Ksubscribe[m[K(
[5.162s]       |        [01;36m[K^~~~~~~~~[m[K
[5.162s] [01m[K/opt/ros/humble/include/message_filters/message_filters/subscriber.h:249:8:[m[K [01;36m[Knote: [m[K  candidate expects 4 arguments, 3 provided
[5.162s] [01m[K/opt/ros/humble/include/message_filters/message_filters/subscriber.h:271:8:[m[K [01;36m[Knote: [m[Kcandidate: ‘[01m[Kvoid message_filters::Subscriber<M, NodeType>::subscribe(NodeType*, const string&, rmw_qos_profile_t, rclcpp::SubscriptionOptions) [with M = livox_ros_driver2::msg::CustomMsg_<std::allocator<void> >; NodeType = rclcpp::Node; std::string = std::__cxx11::basic_string<char>; rmw_qos_profile_t = rmw_qos_profile_s; rclcpp::SubscriptionOptions = rclcpp::SubscriptionOptionsWithAllocator<std::allocator<void> >][m[K’
[5.162s]   271 |   void [01;36m[Ksubscribe[m[K(
[5.162s]       |        [01;36m[K^~~~~~~~~[m[K
[5.162s] [01m[K/opt/ros/humble/include/message_filters/message_filters/subscriber.h:271:8:[m[K [01;36m[Knote: [m[K  candidate expects 4 arguments, 3 provided
[5.162s] [01m[K/opt/ros/humble/include/message_filters/message_filters/subscriber.h:298:8:[m[K [01;36m[Knote: [m[Kcandidate: ‘[01m[Kvoid message_filters::Subscriber<M, NodeType>::subscribe() [with M = livox_ros_driver2::msg::CustomMsg_<std::allocator<void> >; NodeType = rclcpp::Node][m[K’
[5.163s]   298 |   void [01;36m[Ksubscribe[m[K() override
[5.163s]       |        [01;36m[K^~~~~~~~~[m[K
[5.163s] [01m[K/opt/ros/humble/include/message_filters/message_filters/subscriber.h:298:8:[m[K [01;36m[Knote: [m[K  candidate expects 0 arguments, 3 provided
[5.163s] [01m[K/home/fins/Desktop/merged_lidar_ws/src/lidar_merge/src/merge.cpp:24:20:[m[K [01;31m[Kerror: [m[Kno matching function for call to ‘[01m[Kmessage_filters::Subscriber<livox_ros_driver2::msg::CustomMsg_<std::allocator<void> > >::subscribe(MergeCustomMsgNode*, const char [27], rclcpp::SensorDataQoS)[m[K’
[5.163s]    24 |     [01;31m[Ksub2_.subscribe(this, "/livox/lidar_192_168_1_187", rclcpp::SensorDataQoS())[m[K;
[5.163s]       |     [01;31m[K~~~~~~~~~~~~~~~^~~~~~~~~~~~~~~~~~~~~~~~~~~~~~~~~~~~~~~~~~~~~~~~~~~~~~~~~~~~~[m[K
[5.163s] In file included from [01m[K/home/fins/Desktop/merged_lidar_ws/src/lidar_merge/src/merge.cpp:4[m[K:
[5.163s] [01m[K/opt/ros/humble/include/message_filters/message_filters/subscriber.h:219:8:[m[K [01;36m[Knote: [m[Kcandidate: ‘[01m[Kvoid message_filters::Subscriber<M, NodeType>::subscribe(message_filters::Subscriber<M, NodeType>::NodePtr, const string&, rmw_qos_profile_t) [with M = livox_ros_driver2::msg::CustomMsg_<std::allocator<void> >; NodeType = rclcpp::Node; message_filters::Subscriber<M, NodeType>::NodePtr = std::shared_ptr<rclcpp::Node>; std::string = std::__cxx11::basic_string<char>; rmw_qos_profile_t = rmw_qos_profile_s][m[K’
[5.163s]   219 |   void [01;36m[Ksubscribe[m[K(NodePtr node, const std::string& topic, const rmw_qos_profile_t qos = rmw_qos_profile_default) override
[5.163s]       |        [01;36m[K^~~~~~~~~[m[K
[5.163s] [01m[K/opt/ros/humble/include/message_filters/message_filters/subscriber.h:219:26:[m[K [01;36m[Knote: [m[K  no known conversion for argument 1 from ‘[01m[KMergeCustomMsgNode*[m[K’ to ‘[01m[Kmessage_filters::Subscriber<livox_ros_driver2::msg::CustomMsg_<std::allocator<void> > >::NodePtr[m[K’ {aka ‘[01m[Kstd::shared_ptr<rclcpp::Node>[m[K’}
[5.163s]   219 |   void subscribe([01;36m[KNodePtr node[m[K, const std::string& topic, const rmw_qos_profile_t qos = rmw_qos_profile_default) override
[5.163s]       |                  [01;36m[K~~~~~~~~^~~~[m[K
[5.163s] [01m[K/opt/ros/humble/include/message_filters/message_filters/subscriber.h:234:8:[m[K [01;36m[Knote: [m[Kcandidate: ‘[01m[Kvoid message_filters::Subscriber<M, NodeType>::subscribe(NodeType*, const string&, rmw_qos_profile_t) [with M = livox_ros_driver2::msg::CustomMsg_<std::allocator<void> >; NodeType = rclcpp::Node; std::string = std::__cxx11::basic_string<char>; rmw_qos_profile_t = rmw_qos_profile_s][m[K’
[5.163s]   234 |   void [01;36m[Ksubscribe[m[K(NodeType * node, const std::string& topic, const rmw_qos_profile_t qos = rmw_qos_profile_default) override
[5.163s]       |        [01;36m[K^~~~~~~~~[m[K
[5.163s] [01m[K/opt/ros/humble/include/message_filters/message_filters/subscriber.h:234:85:[m[K [01;36m[Knote: [m[K  no known conversion for argument 3 from ‘[01m[Krclcpp::SensorDataQoS[m[K’ to ‘[01m[Krmw_qos_profile_t[m[K’ {aka ‘[01m[Krmw_qos_profile_s[m[K’}
[5.163s]   234 |  void subscribe(NodeType * node, const std::string& topic, [01;36m[Kconst rmw_qos_profile_t qos = rmw_qos_profile_default[m[K) override
[5.163s]       |                                                            [01;36m[K~~~~~~~~~~~~~~~~~~~~~~~~^~~~~~~~~~~~~~~~~~~~~~~~~~~~~[m[K
[5.163s] 
[5.163s] [01m[K/opt/ros/humble/include/message_filters/message_filters/subscriber.h:249:8:[m[K [01;36m[Knote: [m[Kcandidate: ‘[01m[Kvoid message_filters::Subscriber<M, NodeType>::subscribe(message_filters::Subscriber<M, NodeType>::NodePtr, const string&, rmw_qos_profile_t, rclcpp::SubscriptionOptions) [with M = livox_ros_driver2::msg::CustomMsg_<std::allocator<void> >; NodeType = rclcpp::Node; message_filters::Subscriber<M, NodeType>::NodePtr = std::shared_ptr<rclcpp::Node>; std::string = std::__cxx11::basic_string<char>; rmw_qos_profile_t = rmw_qos_profile_s; rclcpp::SubscriptionOptions = rclcpp::SubscriptionOptionsWithAllocator<std::allocator<void> >][m[K’
[5.163s]   249 |   void [01;36m[Ksubscribe[m[K(
[5.163s]       |        [01;36m[K^~~~~~~~~[m[K
[5.163s] [01m[K/opt/ros/humble/include/message_filters/message_filters/subscriber.h:249:8:[m[K [01;36m[Knote: [m[K  candidate expects 4 arguments, 3 provided
[5.163s] [01m[K/opt/ros/humble/include/message_filters/message_filters/subscriber.h:271:8:[m[K [01;36m[Knote: [m[Kcandidate: ‘[01m[Kvoid message_filters::Subscriber<M, NodeType>::subscribe(NodeType*, const string&, rmw_qos_profile_t, rclcpp::SubscriptionOptions) [with M = livox_ros_driver2::msg::CustomMsg_<std::allocator<void> >; NodeType = rclcpp::Node; std::string = std::__cxx11::basic_string<char>; rmw_qos_profile_t = rmw_qos_profile_s; rclcpp::SubscriptionOptions = rclcpp::SubscriptionOptionsWithAllocator<std::allocator<void> >][m[K’
[5.163s]   271 |   void [01;36m[Ksubscribe[m[K(
[5.164s]       |        [01;36m[K^~~~~~~~~[m[K
[5.164s] [01m[K/opt/ros/humble/include/message_filters/message_filters/subscriber.h:271:8:[m[K [01;36m[Knote: [m[K  candidate expects 4 arguments, 3 provided
[5.164s] [01m[K/opt/ros/humble/include/message_filters/message_filters/subscriber.h:298:8:[m[K [01;36m[Knote: [m[Kcandidate: ‘[01m[Kvoid message_filters::Subscriber<M, NodeType>::subscribe() [with M = livox_ros_driver2::msg::CustomMsg_<std::allocator<void> >; NodeType = rclcpp::Node][m[K’
[5.164s]   298 |   void [01;36m[Ksubscribe[m[K() override
[5.164s]       |        [01;36m[K^~~~~~~~~[m[K
[5.164s] [01m[K/opt/ros/humble/include/message_filters/message_filters/subscriber.h:298:8:[m[K [01;36m[Knote: [m[K  candidate expects 0 arguments, 3 provided
[5.216s] [01m[K/home/fins/Desktop/merged_lidar_ws/src/lidar_merge/src/merge.cpp:[m[K In member function ‘[01m[Kvoid MergeCustomMsgNode::callback(const ConstSharedPtr&, const ConstSharedPtr&)[m[K’:
[5.216s] [01m[K/home/fins/Desktop/merged_lidar_ws/src/lidar_merge/src/merge.cpp:49:5:[m[K [01;31m[Kerror: [m[K‘[01m[Kuint64[m[K’ was not declared in this scope; did you mean ‘[01m[Kuint64_t[m[K’?
[5.216s]    49 |     [01;31m[Kuint64[m[K dt_ns = 0;
[5.216s]       |     [01;31m[K^~~~~~[m[K
[5.216s]       |     [32m[Kuint64_t[m[K
[5.220s] [01m[K/home/fins/Desktop/merged_lidar_ws/src/lidar_merge/src/merge.cpp:50:5:[m[K [01;31m[Kerror: [m[K‘[01m[Kuint8[m[K’ was not declared in this scope; did you mean ‘[01m[Kuint[m[K’?
[5.220s]    50 |     [01;31m[Kuint8[m[K earlier_lidar_id;
[5.220s]       |     [01;31m[K^~~~~[m[K
[5.220s]       |     [32m[Kuint[m[K
[5.226s] [01m[K/home/fins/Desktop/merged_lidar_ws/src/lidar_merge/src/merge.cpp:52:7:[m[K [01;31m[Kerror: [m[K‘[01m[Kearlier_lidar_id[m[K’ was not declared in this scope
[5.226s]    52 |       [01;31m[Kearlier_lidar_id[m[K = 1;
[5.226s]       |       [01;31m[K^~~~~~~~~~~~~~~~[m[K
[5.230s] [01m[K/home/fins/Desktop/merged_lidar_ws/src/lidar_merge/src/merge.cpp:53:7:[m[K [01;31m[Kerror: [m[K‘[01m[Kdt_ns[m[K’ was not declared in this scope
[5.230s]    53 |       [01;31m[Kdt_ns[m[K = msg2->timebase - msg1->timebase;
[5.231s]       |       [01;31m[K^~~~~[m[K
[5.237s] [01m[K/home/fins/Desktop/merged_lidar_ws/src/lidar_merge/src/merge.cpp:55:7:[m[K [01;31m[Kerror: [m[K‘[01m[Kearlier_lidar_id[m[K’ was not declared in this scope
[5.237s]    55 |       [01;31m[Kearlier_lidar_id[m[K = 2;
[5.237s]       |       [01;31m[K^~~~~~~~~~~~~~~~[m[K
[5.240s] [01m[K/home/fins/Desktop/merged_lidar_ws/src/lidar_merge/src/merge.cpp:56:7:[m[K [01;31m[Kerror: [m[K‘[01m[Kdt_ns[m[K’ was not declared in this scope
[5.241s]    56 |       [01;31m[Kdt_ns[m[K = msg1->timebase - msg2->timebase;
[5.241s]       |       [01;31m[K^~~~~[m[K
[5.248s] [01m[K/home/fins/Desktop/merged_lidar_ws/src/lidar_merge/src/merge.cpp:64:72:[m[K [01;31m[Kerror: [m[K‘[01m[Kearlier_lidar_id[m[K’ was not declared in this scope
[5.248s]    64 |       new_pt.offset_time = static_cast<uint32_t>(new_pt.offset_time + ([01;31m[Kearlier_lidar_id[m[K == 1 ? 0 : dt_ns / 1000));
[5.248s]       |                                                                        [01;31m[K^~~~~~~~~~~~~~~~[m[K
[5.251s] [01m[K/home/fins/Desktop/merged_lidar_ws/src/lidar_merge/src/merge.cpp:64:100:[m[K [01;31m[Kerror: [m[K‘[01m[Kdt_ns[m[K’ was not declared in this scope
[5.252s]    64 | set_time = static_cast<uint32_t>(new_pt.offset_time + (earlier_lidar_id == 1 ? 0 : [01;31m[Kdt_ns[m[K / 1000));
[5.252s]       |                                                                                    [01;31m[K^~~~~[m[K
[5.252s] 
[5.258s] [01m[K/home/fins/Desktop/merged_lidar_ws/src/lidar_merge/src/merge.cpp:77:72:[m[K [01;31m[Kerror: [m[K‘[01m[Kearlier_lidar_id[m[K’ was not declared in this scope
[5.258s]    77 |       new_pt.offset_time = static_cast<uint32_t>(new_pt.offset_time + ([01;31m[Kearlier_lidar_id[m[K == 2 ? 0 : dt_ns / 1000));
[5.258s]       |                                                                        [01;31m[K^~~~~~~~~~~~~~~~[m[K
[5.262s] [01m[K/home/fins/Desktop/merged_lidar_ws/src/lidar_merge/src/merge.cpp:77:100:[m[K [01;31m[Kerror: [m[K‘[01m[Kdt_ns[m[K’ was not declared in this scope
[5.262s]    77 | set_time = static_cast<uint32_t>(new_pt.offset_time + (earlier_lidar_id == 2 ? 0 : [01;31m[Kdt_ns[m[K / 1000));
[5.263s]       |                                                                                    [01;31m[K^~~~~[m[K
[5.263s] 
[5.269s] [01m[K/home/fins/Desktop/merged_lidar_ws/src/lidar_merge/src/merge.cpp:82:28:[m[K [01;31m[Kerror: [m[K‘[01m[Kearlier_lidar_id[m[K’ was not declared in this scope
[5.269s]    82 |     merged.header.stamp = ([01;31m[Kearlier_lidar_id[m[K == 1) ? msg1->header.stamp : msg2->header.stamp;
[5.269s]       |                            [01;31m[K^~~~~~~~~~~~~~~~[m[K
[7.766s] gmake[2]: *** [CMakeFiles/merge_point_node.dir/build.make:76：CMakeFiles/merge_point_node.dir/src/merge.cpp.o] 错误 1
[7.766s] gmake[1]: *** [CMakeFiles/Makefile2:137：CMakeFiles/merge_point_node.dir/all] 错误 2
[7.767s] gmake: *** [Makefile:146：all] 错误 2
[7.769s] Invoked command in '/home/fins/Desktop/merged_lidar_ws/build/multi_livox_merge' returned '2': AMENT_PREFIX_PATH=/home/fins/Desktop/merged_lidar_ws/install/livox_ros_driver2:${AMENT_PREFIX_PATH} CMAKE_PREFIX_PATH=/home/fins/Desktop/merged_lidar_ws/install/livox_ros_driver2:/opt/ros/humble LD_LIBRARY_PATH=/home/fins/Desktop/merged_lidar_ws/install/livox_ros_driver2/lib:/opt/ros/humble/opt/rviz_ogre_vendor/lib:/opt/ros/humble/lib/x86_64-linux-gnu:/opt/ros/humble/lib:/opt/MVS/lib/64:/opt/MVS/lib/32:/opt/MVS/lib/64:/opt/MVS/lib/32:/opt/MVS/lib/64:/opt/MVS/lib/32:/usr/local/lib:/usr/local/opencv-4.7.0/lib PYTHONPATH=/home/fins/Desktop/merged_lidar_ws/install/livox_ros_driver2/local/lib/python3.10/dist-packages:${PYTHONPATH} /usr/bin/cmake --build /home/fins/Desktop/merged_lidar_ws/build/multi_livox_merge -- -j16 -l16
