[0.012s] Invoking command in '/home/fins/Desktop/merged_lidar_ws/build/livox_ros_driver2': CMAKE_PREFIX_PATH=/opt/ros/humble /usr/bin/cmake /home/fins/Desktop/merged_lidar_ws/src/livox_ros_driver2 -DROS_EDITION=ROS2 -DHUMBLE_ROS=humble -DCMAKE_INSTALL_PREFIX=/home/fins/Desktop/merged_lidar_ws/install/livox_ros_driver2
[0.078s] -- The C compiler identification is GNU 11.4.0
[0.142s] -- The CXX compiler identification is GNU 11.4.0
[0.150s] -- Detecting C compiler ABI info
[0.234s] -- Detecting C compiler ABI info - done
[0.242s] -- Check for working C compiler: /usr/bin/cc - skipped
[0.242s] -- Detecting C compile features
[0.243s] -- Detecting C compile features - done
[0.246s] -- Detecting CXX compiler ABI info
[0.340s] -- Detecting CXX compiler ABI info - done
[0.347s] -- Check for working CXX compiler: /usr/bin/c++ - skipped
[0.348s] -- Detecting CXX compile features
[0.348s] -- Detecting CXX compile features - done
[0.349s] -- livox_ros_driver2 version: 1.2.4
[0.351s] -- Found ament_cmake_auto: 1.3.10 (/opt/ros/humble/share/ament_cmake_auto/cmake)
[0.650s] -- Found Python3: /usr/bin/python3 (found version "3.10.12") found components: Interpreter 
[0.762s] -- Using all available rosidl_typesupport_c: rosidl_typesupport_fastrtps_c;rosidl_typesupport_introspection_c
[0.767s] -- Found rosidl_adapter: 3.1.5 (/opt/ros/humble/share/rosidl_adapter/cmake)
[0.797s] -- Using all available rosidl_typesupport_cpp: rosidl_typesupport_fastrtps_cpp;rosidl_typesupport_introspection_cpp
[0.856s] -- Found rmw_implementation_cmake: 6.1.2 (/opt/ros/humble/share/rmw_implementation_cmake/cmake)
[0.858s] -- Found rmw_fastrtps_cpp: 6.2.7 (/opt/ros/humble/share/rmw_fastrtps_cpp/cmake)
[0.941s] -- Found OpenSSL: /usr/lib/x86_64-linux-gnu/libcrypto.so (found version "3.0.2")  
[0.964s] -- Found FastRTPS: /opt/ros/humble/include  
[1.002s] -- Using RMW implementation 'rmw_fastrtps_cpp' as default
[1.009s] -- Looking for pthread.h
[1.075s] -- Looking for pthread.h - found
[1.075s] -- Performing Test CMAKE_HAVE_LIBC_PTHREAD
[1.144s] -- Performing Test CMAKE_HAVE_LIBC_PTHREAD - Success
[1.145s] -- Found Threads: TRUE  
[1.254s] -- Checking for module 'eigen3'
[1.268s] --   Found eigen3, version 3.4.0
[1.303s] -- Found Eigen: /usr/include/eigen3 (Required is at least version "3.1") 
[1.304s] -- Eigen found (include: /usr/include/eigen3, version: 3.4.0)
[1.332s] -- Checking for module 'flann'
[1.345s] --   Found flann, version 1.9.1
[1.385s] -- Found FLANN: /usr/lib/x86_64-linux-gnu/libflann_cpp.so  
[1.385s] -- FLANN found (include: /usr/include, lib: /usr/lib/x86_64-linux-gnu/libflann_cpp.so)
[2.243s] -- Checking for module 'libusb-1.0'
[2.259s] --   Found libusb-1.0, version 1.0.25
[2.302s] -- Found libusb: /usr/lib/x86_64-linux-gnu/libusb-1.0.so  
[2.302s] -- OpenNI found (version: 1.5.4.0, include: /usr/include/ni, lib: /usr/lib/libOpenNI.so;libusb::libusb)
[2.365s] -- OpenNI2 found (version: 2.2.0.33, include: /usr/include/openni2, lib: /usr/lib/x86_64-linux-gnu/libOpenNI2.so;libusb::libusb)
[2.481s] -- Eigen found (include: /usr/include/eigen3, version: 3.4.0)
[2.487s] -- OpenNI found (version: 1.5.4.0, include: /usr/include/ni, lib: /usr/lib/libOpenNI.so;libusb::libusb)
[2.494s] -- OpenNI2 found (version: 2.2.0.33, include: /usr/include/openni2, lib: /usr/lib/x86_64-linux-gnu/libOpenNI2.so;libusb::libusb)
[2.603s] -- Found Qhull version 8.0.2
[2.716s] -- OpenNI found (version: 1.5.4.0, include: /usr/include/ni, lib: /usr/lib/libOpenNI.so;libusb::libusb)
[2.824s] -- Found PCL_COMMON: /usr/lib/x86_64-linux-gnu/libpcl_common.so  
[2.824s] -- Found PCL_KDTREE: /usr/lib/x86_64-linux-gnu/libpcl_kdtree.so  
[2.825s] -- Found PCL_OCTREE: /usr/lib/x86_64-linux-gnu/libpcl_octree.so  
[2.825s] -- Found PCL_SEARCH: /usr/lib/x86_64-linux-gnu/libpcl_search.so  
[2.826s] -- Found PCL_SAMPLE_CONSENSUS: /usr/lib/x86_64-linux-gnu/libpcl_sample_consensus.so  
[2.827s] -- Found PCL_FILTERS: /usr/lib/x86_64-linux-gnu/libpcl_filters.so  
[2.827s] -- Found PCL_2D: /usr/include/pcl-1.12  
[2.827s] -- Found PCL_GEOMETRY: /usr/include/pcl-1.12  
[2.828s] -- Found PCL_IO: /usr/lib/x86_64-linux-gnu/libpcl_io.so  
[2.828s] -- Found PCL_FEATURES: /usr/lib/x86_64-linux-gnu/libpcl_features.so  
[2.829s] -- Found PCL_ML: /usr/lib/x86_64-linux-gnu/libpcl_ml.so  
[2.829s] -- Found PCL_SEGMENTATION: /usr/lib/x86_64-linux-gnu/libpcl_segmentation.so  
[2.830s] -- Found PCL_VISUALIZATION: /usr/lib/x86_64-linux-gnu/libpcl_visualization.so  
[2.831s] -- Found PCL_SURFACE: /usr/lib/x86_64-linux-gnu/libpcl_surface.so  
[2.831s] -- Found PCL_REGISTRATION: /usr/lib/x86_64-linux-gnu/libpcl_registration.so  
[2.832s] -- Found PCL_KEYPOINTS: /usr/lib/x86_64-linux-gnu/libpcl_keypoints.so  
[2.833s] -- Found PCL_TRACKING: /usr/lib/x86_64-linux-gnu/libpcl_tracking.so  
[2.833s] -- Found PCL_RECOGNITION: /usr/lib/x86_64-linux-gnu/libpcl_recognition.so  
[2.834s] -- Found PCL_STEREO: /usr/lib/x86_64-linux-gnu/libpcl_stereo.so  
[2.835s] -- Found PCL_APPS: /usr/lib/x86_64-linux-gnu/libpcl_apps.so  
[2.835s] -- Found PCL_IN_HAND_SCANNER: /usr/include/pcl-1.12  
[2.835s] -- Found PCL_MODELER: /usr/include/pcl-1.12  
[2.836s] -- Found PCL_POINT_CLOUD_EDITOR: /usr/include/pcl-1.12  
[2.836s] -- Found PCL_OUTOFCORE: /usr/lib/x86_64-linux-gnu/libpcl_outofcore.so  
[2.837s] -- Found PCL_PEOPLE: /usr/lib/x86_64-linux-gnu/libpcl_people.so  
[2.879s] -- Found PkgConfig: /usr/bin/pkg-config (found version "0.29.2") 
[2.880s] -- Checking for module 'apr-1'
[2.897s] --   Found apr-1, version 1.7.0
[2.942s] [0m/usr/include/apr-1.0[0m
[2.942s] [0mapr-1[0m
[3.103s] -- Found ament_cmake_ros: 0.10.0 (/opt/ros/humble/share/ament_cmake_ros/cmake)
[3.274s] -- Using all available rosidl_typesupport_c: rosidl_typesupport_fastrtps_c;rosidl_typesupport_introspection_c
[3.493s] -- Using all available rosidl_typesupport_cpp: rosidl_typesupport_fastrtps_cpp;rosidl_typesupport_introspection_cpp
[3.512s] -- Found PythonInterp: /usr/bin/python3 (found suitable version "3.10.12", minimum required is "3.6") 
[3.513s] -- Found python_cmake_module: 0.10.0 (/opt/ros/humble/share/python_cmake_module/cmake)
[3.535s] -- Found PythonLibs: /usr/lib/x86_64-linux-gnu/libpython3.10.so (found suitable version "3.10.12", minimum required is "3.5") 
[3.535s] -- Using PYTHON_EXECUTABLE: /usr/bin/python3
[3.535s] -- Using PYTHON_INCLUDE_DIRS: /usr/include/python3.10
[3.535s] -- Using PYTHON_LIBRARIES: /usr/lib/x86_64-linux-gnu/libpython3.10.so
[3.552s] -- Found PythonExtra: .so  
[3.599s] -- Found ament_lint_auto: 0.12.11 (/opt/ros/humble/share/ament_lint_auto/cmake)
[3.616s] -- Added test 'copyright' to check source files copyright and LICENSE
[3.622s] -- Added test 'cppcheck' to perform static code analysis on C / C++ code
[3.623s] -- Configured cppcheck include dirs: /home/fins/Desktop/merged_lidar_ws/src/livox_ros_driver2/3rdparty;/home/fins/Desktop/merged_lidar_ws/src/livox_ros_driver2/src
[3.623s] -- Configured cppcheck exclude dirs and/or files: 
[3.629s] -- Added test 'cpplint' to check C / C++ code against the Google style
[3.629s] -- Configured cpplint exclude dirs and/or files: 
[3.630s] -- Added test 'flake8' to check Python code syntax and style conventions
[3.631s] -- Added test 'lint_cmake' to check CMake code style
[3.632s] -- Added test 'pep257' to check Python code against some of the docstring style conventions in PEP 257
[3.638s] -- Added test 'uncrustify' to check C / C++ code style
[3.639s] -- Configured uncrustify additional arguments: 
[3.639s] -- Added test 'xmllint' to check XML markup files
[3.642s] -- Configuring done
[3.702s] -- Generating done
[3.707s] -- Build files have been written to: /home/fins/Desktop/merged_lidar_ws/build/livox_ros_driver2
[3.736s] Invoked command in '/home/fins/Desktop/merged_lidar_ws/build/livox_ros_driver2' returned '0': CMAKE_PREFIX_PATH=/opt/ros/humble /usr/bin/cmake /home/fins/Desktop/merged_lidar_ws/src/livox_ros_driver2 -DROS_EDITION=ROS2 -DHUMBLE_ROS=humble -DCMAKE_INSTALL_PREFIX=/home/fins/Desktop/merged_lidar_ws/install/livox_ros_driver2
[3.738s] Invoking command in '/home/fins/Desktop/merged_lidar_ws/build/livox_ros_driver2': CMAKE_PREFIX_PATH=/opt/ros/humble /usr/bin/cmake --build /home/fins/Desktop/merged_lidar_ws/build/livox_ros_driver2 -- -j16 -l16
[3.781s] [  1%] [34m[1mGenerating C code for ROS interfaces[0m
[3.790s] [  5%] [32mBuilding CXX object CMakeFiles/livox_ros_driver2_node.dir/rclcpp_components/node_main_livox_ros_driver2_node.cpp.o[0m
[3.790s] [  5%] [34m[1mGenerating C++ code for ROS interfaces[0m
[3.799s] [  5%] Built target ament_cmake_python_copy_livox_ros_driver2
[3.978s] running egg_info
[3.979s] creating livox_ros_driver2.egg-info
[3.992s] writing livox_ros_driver2.egg-info/PKG-INFO
[3.992s] writing dependency_links to livox_ros_driver2.egg-info/dependency_links.txt
[3.992s] writing top-level names to livox_ros_driver2.egg-info/top_level.txt
[4.075s] writing manifest file 'livox_ros_driver2.egg-info/SOURCES.txt'
[4.119s] reading manifest file 'livox_ros_driver2.egg-info/SOURCES.txt'
[4.119s] writing manifest file 'livox_ros_driver2.egg-info/SOURCES.txt'
[4.133s] [  5%] Built target livox_interfaces2__cpp
[4.144s] [ 10%] [34m[1mGenerating C++ introspection for ROS interfaces[0m
[4.144s] [ 10%] [34m[1mGenerating C++ type support for eProsima Fast-RTPS[0m
[4.144s] [ 10%] [34m[1mGenerating C++ type support dispatch for ROS interfaces[0m
[4.154s] [ 14%] [32mBuilding C object CMakeFiles/livox_interfaces2__rosidl_generator_c.dir/rosidl_generator_c/livox_ros_driver2/msg/detail/custom_msg__functions.c.o[0m
[4.154s] [ 14%] [32mBuilding C object CMakeFiles/livox_interfaces2__rosidl_generator_c.dir/rosidl_generator_c/livox_ros_driver2/msg/detail/custom_point__functions.c.o[0m
[4.165s] [ 14%] Built target ament_cmake_python_build_livox_ros_driver2_egg
[4.199s] [ 15%] [32m[1mLinking C shared library liblivox_ros_driver2__rosidl_generator_c.so[0m
[4.239s] [ 15%] Built target livox_interfaces2__rosidl_generator_c
[4.250s] [ 21%] [34m[1mGenerating C type support dispatch for ROS interfaces[0m
[4.251s] [ 21%] [34m[1mGenerating C type support for eProsima Fast-RTPS[0m
[4.251s] [ 21%] [34m[1mGenerating C introspection for ROS interfaces[0m
[4.494s] [ 22%] [32mBuilding CXX object CMakeFiles/livox_interfaces2__rosidl_typesupport_cpp.dir/rosidl_typesupport_cpp/livox_ros_driver2/msg/custom_point__type_support.cpp.o[0m
[4.496s] [ 24%] [32mBuilding CXX object CMakeFiles/livox_interfaces2__rosidl_typesupport_cpp.dir/rosidl_typesupport_cpp/livox_ros_driver2/msg/custom_msg__type_support.cpp.o[0m
[4.508s] [ 26%] [32mBuilding CXX object CMakeFiles/livox_interfaces2__rosidl_typesupport_introspection_cpp.dir/rosidl_typesupport_introspection_cpp/livox_ros_driver2/msg/detail/custom_point__type_support.cpp.o[0m
[4.511s] [ 28%] [32mBuilding CXX object CMakeFiles/livox_interfaces2__rosidl_typesupport_introspection_cpp.dir/rosidl_typesupport_introspection_cpp/livox_ros_driver2/msg/detail/custom_msg__type_support.cpp.o[0m
[4.543s] [ 29%] [32mBuilding CXX object CMakeFiles/livox_interfaces2__rosidl_typesupport_fastrtps_cpp.dir/rosidl_typesupport_fastrtps_cpp/livox_ros_driver2/msg/detail/dds_fastrtps/custom_point__type_support.cpp.o[0m
[4.545s] [ 31%] [32mBuilding CXX object CMakeFiles/livox_interfaces2__rosidl_typesupport_fastrtps_cpp.dir/rosidl_typesupport_fastrtps_cpp/livox_ros_driver2/msg/detail/dds_fastrtps/custom_msg__type_support.cpp.o[0m
[4.625s] [ 35%] [32mBuilding CXX object CMakeFiles/livox_interfaces2__rosidl_typesupport_c.dir/rosidl_typesupport_c/livox_ros_driver2/msg/custom_msg__type_support.cpp.o[0m
[4.625s] [ 35%] [32mBuilding CXX object CMakeFiles/livox_interfaces2__rosidl_typesupport_c.dir/rosidl_typesupport_c/livox_ros_driver2/msg/custom_point__type_support.cpp.o[0m
[4.643s] [ 38%] [32mBuilding C object CMakeFiles/livox_interfaces2__rosidl_typesupport_introspection_c.dir/rosidl_typesupport_introspection_c/livox_ros_driver2/msg/detail/custom_msg__type_support.c.o[0m
[4.644s] [ 38%] [32mBuilding C object CMakeFiles/livox_interfaces2__rosidl_typesupport_introspection_c.dir/rosidl_typesupport_introspection_c/livox_ros_driver2/msg/detail/custom_point__type_support.c.o[0m
[4.663s] [ 40%] [32m[1mLinking CXX shared library liblivox_ros_driver2__rosidl_typesupport_c.so[0m
[4.663s] [ 42%] [32mBuilding CXX object CMakeFiles/livox_interfaces2__rosidl_typesupport_fastrtps_c.dir/rosidl_typesupport_fastrtps_c/livox_ros_driver2/msg/detail/custom_msg__type_support_c.cpp.o[0m
[4.663s] [ 43%] [32mBuilding CXX object CMakeFiles/livox_interfaces2__rosidl_typesupport_fastrtps_c.dir/rosidl_typesupport_fastrtps_c/livox_ros_driver2/msg/detail/custom_point__type_support_c.cpp.o[0m
[4.699s] [ 45%] [32m[1mLinking C shared library liblivox_ros_driver2__rosidl_typesupport_introspection_c.so[0m
[4.730s] [ 45%] Built target livox_interfaces2__rosidl_typesupport_c
[4.752s] [ 45%] Built target livox_interfaces2__rosidl_typesupport_introspection_c
[4.798s] [ 47%] [32m[1mLinking CXX shared library liblivox_ros_driver2__rosidl_typesupport_cpp.so[0m
[4.845s] [ 47%] Built target livox_interfaces2__rosidl_typesupport_cpp
[4.876s] [ 52%] [32mBuilding CXX object CMakeFiles/livox_ros_driver2.dir/src/comm/semaphore.cpp.o[0m
[4.876s] [ 52%] [32mBuilding CXX object CMakeFiles/livox_ros_driver2.dir/src/lddc.cpp.o[0m
[4.877s] [ 54%] [32mBuilding CXX object CMakeFiles/livox_ros_driver2.dir/src/comm/comm.cpp.o[0m
[4.877s] [ 57%] [32mBuilding CXX object CMakeFiles/livox_ros_driver2.dir/src/comm/ldq.cpp.o[0m
[4.877s] [ 57%] [32mBuilding CXX object CMakeFiles/livox_ros_driver2.dir/src/driver_node.cpp.o[0m
[4.878s] [ 59%] [32mBuilding CXX object CMakeFiles/livox_ros_driver2.dir/src/lds_lidar.cpp.o[0m
[4.878s] [ 59%] [32mBuilding CXX object CMakeFiles/livox_ros_driver2.dir/src/livox_ros_driver2.cpp.o[0m
[4.879s] [ 61%] [32mBuilding CXX object CMakeFiles/livox_ros_driver2.dir/src/lds.cpp.o[0m
[4.884s] [ 63%] [32mBuilding CXX object CMakeFiles/livox_ros_driver2.dir/src/comm/lidar_imu_data_queue.cpp.o[0m
[4.915s] [ 64%] [32mBuilding CXX object CMakeFiles/livox_ros_driver2.dir/src/comm/cache_index.cpp.o[0m
[4.970s] [ 66%] [32mBuilding CXX object CMakeFiles/livox_ros_driver2.dir/src/comm/pub_handler.cpp.o[0m
[5.047s] [ 68%] [32mBuilding CXX object CMakeFiles/livox_ros_driver2.dir/src/parse_cfg_file/parse_cfg_file.cpp.o[0m
[5.048s] [ 70%] [32m[1mLinking CXX shared library liblivox_ros_driver2__rosidl_typesupport_fastrtps_c.so[0m
[5.071s] [ 71%] [32m[1mLinking CXX shared library liblivox_ros_driver2__rosidl_typesupport_introspection_cpp.so[0m
[5.097s] [ 73%] [32m[1mLinking CXX shared library liblivox_ros_driver2__rosidl_typesupport_fastrtps_cpp.so[0m
[5.223s] [ 73%] Built target livox_interfaces2__rosidl_typesupport_fastrtps_c
[5.242s] [ 75%] [32mBuilding CXX object CMakeFiles/livox_ros_driver2.dir/src/parse_cfg_file/parse_livox_lidar_cfg.cpp.o[0m
[5.255s] [ 75%] Built target livox_interfaces2__rosidl_typesupport_introspection_cpp
[5.265s] [ 75%] Built target livox_interfaces2__rosidl_typesupport_fastrtps_cpp
[5.277s] [ 77%] [32mBuilding CXX object CMakeFiles/livox_ros_driver2.dir/src/call_back/lidar_common_callback.cpp.o[0m
[5.283s] [ 78%] [32mBuilding CXX object CMakeFiles/livox_ros_driver2.dir/src/call_back/livox_lidar_callback.cpp.o[0m
[5.449s] [ 78%] Built target livox_interfaces2
[5.488s] [ 80%] [34m[1mGenerating Python code for ROS interfaces[0m
[6.443s] [ 80%] Built target livox_interfaces2__py
[6.466s] [ 84%] [32mBuilding C object CMakeFiles/livox_interfaces2__rosidl_generator_py.dir/rosidl_generator_py/livox_ros_driver2/msg/_custom_point_s.c.o[0m
[6.466s] [ 84%] [32mBuilding C object CMakeFiles/livox_interfaces2__rosidl_generator_py.dir/rosidl_generator_py/livox_ros_driver2/msg/_custom_msg_s.c.o[0m
[6.568s] [ 85%] [32m[1mLinking C shared library rosidl_generator_py/livox_ros_driver2/liblivox_interfaces2__rosidl_generator_py.so[0m
[6.615s] [ 85%] Built target livox_interfaces2__rosidl_generator_py
[6.639s] [ 91%] [32mBuilding C object CMakeFiles/livox_ros_driver2__rosidl_typesupport_fastrtps_c__pyext.dir/rosidl_generator_py/livox_ros_driver2/_livox_ros_driver2_s.ep.rosidl_typesupport_fastrtps_c.c.o[0m
[6.639s] [ 91%] [32mBuilding C object CMakeFiles/livox_ros_driver2__rosidl_typesupport_c__pyext.dir/rosidl_generator_py/livox_ros_driver2/_livox_ros_driver2_s.ep.rosidl_typesupport_c.c.o[0m
[6.639s] [ 91%] [32mBuilding C object CMakeFiles/livox_ros_driver2__rosidl_typesupport_introspection_c__pyext.dir/rosidl_generator_py/livox_ros_driver2/_livox_ros_driver2_s.ep.rosidl_typesupport_introspection_c.c.o[0m
[6.733s] [ 96%] [32m[1mLinking C shared library rosidl_generator_py/livox_ros_driver2/livox_ros_driver2_s__rosidl_typesupport_fastrtps_c.cpython-310-x86_64-linux-gnu.so[0m
[6.734s] [ 96%] [32m[1mLinking C shared library rosidl_generator_py/livox_ros_driver2/livox_ros_driver2_s__rosidl_typesupport_introspection_c.cpython-310-x86_64-linux-gnu.so[0m
[6.734s] [ 96%] [32m[1mLinking C shared library rosidl_generator_py/livox_ros_driver2/livox_ros_driver2_s__rosidl_typesupport_c.cpython-310-x86_64-linux-gnu.so[0m
[6.776s] [ 96%] Built target livox_ros_driver2__rosidl_typesupport_fastrtps_c__pyext
[6.776s] [ 96%] Built target livox_ros_driver2__rosidl_typesupport_introspection_c__pyext
[6.776s] [ 96%] Built target livox_ros_driver2__rosidl_typesupport_c__pyext
[7.489s] [ 98%] [32m[1mLinking CXX executable livox_ros_driver2_node[0m
[7.609s] [ 98%] Built target livox_ros_driver2_node
[12.114s] [100%] [32m[1mLinking CXX shared library liblivox_ros_driver2.so[0m
[12.685s] [100%] Built target livox_ros_driver2
[12.698s] Invoked command in '/home/fins/Desktop/merged_lidar_ws/build/livox_ros_driver2' returned '0': CMAKE_PREFIX_PATH=/opt/ros/humble /usr/bin/cmake --build /home/fins/Desktop/merged_lidar_ws/build/livox_ros_driver2 -- -j16 -l16
[12.845s] Invoking command in '/home/fins/Desktop/merged_lidar_ws/build/livox_ros_driver2': CMAKE_PREFIX_PATH=/opt/ros/humble /usr/bin/cmake --install /home/fins/Desktop/merged_lidar_ws/build/livox_ros_driver2
[12.852s] -- Install configuration: ""
[12.852s] -- Installing: /home/fins/Desktop/merged_lidar_ws/install/livox_ros_driver2/share/ament_index/resource_index/rosidl_interfaces/livox_ros_driver2
[12.852s] -- Installing: /home/fins/Desktop/merged_lidar_ws/install/livox_ros_driver2/include/livox_ros_driver2/livox_ros_driver2
[12.852s] -- Installing: /home/fins/Desktop/merged_lidar_ws/install/livox_ros_driver2/include/livox_ros_driver2/livox_ros_driver2/msg
[12.852s] -- Installing: /home/fins/Desktop/merged_lidar_ws/install/livox_ros_driver2/include/livox_ros_driver2/livox_ros_driver2/msg/rosidl_generator_c__visibility_control.h
[12.852s] -- Installing: /home/fins/Desktop/merged_lidar_ws/install/livox_ros_driver2/include/livox_ros_driver2/livox_ros_driver2/msg/custom_point.h
[12.853s] -- Installing: /home/fins/Desktop/merged_lidar_ws/install/livox_ros_driver2/include/livox_ros_driver2/livox_ros_driver2/msg/detail
[12.853s] -- Installing: /home/fins/Desktop/merged_lidar_ws/install/livox_ros_driver2/include/livox_ros_driver2/livox_ros_driver2/msg/detail/custom_point__struct.h
[12.853s] -- Installing: /home/fins/Desktop/merged_lidar_ws/install/livox_ros_driver2/include/livox_ros_driver2/livox_ros_driver2/msg/detail/custom_msg__functions.h
[12.853s] -- Installing: /home/fins/Desktop/merged_lidar_ws/install/livox_ros_driver2/include/livox_ros_driver2/livox_ros_driver2/msg/detail/custom_point__functions.c
[12.853s] -- Installing: /home/fins/Desktop/merged_lidar_ws/install/livox_ros_driver2/include/livox_ros_driver2/livox_ros_driver2/msg/detail/custom_msg__type_support.h
[12.853s] -- Installing: /home/fins/Desktop/merged_lidar_ws/install/livox_ros_driver2/include/livox_ros_driver2/livox_ros_driver2/msg/detail/custom_point__functions.h
[12.853s] -- Installing: /home/fins/Desktop/merged_lidar_ws/install/livox_ros_driver2/include/livox_ros_driver2/livox_ros_driver2/msg/detail/custom_msg__functions.c
[12.853s] -- Installing: /home/fins/Desktop/merged_lidar_ws/install/livox_ros_driver2/include/livox_ros_driver2/livox_ros_driver2/msg/detail/custom_point__type_support.h
[12.853s] -- Installing: /home/fins/Desktop/merged_lidar_ws/install/livox_ros_driver2/include/livox_ros_driver2/livox_ros_driver2/msg/detail/custom_msg__struct.h
[12.853s] -- Installing: /home/fins/Desktop/merged_lidar_ws/install/livox_ros_driver2/include/livox_ros_driver2/livox_ros_driver2/msg/custom_msg.h
[12.854s] -- Installing: /home/fins/Desktop/merged_lidar_ws/install/livox_ros_driver2/share/livox_ros_driver2/environment/library_path.sh
[12.854s] -- Installing: /home/fins/Desktop/merged_lidar_ws/install/livox_ros_driver2/share/livox_ros_driver2/environment/library_path.dsv
[12.854s] -- Installing: /home/fins/Desktop/merged_lidar_ws/install/livox_ros_driver2/lib/liblivox_ros_driver2__rosidl_generator_c.so
[12.854s] -- Set runtime path of "/home/fins/Desktop/merged_lidar_ws/install/livox_ros_driver2/lib/liblivox_ros_driver2__rosidl_generator_c.so" to ""
[12.854s] -- Up-to-date: /home/fins/Desktop/merged_lidar_ws/install/livox_ros_driver2/include/livox_ros_driver2/livox_ros_driver2
[12.854s] -- Up-to-date: /home/fins/Desktop/merged_lidar_ws/install/livox_ros_driver2/include/livox_ros_driver2/livox_ros_driver2/msg
[12.854s] -- Installing: /home/fins/Desktop/merged_lidar_ws/install/livox_ros_driver2/include/livox_ros_driver2/livox_ros_driver2/msg/rosidl_typesupport_fastrtps_c__visibility_control.h
[12.854s] -- Up-to-date: /home/fins/Desktop/merged_lidar_ws/install/livox_ros_driver2/include/livox_ros_driver2/livox_ros_driver2/msg/detail
[12.854s] -- Installing: /home/fins/Desktop/merged_lidar_ws/install/livox_ros_driver2/include/livox_ros_driver2/livox_ros_driver2/msg/detail/custom_msg__rosidl_typesupport_fastrtps_c.h
[12.855s] -- Installing: /home/fins/Desktop/merged_lidar_ws/install/livox_ros_driver2/include/livox_ros_driver2/livox_ros_driver2/msg/detail/custom_point__rosidl_typesupport_fastrtps_c.h
[12.855s] -- Installing: /home/fins/Desktop/merged_lidar_ws/install/livox_ros_driver2/lib/liblivox_ros_driver2__rosidl_typesupport_fastrtps_c.so
[12.855s] -- Set runtime path of "/home/fins/Desktop/merged_lidar_ws/install/livox_ros_driver2/lib/liblivox_ros_driver2__rosidl_typesupport_fastrtps_c.so" to ""
[12.855s] -- Up-to-date: /home/fins/Desktop/merged_lidar_ws/install/livox_ros_driver2/include/livox_ros_driver2/livox_ros_driver2
[12.855s] -- Up-to-date: /home/fins/Desktop/merged_lidar_ws/install/livox_ros_driver2/include/livox_ros_driver2/livox_ros_driver2/msg
[12.855s] -- Installing: /home/fins/Desktop/merged_lidar_ws/install/livox_ros_driver2/include/livox_ros_driver2/livox_ros_driver2/msg/rosidl_typesupport_introspection_c__visibility_control.h
[12.856s] -- Up-to-date: /home/fins/Desktop/merged_lidar_ws/install/livox_ros_driver2/include/livox_ros_driver2/livox_ros_driver2/msg/detail
[12.856s] -- Installing: /home/fins/Desktop/merged_lidar_ws/install/livox_ros_driver2/include/livox_ros_driver2/livox_ros_driver2/msg/detail/custom_msg__type_support.c
[12.856s] -- Installing: /home/fins/Desktop/merged_lidar_ws/install/livox_ros_driver2/include/livox_ros_driver2/livox_ros_driver2/msg/detail/custom_point__rosidl_typesupport_introspection_c.h
[12.856s] -- Installing: /home/fins/Desktop/merged_lidar_ws/install/livox_ros_driver2/include/livox_ros_driver2/livox_ros_driver2/msg/detail/custom_point__type_support.c
[12.856s] -- Installing: /home/fins/Desktop/merged_lidar_ws/install/livox_ros_driver2/include/livox_ros_driver2/livox_ros_driver2/msg/detail/custom_msg__rosidl_typesupport_introspection_c.h
[12.856s] -- Installing: /home/fins/Desktop/merged_lidar_ws/install/livox_ros_driver2/lib/liblivox_ros_driver2__rosidl_typesupport_introspection_c.so
[12.857s] -- Set runtime path of "/home/fins/Desktop/merged_lidar_ws/install/livox_ros_driver2/lib/liblivox_ros_driver2__rosidl_typesupport_introspection_c.so" to ""
[12.857s] -- Installing: /home/fins/Desktop/merged_lidar_ws/install/livox_ros_driver2/lib/liblivox_ros_driver2__rosidl_typesupport_c.so
[12.857s] -- Set runtime path of "/home/fins/Desktop/merged_lidar_ws/install/livox_ros_driver2/lib/liblivox_ros_driver2__rosidl_typesupport_c.so" to ""
[12.857s] -- Up-to-date: /home/fins/Desktop/merged_lidar_ws/install/livox_ros_driver2/include/livox_ros_driver2/livox_ros_driver2
[12.857s] -- Up-to-date: /home/fins/Desktop/merged_lidar_ws/install/livox_ros_driver2/include/livox_ros_driver2/livox_ros_driver2/msg
[12.857s] -- Installing: /home/fins/Desktop/merged_lidar_ws/install/livox_ros_driver2/include/livox_ros_driver2/livox_ros_driver2/msg/custom_point.hpp
[12.857s] -- Installing: /home/fins/Desktop/merged_lidar_ws/install/livox_ros_driver2/include/livox_ros_driver2/livox_ros_driver2/msg/custom_msg.hpp
[12.857s] -- Up-to-date: /home/fins/Desktop/merged_lidar_ws/install/livox_ros_driver2/include/livox_ros_driver2/livox_ros_driver2/msg/detail
[12.857s] -- Installing: /home/fins/Desktop/merged_lidar_ws/install/livox_ros_driver2/include/livox_ros_driver2/livox_ros_driver2/msg/detail/custom_point__builder.hpp
[12.857s] -- Installing: /home/fins/Desktop/merged_lidar_ws/install/livox_ros_driver2/include/livox_ros_driver2/livox_ros_driver2/msg/detail/custom_msg__struct.hpp
[12.858s] -- Installing: /home/fins/Desktop/merged_lidar_ws/install/livox_ros_driver2/include/livox_ros_driver2/livox_ros_driver2/msg/detail/custom_msg__traits.hpp
[12.858s] -- Installing: /home/fins/Desktop/merged_lidar_ws/install/livox_ros_driver2/include/livox_ros_driver2/livox_ros_driver2/msg/detail/custom_point__traits.hpp
[12.858s] -- Installing: /home/fins/Desktop/merged_lidar_ws/install/livox_ros_driver2/include/livox_ros_driver2/livox_ros_driver2/msg/detail/custom_msg__builder.hpp
[12.858s] -- Installing: /home/fins/Desktop/merged_lidar_ws/install/livox_ros_driver2/include/livox_ros_driver2/livox_ros_driver2/msg/detail/custom_point__struct.hpp
[12.858s] -- Up-to-date: /home/fins/Desktop/merged_lidar_ws/install/livox_ros_driver2/include/livox_ros_driver2/livox_ros_driver2
[12.858s] -- Up-to-date: /home/fins/Desktop/merged_lidar_ws/install/livox_ros_driver2/include/livox_ros_driver2/livox_ros_driver2/msg
[12.858s] -- Installing: /home/fins/Desktop/merged_lidar_ws/install/livox_ros_driver2/include/livox_ros_driver2/livox_ros_driver2/msg/rosidl_typesupport_fastrtps_cpp__visibility_control.h
[12.858s] -- Up-to-date: /home/fins/Desktop/merged_lidar_ws/install/livox_ros_driver2/include/livox_ros_driver2/livox_ros_driver2/msg/detail
[12.858s] -- Installing: /home/fins/Desktop/merged_lidar_ws/install/livox_ros_driver2/include/livox_ros_driver2/livox_ros_driver2/msg/detail/custom_msg__rosidl_typesupport_fastrtps_cpp.hpp
[12.858s] -- Installing: /home/fins/Desktop/merged_lidar_ws/install/livox_ros_driver2/include/livox_ros_driver2/livox_ros_driver2/msg/detail/dds_fastrtps
[12.858s] -- Installing: /home/fins/Desktop/merged_lidar_ws/install/livox_ros_driver2/include/livox_ros_driver2/livox_ros_driver2/msg/detail/custom_point__rosidl_typesupport_fastrtps_cpp.hpp
[12.859s] -- Installing: /home/fins/Desktop/merged_lidar_ws/install/livox_ros_driver2/lib/liblivox_ros_driver2__rosidl_typesupport_fastrtps_cpp.so
[12.859s] -- Set runtime path of "/home/fins/Desktop/merged_lidar_ws/install/livox_ros_driver2/lib/liblivox_ros_driver2__rosidl_typesupport_fastrtps_cpp.so" to ""
[12.859s] -- Up-to-date: /home/fins/Desktop/merged_lidar_ws/install/livox_ros_driver2/include/livox_ros_driver2/livox_ros_driver2
[12.859s] -- Up-to-date: /home/fins/Desktop/merged_lidar_ws/install/livox_ros_driver2/include/livox_ros_driver2/livox_ros_driver2/msg
[12.859s] -- Up-to-date: /home/fins/Desktop/merged_lidar_ws/install/livox_ros_driver2/include/livox_ros_driver2/livox_ros_driver2/msg/detail
[12.859s] -- Installing: /home/fins/Desktop/merged_lidar_ws/install/livox_ros_driver2/include/livox_ros_driver2/livox_ros_driver2/msg/detail/custom_msg__rosidl_typesupport_introspection_cpp.hpp
[12.859s] -- Installing: /home/fins/Desktop/merged_lidar_ws/install/livox_ros_driver2/include/livox_ros_driver2/livox_ros_driver2/msg/detail/custom_msg__type_support.cpp
[12.859s] -- Installing: /home/fins/Desktop/merged_lidar_ws/install/livox_ros_driver2/include/livox_ros_driver2/livox_ros_driver2/msg/detail/custom_point__rosidl_typesupport_introspection_cpp.hpp
[12.859s] -- Installing: /home/fins/Desktop/merged_lidar_ws/install/livox_ros_driver2/include/livox_ros_driver2/livox_ros_driver2/msg/detail/custom_point__type_support.cpp
[12.860s] -- Installing: /home/fins/Desktop/merged_lidar_ws/install/livox_ros_driver2/lib/liblivox_ros_driver2__rosidl_typesupport_introspection_cpp.so
[12.860s] -- Set runtime path of "/home/fins/Desktop/merged_lidar_ws/install/livox_ros_driver2/lib/liblivox_ros_driver2__rosidl_typesupport_introspection_cpp.so" to ""
[12.860s] -- Installing: /home/fins/Desktop/merged_lidar_ws/install/livox_ros_driver2/lib/liblivox_ros_driver2__rosidl_typesupport_cpp.so
[12.860s] -- Set runtime path of "/home/fins/Desktop/merged_lidar_ws/install/livox_ros_driver2/lib/liblivox_ros_driver2__rosidl_typesupport_cpp.so" to ""
[12.860s] -- Installing: /home/fins/Desktop/merged_lidar_ws/install/livox_ros_driver2/share/livox_ros_driver2/environment/pythonpath.sh
[12.861s] -- Installing: /home/fins/Desktop/merged_lidar_ws/install/livox_ros_driver2/share/livox_ros_driver2/environment/pythonpath.dsv
[12.861s] -- Installing: /home/fins/Desktop/merged_lidar_ws/install/livox_ros_driver2/local/lib/python3.10/dist-packages/livox_ros_driver2-1.0.0-py3.10.egg-info
[12.861s] -- Installing: /home/fins/Desktop/merged_lidar_ws/install/livox_ros_driver2/local/lib/python3.10/dist-packages/livox_ros_driver2-1.0.0-py3.10.egg-info/PKG-INFO
[12.861s] -- Installing: /home/fins/Desktop/merged_lidar_ws/install/livox_ros_driver2/local/lib/python3.10/dist-packages/livox_ros_driver2-1.0.0-py3.10.egg-info/SOURCES.txt
[12.861s] -- Installing: /home/fins/Desktop/merged_lidar_ws/install/livox_ros_driver2/local/lib/python3.10/dist-packages/livox_ros_driver2-1.0.0-py3.10.egg-info/top_level.txt
[12.861s] -- Installing: /home/fins/Desktop/merged_lidar_ws/install/livox_ros_driver2/local/lib/python3.10/dist-packages/livox_ros_driver2-1.0.0-py3.10.egg-info/dependency_links.txt
[12.861s] -- Installing: /home/fins/Desktop/merged_lidar_ws/install/livox_ros_driver2/local/lib/python3.10/dist-packages/livox_ros_driver2
[12.861s] -- Installing: /home/fins/Desktop/merged_lidar_ws/install/livox_ros_driver2/local/lib/python3.10/dist-packages/livox_ros_driver2/_livox_ros_driver2_s.ep.rosidl_typesupport_fastrtps_c.c
[12.862s] -- Installing: /home/fins/Desktop/merged_lidar_ws/install/livox_ros_driver2/local/lib/python3.10/dist-packages/livox_ros_driver2/livox_ros_driver2_s__rosidl_typesupport_fastrtps_c.cpython-310-x86_64-linux-gnu.so
[12.862s] -- Installing: /home/fins/Desktop/merged_lidar_ws/install/livox_ros_driver2/local/lib/python3.10/dist-packages/livox_ros_driver2/_livox_ros_driver2_s.ep.rosidl_typesupport_introspection_c.c
[12.862s] -- Installing: /home/fins/Desktop/merged_lidar_ws/install/livox_ros_driver2/local/lib/python3.10/dist-packages/livox_ros_driver2/msg
[12.862s] -- Installing: /home/fins/Desktop/merged_lidar_ws/install/livox_ros_driver2/local/lib/python3.10/dist-packages/livox_ros_driver2/msg/_custom_msg.py
[12.862s] -- Installing: /home/fins/Desktop/merged_lidar_ws/install/livox_ros_driver2/local/lib/python3.10/dist-packages/livox_ros_driver2/msg/_custom_msg_s.c
[12.862s] -- Installing: /home/fins/Desktop/merged_lidar_ws/install/livox_ros_driver2/local/lib/python3.10/dist-packages/livox_ros_driver2/msg/_custom_point_s.c
[12.862s] -- Installing: /home/fins/Desktop/merged_lidar_ws/install/livox_ros_driver2/local/lib/python3.10/dist-packages/livox_ros_driver2/msg/__init__.py
[12.862s] -- Installing: /home/fins/Desktop/merged_lidar_ws/install/livox_ros_driver2/local/lib/python3.10/dist-packages/livox_ros_driver2/msg/_custom_point.py
[12.862s] -- Installing: /home/fins/Desktop/merged_lidar_ws/install/livox_ros_driver2/local/lib/python3.10/dist-packages/livox_ros_driver2/liblivox_interfaces2__rosidl_generator_py.so
[12.863s] -- Installing: /home/fins/Desktop/merged_lidar_ws/install/livox_ros_driver2/local/lib/python3.10/dist-packages/livox_ros_driver2/livox_ros_driver2_s__rosidl_typesupport_c.cpython-310-x86_64-linux-gnu.so
[12.863s] -- Installing: /home/fins/Desktop/merged_lidar_ws/install/livox_ros_driver2/local/lib/python3.10/dist-packages/livox_ros_driver2/__init__.py
[12.863s] -- Installing: /home/fins/Desktop/merged_lidar_ws/install/livox_ros_driver2/local/lib/python3.10/dist-packages/livox_ros_driver2/_livox_ros_driver2_s.ep.rosidl_typesupport_c.c
[12.863s] -- Installing: /home/fins/Desktop/merged_lidar_ws/install/livox_ros_driver2/local/lib/python3.10/dist-packages/livox_ros_driver2/livox_ros_driver2_s__rosidl_typesupport_introspection_c.cpython-310-x86_64-linux-gnu.so
[12.891s] Listing '/home/fins/Desktop/merged_lidar_ws/install/livox_ros_driver2/local/lib/python3.10/dist-packages/livox_ros_driver2'...
[12.891s] Compiling '/home/fins/Desktop/merged_lidar_ws/install/livox_ros_driver2/local/lib/python3.10/dist-packages/livox_ros_driver2/__init__.py'...
[12.891s] Listing '/home/fins/Desktop/merged_lidar_ws/install/livox_ros_driver2/local/lib/python3.10/dist-packages/livox_ros_driver2/msg'...
[12.891s] Compiling '/home/fins/Desktop/merged_lidar_ws/install/livox_ros_driver2/local/lib/python3.10/dist-packages/livox_ros_driver2/msg/__init__.py'...
[12.891s] Compiling '/home/fins/Desktop/merged_lidar_ws/install/livox_ros_driver2/local/lib/python3.10/dist-packages/livox_ros_driver2/msg/_custom_msg.py'...
[12.892s] Compiling '/home/fins/Desktop/merged_lidar_ws/install/livox_ros_driver2/local/lib/python3.10/dist-packages/livox_ros_driver2/msg/_custom_point.py'...
[12.895s] -- Installing: /home/fins/Desktop/merged_lidar_ws/install/livox_ros_driver2/local/lib/python3.10/dist-packages/livox_ros_driver2/livox_ros_driver2_s__rosidl_typesupport_fastrtps_c.cpython-310-x86_64-linux-gnu.so
[12.895s] -- Set runtime path of "/home/fins/Desktop/merged_lidar_ws/install/livox_ros_driver2/local/lib/python3.10/dist-packages/livox_ros_driver2/livox_ros_driver2_s__rosidl_typesupport_fastrtps_c.cpython-310-x86_64-linux-gnu.so" to ""
[12.895s] -- Installing: /home/fins/Desktop/merged_lidar_ws/install/livox_ros_driver2/local/lib/python3.10/dist-packages/livox_ros_driver2/livox_ros_driver2_s__rosidl_typesupport_introspection_c.cpython-310-x86_64-linux-gnu.so
[12.896s] -- Set runtime path of "/home/fins/Desktop/merged_lidar_ws/install/livox_ros_driver2/local/lib/python3.10/dist-packages/livox_ros_driver2/livox_ros_driver2_s__rosidl_typesupport_introspection_c.cpython-310-x86_64-linux-gnu.so" to ""
[12.896s] -- Installing: /home/fins/Desktop/merged_lidar_ws/install/livox_ros_driver2/local/lib/python3.10/dist-packages/livox_ros_driver2/livox_ros_driver2_s__rosidl_typesupport_c.cpython-310-x86_64-linux-gnu.so
[12.896s] -- Set runtime path of "/home/fins/Desktop/merged_lidar_ws/install/livox_ros_driver2/local/lib/python3.10/dist-packages/livox_ros_driver2/livox_ros_driver2_s__rosidl_typesupport_c.cpython-310-x86_64-linux-gnu.so" to ""
[12.896s] -- Installing: /home/fins/Desktop/merged_lidar_ws/install/livox_ros_driver2/lib/liblivox_interfaces2__rosidl_generator_py.so
[12.897s] -- Set runtime path of "/home/fins/Desktop/merged_lidar_ws/install/livox_ros_driver2/lib/liblivox_interfaces2__rosidl_generator_py.so" to ""
[12.897s] -- Installing: /home/fins/Desktop/merged_lidar_ws/install/livox_ros_driver2/share/livox_ros_driver2/msg/CustomPoint.idl
[12.897s] -- Installing: /home/fins/Desktop/merged_lidar_ws/install/livox_ros_driver2/share/livox_ros_driver2/msg/CustomMsg.idl
[12.897s] -- Installing: /home/fins/Desktop/merged_lidar_ws/install/livox_ros_driver2/share/livox_ros_driver2/msg/CustomPoint.msg
[12.897s] -- Installing: /home/fins/Desktop/merged_lidar_ws/install/livox_ros_driver2/share/livox_ros_driver2/msg/CustomMsg.msg
[12.897s] -- Installing: /home/fins/Desktop/merged_lidar_ws/install/livox_ros_driver2/lib/livox_ros_driver2/livox_ros_driver2_node
[12.898s] -- Set runtime path of "/home/fins/Desktop/merged_lidar_ws/install/livox_ros_driver2/lib/livox_ros_driver2/livox_ros_driver2_node" to ""
[12.898s] -- Installing: /home/fins/Desktop/merged_lidar_ws/install/livox_ros_driver2/lib/liblivox_ros_driver2.so
[12.902s] -- Set runtime path of "/home/fins/Desktop/merged_lidar_ws/install/livox_ros_driver2/lib/liblivox_ros_driver2.so" to ""
[12.902s] -- Installing: /home/fins/Desktop/merged_lidar_ws/install/livox_ros_driver2/share/livox_ros_driver2/config
[12.902s] -- Installing: /home/fins/Desktop/merged_lidar_ws/install/livox_ros_driver2/share/livox_ros_driver2/config/MID360_config1.json
[12.902s] -- Installing: /home/fins/Desktop/merged_lidar_ws/install/livox_ros_driver2/share/livox_ros_driver2/config/HAP_config.json
[12.903s] -- Installing: /home/fins/Desktop/merged_lidar_ws/install/livox_ros_driver2/share/livox_ros_driver2/config/display_point_cloud_ROS1.rviz
[12.903s] -- Installing: /home/fins/Desktop/merged_lidar_ws/install/livox_ros_driver2/share/livox_ros_driver2/config/MID360_config2.json
[12.903s] -- Installing: /home/fins/Desktop/merged_lidar_ws/install/livox_ros_driver2/share/livox_ros_driver2/config/display_point_cloud_ROS2.rviz
[12.903s] -- Installing: /home/fins/Desktop/merged_lidar_ws/install/livox_ros_driver2/share/livox_ros_driver2/config/multi_config.json
[12.903s] -- Installing: /home/fins/Desktop/merged_lidar_ws/install/livox_ros_driver2/share/livox_ros_driver2/launch_ROS2
[12.903s] -- Installing: /home/fins/Desktop/merged_lidar_ws/install/livox_ros_driver2/share/livox_ros_driver2/launch_ROS2/rviz_HAP_launch.py
[12.903s] -- Installing: /home/fins/Desktop/merged_lidar_ws/install/livox_ros_driver2/share/livox_ros_driver2/launch_ROS2/rviz_MID360_launch2.py
[12.903s] -- Installing: /home/fins/Desktop/merged_lidar_ws/install/livox_ros_driver2/share/livox_ros_driver2/launch_ROS2/rviz_MID360_launch1.py
[12.903s] -- Installing: /home/fins/Desktop/merged_lidar_ws/install/livox_ros_driver2/share/livox_ros_driver2/launch_ROS2/rviz_mixed.py
[12.903s] -- Installing: /home/fins/Desktop/merged_lidar_ws/install/livox_ros_driver2/share/livox_ros_driver2/launch_ROS2/msg_HAP_launch.py
[12.903s] -- Installing: /home/fins/Desktop/merged_lidar_ws/install/livox_ros_driver2/share/livox_ros_driver2/launch_ROS2/msg_multi_launch.py
[12.904s] -- Installing: /home/fins/Desktop/merged_lidar_ws/install/livox_ros_driver2/share/ament_index/resource_index/package_run_dependencies/livox_ros_driver2
[12.904s] -- Installing: /home/fins/Desktop/merged_lidar_ws/install/livox_ros_driver2/share/ament_index/resource_index/parent_prefix_path/livox_ros_driver2
[12.904s] -- Installing: /home/fins/Desktop/merged_lidar_ws/install/livox_ros_driver2/share/livox_ros_driver2/environment/ament_prefix_path.sh
[12.904s] -- Installing: /home/fins/Desktop/merged_lidar_ws/install/livox_ros_driver2/share/livox_ros_driver2/environment/ament_prefix_path.dsv
[12.904s] -- Installing: /home/fins/Desktop/merged_lidar_ws/install/livox_ros_driver2/share/livox_ros_driver2/environment/path.sh
[12.904s] -- Installing: /home/fins/Desktop/merged_lidar_ws/install/livox_ros_driver2/share/livox_ros_driver2/environment/path.dsv
[12.904s] -- Installing: /home/fins/Desktop/merged_lidar_ws/install/livox_ros_driver2/share/livox_ros_driver2/local_setup.bash
[12.905s] -- Installing: /home/fins/Desktop/merged_lidar_ws/install/livox_ros_driver2/share/livox_ros_driver2/local_setup.sh
[12.905s] -- Installing: /home/fins/Desktop/merged_lidar_ws/install/livox_ros_driver2/share/livox_ros_driver2/local_setup.zsh
[12.905s] -- Installing: /home/fins/Desktop/merged_lidar_ws/install/livox_ros_driver2/share/livox_ros_driver2/local_setup.dsv
[12.905s] -- Installing: /home/fins/Desktop/merged_lidar_ws/install/livox_ros_driver2/share/livox_ros_driver2/package.dsv
[12.905s] -- Installing: /home/fins/Desktop/merged_lidar_ws/install/livox_ros_driver2/share/ament_index/resource_index/packages/livox_ros_driver2
[12.905s] -- Installing: /home/fins/Desktop/merged_lidar_ws/install/livox_ros_driver2/share/livox_ros_driver2/cmake/export_livox_interfaces2__rosidl_generator_cExport.cmake
[12.905s] -- Installing: /home/fins/Desktop/merged_lidar_ws/install/livox_ros_driver2/share/livox_ros_driver2/cmake/export_livox_interfaces2__rosidl_generator_cExport-noconfig.cmake
[12.906s] -- Installing: /home/fins/Desktop/merged_lidar_ws/install/livox_ros_driver2/share/livox_ros_driver2/cmake/export_livox_interfaces2__rosidl_typesupport_fastrtps_cExport.cmake
[12.906s] -- Installing: /home/fins/Desktop/merged_lidar_ws/install/livox_ros_driver2/share/livox_ros_driver2/cmake/export_livox_interfaces2__rosidl_typesupport_fastrtps_cExport-noconfig.cmake
[12.906s] -- Installing: /home/fins/Desktop/merged_lidar_ws/install/livox_ros_driver2/share/livox_ros_driver2/cmake/livox_interfaces2__rosidl_typesupport_introspection_cExport.cmake
[12.906s] -- Installing: /home/fins/Desktop/merged_lidar_ws/install/livox_ros_driver2/share/livox_ros_driver2/cmake/livox_interfaces2__rosidl_typesupport_introspection_cExport-noconfig.cmake
[12.906s] -- Installing: /home/fins/Desktop/merged_lidar_ws/install/livox_ros_driver2/share/livox_ros_driver2/cmake/livox_interfaces2__rosidl_typesupport_cExport.cmake
[12.906s] -- Installing: /home/fins/Desktop/merged_lidar_ws/install/livox_ros_driver2/share/livox_ros_driver2/cmake/livox_interfaces2__rosidl_typesupport_cExport-noconfig.cmake
[12.906s] -- Installing: /home/fins/Desktop/merged_lidar_ws/install/livox_ros_driver2/share/livox_ros_driver2/cmake/export_livox_interfaces2__rosidl_generator_cppExport.cmake
[12.907s] -- Installing: /home/fins/Desktop/merged_lidar_ws/install/livox_ros_driver2/share/livox_ros_driver2/cmake/export_livox_interfaces2__rosidl_typesupport_fastrtps_cppExport.cmake
[12.907s] -- Installing: /home/fins/Desktop/merged_lidar_ws/install/livox_ros_driver2/share/livox_ros_driver2/cmake/export_livox_interfaces2__rosidl_typesupport_fastrtps_cppExport-noconfig.cmake
[12.907s] -- Installing: /home/fins/Desktop/merged_lidar_ws/install/livox_ros_driver2/share/livox_ros_driver2/cmake/livox_interfaces2__rosidl_typesupport_introspection_cppExport.cmake
[12.907s] -- Installing: /home/fins/Desktop/merged_lidar_ws/install/livox_ros_driver2/share/livox_ros_driver2/cmake/livox_interfaces2__rosidl_typesupport_introspection_cppExport-noconfig.cmake
[12.907s] -- Installing: /home/fins/Desktop/merged_lidar_ws/install/livox_ros_driver2/share/livox_ros_driver2/cmake/livox_interfaces2__rosidl_typesupport_cppExport.cmake
[12.907s] -- Installing: /home/fins/Desktop/merged_lidar_ws/install/livox_ros_driver2/share/livox_ros_driver2/cmake/livox_interfaces2__rosidl_typesupport_cppExport-noconfig.cmake
[12.907s] -- Installing: /home/fins/Desktop/merged_lidar_ws/install/livox_ros_driver2/share/livox_ros_driver2/cmake/export_livox_interfaces2__rosidl_generator_pyExport.cmake
[12.908s] -- Installing: /home/fins/Desktop/merged_lidar_ws/install/livox_ros_driver2/share/livox_ros_driver2/cmake/export_livox_interfaces2__rosidl_generator_pyExport-noconfig.cmake
[12.908s] -- Installing: /home/fins/Desktop/merged_lidar_ws/install/livox_ros_driver2/share/ament_index/resource_index/rclcpp_components/livox_ros_driver2
[12.908s] -- Installing: /home/fins/Desktop/merged_lidar_ws/install/livox_ros_driver2/share/livox_ros_driver2/cmake/rosidl_cmake-extras.cmake
[12.908s] -- Installing: /home/fins/Desktop/merged_lidar_ws/install/livox_ros_driver2/share/livox_ros_driver2/cmake/ament_cmake_export_dependencies-extras.cmake
[12.908s] -- Installing: /home/fins/Desktop/merged_lidar_ws/install/livox_ros_driver2/share/livox_ros_driver2/cmake/ament_cmake_export_include_directories-extras.cmake
[12.908s] -- Installing: /home/fins/Desktop/merged_lidar_ws/install/livox_ros_driver2/share/livox_ros_driver2/cmake/ament_cmake_export_libraries-extras.cmake
[12.909s] -- Installing: /home/fins/Desktop/merged_lidar_ws/install/livox_ros_driver2/share/livox_ros_driver2/cmake/ament_cmake_export_targets-extras.cmake
[12.909s] -- Installing: /home/fins/Desktop/merged_lidar_ws/install/livox_ros_driver2/share/livox_ros_driver2/cmake/rosidl_cmake_export_typesupport_targets-extras.cmake
[12.909s] -- Installing: /home/fins/Desktop/merged_lidar_ws/install/livox_ros_driver2/share/livox_ros_driver2/cmake/rosidl_cmake_export_typesupport_libraries-extras.cmake
[12.909s] -- Installing: /home/fins/Desktop/merged_lidar_ws/install/livox_ros_driver2/share/livox_ros_driver2/cmake/livox_ros_driver2Config.cmake
[12.909s] -- Installing: /home/fins/Desktop/merged_lidar_ws/install/livox_ros_driver2/share/livox_ros_driver2/cmake/livox_ros_driver2Config-version.cmake
[12.909s] -- Installing: /home/fins/Desktop/merged_lidar_ws/install/livox_ros_driver2/share/livox_ros_driver2/package.xml
[12.912s] Invoked command in '/home/fins/Desktop/merged_lidar_ws/build/livox_ros_driver2' returned '0': CMAKE_PREFIX_PATH=/opt/ros/humble /usr/bin/cmake --install /home/fins/Desktop/merged_lidar_ws/build/livox_ros_driver2
