[0.115s] DEBUG:colcon:Command line arguments: ['/usr/bin/colcon', 'build', '--packages-select', 'lidar_merge', '--symlink-install', '--cmake-clean-cach']
[0.115s] DEBUG:colcon:Parsed command line arguments: Namespace(log_base=None, log_level=None, verb_name='build', build_base='build', install_base='install', merge_install=False, symlink_install=True, test_result_base=None, continue_on_error=False, executor='parallel', parallel_workers=16, event_handlers=None, ignore_user_meta=False, metas=['./colcon.meta'], base_paths=['.'], packages_ignore=None, packages_ignore_regex=None, paths=None, packages_up_to=None, packages_up_to_regex=None, packages_above=None, packages_above_and_dependencies=None, packages_above_depth=None, packages_select_by_dep=None, packages_skip_by_dep=None, packages_skip_up_to=None, packages_select_build_failed=False, packages_skip_build_finished=False, packages_select_test_failures=False, packages_skip_test_passed=False, packages_select=['lidar_merge'], packages_skip=None, packages_select_regex=None, packages_skip_regex=None, packages_start=None, packages_end=None, allow_overriding=[], cmake_args=None, cmake_target=None, cmake_target_skip_unavailable=False, cmake_clean_cache=True, cmake_clean_first=False, cmake_force_configure=False, ament_cmake_args=None, catkin_cmake_args=None, catkin_skip_building_tests=False, verb_parser=<colcon_defaults.argument_parser.defaults.DefaultArgumentsDecorator object at 0x7d92d4b01f00>, verb_extension=<colcon_core.verb.build.BuildVerb object at 0x7d92d4c56ad0>, main=<bound method BuildVerb.main of <colcon_core.verb.build.BuildVerb object at 0x7d92d4c56ad0>>)
[0.158s] Level 1:colcon.colcon_core.package_discovery:discover_packages(colcon_meta) check parameters
[0.158s] Level 1:colcon.colcon_core.package_discovery:discover_packages(recursive) check parameters
[0.158s] Level 1:colcon.colcon_core.package_discovery:discover_packages(ignore) check parameters
[0.158s] Level 1:colcon.colcon_core.package_discovery:discover_packages(path) check parameters
[0.158s] Level 1:colcon.colcon_core.package_discovery:discover_packages(colcon_meta) discover
[0.158s] Level 1:colcon.colcon_core.package_discovery:discover_packages(recursive) discover
[0.158s] INFO:colcon.colcon_core.package_discovery:Crawling recursively for packages in '/home/fins/Desktop/merged_lidar_ws'
[0.158s] Level 1:colcon.colcon_core.package_identification:_identify(.) by extensions ['ignore', 'ignore_ament_install']
[0.158s] Level 1:colcon.colcon_core.package_identification:_identify(.) by extension 'ignore'
[0.159s] Level 1:colcon.colcon_core.package_identification:_identify(.) by extension 'ignore_ament_install'
[0.159s] Level 1:colcon.colcon_core.package_identification:_identify(.) by extensions ['colcon_pkg']
[0.159s] Level 1:colcon.colcon_core.package_identification:_identify(.) by extension 'colcon_pkg'
[0.159s] Level 1:colcon.colcon_core.package_identification:_identify(.) by extensions ['colcon_meta']
[0.159s] Level 1:colcon.colcon_core.package_identification:_identify(.) by extension 'colcon_meta'
[0.159s] Level 1:colcon.colcon_core.package_identification:_identify(.) by extensions ['ros']
[0.159s] Level 1:colcon.colcon_core.package_identification:_identify(.) by extension 'ros'
[0.175s] Level 1:colcon.colcon_core.package_identification:_identify(.) by extensions ['cmake', 'python']
[0.175s] Level 1:colcon.colcon_core.package_identification:_identify(.) by extension 'cmake'
[0.175s] Level 1:colcon.colcon_core.package_identification:_identify(.) by extension 'python'
[0.175s] Level 1:colcon.colcon_core.package_identification:_identify(.) by extensions ['python_setup_py']
[0.175s] Level 1:colcon.colcon_core.package_identification:_identify(.) by extension 'python_setup_py'
[0.176s] Level 1:colcon.colcon_core.package_identification:_identify(build) by extensions ['ignore', 'ignore_ament_install']
[0.176s] Level 1:colcon.colcon_core.package_identification:_identify(build) by extension 'ignore'
[0.176s] Level 1:colcon.colcon_core.package_identification:_identify(build) ignored
[0.176s] Level 1:colcon.colcon_core.package_identification:_identify(install) by extensions ['ignore', 'ignore_ament_install']
[0.176s] Level 1:colcon.colcon_core.package_identification:_identify(install) by extension 'ignore'
[0.176s] Level 1:colcon.colcon_core.package_identification:_identify(install) ignored
[0.176s] Level 1:colcon.colcon_core.package_identification:_identify(log) by extensions ['ignore', 'ignore_ament_install']
[0.176s] Level 1:colcon.colcon_core.package_identification:_identify(log) by extension 'ignore'
[0.176s] Level 1:colcon.colcon_core.package_identification:_identify(log) ignored
[0.176s] Level 1:colcon.colcon_core.package_identification:_identify(src) by extensions ['ignore', 'ignore_ament_install']
[0.176s] Level 1:colcon.colcon_core.package_identification:_identify(src) by extension 'ignore'
[0.177s] Level 1:colcon.colcon_core.package_identification:_identify(src) by extension 'ignore_ament_install'
[0.177s] Level 1:colcon.colcon_core.package_identification:_identify(src) by extensions ['colcon_pkg']
[0.177s] Level 1:colcon.colcon_core.package_identification:_identify(src) by extension 'colcon_pkg'
[0.177s] Level 1:colcon.colcon_core.package_identification:_identify(src) by extensions ['colcon_meta']
[0.177s] Level 1:colcon.colcon_core.package_identification:_identify(src) by extension 'colcon_meta'
[0.177s] Level 1:colcon.colcon_core.package_identification:_identify(src) by extensions ['ros']
[0.177s] Level 1:colcon.colcon_core.package_identification:_identify(src) by extension 'ros'
[0.177s] Level 1:colcon.colcon_core.package_identification:_identify(src) by extensions ['cmake', 'python']
[0.177s] Level 1:colcon.colcon_core.package_identification:_identify(src) by extension 'cmake'
[0.177s] Level 1:colcon.colcon_core.package_identification:_identify(src) by extension 'python'
[0.177s] Level 1:colcon.colcon_core.package_identification:_identify(src) by extensions ['python_setup_py']
[0.177s] Level 1:colcon.colcon_core.package_identification:_identify(src) by extension 'python_setup_py'
[0.177s] Level 1:colcon.colcon_core.package_identification:_identify(src/lidar_merge) by extensions ['ignore', 'ignore_ament_install']
[0.177s] Level 1:colcon.colcon_core.package_identification:_identify(src/lidar_merge) by extension 'ignore'
[0.177s] Level 1:colcon.colcon_core.package_identification:_identify(src/lidar_merge) by extension 'ignore_ament_install'
[0.177s] Level 1:colcon.colcon_core.package_identification:_identify(src/lidar_merge) by extensions ['colcon_pkg']
[0.178s] Level 1:colcon.colcon_core.package_identification:_identify(src/lidar_merge) by extension 'colcon_pkg'
[0.178s] Level 1:colcon.colcon_core.package_identification:_identify(src/lidar_merge) by extensions ['colcon_meta']
[0.178s] Level 1:colcon.colcon_core.package_identification:_identify(src/lidar_merge) by extension 'colcon_meta'
[0.178s] Level 1:colcon.colcon_core.package_identification:_identify(src/lidar_merge) by extensions ['ros']
[0.178s] Level 1:colcon.colcon_core.package_identification:_identify(src/lidar_merge) by extension 'ros'
[0.181s] DEBUG:colcon.colcon_core.package_identification:Package 'src/lidar_merge' with type 'ros.ament_cmake' and name 'lidar_merge'
[0.181s] Level 1:colcon.colcon_core.package_identification:_identify(src/livox_ros_driver2) by extensions ['ignore', 'ignore_ament_install']
[0.181s] Level 1:colcon.colcon_core.package_identification:_identify(src/livox_ros_driver2) by extension 'ignore'
[0.181s] Level 1:colcon.colcon_core.package_identification:_identify(src/livox_ros_driver2) by extension 'ignore_ament_install'
[0.181s] Level 1:colcon.colcon_core.package_identification:_identify(src/livox_ros_driver2) by extensions ['colcon_pkg']
[0.182s] Level 1:colcon.colcon_core.package_identification:_identify(src/livox_ros_driver2) by extension 'colcon_pkg'
[0.182s] Level 1:colcon.colcon_core.package_identification:_identify(src/livox_ros_driver2) by extensions ['colcon_meta']
[0.182s] Level 1:colcon.colcon_core.package_identification:_identify(src/livox_ros_driver2) by extension 'colcon_meta'
[0.182s] Level 1:colcon.colcon_core.package_identification:_identify(src/livox_ros_driver2) by extensions ['ros']
[0.182s] Level 1:colcon.colcon_core.package_identification:_identify(src/livox_ros_driver2) by extension 'ros'
[0.183s] DEBUG:colcon.colcon_core.package_identification:Package 'src/livox_ros_driver2' with type 'ros.ament_cmake' and name 'livox_ros_driver2'
[0.183s] Level 1:colcon.colcon_core.package_discovery:discover_packages(recursive) using defaults
[0.183s] Level 1:colcon.colcon_core.package_discovery:discover_packages(ignore) discover
[0.183s] Level 1:colcon.colcon_core.package_discovery:discover_packages(ignore) using defaults
[0.183s] Level 1:colcon.colcon_core.package_discovery:discover_packages(path) discover
[0.183s] Level 1:colcon.colcon_core.package_discovery:discover_packages(path) using defaults
[0.209s] INFO:colcon.colcon_core.package_selection:Skipping not selected package 'livox_ros_driver2' in 'src/livox_ros_driver2'
[0.209s] Level 1:colcon.colcon_core.package_discovery:discover_packages(prefix_path) check parameters
[0.209s] Level 1:colcon.colcon_core.package_discovery:discover_packages(prefix_path) discover
[0.213s] DEBUG:colcon.colcon_installed_package_information.package_discovery:Found 378 installed packages in /opt/ros/humble
[0.214s] Level 1:colcon.colcon_core.package_discovery:discover_packages(prefix_path) using defaults
[0.267s] Level 5:colcon.colcon_core.verb:set package 'lidar_merge' build argument 'cmake_args' from command line to 'None'
[0.267s] Level 5:colcon.colcon_core.verb:set package 'lidar_merge' build argument 'cmake_target' from command line to 'None'
[0.267s] Level 5:colcon.colcon_core.verb:set package 'lidar_merge' build argument 'cmake_target_skip_unavailable' from command line to 'False'
[0.267s] Level 5:colcon.colcon_core.verb:set package 'lidar_merge' build argument 'cmake_clean_cache' from command line to 'True'
[0.267s] Level 5:colcon.colcon_core.verb:set package 'lidar_merge' build argument 'cmake_clean_first' from command line to 'False'
[0.267s] Level 5:colcon.colcon_core.verb:set package 'lidar_merge' build argument 'cmake_force_configure' from command line to 'False'
[0.267s] Level 5:colcon.colcon_core.verb:set package 'lidar_merge' build argument 'ament_cmake_args' from command line to 'None'
[0.267s] Level 5:colcon.colcon_core.verb:set package 'lidar_merge' build argument 'catkin_cmake_args' from command line to 'None'
[0.267s] Level 5:colcon.colcon_core.verb:set package 'lidar_merge' build argument 'catkin_skip_building_tests' from command line to 'False'
[0.267s] DEBUG:colcon.colcon_core.verb:Building package 'lidar_merge' with the following arguments: {'ament_cmake_args': None, 'build_base': '/home/fins/Desktop/merged_lidar_ws/build/lidar_merge', 'catkin_cmake_args': None, 'catkin_skip_building_tests': False, 'cmake_args': None, 'cmake_clean_cache': True, 'cmake_clean_first': False, 'cmake_force_configure': False, 'cmake_target': None, 'cmake_target_skip_unavailable': False, 'install_base': '/home/fins/Desktop/merged_lidar_ws/install/lidar_merge', 'merge_install': False, 'path': '/home/fins/Desktop/merged_lidar_ws/src/lidar_merge', 'symlink_install': True, 'test_result_base': None}
[0.268s] INFO:colcon.colcon_core.executor:Executing jobs using 'parallel' executor
[0.269s] DEBUG:colcon.colcon_parallel_executor.executor.parallel:run_until_complete
[0.269s] INFO:colcon.colcon_ros.task.ament_cmake.build:Building ROS package in '/home/fins/Desktop/merged_lidar_ws/src/lidar_merge' with build type 'ament_cmake'
[0.270s] INFO:colcon.colcon_cmake.task.cmake.build:Building CMake package in '/home/fins/Desktop/merged_lidar_ws/src/lidar_merge'
[0.272s] INFO:colcon.colcon_core.plugin_system:Skipping extension 'colcon_core.shell.bat': Not used on non-Windows systems
[0.272s] INFO:colcon.colcon_core.shell:Skip shell extension 'powershell' for command environment: Not usable outside of PowerShell
[0.272s] DEBUG:colcon.colcon_core.shell:Skip shell extension 'dsv' for command environment
[0.285s] DEBUG:colcon.colcon_core.event_handler.log_command:Invoking command in '/home/fins/Desktop/merged_lidar_ws/build/lidar_merge': AMENT_PREFIX_PATH=/home/fins/Desktop/merged_lidar_ws/install/livox_ros_driver2:${AMENT_PREFIX_PATH} CMAKE_PREFIX_PATH=/home/fins/Desktop/merged_lidar_ws/install/livox_ros_driver2:/opt/ros/humble LD_LIBRARY_PATH=/home/fins/Desktop/merged_lidar_ws/install/livox_ros_driver2/lib:/opt/ros/humble/opt/rviz_ogre_vendor/lib:/opt/ros/humble/lib/x86_64-linux-gnu:/opt/ros/humble/lib:/opt/MVS/lib/64:/opt/MVS/lib/32:/opt/MVS/lib/64:/opt/MVS/lib/32:/opt/MVS/lib/64:/opt/MVS/lib/32:/usr/local/lib:/usr/local/opencv-4.7.0/lib PYTHONPATH=/home/fins/Desktop/merged_lidar_ws/install/livox_ros_driver2/local/lib/python3.10/dist-packages:${PYTHONPATH} /usr/bin/cmake /home/fins/Desktop/merged_lidar_ws/src/lidar_merge -DAMENT_CMAKE_SYMLINK_INSTALL=1 -DCMAKE_INSTALL_PREFIX=/home/fins/Desktop/merged_lidar_ws/install/lidar_merge
[3.230s] DEBUG:colcon.colcon_core.event_handler.log_command:Invoked command in '/home/fins/Desktop/merged_lidar_ws/build/lidar_merge' returned '0': AMENT_PREFIX_PATH=/home/fins/Desktop/merged_lidar_ws/install/livox_ros_driver2:${AMENT_PREFIX_PATH} CMAKE_PREFIX_PATH=/home/fins/Desktop/merged_lidar_ws/install/livox_ros_driver2:/opt/ros/humble LD_LIBRARY_PATH=/home/fins/Desktop/merged_lidar_ws/install/livox_ros_driver2/lib:/opt/ros/humble/opt/rviz_ogre_vendor/lib:/opt/ros/humble/lib/x86_64-linux-gnu:/opt/ros/humble/lib:/opt/MVS/lib/64:/opt/MVS/lib/32:/opt/MVS/lib/64:/opt/MVS/lib/32:/opt/MVS/lib/64:/opt/MVS/lib/32:/usr/local/lib:/usr/local/opencv-4.7.0/lib PYTHONPATH=/home/fins/Desktop/merged_lidar_ws/install/livox_ros_driver2/local/lib/python3.10/dist-packages:${PYTHONPATH} /usr/bin/cmake /home/fins/Desktop/merged_lidar_ws/src/lidar_merge -DAMENT_CMAKE_SYMLINK_INSTALL=1 -DCMAKE_INSTALL_PREFIX=/home/fins/Desktop/merged_lidar_ws/install/lidar_merge
[3.231s] DEBUG:colcon.colcon_core.event_handler.log_command:Invoking command in '/home/fins/Desktop/merged_lidar_ws/build/lidar_merge': AMENT_PREFIX_PATH=/home/fins/Desktop/merged_lidar_ws/install/livox_ros_driver2:${AMENT_PREFIX_PATH} CMAKE_PREFIX_PATH=/home/fins/Desktop/merged_lidar_ws/install/livox_ros_driver2:/opt/ros/humble LD_LIBRARY_PATH=/home/fins/Desktop/merged_lidar_ws/install/livox_ros_driver2/lib:/opt/ros/humble/opt/rviz_ogre_vendor/lib:/opt/ros/humble/lib/x86_64-linux-gnu:/opt/ros/humble/lib:/opt/MVS/lib/64:/opt/MVS/lib/32:/opt/MVS/lib/64:/opt/MVS/lib/32:/opt/MVS/lib/64:/opt/MVS/lib/32:/usr/local/lib:/usr/local/opencv-4.7.0/lib PYTHONPATH=/home/fins/Desktop/merged_lidar_ws/install/livox_ros_driver2/local/lib/python3.10/dist-packages:${PYTHONPATH} /usr/bin/cmake --build /home/fins/Desktop/merged_lidar_ws/build/lidar_merge -- -j16 -l16
[14.615s] DEBUG:colcon.colcon_core.event_handler.log_command:Invoked command in '/home/fins/Desktop/merged_lidar_ws/build/lidar_merge' returned '0': AMENT_PREFIX_PATH=/home/fins/Desktop/merged_lidar_ws/install/livox_ros_driver2:${AMENT_PREFIX_PATH} CMAKE_PREFIX_PATH=/home/fins/Desktop/merged_lidar_ws/install/livox_ros_driver2:/opt/ros/humble LD_LIBRARY_PATH=/home/fins/Desktop/merged_lidar_ws/install/livox_ros_driver2/lib:/opt/ros/humble/opt/rviz_ogre_vendor/lib:/opt/ros/humble/lib/x86_64-linux-gnu:/opt/ros/humble/lib:/opt/MVS/lib/64:/opt/MVS/lib/32:/opt/MVS/lib/64:/opt/MVS/lib/32:/opt/MVS/lib/64:/opt/MVS/lib/32:/usr/local/lib:/usr/local/opencv-4.7.0/lib PYTHONPATH=/home/fins/Desktop/merged_lidar_ws/install/livox_ros_driver2/local/lib/python3.10/dist-packages:${PYTHONPATH} /usr/bin/cmake --build /home/fins/Desktop/merged_lidar_ws/build/lidar_merge -- -j16 -l16
[14.654s] DEBUG:colcon.colcon_core.event_handler.log_command:Invoking command in '/home/fins/Desktop/merged_lidar_ws/build/lidar_merge': AMENT_PREFIX_PATH=/home/fins/Desktop/merged_lidar_ws/install/livox_ros_driver2:${AMENT_PREFIX_PATH} CMAKE_PREFIX_PATH=/home/fins/Desktop/merged_lidar_ws/install/livox_ros_driver2:/opt/ros/humble LD_LIBRARY_PATH=/home/fins/Desktop/merged_lidar_ws/install/livox_ros_driver2/lib:/opt/ros/humble/opt/rviz_ogre_vendor/lib:/opt/ros/humble/lib/x86_64-linux-gnu:/opt/ros/humble/lib:/opt/MVS/lib/64:/opt/MVS/lib/32:/opt/MVS/lib/64:/opt/MVS/lib/32:/opt/MVS/lib/64:/opt/MVS/lib/32:/usr/local/lib:/usr/local/opencv-4.7.0/lib PYTHONPATH=/home/fins/Desktop/merged_lidar_ws/install/livox_ros_driver2/local/lib/python3.10/dist-packages:${PYTHONPATH} /usr/bin/cmake --install /home/fins/Desktop/merged_lidar_ws/build/lidar_merge
[14.820s] Level 1:colcon.colcon_core.environment:create_environment_scripts_only(lidar_merge)
[14.821s] DEBUG:colcon.colcon_core.event_handler.log_command:Invoked command in '/home/fins/Desktop/merged_lidar_ws/build/lidar_merge' returned '0': AMENT_PREFIX_PATH=/home/fins/Desktop/merged_lidar_ws/install/livox_ros_driver2:${AMENT_PREFIX_PATH} CMAKE_PREFIX_PATH=/home/fins/Desktop/merged_lidar_ws/install/livox_ros_driver2:/opt/ros/humble LD_LIBRARY_PATH=/home/fins/Desktop/merged_lidar_ws/install/livox_ros_driver2/lib:/opt/ros/humble/opt/rviz_ogre_vendor/lib:/opt/ros/humble/lib/x86_64-linux-gnu:/opt/ros/humble/lib:/opt/MVS/lib/64:/opt/MVS/lib/32:/opt/MVS/lib/64:/opt/MVS/lib/32:/opt/MVS/lib/64:/opt/MVS/lib/32:/usr/local/lib:/usr/local/opencv-4.7.0/lib PYTHONPATH=/home/fins/Desktop/merged_lidar_ws/install/livox_ros_driver2/local/lib/python3.10/dist-packages:${PYTHONPATH} /usr/bin/cmake --install /home/fins/Desktop/merged_lidar_ws/build/lidar_merge
[14.823s] Level 1:colcon.colcon_core.environment:checking '/home/fins/Desktop/merged_lidar_ws/install/lidar_merge' for CMake module files
[14.823s] Level 1:colcon.colcon_core.environment:checking '/home/fins/Desktop/merged_lidar_ws/install/lidar_merge' for CMake config files
[14.823s] Level 1:colcon.colcon_core.shell:create_environment_hook('lidar_merge', 'cmake_prefix_path')
[14.823s] INFO:colcon.colcon_core.shell:Creating environment hook '/home/fins/Desktop/merged_lidar_ws/install/lidar_merge/share/lidar_merge/hook/cmake_prefix_path.ps1'
[14.824s] INFO:colcon.colcon_core.shell:Creating environment descriptor '/home/fins/Desktop/merged_lidar_ws/install/lidar_merge/share/lidar_merge/hook/cmake_prefix_path.dsv'
[14.824s] INFO:colcon.colcon_core.shell:Creating environment hook '/home/fins/Desktop/merged_lidar_ws/install/lidar_merge/share/lidar_merge/hook/cmake_prefix_path.sh'
[14.825s] Level 1:colcon.colcon_core.environment:checking '/home/fins/Desktop/merged_lidar_ws/install/lidar_merge/lib'
[14.825s] Level 1:colcon.colcon_core.environment:checking '/home/fins/Desktop/merged_lidar_ws/install/lidar_merge/bin'
[14.825s] Level 1:colcon.colcon_core.environment:checking '/home/fins/Desktop/merged_lidar_ws/install/lidar_merge/lib/pkgconfig/lidar_merge.pc'
[14.825s] Level 1:colcon.colcon_core.environment:checking '/home/fins/Desktop/merged_lidar_ws/install/lidar_merge/lib/python3.10/site-packages'
[14.825s] Level 1:colcon.colcon_core.environment:checking '/home/fins/Desktop/merged_lidar_ws/install/lidar_merge/bin'
[14.825s] INFO:colcon.colcon_core.shell:Creating package script '/home/fins/Desktop/merged_lidar_ws/install/lidar_merge/share/lidar_merge/package.ps1'
[14.826s] INFO:colcon.colcon_core.shell:Creating package descriptor '/home/fins/Desktop/merged_lidar_ws/install/lidar_merge/share/lidar_merge/package.dsv'
[14.826s] INFO:colcon.colcon_core.shell:Creating package script '/home/fins/Desktop/merged_lidar_ws/install/lidar_merge/share/lidar_merge/package.sh'
[14.827s] INFO:colcon.colcon_core.shell:Creating package script '/home/fins/Desktop/merged_lidar_ws/install/lidar_merge/share/lidar_merge/package.bash'
[14.827s] INFO:colcon.colcon_core.shell:Creating package script '/home/fins/Desktop/merged_lidar_ws/install/lidar_merge/share/lidar_merge/package.zsh'
[14.827s] Level 1:colcon.colcon_core.environment:create_file_with_runtime_dependencies(/home/fins/Desktop/merged_lidar_ws/install/lidar_merge/share/colcon-core/packages/lidar_merge)
[14.859s] Level 1:colcon.colcon_core.environment:create_environment_scripts_only(lidar_merge)
[14.859s] Level 1:colcon.colcon_core.environment:checking '/home/fins/Desktop/merged_lidar_ws/install/lidar_merge' for CMake module files
[14.860s] Level 1:colcon.colcon_core.environment:checking '/home/fins/Desktop/merged_lidar_ws/install/lidar_merge' for CMake config files
[14.860s] Level 1:colcon.colcon_core.shell:create_environment_hook('lidar_merge', 'cmake_prefix_path')
[14.860s] INFO:colcon.colcon_core.shell:Creating environment hook '/home/fins/Desktop/merged_lidar_ws/install/lidar_merge/share/lidar_merge/hook/cmake_prefix_path.ps1'
[14.861s] INFO:colcon.colcon_core.shell:Creating environment descriptor '/home/fins/Desktop/merged_lidar_ws/install/lidar_merge/share/lidar_merge/hook/cmake_prefix_path.dsv'
[14.861s] INFO:colcon.colcon_core.shell:Creating environment hook '/home/fins/Desktop/merged_lidar_ws/install/lidar_merge/share/lidar_merge/hook/cmake_prefix_path.sh'
[14.861s] Level 1:colcon.colcon_core.environment:checking '/home/fins/Desktop/merged_lidar_ws/install/lidar_merge/lib'
[14.861s] Level 1:colcon.colcon_core.environment:checking '/home/fins/Desktop/merged_lidar_ws/install/lidar_merge/bin'
[14.861s] Level 1:colcon.colcon_core.environment:checking '/home/fins/Desktop/merged_lidar_ws/install/lidar_merge/lib/pkgconfig/lidar_merge.pc'
[14.862s] Level 1:colcon.colcon_core.environment:checking '/home/fins/Desktop/merged_lidar_ws/install/lidar_merge/lib/python3.10/site-packages'
[14.862s] Level 1:colcon.colcon_core.environment:checking '/home/fins/Desktop/merged_lidar_ws/install/lidar_merge/bin'
[14.862s] INFO:colcon.colcon_core.shell:Creating package script '/home/fins/Desktop/merged_lidar_ws/install/lidar_merge/share/lidar_merge/package.ps1'
[14.862s] INFO:colcon.colcon_core.shell:Creating package descriptor '/home/fins/Desktop/merged_lidar_ws/install/lidar_merge/share/lidar_merge/package.dsv'
[14.863s] INFO:colcon.colcon_core.shell:Creating package script '/home/fins/Desktop/merged_lidar_ws/install/lidar_merge/share/lidar_merge/package.sh'
[14.863s] INFO:colcon.colcon_core.shell:Creating package script '/home/fins/Desktop/merged_lidar_ws/install/lidar_merge/share/lidar_merge/package.bash'
[14.864s] INFO:colcon.colcon_core.shell:Creating package script '/home/fins/Desktop/merged_lidar_ws/install/lidar_merge/share/lidar_merge/package.zsh'
[14.864s] Level 1:colcon.colcon_core.environment:create_file_with_runtime_dependencies(/home/fins/Desktop/merged_lidar_ws/install/lidar_merge/share/colcon-core/packages/lidar_merge)
[14.865s] DEBUG:colcon.colcon_parallel_executor.executor.parallel:closing loop
[14.865s] DEBUG:colcon.colcon_parallel_executor.executor.parallel:loop closed
[14.865s] DEBUG:colcon.colcon_parallel_executor.executor.parallel:run_until_complete finished with '0'
[14.865s] DEBUG:colcon.colcon_core.event_reactor:joining thread
[14.869s] INFO:colcon.colcon_core.plugin_system:Skipping extension 'colcon_notification.desktop_notification.terminal_notifier': Not used on non-Darwin systems
[14.869s] INFO:colcon.colcon_core.plugin_system:Skipping extension 'colcon_notification.desktop_notification.win32': Not used on non-Windows systems
[14.869s] INFO:colcon.colcon_notification.desktop_notification:Sending desktop notification using 'notify2'
[14.878s] DEBUG:colcon.colcon_core.event_reactor:joined thread
[14.879s] INFO:colcon.colcon_core.shell:Creating prefix script '/home/fins/Desktop/merged_lidar_ws/install/local_setup.ps1'
[14.879s] INFO:colcon.colcon_core.shell:Creating prefix util module '/home/fins/Desktop/merged_lidar_ws/install/_local_setup_util_ps1.py'
[14.880s] INFO:colcon.colcon_core.shell:Creating prefix chain script '/home/fins/Desktop/merged_lidar_ws/install/setup.ps1'
[14.881s] INFO:colcon.colcon_core.shell:Creating prefix script '/home/fins/Desktop/merged_lidar_ws/install/local_setup.sh'
[14.881s] INFO:colcon.colcon_core.shell:Creating prefix util module '/home/fins/Desktop/merged_lidar_ws/install/_local_setup_util_sh.py'
[14.882s] INFO:colcon.colcon_core.shell:Creating prefix chain script '/home/fins/Desktop/merged_lidar_ws/install/setup.sh'
[14.882s] INFO:colcon.colcon_core.shell:Creating prefix script '/home/fins/Desktop/merged_lidar_ws/install/local_setup.bash'
[14.883s] INFO:colcon.colcon_core.shell:Creating prefix chain script '/home/fins/Desktop/merged_lidar_ws/install/setup.bash'
[14.883s] INFO:colcon.colcon_core.shell:Creating prefix script '/home/fins/Desktop/merged_lidar_ws/install/local_setup.zsh'
[14.883s] INFO:colcon.colcon_core.shell:Creating prefix chain script '/home/fins/Desktop/merged_lidar_ws/install/setup.zsh'
