[0.010s] Invoking command in '/home/fins/Desktop/merged_lidar_ws/build/lidar_merge': CMAKE_PREFIX_PATH=/home/fins/Desktop/merged_lidar_ws/install/livox_ros_driver2:/home/fins/Desktop/merged_lidar_ws/install/lidar_merge:/opt/ros/humble LD_LIBRARY_PATH=/home/fins/Desktop/merged_lidar_ws/install/livox_ros_driver2/lib:/opt/ros/humble/opt/rviz_ogre_vendor/lib:/opt/ros/humble/lib/x86_64-linux-gnu:/opt/ros/humble/lib:/opt/MVS/lib/64:/opt/MVS/lib/32:/opt/MVS/lib/64:/opt/MVS/lib/32:/opt/MVS/lib/64:/opt/MVS/lib/32:/usr/local/lib:/usr/local/opencv-4.7.0/lib /usr/bin/cmake /home/fins/Desktop/merged_lidar_ws/src/lidar_merge -DROS_EDITION=ROS2 -DHUMBLE_ROS=humble -DCMAKE_INSTALL_PREFIX=/home/fins/Desktop/merged_lidar_ws/install/lidar_merge
[0.059s] -- The C compiler identification is GNU 11.4.0
[0.114s] -- The CXX compiler identification is GNU 11.4.0
[0.123s] -- Detecting C compiler ABI info
[0.213s] -- Detecting C compiler ABI info - done
[0.219s] -- Check for working C compiler: /usr/bin/cc - skipped
[0.219s] -- Detecting C compile features
[0.220s] -- Detecting C compile features - done
[0.222s] -- Detecting CXX compiler ABI info
[0.300s] -- Detecting CXX compiler ABI info - done
[0.307s] -- Check for working CXX compiler: /usr/bin/c++ - skipped
[0.307s] -- Detecting CXX compile features
[0.307s] -- Detecting CXX compile features - done
[0.310s] -- Found ament_cmake: 1.3.10 (/opt/ros/humble/share/ament_cmake/cmake)
[0.642s] -- Found Python3: /usr/bin/python3 (found version "3.10.12") found components: Interpreter 
[0.729s] -- Found ament_cmake_auto: 1.3.10 (/opt/ros/humble/share/ament_cmake_auto/cmake)
[0.822s] -- Found rosidl_generator_c: 3.1.5 (/opt/ros/humble/share/rosidl_generator_c/cmake)
[0.826s] -- Found rosidl_adapter: 3.1.5 (/opt/ros/humble/share/rosidl_adapter/cmake)
[0.834s] -- Found rosidl_generator_cpp: 3.1.5 (/opt/ros/humble/share/rosidl_generator_cpp/cmake)
[0.843s] -- Using all available rosidl_typesupport_c: rosidl_typesupport_fastrtps_c;rosidl_typesupport_introspection_c
[0.857s] -- Using all available rosidl_typesupport_cpp: rosidl_typesupport_fastrtps_cpp;rosidl_typesupport_introspection_cpp
[0.892s] -- Found rmw_implementation_cmake: 6.1.2 (/opt/ros/humble/share/rmw_implementation_cmake/cmake)
[0.894s] -- Found rmw_fastrtps_cpp: 6.2.7 (/opt/ros/humble/share/rmw_fastrtps_cpp/cmake)
[0.994s] -- Found OpenSSL: /usr/lib/x86_64-linux-gnu/libcrypto.so (found version "3.0.2")  
[1.024s] -- Found FastRTPS: /opt/ros/humble/include  
[1.066s] -- Using RMW implementation 'rmw_fastrtps_cpp' as default
[1.074s] -- Looking for pthread.h
[1.149s] -- Looking for pthread.h - found
[1.149s] -- Performing Test CMAKE_HAVE_LIBC_PTHREAD
[1.225s] -- Performing Test CMAKE_HAVE_LIBC_PTHREAD - Success
[1.225s] -- Found Threads: TRUE  
[1.385s] -- Found eigen3_cmake_module: 0.1.1 (/opt/ros/humble/share/eigen3_cmake_module/cmake)
[1.386s] -- Found Eigen3: TRUE (found version "3.4.0") 
[1.386s] -- Ensuring Eigen3 include directory is part of orocos-kdl CMake target
[1.441s] -- Checking for module 'eigen3'
[1.457s] --   Found eigen3, version 3.4.0
[1.497s] -- Found Eigen: /usr/include/eigen3 (Required is at least version "3.1") 
[1.498s] -- Eigen found (include: /usr/include/eigen3, version: 3.4.0)
[1.531s] -- Checking for module 'flann'
[1.547s] --   Found flann, version 1.9.1
[1.592s] -- Found FLANN: /usr/lib/x86_64-linux-gnu/libflann_cpp.so  
[1.592s] -- FLANN found (include: /usr/include, lib: /usr/lib/x86_64-linux-gnu/libflann_cpp.so)
[2.506s] -- Checking for module 'libusb-1.0'
[2.523s] --   Found libusb-1.0, version 1.0.25
[2.567s] -- Found libusb: /usr/lib/x86_64-linux-gnu/libusb-1.0.so  
[2.567s] -- OpenNI found (version: 1.5.4.0, include: /usr/include/ni, lib: /usr/lib/libOpenNI.so;libusb::libusb)
[2.636s] -- OpenNI2 found (version: 2.2.0.33, include: /usr/include/openni2, lib: /usr/lib/x86_64-linux-gnu/libOpenNI2.so;libusb::libusb)
[2.776s] -- Eigen found (include: /usr/include/eigen3, version: 3.4.0)
[2.782s] -- OpenNI found (version: 1.5.4.0, include: /usr/include/ni, lib: /usr/lib/libOpenNI.so;libusb::libusb)
[2.790s] -- OpenNI2 found (version: 2.2.0.33, include: /usr/include/openni2, lib: /usr/lib/x86_64-linux-gnu/libOpenNI2.so;libusb::libusb)
[2.919s] -- Found Qhull version 8.0.2
[3.066s] -- OpenNI found (version: 1.5.4.0, include: /usr/include/ni, lib: /usr/lib/libOpenNI.so;libusb::libusb)
[3.188s] -- Found PCL_COMMON: /usr/lib/x86_64-linux-gnu/libpcl_common.so  
[3.189s] -- Found PCL_KDTREE: /usr/lib/x86_64-linux-gnu/libpcl_kdtree.so  
[3.190s] -- Found PCL_OCTREE: /usr/lib/x86_64-linux-gnu/libpcl_octree.so  
[3.191s] -- Found PCL_SEARCH: /usr/lib/x86_64-linux-gnu/libpcl_search.so  
[3.191s] -- Found PCL_SAMPLE_CONSENSUS: /usr/lib/x86_64-linux-gnu/libpcl_sample_consensus.so  
[3.192s] -- Found PCL_FILTERS: /usr/lib/x86_64-linux-gnu/libpcl_filters.so  
[3.192s] -- Found PCL_2D: /usr/include/pcl-1.12  
[3.192s] -- Found PCL_GEOMETRY: /usr/include/pcl-1.12  
[3.193s] -- Found PCL_IO: /usr/lib/x86_64-linux-gnu/libpcl_io.so  
[3.194s] -- Found PCL_FEATURES: /usr/lib/x86_64-linux-gnu/libpcl_features.so  
[3.195s] -- Found PCL_ML: /usr/lib/x86_64-linux-gnu/libpcl_ml.so  
[3.195s] -- Found PCL_SEGMENTATION: /usr/lib/x86_64-linux-gnu/libpcl_segmentation.so  
[3.196s] -- Found PCL_VISUALIZATION: /usr/lib/x86_64-linux-gnu/libpcl_visualization.so  
[3.197s] -- Found PCL_SURFACE: /usr/lib/x86_64-linux-gnu/libpcl_surface.so  
[3.197s] -- Found PCL_REGISTRATION: /usr/lib/x86_64-linux-gnu/libpcl_registration.so  
[3.198s] -- Found PCL_KEYPOINTS: /usr/lib/x86_64-linux-gnu/libpcl_keypoints.so  
[3.199s] -- Found PCL_TRACKING: /usr/lib/x86_64-linux-gnu/libpcl_tracking.so  
[3.199s] -- Found PCL_RECOGNITION: /usr/lib/x86_64-linux-gnu/libpcl_recognition.so  
[3.200s] -- Found PCL_STEREO: /usr/lib/x86_64-linux-gnu/libpcl_stereo.so  
[3.201s] -- Found PCL_APPS: /usr/lib/x86_64-linux-gnu/libpcl_apps.so  
[3.201s] -- Found PCL_IN_HAND_SCANNER: /usr/include/pcl-1.12  
[3.202s] -- Found PCL_MODELER: /usr/include/pcl-1.12  
[3.202s] -- Found PCL_POINT_CLOUD_EDITOR: /usr/include/pcl-1.12  
[3.203s] -- Found PCL_OUTOFCORE: /usr/lib/x86_64-linux-gnu/libpcl_outofcore.so  
[3.203s] -- Found PCL_PEOPLE: /usr/lib/x86_64-linux-gnu/libpcl_people.so  
[3.218s] -- Configuring done
[3.231s] -- Generating done
[3.232s] [33mCMake Warning:
[3.233s]   Manually-specified variables were not used by the project:
[3.233s] 
[3.233s]     HUMBLE_ROS
[3.233s]     ROS_EDITION
[3.233s] 
[3.233s] [0m
[3.234s] -- Build files have been written to: /home/fins/Desktop/merged_lidar_ws/build/lidar_merge
[3.257s] Invoked command in '/home/fins/Desktop/merged_lidar_ws/build/lidar_merge' returned '0': CMAKE_PREFIX_PATH=/home/fins/Desktop/merged_lidar_ws/install/livox_ros_driver2:/home/fins/Desktop/merged_lidar_ws/install/lidar_merge:/opt/ros/humble LD_LIBRARY_PATH=/home/fins/Desktop/merged_lidar_ws/install/livox_ros_driver2/lib:/opt/ros/humble/opt/rviz_ogre_vendor/lib:/opt/ros/humble/lib/x86_64-linux-gnu:/opt/ros/humble/lib:/opt/MVS/lib/64:/opt/MVS/lib/32:/opt/MVS/lib/64:/opt/MVS/lib/32:/opt/MVS/lib/64:/opt/MVS/lib/32:/usr/local/lib:/usr/local/opencv-4.7.0/lib /usr/bin/cmake /home/fins/Desktop/merged_lidar_ws/src/lidar_merge -DROS_EDITION=ROS2 -DHUMBLE_ROS=humble -DCMAKE_INSTALL_PREFIX=/home/fins/Desktop/merged_lidar_ws/install/lidar_merge
[3.259s] Invoking command in '/home/fins/Desktop/merged_lidar_ws/build/lidar_merge': CMAKE_PREFIX_PATH=/home/fins/Desktop/merged_lidar_ws/install/livox_ros_driver2:/home/fins/Desktop/merged_lidar_ws/install/lidar_merge:/opt/ros/humble LD_LIBRARY_PATH=/home/fins/Desktop/merged_lidar_ws/install/livox_ros_driver2/lib:/opt/ros/humble/opt/rviz_ogre_vendor/lib:/opt/ros/humble/lib/x86_64-linux-gnu:/opt/ros/humble/lib:/opt/MVS/lib/64:/opt/MVS/lib/32:/opt/MVS/lib/64:/opt/MVS/lib/32:/opt/MVS/lib/64:/opt/MVS/lib/32:/usr/local/lib:/usr/local/opencv-4.7.0/lib /usr/bin/cmake --build /home/fins/Desktop/merged_lidar_ws/build/lidar_merge -- -j16 -l16
[3.313s] [ 50%] [32mBuilding CXX object CMakeFiles/merge_point_node.dir/src/merge.cpp.o[0m
[15.795s] [100%] [32m[1mLinking CXX executable merge_point_node[0m
[15.983s] [100%] Built target merge_point_node
[15.997s] Invoked command in '/home/fins/Desktop/merged_lidar_ws/build/lidar_merge' returned '0': CMAKE_PREFIX_PATH=/home/fins/Desktop/merged_lidar_ws/install/livox_ros_driver2:/home/fins/Desktop/merged_lidar_ws/install/lidar_merge:/opt/ros/humble LD_LIBRARY_PATH=/home/fins/Desktop/merged_lidar_ws/install/livox_ros_driver2/lib:/opt/ros/humble/opt/rviz_ogre_vendor/lib:/opt/ros/humble/lib/x86_64-linux-gnu:/opt/ros/humble/lib:/opt/MVS/lib/64:/opt/MVS/lib/32:/opt/MVS/lib/64:/opt/MVS/lib/32:/opt/MVS/lib/64:/opt/MVS/lib/32:/usr/local/lib:/usr/local/opencv-4.7.0/lib /usr/bin/cmake --build /home/fins/Desktop/merged_lidar_ws/build/lidar_merge -- -j16 -l16
[16.030s] Invoking command in '/home/fins/Desktop/merged_lidar_ws/build/lidar_merge': CMAKE_PREFIX_PATH=/home/fins/Desktop/merged_lidar_ws/install/livox_ros_driver2:/home/fins/Desktop/merged_lidar_ws/install/lidar_merge:/opt/ros/humble LD_LIBRARY_PATH=/home/fins/Desktop/merged_lidar_ws/install/livox_ros_driver2/lib:/opt/ros/humble/opt/rviz_ogre_vendor/lib:/opt/ros/humble/lib/x86_64-linux-gnu:/opt/ros/humble/lib:/opt/MVS/lib/64:/opt/MVS/lib/32:/opt/MVS/lib/64:/opt/MVS/lib/32:/opt/MVS/lib/64:/opt/MVS/lib/32:/usr/local/lib:/usr/local/opencv-4.7.0/lib /usr/bin/cmake --install /home/fins/Desktop/merged_lidar_ws/build/lidar_merge
[16.038s] -- Install configuration: "Release"
[16.038s] -- Installing: /home/fins/Desktop/merged_lidar_ws/install/lidar_merge/include
[16.039s] -- Installing: /home/fins/Desktop/merged_lidar_ws/install/lidar_merge/include/lidar_merge
[16.039s] -- Installing: /home/fins/Desktop/merged_lidar_ws/install/lidar_merge/lib/lidar_merge/merge_point_node
[16.040s] -- Set runtime path of "/home/fins/Desktop/merged_lidar_ws/install/lidar_merge/lib/lidar_merge/merge_point_node" to ""
[16.040s] -- Installing: /home/fins/Desktop/merged_lidar_ws/install/lidar_merge/share/lidar_merge/launch
[16.040s] -- Installing: /home/fins/Desktop/merged_lidar_ws/install/lidar_merge/share/ament_index/resource_index/package_run_dependencies/lidar_merge
[16.041s] -- Installing: /home/fins/Desktop/merged_lidar_ws/install/lidar_merge/share/ament_index/resource_index/parent_prefix_path/lidar_merge
[16.041s] -- Installing: /home/fins/Desktop/merged_lidar_ws/install/lidar_merge/share/lidar_merge/environment/ament_prefix_path.sh
[16.041s] -- Installing: /home/fins/Desktop/merged_lidar_ws/install/lidar_merge/share/lidar_merge/environment/ament_prefix_path.dsv
[16.041s] -- Installing: /home/fins/Desktop/merged_lidar_ws/install/lidar_merge/share/lidar_merge/environment/path.sh
[16.041s] -- Installing: /home/fins/Desktop/merged_lidar_ws/install/lidar_merge/share/lidar_merge/environment/path.dsv
[16.041s] -- Installing: /home/fins/Desktop/merged_lidar_ws/install/lidar_merge/share/lidar_merge/local_setup.bash
[16.041s] -- Installing: /home/fins/Desktop/merged_lidar_ws/install/lidar_merge/share/lidar_merge/local_setup.sh
[16.042s] -- Installing: /home/fins/Desktop/merged_lidar_ws/install/lidar_merge/share/lidar_merge/local_setup.zsh
[16.042s] -- Installing: /home/fins/Desktop/merged_lidar_ws/install/lidar_merge/share/lidar_merge/local_setup.dsv
[16.042s] -- Installing: /home/fins/Desktop/merged_lidar_ws/install/lidar_merge/share/lidar_merge/package.dsv
[16.042s] -- Installing: /home/fins/Desktop/merged_lidar_ws/install/lidar_merge/share/ament_index/resource_index/packages/lidar_merge
[16.042s] -- Installing: /home/fins/Desktop/merged_lidar_ws/install/lidar_merge/share/lidar_merge/cmake/ament_cmake_export_dependencies-extras.cmake
[16.042s] -- Installing: /home/fins/Desktop/merged_lidar_ws/install/lidar_merge/share/lidar_merge/cmake/ament_cmake_export_include_directories-extras.cmake
[16.042s] -- Installing: /home/fins/Desktop/merged_lidar_ws/install/lidar_merge/share/lidar_merge/cmake/lidar_mergeConfig.cmake
[16.043s] -- Installing: /home/fins/Desktop/merged_lidar_ws/install/lidar_merge/share/lidar_merge/cmake/lidar_mergeConfig-version.cmake
[16.043s] -- Installing: /home/fins/Desktop/merged_lidar_ws/install/lidar_merge/share/lidar_merge/package.xml
[16.045s] Invoked command in '/home/fins/Desktop/merged_lidar_ws/build/lidar_merge' returned '0': CMAKE_PREFIX_PATH=/home/fins/Desktop/merged_lidar_ws/install/livox_ros_driver2:/home/fins/Desktop/merged_lidar_ws/install/lidar_merge:/opt/ros/humble LD_LIBRARY_PATH=/home/fins/Desktop/merged_lidar_ws/install/livox_ros_driver2/lib:/opt/ros/humble/opt/rviz_ogre_vendor/lib:/opt/ros/humble/lib/x86_64-linux-gnu:/opt/ros/humble/lib:/opt/MVS/lib/64:/opt/MVS/lib/32:/opt/MVS/lib/64:/opt/MVS/lib/32:/opt/MVS/lib/64:/opt/MVS/lib/32:/usr/local/lib:/usr/local/opencv-4.7.0/lib /usr/bin/cmake --install /home/fins/Desktop/merged_lidar_ws/build/lidar_merge
