[0.119s] DEBUG:colcon:Command line arguments: ['/usr/bin/colcon', 'build', '--cmake-args', '-DROS_EDITION=ROS2', '-DHUMBLE_ROS=humble']
[0.119s] DEBUG:colcon:Parsed command line arguments: Namespace(log_base=None, log_level=None, verb_name='build', build_base='build', install_base='install', merge_install=False, symlink_install=False, test_result_base=None, continue_on_error=False, executor='parallel', parallel_workers=16, event_handlers=None, ignore_user_meta=False, metas=['./colcon.meta'], base_paths=['.'], packages_ignore=None, packages_ignore_regex=None, paths=None, packages_up_to=None, packages_up_to_regex=None, packages_above=None, packages_above_and_dependencies=None, packages_above_depth=None, packages_select_by_dep=None, packages_skip_by_dep=None, packages_skip_up_to=None, packages_select_build_failed=False, packages_skip_build_finished=False, packages_select_test_failures=False, packages_skip_test_passed=False, packages_select=None, packages_skip=None, packages_select_regex=None, packages_skip_regex=None, packages_start=None, packages_end=None, allow_overriding=[], cmake_args=['-DROS_EDITION=ROS2', '-DHUMBLE_ROS=humble'], cmake_target=None, cmake_target_skip_unavailable=False, cmake_clean_cache=False, cmake_clean_first=False, cmake_force_configure=False, ament_cmake_args=None, catkin_cmake_args=None, catkin_skip_building_tests=False, verb_parser=<colcon_defaults.argument_parser.defaults.DefaultArgumentsDecorator object at 0x70e2e0c3e260>, verb_extension=<colcon_core.verb.build.BuildVerb object at 0x70e2e0d4ae30>, main=<bound method BuildVerb.main of <colcon_core.verb.build.BuildVerb object at 0x70e2e0d4ae30>>)
[0.162s] Level 1:colcon.colcon_core.package_discovery:discover_packages(colcon_meta) check parameters
[0.162s] Level 1:colcon.colcon_core.package_discovery:discover_packages(recursive) check parameters
[0.162s] Level 1:colcon.colcon_core.package_discovery:discover_packages(ignore) check parameters
[0.162s] Level 1:colcon.colcon_core.package_discovery:discover_packages(path) check parameters
[0.162s] Level 1:colcon.colcon_core.package_discovery:discover_packages(colcon_meta) discover
[0.162s] Level 1:colcon.colcon_core.package_discovery:discover_packages(recursive) discover
[0.162s] INFO:colcon.colcon_core.package_discovery:Crawling recursively for packages in '/home/fins/Desktop/merged_lidar_ws'
[0.162s] Level 1:colcon.colcon_core.package_identification:_identify(.) by extensions ['ignore', 'ignore_ament_install']
[0.163s] Level 1:colcon.colcon_core.package_identification:_identify(.) by extension 'ignore'
[0.163s] Level 1:colcon.colcon_core.package_identification:_identify(.) by extension 'ignore_ament_install'
[0.163s] Level 1:colcon.colcon_core.package_identification:_identify(.) by extensions ['colcon_pkg']
[0.163s] Level 1:colcon.colcon_core.package_identification:_identify(.) by extension 'colcon_pkg'
[0.163s] Level 1:colcon.colcon_core.package_identification:_identify(.) by extensions ['colcon_meta']
[0.163s] Level 1:colcon.colcon_core.package_identification:_identify(.) by extension 'colcon_meta'
[0.163s] Level 1:colcon.colcon_core.package_identification:_identify(.) by extensions ['ros']
[0.163s] Level 1:colcon.colcon_core.package_identification:_identify(.) by extension 'ros'
[0.179s] Level 1:colcon.colcon_core.package_identification:_identify(.) by extensions ['cmake', 'python']
[0.179s] Level 1:colcon.colcon_core.package_identification:_identify(.) by extension 'cmake'
[0.179s] Level 1:colcon.colcon_core.package_identification:_identify(.) by extension 'python'
[0.179s] Level 1:colcon.colcon_core.package_identification:_identify(.) by extensions ['python_setup_py']
[0.179s] Level 1:colcon.colcon_core.package_identification:_identify(.) by extension 'python_setup_py'
[0.180s] Level 1:colcon.colcon_core.package_identification:_identify(build) by extensions ['ignore', 'ignore_ament_install']
[0.180s] Level 1:colcon.colcon_core.package_identification:_identify(build) by extension 'ignore'
[0.180s] Level 1:colcon.colcon_core.package_identification:_identify(build) ignored
[0.180s] Level 1:colcon.colcon_core.package_identification:_identify(install) by extensions ['ignore', 'ignore_ament_install']
[0.180s] Level 1:colcon.colcon_core.package_identification:_identify(install) by extension 'ignore'
[0.180s] Level 1:colcon.colcon_core.package_identification:_identify(install) ignored
[0.180s] Level 1:colcon.colcon_core.package_identification:_identify(log) by extensions ['ignore', 'ignore_ament_install']
[0.180s] Level 1:colcon.colcon_core.package_identification:_identify(log) by extension 'ignore'
[0.180s] Level 1:colcon.colcon_core.package_identification:_identify(log) ignored
[0.181s] Level 1:colcon.colcon_core.package_identification:_identify(src) by extensions ['ignore', 'ignore_ament_install']
[0.181s] Level 1:colcon.colcon_core.package_identification:_identify(src) by extension 'ignore'
[0.181s] Level 1:colcon.colcon_core.package_identification:_identify(src) by extension 'ignore_ament_install'
[0.181s] Level 1:colcon.colcon_core.package_identification:_identify(src) by extensions ['colcon_pkg']
[0.181s] Level 1:colcon.colcon_core.package_identification:_identify(src) by extension 'colcon_pkg'
[0.181s] Level 1:colcon.colcon_core.package_identification:_identify(src) by extensions ['colcon_meta']
[0.181s] Level 1:colcon.colcon_core.package_identification:_identify(src) by extension 'colcon_meta'
[0.181s] Level 1:colcon.colcon_core.package_identification:_identify(src) by extensions ['ros']
[0.181s] Level 1:colcon.colcon_core.package_identification:_identify(src) by extension 'ros'
[0.181s] Level 1:colcon.colcon_core.package_identification:_identify(src) by extensions ['cmake', 'python']
[0.181s] Level 1:colcon.colcon_core.package_identification:_identify(src) by extension 'cmake'
[0.181s] Level 1:colcon.colcon_core.package_identification:_identify(src) by extension 'python'
[0.181s] Level 1:colcon.colcon_core.package_identification:_identify(src) by extensions ['python_setup_py']
[0.181s] Level 1:colcon.colcon_core.package_identification:_identify(src) by extension 'python_setup_py'
[0.181s] Level 1:colcon.colcon_core.package_identification:_identify(src/lidar_merge) by extensions ['ignore', 'ignore_ament_install']
[0.182s] Level 1:colcon.colcon_core.package_identification:_identify(src/lidar_merge) by extension 'ignore'
[0.182s] Level 1:colcon.colcon_core.package_identification:_identify(src/lidar_merge) by extension 'ignore_ament_install'
[0.182s] Level 1:colcon.colcon_core.package_identification:_identify(src/lidar_merge) by extensions ['colcon_pkg']
[0.182s] Level 1:colcon.colcon_core.package_identification:_identify(src/lidar_merge) by extension 'colcon_pkg'
[0.182s] Level 1:colcon.colcon_core.package_identification:_identify(src/lidar_merge) by extensions ['colcon_meta']
[0.182s] Level 1:colcon.colcon_core.package_identification:_identify(src/lidar_merge) by extension 'colcon_meta'
[0.182s] Level 1:colcon.colcon_core.package_identification:_identify(src/lidar_merge) by extensions ['ros']
[0.182s] Level 1:colcon.colcon_core.package_identification:_identify(src/lidar_merge) by extension 'ros'
[0.185s] DEBUG:colcon.colcon_core.package_identification:Package 'src/lidar_merge' with type 'ros.ament_cmake' and name 'lidar_merge'
[0.185s] Level 1:colcon.colcon_core.package_identification:_identify(src/livox_ros_driver2) by extensions ['ignore', 'ignore_ament_install']
[0.185s] Level 1:colcon.colcon_core.package_identification:_identify(src/livox_ros_driver2) by extension 'ignore'
[0.185s] Level 1:colcon.colcon_core.package_identification:_identify(src/livox_ros_driver2) by extension 'ignore_ament_install'
[0.185s] Level 1:colcon.colcon_core.package_identification:_identify(src/livox_ros_driver2) by extensions ['colcon_pkg']
[0.185s] Level 1:colcon.colcon_core.package_identification:_identify(src/livox_ros_driver2) by extension 'colcon_pkg'
[0.185s] Level 1:colcon.colcon_core.package_identification:_identify(src/livox_ros_driver2) by extensions ['colcon_meta']
[0.186s] Level 1:colcon.colcon_core.package_identification:_identify(src/livox_ros_driver2) by extension 'colcon_meta'
[0.186s] Level 1:colcon.colcon_core.package_identification:_identify(src/livox_ros_driver2) by extensions ['ros']
[0.186s] Level 1:colcon.colcon_core.package_identification:_identify(src/livox_ros_driver2) by extension 'ros'
[0.187s] DEBUG:colcon.colcon_core.package_identification:Package 'src/livox_ros_driver2' with type 'ros.ament_cmake' and name 'livox_ros_driver2'
[0.187s] Level 1:colcon.colcon_core.package_discovery:discover_packages(recursive) using defaults
[0.187s] Level 1:colcon.colcon_core.package_discovery:discover_packages(ignore) discover
[0.187s] Level 1:colcon.colcon_core.package_discovery:discover_packages(ignore) using defaults
[0.187s] Level 1:colcon.colcon_core.package_discovery:discover_packages(path) discover
[0.187s] Level 1:colcon.colcon_core.package_discovery:discover_packages(path) using defaults
[0.209s] Level 1:colcon.colcon_core.package_discovery:discover_packages(prefix_path) check parameters
[0.209s] Level 1:colcon.colcon_core.package_discovery:discover_packages(prefix_path) discover
[0.210s] WARNING:colcon.colcon_ros.prefix_path.ament:The path '/home/fins/Desktop/merged_lidar_ws/install/lidar_merge' in the environment variable AMENT_PREFIX_PATH doesn't exist
[0.210s] WARNING:colcon.colcon_ros.prefix_path.ament:The path '/home/fins/Desktop/merged_lidar_ws/install/livox_ros_driver2' in the environment variable AMENT_PREFIX_PATH doesn't exist
[0.211s] WARNING:colcon.colcon_ros.prefix_path.catkin:The path '/home/fins/Desktop/merged_lidar_ws/install/lidar_merge' in the environment variable CMAKE_PREFIX_PATH doesn't exist
[0.211s] WARNING:colcon.colcon_ros.prefix_path.catkin:The path '/home/fins/Desktop/merged_lidar_ws/install/livox_ros_driver2' in the environment variable CMAKE_PREFIX_PATH doesn't exist
[0.211s] DEBUG:colcon.colcon_installed_package_information.package_discovery:Found 0 installed packages in /home/fins/Desktop/merged_lidar_ws/install
[0.213s] DEBUG:colcon.colcon_installed_package_information.package_discovery:Found 378 installed packages in /opt/ros/humble
[0.215s] Level 1:colcon.colcon_core.package_discovery:discover_packages(prefix_path) using defaults
[0.271s] Level 5:colcon.colcon_core.verb:set package 'livox_ros_driver2' build argument 'cmake_args' from command line to '['-DROS_EDITION=ROS2', '-DHUMBLE_ROS=humble']'
[0.272s] Level 5:colcon.colcon_core.verb:set package 'livox_ros_driver2' build argument 'cmake_target' from command line to 'None'
[0.272s] Level 5:colcon.colcon_core.verb:set package 'livox_ros_driver2' build argument 'cmake_target_skip_unavailable' from command line to 'False'
[0.272s] Level 5:colcon.colcon_core.verb:set package 'livox_ros_driver2' build argument 'cmake_clean_cache' from command line to 'False'
[0.272s] Level 5:colcon.colcon_core.verb:set package 'livox_ros_driver2' build argument 'cmake_clean_first' from command line to 'False'
[0.272s] Level 5:colcon.colcon_core.verb:set package 'livox_ros_driver2' build argument 'cmake_force_configure' from command line to 'False'
[0.272s] Level 5:colcon.colcon_core.verb:set package 'livox_ros_driver2' build argument 'ament_cmake_args' from command line to 'None'
[0.272s] Level 5:colcon.colcon_core.verb:set package 'livox_ros_driver2' build argument 'catkin_cmake_args' from command line to 'None'
[0.272s] Level 5:colcon.colcon_core.verb:set package 'livox_ros_driver2' build argument 'catkin_skip_building_tests' from command line to 'False'
[0.272s] DEBUG:colcon.colcon_core.verb:Building package 'livox_ros_driver2' with the following arguments: {'ament_cmake_args': None, 'build_base': '/home/fins/Desktop/merged_lidar_ws/build/livox_ros_driver2', 'catkin_cmake_args': None, 'catkin_skip_building_tests': False, 'cmake_args': ['-DROS_EDITION=ROS2', '-DHUMBLE_ROS=humble'], 'cmake_clean_cache': False, 'cmake_clean_first': False, 'cmake_force_configure': False, 'cmake_target': None, 'cmake_target_skip_unavailable': False, 'install_base': '/home/fins/Desktop/merged_lidar_ws/install/livox_ros_driver2', 'merge_install': False, 'path': '/home/fins/Desktop/merged_lidar_ws/src/livox_ros_driver2', 'symlink_install': False, 'test_result_base': None}
[0.273s] Level 5:colcon.colcon_core.verb:set package 'lidar_merge' build argument 'cmake_args' from command line to '['-DROS_EDITION=ROS2', '-DHUMBLE_ROS=humble']'
[0.273s] Level 5:colcon.colcon_core.verb:set package 'lidar_merge' build argument 'cmake_target' from command line to 'None'
[0.273s] Level 5:colcon.colcon_core.verb:set package 'lidar_merge' build argument 'cmake_target_skip_unavailable' from command line to 'False'
[0.273s] Level 5:colcon.colcon_core.verb:set package 'lidar_merge' build argument 'cmake_clean_cache' from command line to 'False'
[0.273s] Level 5:colcon.colcon_core.verb:set package 'lidar_merge' build argument 'cmake_clean_first' from command line to 'False'
[0.273s] Level 5:colcon.colcon_core.verb:set package 'lidar_merge' build argument 'cmake_force_configure' from command line to 'False'
[0.273s] Level 5:colcon.colcon_core.verb:set package 'lidar_merge' build argument 'ament_cmake_args' from command line to 'None'
[0.273s] Level 5:colcon.colcon_core.verb:set package 'lidar_merge' build argument 'catkin_cmake_args' from command line to 'None'
[0.273s] Level 5:colcon.colcon_core.verb:set package 'lidar_merge' build argument 'catkin_skip_building_tests' from command line to 'False'
[0.273s] DEBUG:colcon.colcon_core.verb:Building package 'lidar_merge' with the following arguments: {'ament_cmake_args': None, 'build_base': '/home/fins/Desktop/merged_lidar_ws/build/lidar_merge', 'catkin_cmake_args': None, 'catkin_skip_building_tests': False, 'cmake_args': ['-DROS_EDITION=ROS2', '-DHUMBLE_ROS=humble'], 'cmake_clean_cache': False, 'cmake_clean_first': False, 'cmake_force_configure': False, 'cmake_target': None, 'cmake_target_skip_unavailable': False, 'install_base': '/home/fins/Desktop/merged_lidar_ws/install/lidar_merge', 'merge_install': False, 'path': '/home/fins/Desktop/merged_lidar_ws/src/lidar_merge', 'symlink_install': False, 'test_result_base': None}
[0.273s] INFO:colcon.colcon_core.executor:Executing jobs using 'parallel' executor
[0.275s] DEBUG:colcon.colcon_parallel_executor.executor.parallel:run_until_complete
[0.275s] INFO:colcon.colcon_ros.task.ament_cmake.build:Building ROS package in '/home/fins/Desktop/merged_lidar_ws/src/livox_ros_driver2' with build type 'ament_cmake'
[0.275s] INFO:colcon.colcon_cmake.task.cmake.build:Building CMake package in '/home/fins/Desktop/merged_lidar_ws/src/livox_ros_driver2'
[0.277s] INFO:colcon.colcon_core.plugin_system:Skipping extension 'colcon_core.shell.bat': Not used on non-Windows systems
[0.277s] INFO:colcon.colcon_core.shell:Skip shell extension 'powershell' for command environment: Not usable outside of PowerShell
[0.277s] DEBUG:colcon.colcon_core.shell:Skip shell extension 'dsv' for command environment
[0.288s] DEBUG:colcon.colcon_core.event_handler.log_command:Invoking command in '/home/fins/Desktop/merged_lidar_ws/build/livox_ros_driver2': CMAKE_PREFIX_PATH=${CMAKE_PREFIX_PATH}:/opt/ros/humble /usr/bin/cmake /home/fins/Desktop/merged_lidar_ws/src/livox_ros_driver2 -DROS_EDITION=ROS2 -DHUMBLE_ROS=humble -DCMAKE_INSTALL_PREFIX=/home/fins/Desktop/merged_lidar_ws/install/livox_ros_driver2
[4.112s] DEBUG:colcon.colcon_core.event_handler.log_command:Invoked command in '/home/fins/Desktop/merged_lidar_ws/build/livox_ros_driver2' returned '0': CMAKE_PREFIX_PATH=${CMAKE_PREFIX_PATH}:/opt/ros/humble /usr/bin/cmake /home/fins/Desktop/merged_lidar_ws/src/livox_ros_driver2 -DROS_EDITION=ROS2 -DHUMBLE_ROS=humble -DCMAKE_INSTALL_PREFIX=/home/fins/Desktop/merged_lidar_ws/install/livox_ros_driver2
[4.114s] DEBUG:colcon.colcon_core.event_handler.log_command:Invoking command in '/home/fins/Desktop/merged_lidar_ws/build/livox_ros_driver2': CMAKE_PREFIX_PATH=${CMAKE_PREFIX_PATH}:/opt/ros/humble /usr/bin/cmake --build /home/fins/Desktop/merged_lidar_ws/build/livox_ros_driver2 -- -j16 -l16
[13.491s] DEBUG:colcon.colcon_core.event_handler.log_command:Invoked command in '/home/fins/Desktop/merged_lidar_ws/build/livox_ros_driver2' returned '0': CMAKE_PREFIX_PATH=${CMAKE_PREFIX_PATH}:/opt/ros/humble /usr/bin/cmake --build /home/fins/Desktop/merged_lidar_ws/build/livox_ros_driver2 -- -j16 -l16
[13.639s] DEBUG:colcon.colcon_core.event_handler.log_command:Invoking command in '/home/fins/Desktop/merged_lidar_ws/build/livox_ros_driver2': CMAKE_PREFIX_PATH=${CMAKE_PREFIX_PATH}:/opt/ros/humble /usr/bin/cmake --install /home/fins/Desktop/merged_lidar_ws/build/livox_ros_driver2
[13.706s] Level 1:colcon.colcon_core.environment:create_environment_scripts_only(livox_ros_driver2)
[13.707s] DEBUG:colcon.colcon_core.event_handler.log_command:Invoked command in '/home/fins/Desktop/merged_lidar_ws/build/livox_ros_driver2' returned '0': CMAKE_PREFIX_PATH=${CMAKE_PREFIX_PATH}:/opt/ros/humble /usr/bin/cmake --install /home/fins/Desktop/merged_lidar_ws/build/livox_ros_driver2
[13.709s] Level 1:colcon.colcon_core.environment:checking '/home/fins/Desktop/merged_lidar_ws/install/livox_ros_driver2' for CMake module files
[13.709s] Level 1:colcon.colcon_core.environment:checking '/home/fins/Desktop/merged_lidar_ws/install/livox_ros_driver2' for CMake config files
[13.710s] Level 1:colcon.colcon_core.shell:create_environment_hook('livox_ros_driver2', 'cmake_prefix_path')
[13.710s] INFO:colcon.colcon_core.shell:Creating environment hook '/home/fins/Desktop/merged_lidar_ws/install/livox_ros_driver2/share/livox_ros_driver2/hook/cmake_prefix_path.ps1'
[13.710s] INFO:colcon.colcon_core.shell:Creating environment descriptor '/home/fins/Desktop/merged_lidar_ws/install/livox_ros_driver2/share/livox_ros_driver2/hook/cmake_prefix_path.dsv'
[13.711s] INFO:colcon.colcon_core.shell:Creating environment hook '/home/fins/Desktop/merged_lidar_ws/install/livox_ros_driver2/share/livox_ros_driver2/hook/cmake_prefix_path.sh'
[13.711s] Level 1:colcon.colcon_core.environment:checking '/home/fins/Desktop/merged_lidar_ws/install/livox_ros_driver2/lib'
[13.711s] Level 1:colcon.colcon_core.shell:create_environment_hook('livox_ros_driver2', 'ld_library_path_lib')
[13.712s] INFO:colcon.colcon_core.shell:Creating environment hook '/home/fins/Desktop/merged_lidar_ws/install/livox_ros_driver2/share/livox_ros_driver2/hook/ld_library_path_lib.ps1'
[13.712s] INFO:colcon.colcon_core.shell:Creating environment descriptor '/home/fins/Desktop/merged_lidar_ws/install/livox_ros_driver2/share/livox_ros_driver2/hook/ld_library_path_lib.dsv'
[13.712s] INFO:colcon.colcon_core.shell:Creating environment hook '/home/fins/Desktop/merged_lidar_ws/install/livox_ros_driver2/share/livox_ros_driver2/hook/ld_library_path_lib.sh'
[13.712s] Level 1:colcon.colcon_core.environment:checking '/home/fins/Desktop/merged_lidar_ws/install/livox_ros_driver2/bin'
[13.712s] Level 1:colcon.colcon_core.environment:checking '/home/fins/Desktop/merged_lidar_ws/install/livox_ros_driver2/lib/pkgconfig/livox_ros_driver2.pc'
[13.713s] Level 1:colcon.colcon_core.environment:checking '/home/fins/Desktop/merged_lidar_ws/install/livox_ros_driver2/lib/python3.10/site-packages'
[13.713s] Level 1:colcon.colcon_core.environment:checking '/home/fins/Desktop/merged_lidar_ws/install/livox_ros_driver2/bin'
[13.713s] INFO:colcon.colcon_core.shell:Creating package script '/home/fins/Desktop/merged_lidar_ws/install/livox_ros_driver2/share/livox_ros_driver2/package.ps1'
[13.714s] INFO:colcon.colcon_core.shell:Creating package descriptor '/home/fins/Desktop/merged_lidar_ws/install/livox_ros_driver2/share/livox_ros_driver2/package.dsv'
[13.714s] INFO:colcon.colcon_core.shell:Creating package script '/home/fins/Desktop/merged_lidar_ws/install/livox_ros_driver2/share/livox_ros_driver2/package.sh'
[13.715s] INFO:colcon.colcon_core.shell:Creating package script '/home/fins/Desktop/merged_lidar_ws/install/livox_ros_driver2/share/livox_ros_driver2/package.bash'
[13.715s] INFO:colcon.colcon_core.shell:Creating package script '/home/fins/Desktop/merged_lidar_ws/install/livox_ros_driver2/share/livox_ros_driver2/package.zsh'
[13.716s] Level 1:colcon.colcon_core.environment:create_file_with_runtime_dependencies(/home/fins/Desktop/merged_lidar_ws/install/livox_ros_driver2/share/colcon-core/packages/livox_ros_driver2)
[13.852s] Level 1:colcon.colcon_core.environment:create_environment_scripts_only(livox_ros_driver2)
[13.852s] Level 1:colcon.colcon_core.environment:checking '/home/fins/Desktop/merged_lidar_ws/install/livox_ros_driver2' for CMake module files
[13.853s] Level 1:colcon.colcon_core.environment:checking '/home/fins/Desktop/merged_lidar_ws/install/livox_ros_driver2' for CMake config files
[13.853s] Level 1:colcon.colcon_core.shell:create_environment_hook('livox_ros_driver2', 'cmake_prefix_path')
[13.853s] INFO:colcon.colcon_core.shell:Creating environment hook '/home/fins/Desktop/merged_lidar_ws/install/livox_ros_driver2/share/livox_ros_driver2/hook/cmake_prefix_path.ps1'
[13.854s] INFO:colcon.colcon_core.shell:Creating environment descriptor '/home/fins/Desktop/merged_lidar_ws/install/livox_ros_driver2/share/livox_ros_driver2/hook/cmake_prefix_path.dsv'
[13.854s] INFO:colcon.colcon_core.shell:Creating environment hook '/home/fins/Desktop/merged_lidar_ws/install/livox_ros_driver2/share/livox_ros_driver2/hook/cmake_prefix_path.sh'
[13.855s] Level 1:colcon.colcon_core.environment:checking '/home/fins/Desktop/merged_lidar_ws/install/livox_ros_driver2/lib'
[13.855s] Level 1:colcon.colcon_core.shell:create_environment_hook('livox_ros_driver2', 'ld_library_path_lib')
[13.855s] INFO:colcon.colcon_core.shell:Creating environment hook '/home/fins/Desktop/merged_lidar_ws/install/livox_ros_driver2/share/livox_ros_driver2/hook/ld_library_path_lib.ps1'
[13.855s] INFO:colcon.colcon_core.shell:Creating environment descriptor '/home/fins/Desktop/merged_lidar_ws/install/livox_ros_driver2/share/livox_ros_driver2/hook/ld_library_path_lib.dsv'
[13.855s] INFO:colcon.colcon_core.shell:Creating environment hook '/home/fins/Desktop/merged_lidar_ws/install/livox_ros_driver2/share/livox_ros_driver2/hook/ld_library_path_lib.sh'
[13.856s] Level 1:colcon.colcon_core.environment:checking '/home/fins/Desktop/merged_lidar_ws/install/livox_ros_driver2/bin'
[13.856s] Level 1:colcon.colcon_core.environment:checking '/home/fins/Desktop/merged_lidar_ws/install/livox_ros_driver2/lib/pkgconfig/livox_ros_driver2.pc'
[13.856s] Level 1:colcon.colcon_core.environment:checking '/home/fins/Desktop/merged_lidar_ws/install/livox_ros_driver2/lib/python3.10/site-packages'
[13.856s] Level 1:colcon.colcon_core.environment:checking '/home/fins/Desktop/merged_lidar_ws/install/livox_ros_driver2/bin'
[13.856s] INFO:colcon.colcon_core.shell:Creating package script '/home/fins/Desktop/merged_lidar_ws/install/livox_ros_driver2/share/livox_ros_driver2/package.ps1'
[13.856s] INFO:colcon.colcon_core.shell:Creating package descriptor '/home/fins/Desktop/merged_lidar_ws/install/livox_ros_driver2/share/livox_ros_driver2/package.dsv'
[13.857s] INFO:colcon.colcon_core.shell:Creating package script '/home/fins/Desktop/merged_lidar_ws/install/livox_ros_driver2/share/livox_ros_driver2/package.sh'
[13.857s] INFO:colcon.colcon_core.shell:Creating package script '/home/fins/Desktop/merged_lidar_ws/install/livox_ros_driver2/share/livox_ros_driver2/package.bash'
[13.857s] INFO:colcon.colcon_core.shell:Creating package script '/home/fins/Desktop/merged_lidar_ws/install/livox_ros_driver2/share/livox_ros_driver2/package.zsh'
[13.858s] Level 1:colcon.colcon_core.environment:create_file_with_runtime_dependencies(/home/fins/Desktop/merged_lidar_ws/install/livox_ros_driver2/share/colcon-core/packages/livox_ros_driver2)
[13.858s] INFO:colcon.colcon_ros.task.ament_cmake.build:Building ROS package in '/home/fins/Desktop/merged_lidar_ws/src/lidar_merge' with build type 'ament_cmake'
[13.858s] INFO:colcon.colcon_cmake.task.cmake.build:Building CMake package in '/home/fins/Desktop/merged_lidar_ws/src/lidar_merge'
[13.858s] INFO:colcon.colcon_core.shell:Skip shell extension 'powershell' for command environment: Not usable outside of PowerShell
[13.858s] DEBUG:colcon.colcon_core.shell:Skip shell extension 'dsv' for command environment
[13.868s] DEBUG:colcon.colcon_core.event_handler.log_command:Invoking command in '/home/fins/Desktop/merged_lidar_ws/build/lidar_merge': CMAKE_PREFIX_PATH=/home/fins/Desktop/merged_lidar_ws/install/livox_ros_driver2:/home/fins/Desktop/merged_lidar_ws/install/lidar_merge:/opt/ros/humble LD_LIBRARY_PATH=/home/fins/Desktop/merged_lidar_ws/install/livox_ros_driver2/lib:/opt/ros/humble/opt/rviz_ogre_vendor/lib:/opt/ros/humble/lib/x86_64-linux-gnu:/opt/ros/humble/lib:/opt/MVS/lib/64:/opt/MVS/lib/32:/opt/MVS/lib/64:/opt/MVS/lib/32:/opt/MVS/lib/64:/opt/MVS/lib/32:/usr/local/lib:/usr/local/opencv-4.7.0/lib /usr/bin/cmake /home/fins/Desktop/merged_lidar_ws/src/lidar_merge -DROS_EDITION=ROS2 -DHUMBLE_ROS=humble -DCMAKE_INSTALL_PREFIX=/home/fins/Desktop/merged_lidar_ws/install/lidar_merge
[16.825s] DEBUG:colcon.colcon_core.event_handler.log_command:Invoked command in '/home/fins/Desktop/merged_lidar_ws/build/lidar_merge' returned '0': CMAKE_PREFIX_PATH=/home/fins/Desktop/merged_lidar_ws/install/livox_ros_driver2:/home/fins/Desktop/merged_lidar_ws/install/lidar_merge:/opt/ros/humble LD_LIBRARY_PATH=/home/fins/Desktop/merged_lidar_ws/install/livox_ros_driver2/lib:/opt/ros/humble/opt/rviz_ogre_vendor/lib:/opt/ros/humble/lib/x86_64-linux-gnu:/opt/ros/humble/lib:/opt/MVS/lib/64:/opt/MVS/lib/32:/opt/MVS/lib/64:/opt/MVS/lib/32:/opt/MVS/lib/64:/opt/MVS/lib/32:/usr/local/lib:/usr/local/opencv-4.7.0/lib /usr/bin/cmake /home/fins/Desktop/merged_lidar_ws/src/lidar_merge -DROS_EDITION=ROS2 -DHUMBLE_ROS=humble -DCMAKE_INSTALL_PREFIX=/home/fins/Desktop/merged_lidar_ws/install/lidar_merge
[16.825s] DEBUG:colcon.colcon_core.event_handler.log_command:Invoking command in '/home/fins/Desktop/merged_lidar_ws/build/lidar_merge': CMAKE_PREFIX_PATH=/home/fins/Desktop/merged_lidar_ws/install/livox_ros_driver2:/home/fins/Desktop/merged_lidar_ws/install/lidar_merge:/opt/ros/humble LD_LIBRARY_PATH=/home/fins/Desktop/merged_lidar_ws/install/livox_ros_driver2/lib:/opt/ros/humble/opt/rviz_ogre_vendor/lib:/opt/ros/humble/lib/x86_64-linux-gnu:/opt/ros/humble/lib:/opt/MVS/lib/64:/opt/MVS/lib/32:/opt/MVS/lib/64:/opt/MVS/lib/32:/opt/MVS/lib/64:/opt/MVS/lib/32:/usr/local/lib:/usr/local/opencv-4.7.0/lib /usr/bin/cmake --build /home/fins/Desktop/merged_lidar_ws/build/lidar_merge -- -j16 -l16
[28.214s] DEBUG:colcon.colcon_core.event_handler.log_command:Invoked command in '/home/fins/Desktop/merged_lidar_ws/build/lidar_merge' returned '0': CMAKE_PREFIX_PATH=/home/fins/Desktop/merged_lidar_ws/install/livox_ros_driver2:/home/fins/Desktop/merged_lidar_ws/install/lidar_merge:/opt/ros/humble LD_LIBRARY_PATH=/home/fins/Desktop/merged_lidar_ws/install/livox_ros_driver2/lib:/opt/ros/humble/opt/rviz_ogre_vendor/lib:/opt/ros/humble/lib/x86_64-linux-gnu:/opt/ros/humble/lib:/opt/MVS/lib/64:/opt/MVS/lib/32:/opt/MVS/lib/64:/opt/MVS/lib/32:/opt/MVS/lib/64:/opt/MVS/lib/32:/usr/local/lib:/usr/local/opencv-4.7.0/lib /usr/bin/cmake --build /home/fins/Desktop/merged_lidar_ws/build/lidar_merge -- -j16 -l16
[28.245s] DEBUG:colcon.colcon_core.event_handler.log_command:Invoking command in '/home/fins/Desktop/merged_lidar_ws/build/lidar_merge': CMAKE_PREFIX_PATH=/home/fins/Desktop/merged_lidar_ws/install/livox_ros_driver2:/home/fins/Desktop/merged_lidar_ws/install/lidar_merge:/opt/ros/humble LD_LIBRARY_PATH=/home/fins/Desktop/merged_lidar_ws/install/livox_ros_driver2/lib:/opt/ros/humble/opt/rviz_ogre_vendor/lib:/opt/ros/humble/lib/x86_64-linux-gnu:/opt/ros/humble/lib:/opt/MVS/lib/64:/opt/MVS/lib/32:/opt/MVS/lib/64:/opt/MVS/lib/32:/opt/MVS/lib/64:/opt/MVS/lib/32:/usr/local/lib:/usr/local/opencv-4.7.0/lib /usr/bin/cmake --install /home/fins/Desktop/merged_lidar_ws/build/lidar_merge
[28.256s] Level 1:colcon.colcon_core.environment:create_environment_scripts_only(lidar_merge)
[28.257s] Level 1:colcon.colcon_core.environment:checking '/home/fins/Desktop/merged_lidar_ws/install/lidar_merge' for CMake module files
[28.257s] DEBUG:colcon.colcon_core.event_handler.log_command:Invoked command in '/home/fins/Desktop/merged_lidar_ws/build/lidar_merge' returned '0': CMAKE_PREFIX_PATH=/home/fins/Desktop/merged_lidar_ws/install/livox_ros_driver2:/home/fins/Desktop/merged_lidar_ws/install/lidar_merge:/opt/ros/humble LD_LIBRARY_PATH=/home/fins/Desktop/merged_lidar_ws/install/livox_ros_driver2/lib:/opt/ros/humble/opt/rviz_ogre_vendor/lib:/opt/ros/humble/lib/x86_64-linux-gnu:/opt/ros/humble/lib:/opt/MVS/lib/64:/opt/MVS/lib/32:/opt/MVS/lib/64:/opt/MVS/lib/32:/opt/MVS/lib/64:/opt/MVS/lib/32:/usr/local/lib:/usr/local/opencv-4.7.0/lib /usr/bin/cmake --install /home/fins/Desktop/merged_lidar_ws/build/lidar_merge
[28.258s] Level 1:colcon.colcon_core.environment:checking '/home/fins/Desktop/merged_lidar_ws/install/lidar_merge' for CMake config files
[28.258s] Level 1:colcon.colcon_core.shell:create_environment_hook('lidar_merge', 'cmake_prefix_path')
[28.258s] INFO:colcon.colcon_core.shell:Creating environment hook '/home/fins/Desktop/merged_lidar_ws/install/lidar_merge/share/lidar_merge/hook/cmake_prefix_path.ps1'
[28.259s] INFO:colcon.colcon_core.shell:Creating environment descriptor '/home/fins/Desktop/merged_lidar_ws/install/lidar_merge/share/lidar_merge/hook/cmake_prefix_path.dsv'
[28.259s] INFO:colcon.colcon_core.shell:Creating environment hook '/home/fins/Desktop/merged_lidar_ws/install/lidar_merge/share/lidar_merge/hook/cmake_prefix_path.sh'
[28.259s] Level 1:colcon.colcon_core.environment:checking '/home/fins/Desktop/merged_lidar_ws/install/lidar_merge/lib'
[28.259s] Level 1:colcon.colcon_core.environment:checking '/home/fins/Desktop/merged_lidar_ws/install/lidar_merge/bin'
[28.260s] Level 1:colcon.colcon_core.environment:checking '/home/fins/Desktop/merged_lidar_ws/install/lidar_merge/lib/pkgconfig/lidar_merge.pc'
[28.260s] Level 1:colcon.colcon_core.environment:checking '/home/fins/Desktop/merged_lidar_ws/install/lidar_merge/lib/python3.10/site-packages'
[28.260s] Level 1:colcon.colcon_core.environment:checking '/home/fins/Desktop/merged_lidar_ws/install/lidar_merge/bin'
[28.260s] INFO:colcon.colcon_core.shell:Creating package script '/home/fins/Desktop/merged_lidar_ws/install/lidar_merge/share/lidar_merge/package.ps1'
[28.260s] INFO:colcon.colcon_core.shell:Creating package descriptor '/home/fins/Desktop/merged_lidar_ws/install/lidar_merge/share/lidar_merge/package.dsv'
[28.261s] INFO:colcon.colcon_core.shell:Creating package script '/home/fins/Desktop/merged_lidar_ws/install/lidar_merge/share/lidar_merge/package.sh'
[28.261s] INFO:colcon.colcon_core.shell:Creating package script '/home/fins/Desktop/merged_lidar_ws/install/lidar_merge/share/lidar_merge/package.bash'
[28.261s] INFO:colcon.colcon_core.shell:Creating package script '/home/fins/Desktop/merged_lidar_ws/install/lidar_merge/share/lidar_merge/package.zsh'
[28.261s] Level 1:colcon.colcon_core.environment:create_file_with_runtime_dependencies(/home/fins/Desktop/merged_lidar_ws/install/lidar_merge/share/colcon-core/packages/lidar_merge)
[28.294s] Level 1:colcon.colcon_core.environment:create_environment_scripts_only(lidar_merge)
[28.294s] Level 1:colcon.colcon_core.environment:checking '/home/fins/Desktop/merged_lidar_ws/install/lidar_merge' for CMake module files
[28.295s] Level 1:colcon.colcon_core.environment:checking '/home/fins/Desktop/merged_lidar_ws/install/lidar_merge' for CMake config files
[28.295s] Level 1:colcon.colcon_core.shell:create_environment_hook('lidar_merge', 'cmake_prefix_path')
[28.295s] INFO:colcon.colcon_core.shell:Creating environment hook '/home/fins/Desktop/merged_lidar_ws/install/lidar_merge/share/lidar_merge/hook/cmake_prefix_path.ps1'
[28.296s] INFO:colcon.colcon_core.shell:Creating environment descriptor '/home/fins/Desktop/merged_lidar_ws/install/lidar_merge/share/lidar_merge/hook/cmake_prefix_path.dsv'
[28.296s] INFO:colcon.colcon_core.shell:Creating environment hook '/home/fins/Desktop/merged_lidar_ws/install/lidar_merge/share/lidar_merge/hook/cmake_prefix_path.sh'
[28.296s] Level 1:colcon.colcon_core.environment:checking '/home/fins/Desktop/merged_lidar_ws/install/lidar_merge/lib'
[28.296s] Level 1:colcon.colcon_core.environment:checking '/home/fins/Desktop/merged_lidar_ws/install/lidar_merge/bin'
[28.296s] Level 1:colcon.colcon_core.environment:checking '/home/fins/Desktop/merged_lidar_ws/install/lidar_merge/lib/pkgconfig/lidar_merge.pc'
[28.296s] Level 1:colcon.colcon_core.environment:checking '/home/fins/Desktop/merged_lidar_ws/install/lidar_merge/lib/python3.10/site-packages'
[28.297s] Level 1:colcon.colcon_core.environment:checking '/home/fins/Desktop/merged_lidar_ws/install/lidar_merge/bin'
[28.297s] INFO:colcon.colcon_core.shell:Creating package script '/home/fins/Desktop/merged_lidar_ws/install/lidar_merge/share/lidar_merge/package.ps1'
[28.297s] INFO:colcon.colcon_core.shell:Creating package descriptor '/home/fins/Desktop/merged_lidar_ws/install/lidar_merge/share/lidar_merge/package.dsv'
[28.297s] INFO:colcon.colcon_core.shell:Creating package script '/home/fins/Desktop/merged_lidar_ws/install/lidar_merge/share/lidar_merge/package.sh'
[28.298s] INFO:colcon.colcon_core.shell:Creating package script '/home/fins/Desktop/merged_lidar_ws/install/lidar_merge/share/lidar_merge/package.bash'
[28.298s] INFO:colcon.colcon_core.shell:Creating package script '/home/fins/Desktop/merged_lidar_ws/install/lidar_merge/share/lidar_merge/package.zsh'
[28.298s] Level 1:colcon.colcon_core.environment:create_file_with_runtime_dependencies(/home/fins/Desktop/merged_lidar_ws/install/lidar_merge/share/colcon-core/packages/lidar_merge)
[28.299s] DEBUG:colcon.colcon_parallel_executor.executor.parallel:closing loop
[28.299s] DEBUG:colcon.colcon_parallel_executor.executor.parallel:loop closed
[28.299s] DEBUG:colcon.colcon_parallel_executor.executor.parallel:run_until_complete finished with '0'
[28.299s] DEBUG:colcon.colcon_core.event_reactor:joining thread
[28.304s] INFO:colcon.colcon_core.plugin_system:Skipping extension 'colcon_notification.desktop_notification.terminal_notifier': Not used on non-Darwin systems
[28.304s] INFO:colcon.colcon_core.plugin_system:Skipping extension 'colcon_notification.desktop_notification.win32': Not used on non-Windows systems
[28.304s] INFO:colcon.colcon_notification.desktop_notification:Sending desktop notification using 'notify2'
[28.314s] DEBUG:colcon.colcon_core.event_reactor:joined thread
[28.315s] INFO:colcon.colcon_core.shell:Creating prefix script '/home/fins/Desktop/merged_lidar_ws/install/local_setup.ps1'
[28.315s] INFO:colcon.colcon_core.shell:Creating prefix util module '/home/fins/Desktop/merged_lidar_ws/install/_local_setup_util_ps1.py'
[28.316s] INFO:colcon.colcon_core.shell:Creating prefix chain script '/home/fins/Desktop/merged_lidar_ws/install/setup.ps1'
[28.317s] INFO:colcon.colcon_core.shell:Creating prefix script '/home/fins/Desktop/merged_lidar_ws/install/local_setup.sh'
[28.317s] INFO:colcon.colcon_core.shell:Creating prefix util module '/home/fins/Desktop/merged_lidar_ws/install/_local_setup_util_sh.py'
[28.317s] INFO:colcon.colcon_core.shell:Creating prefix chain script '/home/fins/Desktop/merged_lidar_ws/install/setup.sh'
[28.318s] INFO:colcon.colcon_core.shell:Creating prefix script '/home/fins/Desktop/merged_lidar_ws/install/local_setup.bash'
[28.318s] INFO:colcon.colcon_core.shell:Creating prefix chain script '/home/fins/Desktop/merged_lidar_ws/install/setup.bash'
[28.319s] INFO:colcon.colcon_core.shell:Creating prefix script '/home/fins/Desktop/merged_lidar_ws/install/local_setup.zsh'
[28.319s] INFO:colcon.colcon_core.shell:Creating prefix chain script '/home/fins/Desktop/merged_lidar_ws/install/setup.zsh'
