[0.015s] Invoking command in '/home/fins/Desktop/merged_lidar_ws/build/livox_ros_driver2': CMAKE_PREFIX_PATH=${CMAKE_PREFIX_PATH}:/opt/ros/humble /usr/bin/cmake /home/fins/Desktop/merged_lidar_ws/src/livox_ros_driver2 -DROS_EDITION=ROS2 -DHUMBLE_ROS=humble -DCMAKE_INSTALL_PREFIX=/home/fins/Desktop/merged_lidar_ws/install/livox_ros_driver2
[0.085s] -- The C compiler identification is GNU 11.4.0
[0.150s] -- The CXX compiler identification is GNU 11.4.0
[0.159s] -- Detecting C compiler ABI info
[0.246s] -- Detecting C compiler ABI info - done
[0.256s] -- Check for working C compiler: /usr/bin/cc - skipped
[0.257s] -- Detecting C compile features
[0.257s] -- Detecting C compile features - done
[0.261s] -- Detecting CXX compiler ABI info
[0.346s] -- Detecting CXX compiler ABI info - done
[0.352s] -- Check for working CXX compiler: /usr/bin/c++ - skipped
[0.352s] -- Detecting CXX compile features
[0.353s] -- Detecting CXX compile features - done
[0.353s] -- livox_ros_driver2 version: 1.2.4
[0.355s] -- Found ament_cmake_auto: 1.3.10 (/opt/ros/humble/share/ament_cmake_auto/cmake)
[0.643s] -- Found Python3: /usr/bin/python3 (found version "3.10.12") found components: Interpreter 
[0.761s] -- Using all available rosidl_typesupport_c: rosidl_typesupport_fastrtps_c;rosidl_typesupport_introspection_c
[0.766s] -- Found rosidl_adapter: 3.1.5 (/opt/ros/humble/share/rosidl_adapter/cmake)
[0.798s] -- Using all available rosidl_typesupport_cpp: rosidl_typesupport_fastrtps_cpp;rosidl_typesupport_introspection_cpp
[0.861s] -- Found rmw_implementation_cmake: 6.1.2 (/opt/ros/humble/share/rmw_implementation_cmake/cmake)
[0.863s] -- Found rmw_fastrtps_cpp: 6.2.7 (/opt/ros/humble/share/rmw_fastrtps_cpp/cmake)
[0.951s] -- Found OpenSSL: /usr/lib/x86_64-linux-gnu/libcrypto.so (found version "3.0.2")  
[0.976s] -- Found FastRTPS: /opt/ros/humble/include  
[1.015s] -- Using RMW implementation 'rmw_fastrtps_cpp' as default
[1.022s] -- Looking for pthread.h
[1.093s] -- Looking for pthread.h - found
[1.093s] -- Performing Test CMAKE_HAVE_LIBC_PTHREAD
[1.163s] -- Performing Test CMAKE_HAVE_LIBC_PTHREAD - Success
[1.164s] -- Found Threads: TRUE  
[1.275s] -- Checking for module 'eigen3'
[1.291s] --   Found eigen3, version 3.4.0
[1.328s] -- Found Eigen: /usr/include/eigen3 (Required is at least version "3.1") 
[1.328s] -- Eigen found (include: /usr/include/eigen3, version: 3.4.0)
[1.360s] -- Checking for module 'flann'
[1.374s] --   Found flann, version 1.9.1
[1.413s] -- Found FLANN: /usr/lib/x86_64-linux-gnu/libflann_cpp.so  
[1.414s] -- FLANN found (include: /usr/include, lib: /usr/lib/x86_64-linux-gnu/libflann_cpp.so)
[2.372s] -- Checking for module 'libusb-1.0'
[2.389s] --   Found libusb-1.0, version 1.0.25
[2.434s] -- Found libusb: /usr/lib/x86_64-linux-gnu/libusb-1.0.so  
[2.435s] -- OpenNI found (version: 1.5.4.0, include: /usr/include/ni, lib: /usr/lib/libOpenNI.so;libusb::libusb)
[2.503s] -- OpenNI2 found (version: 2.2.0.33, include: /usr/include/openni2, lib: /usr/lib/x86_64-linux-gnu/libOpenNI2.so;libusb::libusb)
[2.625s] -- Eigen found (include: /usr/include/eigen3, version: 3.4.0)
[2.630s] -- OpenNI found (version: 1.5.4.0, include: /usr/include/ni, lib: /usr/lib/libOpenNI.so;libusb::libusb)
[2.638s] -- OpenNI2 found (version: 2.2.0.33, include: /usr/include/openni2, lib: /usr/lib/x86_64-linux-gnu/libOpenNI2.so;libusb::libusb)
[2.752s] -- Found Qhull version 8.0.2
[2.877s] -- OpenNI found (version: 1.5.4.0, include: /usr/include/ni, lib: /usr/lib/libOpenNI.so;libusb::libusb)
[2.985s] -- Found PCL_COMMON: /usr/lib/x86_64-linux-gnu/libpcl_common.so  
[2.986s] -- Found PCL_KDTREE: /usr/lib/x86_64-linux-gnu/libpcl_kdtree.so  
[2.986s] -- Found PCL_OCTREE: /usr/lib/x86_64-linux-gnu/libpcl_octree.so  
[2.987s] -- Found PCL_SEARCH: /usr/lib/x86_64-linux-gnu/libpcl_search.so  
[2.987s] -- Found PCL_SAMPLE_CONSENSUS: /usr/lib/x86_64-linux-gnu/libpcl_sample_consensus.so  
[2.988s] -- Found PCL_FILTERS: /usr/lib/x86_64-linux-gnu/libpcl_filters.so  
[2.988s] -- Found PCL_2D: /usr/include/pcl-1.12  
[2.988s] -- Found PCL_GEOMETRY: /usr/include/pcl-1.12  
[2.989s] -- Found PCL_IO: /usr/lib/x86_64-linux-gnu/libpcl_io.so  
[2.990s] -- Found PCL_FEATURES: /usr/lib/x86_64-linux-gnu/libpcl_features.so  
[2.990s] -- Found PCL_ML: /usr/lib/x86_64-linux-gnu/libpcl_ml.so  
[2.991s] -- Found PCL_SEGMENTATION: /usr/lib/x86_64-linux-gnu/libpcl_segmentation.so  
[2.991s] -- Found PCL_VISUALIZATION: /usr/lib/x86_64-linux-gnu/libpcl_visualization.so  
[2.992s] -- Found PCL_SURFACE: /usr/lib/x86_64-linux-gnu/libpcl_surface.so  
[2.993s] -- Found PCL_REGISTRATION: /usr/lib/x86_64-linux-gnu/libpcl_registration.so  
[2.993s] -- Found PCL_KEYPOINTS: /usr/lib/x86_64-linux-gnu/libpcl_keypoints.so  
[2.994s] -- Found PCL_TRACKING: /usr/lib/x86_64-linux-gnu/libpcl_tracking.so  
[2.995s] -- Found PCL_RECOGNITION: /usr/lib/x86_64-linux-gnu/libpcl_recognition.so  
[2.995s] -- Found PCL_STEREO: /usr/lib/x86_64-linux-gnu/libpcl_stereo.so  
[2.996s] -- Found PCL_APPS: /usr/lib/x86_64-linux-gnu/libpcl_apps.so  
[2.996s] -- Found PCL_IN_HAND_SCANNER: /usr/include/pcl-1.12  
[2.997s] -- Found PCL_MODELER: /usr/include/pcl-1.12  
[2.997s] -- Found PCL_POINT_CLOUD_EDITOR: /usr/include/pcl-1.12  
[2.997s] -- Found PCL_OUTOFCORE: /usr/lib/x86_64-linux-gnu/libpcl_outofcore.so  
[2.998s] -- Found PCL_PEOPLE: /usr/lib/x86_64-linux-gnu/libpcl_people.so  
[3.041s] -- Found PkgConfig: /usr/bin/pkg-config (found version "0.29.2") 
[3.041s] -- Checking for module 'apr-1'
[3.059s] --   Found apr-1, version 1.7.0
[3.104s] [0m/usr/include/apr-1.0[0m
[3.104s] [0mapr-1[0m
[3.274s] -- Found ament_cmake_ros: 0.10.0 (/opt/ros/humble/share/ament_cmake_ros/cmake)
[3.458s] -- Using all available rosidl_typesupport_c: rosidl_typesupport_fastrtps_c;rosidl_typesupport_introspection_c
[3.697s] -- Using all available rosidl_typesupport_cpp: rosidl_typesupport_fastrtps_cpp;rosidl_typesupport_introspection_cpp
[3.717s] -- Found PythonInterp: /usr/bin/python3 (found suitable version "3.10.12", minimum required is "3.6") 
[3.719s] -- Found python_cmake_module: 0.10.0 (/opt/ros/humble/share/python_cmake_module/cmake)
[3.743s] -- Found PythonLibs: /usr/lib/x86_64-linux-gnu/libpython3.10.so (found suitable version "3.10.12", minimum required is "3.5") 
[3.743s] -- Using PYTHON_EXECUTABLE: /usr/bin/python3
[3.743s] -- Using PYTHON_INCLUDE_DIRS: /usr/include/python3.10
[3.743s] -- Using PYTHON_LIBRARIES: /usr/lib/x86_64-linux-gnu/libpython3.10.so
[3.763s] -- Found PythonExtra: .so  
[3.815s] -- Found ament_lint_auto: 0.12.11 (/opt/ros/humble/share/ament_lint_auto/cmake)
[3.834s] -- Added test 'copyright' to check source files copyright and LICENSE
[3.841s] -- Added test 'cppcheck' to perform static code analysis on C / C++ code
[3.841s] -- Configured cppcheck include dirs: /home/fins/Desktop/merged_lidar_ws/src/livox_ros_driver2/3rdparty;/home/fins/Desktop/merged_lidar_ws/src/livox_ros_driver2/src
[3.841s] -- Configured cppcheck exclude dirs and/or files: 
[3.848s] -- Added test 'cpplint' to check C / C++ code against the Google style
[3.848s] -- Configured cpplint exclude dirs and/or files: 
[3.849s] -- Added test 'flake8' to check Python code syntax and style conventions
[3.851s] -- Added test 'lint_cmake' to check CMake code style
[3.852s] -- Added test 'pep257' to check Python code against some of the docstring style conventions in PEP 257
[3.858s] -- Added test 'uncrustify' to check C / C++ code style
[3.858s] -- Configured uncrustify additional arguments: 
[3.859s] -- Added test 'xmllint' to check XML markup files
[3.862s] -- Configuring done
[3.920s] -- Generating done
[3.924s] -- Build files have been written to: /home/fins/Desktop/merged_lidar_ws/build/livox_ros_driver2
[3.948s] Invoked command in '/home/fins/Desktop/merged_lidar_ws/build/livox_ros_driver2' returned '0': CMAKE_PREFIX_PATH=${CMAKE_PREFIX_PATH}:/opt/ros/humble /usr/bin/cmake /home/fins/Desktop/merged_lidar_ws/src/livox_ros_driver2 -DROS_EDITION=ROS2 -DHUMBLE_ROS=humble -DCMAKE_INSTALL_PREFIX=/home/fins/Desktop/merged_lidar_ws/install/livox_ros_driver2
[3.949s] Invoking command in '/home/fins/Desktop/merged_lidar_ws/build/livox_ros_driver2': CMAKE_PREFIX_PATH=${CMAKE_PREFIX_PATH}:/opt/ros/humble /usr/bin/cmake --build /home/fins/Desktop/merged_lidar_ws/build/livox_ros_driver2 -- -j16 -l16
[3.998s] [  1%] [34m[1mGenerating C code for ROS interfaces[0m
[4.008s] [  5%] [34m[1mGenerating C++ code for ROS interfaces[0m
[4.008s] [  5%] [32mBuilding CXX object CMakeFiles/livox_ros_driver2_node.dir/rclcpp_components/node_main_livox_ros_driver2_node.cpp.o[0m
[4.017s] [  5%] Built target ament_cmake_python_copy_livox_ros_driver2
[4.201s] running egg_info
[4.202s] creating livox_ros_driver2.egg-info
[4.216s] writing livox_ros_driver2.egg-info/PKG-INFO
[4.216s] writing dependency_links to livox_ros_driver2.egg-info/dependency_links.txt
[4.217s] writing top-level names to livox_ros_driver2.egg-info/top_level.txt
[4.304s] writing manifest file 'livox_ros_driver2.egg-info/SOURCES.txt'
[4.347s] reading manifest file 'livox_ros_driver2.egg-info/SOURCES.txt'
[4.347s] writing manifest file 'livox_ros_driver2.egg-info/SOURCES.txt'
[4.377s] [  5%] Built target livox_interfaces2__cpp
[4.378s] [  8%] [32mBuilding C object CMakeFiles/livox_interfaces2__rosidl_generator_c.dir/rosidl_generator_c/livox_ros_driver2/msg/detail/custom_msg__functions.c.o[0m
[4.378s] [  8%] [32mBuilding C object CMakeFiles/livox_interfaces2__rosidl_generator_c.dir/rosidl_generator_c/livox_ros_driver2/msg/detail/custom_point__functions.c.o[0m
[4.390s] [ 14%] [34m[1mGenerating C++ type support dispatch for ROS interfaces[0m
[4.390s] [ 14%] [34m[1mGenerating C++ introspection for ROS interfaces[0m
[4.390s] [ 14%] [34m[1mGenerating C++ type support for eProsima Fast-RTPS[0m
[4.403s] [ 14%] Built target ament_cmake_python_build_livox_ros_driver2_egg
[4.425s] [ 15%] [32m[1mLinking C shared library liblivox_ros_driver2__rosidl_generator_c.so[0m
[4.468s] [ 15%] Built target livox_interfaces2__rosidl_generator_c
[4.481s] [ 21%] [34m[1mGenerating C type support for eProsima Fast-RTPS[0m
[4.481s] [ 21%] [34m[1mGenerating C type support dispatch for ROS interfaces[0m
[4.481s] [ 21%] [34m[1mGenerating C introspection for ROS interfaces[0m
[4.767s] [ 22%] [32mBuilding CXX object CMakeFiles/livox_interfaces2__rosidl_typesupport_cpp.dir/rosidl_typesupport_cpp/livox_ros_driver2/msg/custom_msg__type_support.cpp.o[0m
[4.767s] [ 24%] [32mBuilding CXX object CMakeFiles/livox_interfaces2__rosidl_typesupport_cpp.dir/rosidl_typesupport_cpp/livox_ros_driver2/msg/custom_point__type_support.cpp.o[0m
[4.792s] [ 28%] [32mBuilding CXX object CMakeFiles/livox_interfaces2__rosidl_typesupport_introspection_cpp.dir/rosidl_typesupport_introspection_cpp/livox_ros_driver2/msg/detail/custom_point__type_support.cpp.o[0m
[4.792s] [ 28%] [32mBuilding CXX object CMakeFiles/livox_interfaces2__rosidl_typesupport_introspection_cpp.dir/rosidl_typesupport_introspection_cpp/livox_ros_driver2/msg/detail/custom_msg__type_support.cpp.o[0m
[4.799s] [ 29%] [32mBuilding CXX object CMakeFiles/livox_interfaces2__rosidl_typesupport_fastrtps_cpp.dir/rosidl_typesupport_fastrtps_cpp/livox_ros_driver2/msg/detail/dds_fastrtps/custom_point__type_support.cpp.o[0m
[4.801s] [ 31%] [32mBuilding CXX object CMakeFiles/livox_interfaces2__rosidl_typesupport_fastrtps_cpp.dir/rosidl_typesupport_fastrtps_cpp/livox_ros_driver2/msg/detail/dds_fastrtps/custom_msg__type_support.cpp.o[0m
[4.893s] [ 35%] [32mBuilding C object CMakeFiles/livox_interfaces2__rosidl_typesupport_introspection_c.dir/rosidl_typesupport_introspection_c/livox_ros_driver2/msg/detail/custom_point__type_support.c.o[0m
[4.893s] [ 35%] [32mBuilding C object CMakeFiles/livox_interfaces2__rosidl_typesupport_introspection_c.dir/rosidl_typesupport_introspection_c/livox_ros_driver2/msg/detail/custom_msg__type_support.c.o[0m
[4.918s] [ 38%] [32mBuilding CXX object CMakeFiles/livox_interfaces2__rosidl_typesupport_fastrtps_c.dir/rosidl_typesupport_fastrtps_c/livox_ros_driver2/msg/detail/custom_msg__type_support_c.cpp.o[0m
[4.918s] [ 38%] [32mBuilding CXX object CMakeFiles/livox_interfaces2__rosidl_typesupport_fastrtps_c.dir/rosidl_typesupport_fastrtps_c/livox_ros_driver2/msg/detail/custom_point__type_support_c.cpp.o[0m
[4.947s] [ 40%] [32m[1mLinking C shared library liblivox_ros_driver2__rosidl_typesupport_introspection_c.so[0m
[4.951s] [ 42%] [32mBuilding CXX object CMakeFiles/livox_interfaces2__rosidl_typesupport_c.dir/rosidl_typesupport_c/livox_ros_driver2/msg/custom_msg__type_support.cpp.o[0m
[4.952s] [ 43%] [32mBuilding CXX object CMakeFiles/livox_interfaces2__rosidl_typesupport_c.dir/rosidl_typesupport_c/livox_ros_driver2/msg/custom_point__type_support.cpp.o[0m
[4.988s] [ 43%] Built target livox_interfaces2__rosidl_typesupport_introspection_c
[4.998s] [ 45%] [32m[1mLinking CXX shared library liblivox_ros_driver2__rosidl_typesupport_c.so[0m
[5.044s] [ 45%] Built target livox_interfaces2__rosidl_typesupport_c
[5.121s] [ 47%] [32m[1mLinking CXX shared library liblivox_ros_driver2__rosidl_typesupport_cpp.so[0m
[5.171s] [ 47%] Built target livox_interfaces2__rosidl_typesupport_cpp
[5.204s] [ 49%] [32mBuilding CXX object CMakeFiles/livox_ros_driver2.dir/src/livox_ros_driver2.cpp.o[0m
[5.205s] [ 57%] [32mBuilding CXX object CMakeFiles/livox_ros_driver2.dir/src/comm/ldq.cpp.o[0m
[5.205s] [ 57%] [32mBuilding CXX object CMakeFiles/livox_ros_driver2.dir/src/driver_node.cpp.o[0m
[5.206s] [ 57%] [32mBuilding CXX object CMakeFiles/livox_ros_driver2.dir/src/lds.cpp.o[0m
[5.207s] [ 57%] [32mBuilding CXX object CMakeFiles/livox_ros_driver2.dir/src/comm/comm.cpp.o[0m
[5.208s] [ 57%] [32mBuilding CXX object CMakeFiles/livox_ros_driver2.dir/src/lddc.cpp.o[0m
[5.208s] [ 61%] [32mBuilding CXX object CMakeFiles/livox_ros_driver2.dir/src/lds_lidar.cpp.o[0m
[5.208s] [ 59%] [32mBuilding CXX object CMakeFiles/livox_ros_driver2.dir/src/comm/lidar_imu_data_queue.cpp.o[0m
[5.208s] [ 63%] [32mBuilding CXX object CMakeFiles/livox_ros_driver2.dir/src/comm/semaphore.cpp.o[0m
[5.276s] [ 64%] [32mBuilding CXX object CMakeFiles/livox_ros_driver2.dir/src/comm/cache_index.cpp.o[0m
[5.282s] [ 66%] [32mBuilding CXX object CMakeFiles/livox_ros_driver2.dir/src/comm/pub_handler.cpp.o[0m
[5.293s] [ 68%] [32m[1mLinking CXX shared library liblivox_ros_driver2__rosidl_typesupport_fastrtps_cpp.so[0m
[5.315s] [ 70%] [32mBuilding CXX object CMakeFiles/livox_ros_driver2.dir/src/parse_cfg_file/parse_cfg_file.cpp.o[0m
[5.334s] [ 71%] [32m[1mLinking CXX shared library liblivox_ros_driver2__rosidl_typesupport_introspection_cpp.so[0m
[5.367s] [ 73%] [32m[1mLinking CXX shared library liblivox_ros_driver2__rosidl_typesupport_fastrtps_c.so[0m
[5.492s] [ 73%] Built target livox_interfaces2__rosidl_typesupport_fastrtps_cpp
[5.509s] [ 75%] [32mBuilding CXX object CMakeFiles/livox_ros_driver2.dir/src/parse_cfg_file/parse_livox_lidar_cfg.cpp.o[0m
[5.525s] [ 75%] Built target livox_interfaces2__rosidl_typesupport_introspection_cpp
[5.530s] [ 75%] Built target livox_interfaces2__rosidl_typesupport_fastrtps_c
[5.542s] [ 77%] [32mBuilding CXX object CMakeFiles/livox_ros_driver2.dir/src/call_back/lidar_common_callback.cpp.o[0m
[5.547s] [ 78%] [32mBuilding CXX object CMakeFiles/livox_ros_driver2.dir/src/call_back/livox_lidar_callback.cpp.o[0m
[5.812s] [ 78%] Built target livox_interfaces2
[5.854s] [ 80%] [34m[1mGenerating Python code for ROS interfaces[0m
[6.730s] [ 80%] Built target livox_interfaces2__py
[6.753s] [ 84%] [32mBuilding C object CMakeFiles/livox_interfaces2__rosidl_generator_py.dir/rosidl_generator_py/livox_ros_driver2/msg/_custom_point_s.c.o[0m
[6.754s] [ 84%] [32mBuilding C object CMakeFiles/livox_interfaces2__rosidl_generator_py.dir/rosidl_generator_py/livox_ros_driver2/msg/_custom_msg_s.c.o[0m
[6.860s] [ 85%] [32m[1mLinking C shared library rosidl_generator_py/livox_ros_driver2/liblivox_interfaces2__rosidl_generator_py.so[0m
[6.906s] [ 85%] Built target livox_interfaces2__rosidl_generator_py
[6.932s] [ 91%] [32mBuilding C object CMakeFiles/livox_ros_driver2__rosidl_typesupport_c__pyext.dir/rosidl_generator_py/livox_ros_driver2/_livox_ros_driver2_s.ep.rosidl_typesupport_c.c.o[0m
[6.932s] [ 91%] [32mBuilding C object CMakeFiles/livox_ros_driver2__rosidl_typesupport_introspection_c__pyext.dir/rosidl_generator_py/livox_ros_driver2/_livox_ros_driver2_s.ep.rosidl_typesupport_introspection_c.c.o[0m
[6.932s] [ 91%] [32mBuilding C object CMakeFiles/livox_ros_driver2__rosidl_typesupport_fastrtps_c__pyext.dir/rosidl_generator_py/livox_ros_driver2/_livox_ros_driver2_s.ep.rosidl_typesupport_fastrtps_c.c.o[0m
[7.027s] [ 94%] [32m[1mLinking C shared library rosidl_generator_py/livox_ros_driver2/livox_ros_driver2_s__rosidl_typesupport_fastrtps_c.cpython-310-x86_64-linux-gnu.so[0m
[7.027s] [ 94%] [32m[1mLinking C shared library rosidl_generator_py/livox_ros_driver2/livox_ros_driver2_s__rosidl_typesupport_introspection_c.cpython-310-x86_64-linux-gnu.so[0m
[7.028s] [ 96%] [32m[1mLinking C shared library rosidl_generator_py/livox_ros_driver2/livox_ros_driver2_s__rosidl_typesupport_c.cpython-310-x86_64-linux-gnu.so[0m
[7.072s] [ 96%] Built target livox_ros_driver2__rosidl_typesupport_introspection_c__pyext
[7.072s] [ 96%] Built target livox_ros_driver2__rosidl_typesupport_c__pyext
[7.074s] [ 96%] Built target livox_ros_driver2__rosidl_typesupport_fastrtps_c__pyext
[7.828s] [ 98%] [32m[1mLinking CXX executable livox_ros_driver2_node[0m
[7.959s] [ 98%] Built target livox_ros_driver2_node
[13.190s] [100%] [32m[1mLinking CXX shared library liblivox_ros_driver2.so[0m
[13.756s] [100%] Built target livox_ros_driver2
[13.770s] Invoked command in '/home/fins/Desktop/merged_lidar_ws/build/livox_ros_driver2' returned '0': CMAKE_PREFIX_PATH=${CMAKE_PREFIX_PATH}:/opt/ros/humble /usr/bin/cmake --build /home/fins/Desktop/merged_lidar_ws/build/livox_ros_driver2 -- -j16 -l16
[13.928s] Invoking command in '/home/fins/Desktop/merged_lidar_ws/build/livox_ros_driver2': CMAKE_PREFIX_PATH=${CMAKE_PREFIX_PATH}:/opt/ros/humble /usr/bin/cmake --install /home/fins/Desktop/merged_lidar_ws/build/livox_ros_driver2
[13.937s] -- Install configuration: ""
[13.937s] -- Installing: /home/fins/Desktop/merged_lidar_ws/install/livox_ros_driver2/share/ament_index/resource_index/rosidl_interfaces/livox_ros_driver2
[13.937s] -- Installing: /home/fins/Desktop/merged_lidar_ws/install/livox_ros_driver2/include/livox_ros_driver2/livox_ros_driver2
[13.937s] -- Installing: /home/fins/Desktop/merged_lidar_ws/install/livox_ros_driver2/include/livox_ros_driver2/livox_ros_driver2/msg
[13.937s] -- Installing: /home/fins/Desktop/merged_lidar_ws/install/livox_ros_driver2/include/livox_ros_driver2/livox_ros_driver2/msg/rosidl_generator_c__visibility_control.h
[13.937s] -- Installing: /home/fins/Desktop/merged_lidar_ws/install/livox_ros_driver2/include/livox_ros_driver2/livox_ros_driver2/msg/custom_point.h
[13.938s] -- Installing: /home/fins/Desktop/merged_lidar_ws/install/livox_ros_driver2/include/livox_ros_driver2/livox_ros_driver2/msg/detail
[13.938s] -- Installing: /home/fins/Desktop/merged_lidar_ws/install/livox_ros_driver2/include/livox_ros_driver2/livox_ros_driver2/msg/detail/custom_point__struct.h
[13.938s] -- Installing: /home/fins/Desktop/merged_lidar_ws/install/livox_ros_driver2/include/livox_ros_driver2/livox_ros_driver2/msg/detail/custom_msg__functions.h
[13.938s] -- Installing: /home/fins/Desktop/merged_lidar_ws/install/livox_ros_driver2/include/livox_ros_driver2/livox_ros_driver2/msg/detail/custom_point__functions.c
[13.938s] -- Installing: /home/fins/Desktop/merged_lidar_ws/install/livox_ros_driver2/include/livox_ros_driver2/livox_ros_driver2/msg/detail/custom_msg__type_support.h
[13.938s] -- Installing: /home/fins/Desktop/merged_lidar_ws/install/livox_ros_driver2/include/livox_ros_driver2/livox_ros_driver2/msg/detail/custom_point__functions.h
[13.938s] -- Installing: /home/fins/Desktop/merged_lidar_ws/install/livox_ros_driver2/include/livox_ros_driver2/livox_ros_driver2/msg/detail/custom_msg__functions.c
[13.939s] -- Installing: /home/fins/Desktop/merged_lidar_ws/install/livox_ros_driver2/include/livox_ros_driver2/livox_ros_driver2/msg/detail/custom_point__type_support.h
[13.939s] -- Installing: /home/fins/Desktop/merged_lidar_ws/install/livox_ros_driver2/include/livox_ros_driver2/livox_ros_driver2/msg/detail/custom_msg__struct.h
[13.939s] -- Installing: /home/fins/Desktop/merged_lidar_ws/install/livox_ros_driver2/include/livox_ros_driver2/livox_ros_driver2/msg/custom_msg.h
[13.939s] -- Installing: /home/fins/Desktop/merged_lidar_ws/install/livox_ros_driver2/share/livox_ros_driver2/environment/library_path.sh
[13.939s] -- Installing: /home/fins/Desktop/merged_lidar_ws/install/livox_ros_driver2/share/livox_ros_driver2/environment/library_path.dsv
[13.940s] -- Installing: /home/fins/Desktop/merged_lidar_ws/install/livox_ros_driver2/lib/liblivox_ros_driver2__rosidl_generator_c.so
[13.940s] -- Set runtime path of "/home/fins/Desktop/merged_lidar_ws/install/livox_ros_driver2/lib/liblivox_ros_driver2__rosidl_generator_c.so" to ""
[13.940s] -- Up-to-date: /home/fins/Desktop/merged_lidar_ws/install/livox_ros_driver2/include/livox_ros_driver2/livox_ros_driver2
[13.940s] -- Up-to-date: /home/fins/Desktop/merged_lidar_ws/install/livox_ros_driver2/include/livox_ros_driver2/livox_ros_driver2/msg
[13.940s] -- Installing: /home/fins/Desktop/merged_lidar_ws/install/livox_ros_driver2/include/livox_ros_driver2/livox_ros_driver2/msg/rosidl_typesupport_fastrtps_c__visibility_control.h
[13.940s] -- Up-to-date: /home/fins/Desktop/merged_lidar_ws/install/livox_ros_driver2/include/livox_ros_driver2/livox_ros_driver2/msg/detail
[13.940s] -- Installing: /home/fins/Desktop/merged_lidar_ws/install/livox_ros_driver2/include/livox_ros_driver2/livox_ros_driver2/msg/detail/custom_msg__rosidl_typesupport_fastrtps_c.h
[13.941s] -- Installing: /home/fins/Desktop/merged_lidar_ws/install/livox_ros_driver2/include/livox_ros_driver2/livox_ros_driver2/msg/detail/custom_point__rosidl_typesupport_fastrtps_c.h
[13.941s] -- Installing: /home/fins/Desktop/merged_lidar_ws/install/livox_ros_driver2/lib/liblivox_ros_driver2__rosidl_typesupport_fastrtps_c.so
[13.941s] -- Set runtime path of "/home/fins/Desktop/merged_lidar_ws/install/livox_ros_driver2/lib/liblivox_ros_driver2__rosidl_typesupport_fastrtps_c.so" to ""
[13.941s] -- Up-to-date: /home/fins/Desktop/merged_lidar_ws/install/livox_ros_driver2/include/livox_ros_driver2/livox_ros_driver2
[13.941s] -- Up-to-date: /home/fins/Desktop/merged_lidar_ws/install/livox_ros_driver2/include/livox_ros_driver2/livox_ros_driver2/msg
[13.942s] -- Installing: /home/fins/Desktop/merged_lidar_ws/install/livox_ros_driver2/include/livox_ros_driver2/livox_ros_driver2/msg/rosidl_typesupport_introspection_c__visibility_control.h
[13.942s] -- Up-to-date: /home/fins/Desktop/merged_lidar_ws/install/livox_ros_driver2/include/livox_ros_driver2/livox_ros_driver2/msg/detail
[13.942s] -- Installing: /home/fins/Desktop/merged_lidar_ws/install/livox_ros_driver2/include/livox_ros_driver2/livox_ros_driver2/msg/detail/custom_msg__type_support.c
[13.942s] -- Installing: /home/fins/Desktop/merged_lidar_ws/install/livox_ros_driver2/include/livox_ros_driver2/livox_ros_driver2/msg/detail/custom_point__rosidl_typesupport_introspection_c.h
[13.942s] -- Installing: /home/fins/Desktop/merged_lidar_ws/install/livox_ros_driver2/include/livox_ros_driver2/livox_ros_driver2/msg/detail/custom_point__type_support.c
[13.942s] -- Installing: /home/fins/Desktop/merged_lidar_ws/install/livox_ros_driver2/include/livox_ros_driver2/livox_ros_driver2/msg/detail/custom_msg__rosidl_typesupport_introspection_c.h
[13.942s] -- Installing: /home/fins/Desktop/merged_lidar_ws/install/livox_ros_driver2/lib/liblivox_ros_driver2__rosidl_typesupport_introspection_c.so
[13.943s] -- Set runtime path of "/home/fins/Desktop/merged_lidar_ws/install/livox_ros_driver2/lib/liblivox_ros_driver2__rosidl_typesupport_introspection_c.so" to ""
[13.943s] -- Installing: /home/fins/Desktop/merged_lidar_ws/install/livox_ros_driver2/lib/liblivox_ros_driver2__rosidl_typesupport_c.so
[13.943s] -- Set runtime path of "/home/fins/Desktop/merged_lidar_ws/install/livox_ros_driver2/lib/liblivox_ros_driver2__rosidl_typesupport_c.so" to ""
[13.943s] -- Up-to-date: /home/fins/Desktop/merged_lidar_ws/install/livox_ros_driver2/include/livox_ros_driver2/livox_ros_driver2
[13.943s] -- Up-to-date: /home/fins/Desktop/merged_lidar_ws/install/livox_ros_driver2/include/livox_ros_driver2/livox_ros_driver2/msg
[13.943s] -- Installing: /home/fins/Desktop/merged_lidar_ws/install/livox_ros_driver2/include/livox_ros_driver2/livox_ros_driver2/msg/custom_point.hpp
[13.944s] -- Installing: /home/fins/Desktop/merged_lidar_ws/install/livox_ros_driver2/include/livox_ros_driver2/livox_ros_driver2/msg/custom_msg.hpp
[13.944s] -- Up-to-date: /home/fins/Desktop/merged_lidar_ws/install/livox_ros_driver2/include/livox_ros_driver2/livox_ros_driver2/msg/detail
[13.944s] -- Installing: /home/fins/Desktop/merged_lidar_ws/install/livox_ros_driver2/include/livox_ros_driver2/livox_ros_driver2/msg/detail/custom_point__builder.hpp
[13.944s] -- Installing: /home/fins/Desktop/merged_lidar_ws/install/livox_ros_driver2/include/livox_ros_driver2/livox_ros_driver2/msg/detail/custom_msg__struct.hpp
[13.944s] -- Installing: /home/fins/Desktop/merged_lidar_ws/install/livox_ros_driver2/include/livox_ros_driver2/livox_ros_driver2/msg/detail/custom_msg__traits.hpp
[13.944s] -- Installing: /home/fins/Desktop/merged_lidar_ws/install/livox_ros_driver2/include/livox_ros_driver2/livox_ros_driver2/msg/detail/custom_point__traits.hpp
[13.944s] -- Installing: /home/fins/Desktop/merged_lidar_ws/install/livox_ros_driver2/include/livox_ros_driver2/livox_ros_driver2/msg/detail/custom_msg__builder.hpp
[13.944s] -- Installing: /home/fins/Desktop/merged_lidar_ws/install/livox_ros_driver2/include/livox_ros_driver2/livox_ros_driver2/msg/detail/custom_point__struct.hpp
[13.944s] -- Up-to-date: /home/fins/Desktop/merged_lidar_ws/install/livox_ros_driver2/include/livox_ros_driver2/livox_ros_driver2
[13.944s] -- Up-to-date: /home/fins/Desktop/merged_lidar_ws/install/livox_ros_driver2/include/livox_ros_driver2/livox_ros_driver2/msg
[13.945s] -- Installing: /home/fins/Desktop/merged_lidar_ws/install/livox_ros_driver2/include/livox_ros_driver2/livox_ros_driver2/msg/rosidl_typesupport_fastrtps_cpp__visibility_control.h
[13.945s] -- Up-to-date: /home/fins/Desktop/merged_lidar_ws/install/livox_ros_driver2/include/livox_ros_driver2/livox_ros_driver2/msg/detail
[13.945s] -- Installing: /home/fins/Desktop/merged_lidar_ws/install/livox_ros_driver2/include/livox_ros_driver2/livox_ros_driver2/msg/detail/custom_msg__rosidl_typesupport_fastrtps_cpp.hpp
[13.945s] -- Installing: /home/fins/Desktop/merged_lidar_ws/install/livox_ros_driver2/include/livox_ros_driver2/livox_ros_driver2/msg/detail/dds_fastrtps
[13.945s] -- Installing: /home/fins/Desktop/merged_lidar_ws/install/livox_ros_driver2/include/livox_ros_driver2/livox_ros_driver2/msg/detail/custom_point__rosidl_typesupport_fastrtps_cpp.hpp
[13.945s] -- Installing: /home/fins/Desktop/merged_lidar_ws/install/livox_ros_driver2/lib/liblivox_ros_driver2__rosidl_typesupport_fastrtps_cpp.so
[13.945s] -- Set runtime path of "/home/fins/Desktop/merged_lidar_ws/install/livox_ros_driver2/lib/liblivox_ros_driver2__rosidl_typesupport_fastrtps_cpp.so" to ""
[13.945s] -- Up-to-date: /home/fins/Desktop/merged_lidar_ws/install/livox_ros_driver2/include/livox_ros_driver2/livox_ros_driver2
[13.946s] -- Up-to-date: /home/fins/Desktop/merged_lidar_ws/install/livox_ros_driver2/include/livox_ros_driver2/livox_ros_driver2/msg
[13.946s] -- Up-to-date: /home/fins/Desktop/merged_lidar_ws/install/livox_ros_driver2/include/livox_ros_driver2/livox_ros_driver2/msg/detail
[13.946s] -- Installing: /home/fins/Desktop/merged_lidar_ws/install/livox_ros_driver2/include/livox_ros_driver2/livox_ros_driver2/msg/detail/custom_msg__rosidl_typesupport_introspection_cpp.hpp
[13.946s] -- Installing: /home/fins/Desktop/merged_lidar_ws/install/livox_ros_driver2/include/livox_ros_driver2/livox_ros_driver2/msg/detail/custom_msg__type_support.cpp
[13.946s] -- Installing: /home/fins/Desktop/merged_lidar_ws/install/livox_ros_driver2/include/livox_ros_driver2/livox_ros_driver2/msg/detail/custom_point__rosidl_typesupport_introspection_cpp.hpp
[13.946s] -- Installing: /home/fins/Desktop/merged_lidar_ws/install/livox_ros_driver2/include/livox_ros_driver2/livox_ros_driver2/msg/detail/custom_point__type_support.cpp
[13.946s] -- Installing: /home/fins/Desktop/merged_lidar_ws/install/livox_ros_driver2/lib/liblivox_ros_driver2__rosidl_typesupport_introspection_cpp.so
[13.946s] -- Set runtime path of "/home/fins/Desktop/merged_lidar_ws/install/livox_ros_driver2/lib/liblivox_ros_driver2__rosidl_typesupport_introspection_cpp.so" to ""
[13.946s] -- Installing: /home/fins/Desktop/merged_lidar_ws/install/livox_ros_driver2/lib/liblivox_ros_driver2__rosidl_typesupport_cpp.so
[13.947s] -- Set runtime path of "/home/fins/Desktop/merged_lidar_ws/install/livox_ros_driver2/lib/liblivox_ros_driver2__rosidl_typesupport_cpp.so" to ""
[13.947s] -- Installing: /home/fins/Desktop/merged_lidar_ws/install/livox_ros_driver2/share/livox_ros_driver2/environment/pythonpath.sh
[13.947s] -- Installing: /home/fins/Desktop/merged_lidar_ws/install/livox_ros_driver2/share/livox_ros_driver2/environment/pythonpath.dsv
[13.947s] -- Installing: /home/fins/Desktop/merged_lidar_ws/install/livox_ros_driver2/local/lib/python3.10/dist-packages/livox_ros_driver2-1.0.0-py3.10.egg-info
[13.947s] -- Installing: /home/fins/Desktop/merged_lidar_ws/install/livox_ros_driver2/local/lib/python3.10/dist-packages/livox_ros_driver2-1.0.0-py3.10.egg-info/PKG-INFO
[13.947s] -- Installing: /home/fins/Desktop/merged_lidar_ws/install/livox_ros_driver2/local/lib/python3.10/dist-packages/livox_ros_driver2-1.0.0-py3.10.egg-info/SOURCES.txt
[13.948s] -- Installing: /home/fins/Desktop/merged_lidar_ws/install/livox_ros_driver2/local/lib/python3.10/dist-packages/livox_ros_driver2-1.0.0-py3.10.egg-info/top_level.txt
[13.948s] -- Installing: /home/fins/Desktop/merged_lidar_ws/install/livox_ros_driver2/local/lib/python3.10/dist-packages/livox_ros_driver2-1.0.0-py3.10.egg-info/dependency_links.txt
[13.948s] -- Installing: /home/fins/Desktop/merged_lidar_ws/install/livox_ros_driver2/local/lib/python3.10/dist-packages/livox_ros_driver2
[13.948s] -- Installing: /home/fins/Desktop/merged_lidar_ws/install/livox_ros_driver2/local/lib/python3.10/dist-packages/livox_ros_driver2/_livox_ros_driver2_s.ep.rosidl_typesupport_fastrtps_c.c
[13.948s] -- Installing: /home/fins/Desktop/merged_lidar_ws/install/livox_ros_driver2/local/lib/python3.10/dist-packages/livox_ros_driver2/livox_ros_driver2_s__rosidl_typesupport_fastrtps_c.cpython-310-x86_64-linux-gnu.so
[13.948s] -- Installing: /home/fins/Desktop/merged_lidar_ws/install/livox_ros_driver2/local/lib/python3.10/dist-packages/livox_ros_driver2/_livox_ros_driver2_s.ep.rosidl_typesupport_introspection_c.c
[13.948s] -- Installing: /home/fins/Desktop/merged_lidar_ws/install/livox_ros_driver2/local/lib/python3.10/dist-packages/livox_ros_driver2/msg
[13.948s] -- Installing: /home/fins/Desktop/merged_lidar_ws/install/livox_ros_driver2/local/lib/python3.10/dist-packages/livox_ros_driver2/msg/_custom_msg.py
[13.948s] -- Installing: /home/fins/Desktop/merged_lidar_ws/install/livox_ros_driver2/local/lib/python3.10/dist-packages/livox_ros_driver2/msg/_custom_msg_s.c
[13.949s] -- Installing: /home/fins/Desktop/merged_lidar_ws/install/livox_ros_driver2/local/lib/python3.10/dist-packages/livox_ros_driver2/msg/_custom_point_s.c
[13.949s] -- Installing: /home/fins/Desktop/merged_lidar_ws/install/livox_ros_driver2/local/lib/python3.10/dist-packages/livox_ros_driver2/msg/__init__.py
[13.949s] -- Installing: /home/fins/Desktop/merged_lidar_ws/install/livox_ros_driver2/local/lib/python3.10/dist-packages/livox_ros_driver2/msg/_custom_point.py
[13.949s] -- Installing: /home/fins/Desktop/merged_lidar_ws/install/livox_ros_driver2/local/lib/python3.10/dist-packages/livox_ros_driver2/liblivox_interfaces2__rosidl_generator_py.so
[13.949s] -- Installing: /home/fins/Desktop/merged_lidar_ws/install/livox_ros_driver2/local/lib/python3.10/dist-packages/livox_ros_driver2/livox_ros_driver2_s__rosidl_typesupport_c.cpython-310-x86_64-linux-gnu.so
[13.949s] -- Installing: /home/fins/Desktop/merged_lidar_ws/install/livox_ros_driver2/local/lib/python3.10/dist-packages/livox_ros_driver2/__init__.py
[13.949s] -- Installing: /home/fins/Desktop/merged_lidar_ws/install/livox_ros_driver2/local/lib/python3.10/dist-packages/livox_ros_driver2/_livox_ros_driver2_s.ep.rosidl_typesupport_c.c
[13.949s] -- Installing: /home/fins/Desktop/merged_lidar_ws/install/livox_ros_driver2/local/lib/python3.10/dist-packages/livox_ros_driver2/livox_ros_driver2_s__rosidl_typesupport_introspection_c.cpython-310-x86_64-linux-gnu.so
[13.977s] Listing '/home/fins/Desktop/merged_lidar_ws/install/livox_ros_driver2/local/lib/python3.10/dist-packages/livox_ros_driver2'...
[13.977s] Compiling '/home/fins/Desktop/merged_lidar_ws/install/livox_ros_driver2/local/lib/python3.10/dist-packages/livox_ros_driver2/__init__.py'...
[13.977s] Listing '/home/fins/Desktop/merged_lidar_ws/install/livox_ros_driver2/local/lib/python3.10/dist-packages/livox_ros_driver2/msg'...
[13.977s] Compiling '/home/fins/Desktop/merged_lidar_ws/install/livox_ros_driver2/local/lib/python3.10/dist-packages/livox_ros_driver2/msg/__init__.py'...
[13.977s] Compiling '/home/fins/Desktop/merged_lidar_ws/install/livox_ros_driver2/local/lib/python3.10/dist-packages/livox_ros_driver2/msg/_custom_msg.py'...
[13.977s] Compiling '/home/fins/Desktop/merged_lidar_ws/install/livox_ros_driver2/local/lib/python3.10/dist-packages/livox_ros_driver2/msg/_custom_point.py'...
[13.981s] -- Installing: /home/fins/Desktop/merged_lidar_ws/install/livox_ros_driver2/local/lib/python3.10/dist-packages/livox_ros_driver2/livox_ros_driver2_s__rosidl_typesupport_fastrtps_c.cpython-310-x86_64-linux-gnu.so
[13.982s] -- Set runtime path of "/home/fins/Desktop/merged_lidar_ws/install/livox_ros_driver2/local/lib/python3.10/dist-packages/livox_ros_driver2/livox_ros_driver2_s__rosidl_typesupport_fastrtps_c.cpython-310-x86_64-linux-gnu.so" to ""
[13.982s] -- Installing: /home/fins/Desktop/merged_lidar_ws/install/livox_ros_driver2/local/lib/python3.10/dist-packages/livox_ros_driver2/livox_ros_driver2_s__rosidl_typesupport_introspection_c.cpython-310-x86_64-linux-gnu.so
[13.983s] -- Set runtime path of "/home/fins/Desktop/merged_lidar_ws/install/livox_ros_driver2/local/lib/python3.10/dist-packages/livox_ros_driver2/livox_ros_driver2_s__rosidl_typesupport_introspection_c.cpython-310-x86_64-linux-gnu.so" to ""
[13.983s] -- Installing: /home/fins/Desktop/merged_lidar_ws/install/livox_ros_driver2/local/lib/python3.10/dist-packages/livox_ros_driver2/livox_ros_driver2_s__rosidl_typesupport_c.cpython-310-x86_64-linux-gnu.so
[13.983s] -- Set runtime path of "/home/fins/Desktop/merged_lidar_ws/install/livox_ros_driver2/local/lib/python3.10/dist-packages/livox_ros_driver2/livox_ros_driver2_s__rosidl_typesupport_c.cpython-310-x86_64-linux-gnu.so" to ""
[13.983s] -- Installing: /home/fins/Desktop/merged_lidar_ws/install/livox_ros_driver2/lib/liblivox_interfaces2__rosidl_generator_py.so
[13.984s] -- Set runtime path of "/home/fins/Desktop/merged_lidar_ws/install/livox_ros_driver2/lib/liblivox_interfaces2__rosidl_generator_py.so" to ""
[13.984s] -- Installing: /home/fins/Desktop/merged_lidar_ws/install/livox_ros_driver2/share/livox_ros_driver2/msg/CustomPoint.idl
[13.984s] -- Installing: /home/fins/Desktop/merged_lidar_ws/install/livox_ros_driver2/share/livox_ros_driver2/msg/CustomMsg.idl
[13.984s] -- Installing: /home/fins/Desktop/merged_lidar_ws/install/livox_ros_driver2/share/livox_ros_driver2/msg/CustomPoint.msg
[13.984s] -- Installing: /home/fins/Desktop/merged_lidar_ws/install/livox_ros_driver2/share/livox_ros_driver2/msg/CustomMsg.msg
[13.985s] -- Installing: /home/fins/Desktop/merged_lidar_ws/install/livox_ros_driver2/lib/livox_ros_driver2/livox_ros_driver2_node
[13.985s] -- Set runtime path of "/home/fins/Desktop/merged_lidar_ws/install/livox_ros_driver2/lib/livox_ros_driver2/livox_ros_driver2_node" to ""
[13.985s] -- Installing: /home/fins/Desktop/merged_lidar_ws/install/livox_ros_driver2/lib/liblivox_ros_driver2.so
[13.990s] -- Set runtime path of "/home/fins/Desktop/merged_lidar_ws/install/livox_ros_driver2/lib/liblivox_ros_driver2.so" to ""
[13.991s] -- Installing: /home/fins/Desktop/merged_lidar_ws/install/livox_ros_driver2/share/livox_ros_driver2/config
[13.991s] -- Installing: /home/fins/Desktop/merged_lidar_ws/install/livox_ros_driver2/share/livox_ros_driver2/config/MID360_config1.json
[13.991s] -- Installing: /home/fins/Desktop/merged_lidar_ws/install/livox_ros_driver2/share/livox_ros_driver2/config/HAP_config.json
[13.991s] -- Installing: /home/fins/Desktop/merged_lidar_ws/install/livox_ros_driver2/share/livox_ros_driver2/config/display_point_cloud_ROS1.rviz
[13.991s] -- Installing: /home/fins/Desktop/merged_lidar_ws/install/livox_ros_driver2/share/livox_ros_driver2/config/MID360_config2.json
[13.991s] -- Installing: /home/fins/Desktop/merged_lidar_ws/install/livox_ros_driver2/share/livox_ros_driver2/config/display_point_cloud_ROS2.rviz
[13.991s] -- Installing: /home/fins/Desktop/merged_lidar_ws/install/livox_ros_driver2/share/livox_ros_driver2/config/multi_config.json
[13.992s] -- Installing: /home/fins/Desktop/merged_lidar_ws/install/livox_ros_driver2/share/livox_ros_driver2/launch_ROS2
[13.992s] -- Installing: /home/fins/Desktop/merged_lidar_ws/install/livox_ros_driver2/share/livox_ros_driver2/launch_ROS2/rviz_HAP_launch.py
[13.992s] -- Installing: /home/fins/Desktop/merged_lidar_ws/install/livox_ros_driver2/share/livox_ros_driver2/launch_ROS2/rviz_MID360_launch2.py
[13.992s] -- Installing: /home/fins/Desktop/merged_lidar_ws/install/livox_ros_driver2/share/livox_ros_driver2/launch_ROS2/rviz_MID360_launch1.py
[13.992s] -- Installing: /home/fins/Desktop/merged_lidar_ws/install/livox_ros_driver2/share/livox_ros_driver2/launch_ROS2/multi_msg_launch.py
[13.992s] -- Installing: /home/fins/Desktop/merged_lidar_ws/install/livox_ros_driver2/share/livox_ros_driver2/launch_ROS2/rviz_mixed.py
[13.992s] -- Installing: /home/fins/Desktop/merged_lidar_ws/install/livox_ros_driver2/share/livox_ros_driver2/launch_ROS2/msg_HAP_launch.py
[13.993s] -- Installing: /home/fins/Desktop/merged_lidar_ws/install/livox_ros_driver2/share/livox_ros_driver2/launch_ROS2/msg_multi_launch.py
[13.993s] -- Installing: /home/fins/Desktop/merged_lidar_ws/install/livox_ros_driver2/share/ament_index/resource_index/package_run_dependencies/livox_ros_driver2
[13.993s] -- Installing: /home/fins/Desktop/merged_lidar_ws/install/livox_ros_driver2/share/ament_index/resource_index/parent_prefix_path/livox_ros_driver2
[13.993s] -- Installing: /home/fins/Desktop/merged_lidar_ws/install/livox_ros_driver2/share/livox_ros_driver2/environment/ament_prefix_path.sh
[13.993s] -- Installing: /home/fins/Desktop/merged_lidar_ws/install/livox_ros_driver2/share/livox_ros_driver2/environment/ament_prefix_path.dsv
[13.994s] -- Installing: /home/fins/Desktop/merged_lidar_ws/install/livox_ros_driver2/share/livox_ros_driver2/environment/path.sh
[13.994s] -- Installing: /home/fins/Desktop/merged_lidar_ws/install/livox_ros_driver2/share/livox_ros_driver2/environment/path.dsv
[13.994s] -- Installing: /home/fins/Desktop/merged_lidar_ws/install/livox_ros_driver2/share/livox_ros_driver2/local_setup.bash
[13.994s] -- Installing: /home/fins/Desktop/merged_lidar_ws/install/livox_ros_driver2/share/livox_ros_driver2/local_setup.sh
[13.994s] -- Installing: /home/fins/Desktop/merged_lidar_ws/install/livox_ros_driver2/share/livox_ros_driver2/local_setup.zsh
[13.994s] -- Installing: /home/fins/Desktop/merged_lidar_ws/install/livox_ros_driver2/share/livox_ros_driver2/local_setup.dsv
[13.995s] -- Installing: /home/fins/Desktop/merged_lidar_ws/install/livox_ros_driver2/share/livox_ros_driver2/package.dsv
[13.995s] -- Installing: /home/fins/Desktop/merged_lidar_ws/install/livox_ros_driver2/share/ament_index/resource_index/packages/livox_ros_driver2
[13.995s] -- Installing: /home/fins/Desktop/merged_lidar_ws/install/livox_ros_driver2/share/livox_ros_driver2/cmake/export_livox_interfaces2__rosidl_generator_cExport.cmake
[13.995s] -- Installing: /home/fins/Desktop/merged_lidar_ws/install/livox_ros_driver2/share/livox_ros_driver2/cmake/export_livox_interfaces2__rosidl_generator_cExport-noconfig.cmake
[13.996s] -- Installing: /home/fins/Desktop/merged_lidar_ws/install/livox_ros_driver2/share/livox_ros_driver2/cmake/export_livox_interfaces2__rosidl_typesupport_fastrtps_cExport.cmake
[13.996s] -- Installing: /home/fins/Desktop/merged_lidar_ws/install/livox_ros_driver2/share/livox_ros_driver2/cmake/export_livox_interfaces2__rosidl_typesupport_fastrtps_cExport-noconfig.cmake
[13.996s] -- Installing: /home/fins/Desktop/merged_lidar_ws/install/livox_ros_driver2/share/livox_ros_driver2/cmake/livox_interfaces2__rosidl_typesupport_introspection_cExport.cmake
[13.996s] -- Installing: /home/fins/Desktop/merged_lidar_ws/install/livox_ros_driver2/share/livox_ros_driver2/cmake/livox_interfaces2__rosidl_typesupport_introspection_cExport-noconfig.cmake
[13.996s] -- Installing: /home/fins/Desktop/merged_lidar_ws/install/livox_ros_driver2/share/livox_ros_driver2/cmake/livox_interfaces2__rosidl_typesupport_cExport.cmake
[13.997s] -- Installing: /home/fins/Desktop/merged_lidar_ws/install/livox_ros_driver2/share/livox_ros_driver2/cmake/livox_interfaces2__rosidl_typesupport_cExport-noconfig.cmake
[13.997s] -- Installing: /home/fins/Desktop/merged_lidar_ws/install/livox_ros_driver2/share/livox_ros_driver2/cmake/export_livox_interfaces2__rosidl_generator_cppExport.cmake
[13.997s] -- Installing: /home/fins/Desktop/merged_lidar_ws/install/livox_ros_driver2/share/livox_ros_driver2/cmake/export_livox_interfaces2__rosidl_typesupport_fastrtps_cppExport.cmake
[13.997s] -- Installing: /home/fins/Desktop/merged_lidar_ws/install/livox_ros_driver2/share/livox_ros_driver2/cmake/export_livox_interfaces2__rosidl_typesupport_fastrtps_cppExport-noconfig.cmake
[13.997s] -- Installing: /home/fins/Desktop/merged_lidar_ws/install/livox_ros_driver2/share/livox_ros_driver2/cmake/livox_interfaces2__rosidl_typesupport_introspection_cppExport.cmake
[13.997s] -- Installing: /home/fins/Desktop/merged_lidar_ws/install/livox_ros_driver2/share/livox_ros_driver2/cmake/livox_interfaces2__rosidl_typesupport_introspection_cppExport-noconfig.cmake
[13.998s] -- Installing: /home/fins/Desktop/merged_lidar_ws/install/livox_ros_driver2/share/livox_ros_driver2/cmake/livox_interfaces2__rosidl_typesupport_cppExport.cmake
[13.998s] -- Installing: /home/fins/Desktop/merged_lidar_ws/install/livox_ros_driver2/share/livox_ros_driver2/cmake/livox_interfaces2__rosidl_typesupport_cppExport-noconfig.cmake
[13.998s] -- Installing: /home/fins/Desktop/merged_lidar_ws/install/livox_ros_driver2/share/livox_ros_driver2/cmake/export_livox_interfaces2__rosidl_generator_pyExport.cmake
[13.998s] -- Installing: /home/fins/Desktop/merged_lidar_ws/install/livox_ros_driver2/share/livox_ros_driver2/cmake/export_livox_interfaces2__rosidl_generator_pyExport-noconfig.cmake
[13.999s] -- Installing: /home/fins/Desktop/merged_lidar_ws/install/livox_ros_driver2/share/ament_index/resource_index/rclcpp_components/livox_ros_driver2
[13.999s] -- Installing: /home/fins/Desktop/merged_lidar_ws/install/livox_ros_driver2/share/livox_ros_driver2/cmake/rosidl_cmake-extras.cmake
[13.999s] -- Installing: /home/fins/Desktop/merged_lidar_ws/install/livox_ros_driver2/share/livox_ros_driver2/cmake/ament_cmake_export_dependencies-extras.cmake
[13.999s] -- Installing: /home/fins/Desktop/merged_lidar_ws/install/livox_ros_driver2/share/livox_ros_driver2/cmake/ament_cmake_export_include_directories-extras.cmake
[13.999s] -- Installing: /home/fins/Desktop/merged_lidar_ws/install/livox_ros_driver2/share/livox_ros_driver2/cmake/ament_cmake_export_libraries-extras.cmake
[13.999s] -- Installing: /home/fins/Desktop/merged_lidar_ws/install/livox_ros_driver2/share/livox_ros_driver2/cmake/ament_cmake_export_targets-extras.cmake
[14.000s] -- Installing: /home/fins/Desktop/merged_lidar_ws/install/livox_ros_driver2/share/livox_ros_driver2/cmake/rosidl_cmake_export_typesupport_targets-extras.cmake
[14.000s] -- Installing: /home/fins/Desktop/merged_lidar_ws/install/livox_ros_driver2/share/livox_ros_driver2/cmake/rosidl_cmake_export_typesupport_libraries-extras.cmake
[14.000s] -- Installing: /home/fins/Desktop/merged_lidar_ws/install/livox_ros_driver2/share/livox_ros_driver2/cmake/livox_ros_driver2Config.cmake
[14.000s] -- Installing: /home/fins/Desktop/merged_lidar_ws/install/livox_ros_driver2/share/livox_ros_driver2/cmake/livox_ros_driver2Config-version.cmake
[14.001s] -- Installing: /home/fins/Desktop/merged_lidar_ws/install/livox_ros_driver2/share/livox_ros_driver2/package.xml
[14.003s] Invoked command in '/home/fins/Desktop/merged_lidar_ws/build/livox_ros_driver2' returned '0': CMAKE_PREFIX_PATH=${CMAKE_PREFIX_PATH}:/opt/ros/humble /usr/bin/cmake --install /home/fins/Desktop/merged_lidar_ws/build/livox_ros_driver2
