[0.010s] Invoking command in '/home/fins/Desktop/merged_lidar_ws/build/livox_to_pointcloud2': CMAKE_PREFIX_PATH=/home/fins/Desktop/merged_lidar_ws/install/livox_ros_driver2:/opt/ros/humble:/home/fins/Desktop/merged_lidar_ws/install/livox_to_pointcloud2:/home/fins/Desktop/merged_lidar_ws/install/lidar_merge LD_LIBRARY_PATH=/home/fins/Desktop/merged_lidar_ws/install/livox_ros_driver2/lib:/home/fins/Desktop/merged_lidar_ws/install/livox_to_pointcloud2/lib:/opt/ros/humble/opt/rviz_ogre_vendor/lib:/opt/ros/humble/lib/x86_64-linux-gnu:/opt/ros/humble/lib:/opt/MVS/lib/64:/opt/MVS/lib/32:/opt/MVS/lib/64:/opt/MVS/lib/32:/opt/MVS/lib/64:/opt/MVS/lib/32:/usr/local/lib:/usr/local/opencv-4.7.0/lib /usr/bin/cmake /home/fins/Desktop/merged_lidar_ws/src/livox_to_pointcloud2 -DCMAKE_INSTALL_PREFIX=/home/fins/Desktop/merged_lidar_ws/install/livox_to_pointcloud2
[0.019s] -- Found ament_cmake_auto: 1.3.10 (/opt/ros/humble/share/ament_cmake_auto/cmake)
[0.323s] -- Found Python3: /usr/bin/python3 (found version "3.10.12") found components: Interpreter 
[0.485s] -- Found rosidl_generator_c: 3.1.5 (/opt/ros/humble/share/rosidl_generator_c/cmake)
[0.489s] -- Found rosidl_adapter: 3.1.5 (/opt/ros/humble/share/rosidl_adapter/cmake)
[0.495s] -- Found rosidl_generator_cpp: 3.1.5 (/opt/ros/humble/share/rosidl_generator_cpp/cmake)
[0.504s] -- Using all available rosidl_typesupport_c: rosidl_typesupport_fastrtps_c;rosidl_typesupport_introspection_c
[0.517s] -- Using all available rosidl_typesupport_cpp: rosidl_typesupport_fastrtps_cpp;rosidl_typesupport_introspection_cpp
[0.550s] -- Found rmw_implementation_cmake: 6.1.2 (/opt/ros/humble/share/rmw_implementation_cmake/cmake)
[0.552s] -- Found rmw_fastrtps_cpp: 6.2.7 (/opt/ros/humble/share/rmw_fastrtps_cpp/cmake)
[0.635s] -- Found OpenSSL: /usr/lib/x86_64-linux-gnu/libcrypto.so (found version "3.0.2")  
[0.661s] -- Found FastRTPS: /opt/ros/humble/include  
[0.700s] -- Using RMW implementation 'rmw_fastrtps_cpp' as default
[0.707s] -- Looking for pthread.h
[0.772s] -- Looking for pthread.h - found
[0.772s] -- Performing Test CMAKE_HAVE_LIBC_PTHREAD
[0.841s] -- Performing Test CMAKE_HAVE_LIBC_PTHREAD - Success
[0.842s] -- Found Threads: TRUE  
[0.984s] -- Checking for module 'eigen3'
[0.998s] --   Found eigen3, version 3.4.0
[1.038s] -- Found Eigen: /usr/include/eigen3 (Required is at least version "3.1") 
[1.038s] -- Eigen found (include: /usr/include/eigen3, version: 3.4.0)
[1.076s] -- Checking for module 'flann'
[1.092s] --   Found flann, version 1.9.1
[1.137s] -- Found FLANN: /usr/lib/x86_64-linux-gnu/libflann_cpp.so  
[1.138s] -- FLANN found (include: /usr/include, lib: /usr/lib/x86_64-linux-gnu/libflann_cpp.so)
[2.036s] -- Checking for module 'libusb-1.0'
[2.050s] --   Found libusb-1.0, version 1.0.25
[2.090s] -- Found libusb: /usr/lib/x86_64-linux-gnu/libusb-1.0.so  
[2.091s] -- OpenNI found (version: 1.5.4.0, include: /usr/include/ni, lib: /usr/lib/libOpenNI.so;libusb::libusb)
[2.156s] -- OpenNI2 found (version: 2.2.0.33, include: /usr/include/openni2, lib: /usr/lib/x86_64-linux-gnu/libOpenNI2.so;libusb::libusb)
[2.273s] -- Eigen found (include: /usr/include/eigen3, version: 3.4.0)
[2.279s] -- OpenNI found (version: 1.5.4.0, include: /usr/include/ni, lib: /usr/lib/libOpenNI.so;libusb::libusb)
[2.286s] -- OpenNI2 found (version: 2.2.0.33, include: /usr/include/openni2, lib: /usr/lib/x86_64-linux-gnu/libOpenNI2.so;libusb::libusb)
[2.399s] -- Found Qhull version 8.0.2
[2.513s] -- OpenNI found (version: 1.5.4.0, include: /usr/include/ni, lib: /usr/lib/libOpenNI.so;libusb::libusb)
[2.619s] -- Found PCL_COMMON: /usr/lib/x86_64-linux-gnu/libpcl_common.so  
[2.620s] -- Found PCL_KDTREE: /usr/lib/x86_64-linux-gnu/libpcl_kdtree.so  
[2.620s] -- Found PCL_OCTREE: /usr/lib/x86_64-linux-gnu/libpcl_octree.so  
[2.621s] -- Found PCL_SEARCH: /usr/lib/x86_64-linux-gnu/libpcl_search.so  
[2.621s] -- Found PCL_SAMPLE_CONSENSUS: /usr/lib/x86_64-linux-gnu/libpcl_sample_consensus.so  
[2.622s] -- Found PCL_FILTERS: /usr/lib/x86_64-linux-gnu/libpcl_filters.so  
[2.622s] -- Found PCL_2D: /usr/include/pcl-1.12  
[2.622s] -- Found PCL_GEOMETRY: /usr/include/pcl-1.12  
[2.623s] -- Found PCL_IO: /usr/lib/x86_64-linux-gnu/libpcl_io.so  
[2.624s] -- Found PCL_FEATURES: /usr/lib/x86_64-linux-gnu/libpcl_features.so  
[2.624s] -- Found PCL_ML: /usr/lib/x86_64-linux-gnu/libpcl_ml.so  
[2.625s] -- Found PCL_SEGMENTATION: /usr/lib/x86_64-linux-gnu/libpcl_segmentation.so  
[2.626s] -- Found PCL_VISUALIZATION: /usr/lib/x86_64-linux-gnu/libpcl_visualization.so  
[2.626s] -- Found PCL_SURFACE: /usr/lib/x86_64-linux-gnu/libpcl_surface.so  
[2.627s] -- Found PCL_REGISTRATION: /usr/lib/x86_64-linux-gnu/libpcl_registration.so  
[2.628s] -- Found PCL_KEYPOINTS: /usr/lib/x86_64-linux-gnu/libpcl_keypoints.so  
[2.628s] -- Found PCL_TRACKING: /usr/lib/x86_64-linux-gnu/libpcl_tracking.so  
[2.629s] -- Found PCL_RECOGNITION: /usr/lib/x86_64-linux-gnu/libpcl_recognition.so  
[2.630s] -- Found PCL_STEREO: /usr/lib/x86_64-linux-gnu/libpcl_stereo.so  
[2.630s] -- Found PCL_APPS: /usr/lib/x86_64-linux-gnu/libpcl_apps.so  
[2.631s] -- Found PCL_IN_HAND_SCANNER: /usr/include/pcl-1.12  
[2.631s] -- Found PCL_MODELER: /usr/include/pcl-1.12  
[2.631s] -- Found PCL_POINT_CLOUD_EDITOR: /usr/include/pcl-1.12  
[2.632s] -- Found PCL_OUTOFCORE: /usr/lib/x86_64-linux-gnu/libpcl_outofcore.so  
[2.632s] -- Found PCL_PEOPLE: /usr/lib/x86_64-linux-gnu/libpcl_people.so  
[2.641s] -- Found livox_ros_driver2
[2.648s] -- Configuring done
[2.663s] -- Generating done
[2.665s] -- Build files have been written to: /home/fins/Desktop/merged_lidar_ws/build/livox_to_pointcloud2
[2.679s] Invoked command in '/home/fins/Desktop/merged_lidar_ws/build/livox_to_pointcloud2' returned '0': CMAKE_PREFIX_PATH=/home/fins/Desktop/merged_lidar_ws/install/livox_ros_driver2:/opt/ros/humble:/home/fins/Desktop/merged_lidar_ws/install/livox_to_pointcloud2:/home/fins/Desktop/merged_lidar_ws/install/lidar_merge LD_LIBRARY_PATH=/home/fins/Desktop/merged_lidar_ws/install/livox_ros_driver2/lib:/home/fins/Desktop/merged_lidar_ws/install/livox_to_pointcloud2/lib:/opt/ros/humble/opt/rviz_ogre_vendor/lib:/opt/ros/humble/lib/x86_64-linux-gnu:/opt/ros/humble/lib:/opt/MVS/lib/64:/opt/MVS/lib/32:/opt/MVS/lib/64:/opt/MVS/lib/32:/opt/MVS/lib/64:/opt/MVS/lib/32:/usr/local/lib:/usr/local/opencv-4.7.0/lib /usr/bin/cmake /home/fins/Desktop/merged_lidar_ws/src/livox_to_pointcloud2 -DCMAKE_INSTALL_PREFIX=/home/fins/Desktop/merged_lidar_ws/install/livox_to_pointcloud2
[2.680s] Invoking command in '/home/fins/Desktop/merged_lidar_ws/build/livox_to_pointcloud2': CMAKE_PREFIX_PATH=/home/fins/Desktop/merged_lidar_ws/install/livox_ros_driver2:/opt/ros/humble:/home/fins/Desktop/merged_lidar_ws/install/livox_to_pointcloud2:/home/fins/Desktop/merged_lidar_ws/install/lidar_merge LD_LIBRARY_PATH=/home/fins/Desktop/merged_lidar_ws/install/livox_ros_driver2/lib:/home/fins/Desktop/merged_lidar_ws/install/livox_to_pointcloud2/lib:/opt/ros/humble/opt/rviz_ogre_vendor/lib:/opt/ros/humble/lib/x86_64-linux-gnu:/opt/ros/humble/lib:/opt/MVS/lib/64:/opt/MVS/lib/32:/opt/MVS/lib/64:/opt/MVS/lib/32:/opt/MVS/lib/64:/opt/MVS/lib/32:/usr/local/lib:/usr/local/opencv-4.7.0/lib /usr/bin/cmake --build /home/fins/Desktop/merged_lidar_ws/build/livox_to_pointcloud2 -- -j16 -l16
[2.733s] [ 25%] [32mBuilding CXX object CMakeFiles/livox_to_pointcloud2.dir/src/livox_to_pointcloud2_ros2.cpp.o[0m
[15.366s] [ 50%] [32m[1mLinking CXX shared library liblivox_to_pointcloud2.so[0m
[15.582s] [ 50%] Built target livox_to_pointcloud2
[15.605s] [ 75%] [32mBuilding CXX object CMakeFiles/livox_to_pointcloud2_node.dir/src/livox_to_pointcloud2_ros2_node.cpp.o[0m
[19.095s] [100%] [32m[1mLinking CXX executable livox_to_pointcloud2_node[0m
[19.206s] [100%] Built target livox_to_pointcloud2_node
[19.216s] Invoked command in '/home/fins/Desktop/merged_lidar_ws/build/livox_to_pointcloud2' returned '0': CMAKE_PREFIX_PATH=/home/fins/Desktop/merged_lidar_ws/install/livox_ros_driver2:/opt/ros/humble:/home/fins/Desktop/merged_lidar_ws/install/livox_to_pointcloud2:/home/fins/Desktop/merged_lidar_ws/install/lidar_merge LD_LIBRARY_PATH=/home/fins/Desktop/merged_lidar_ws/install/livox_ros_driver2/lib:/home/fins/Desktop/merged_lidar_ws/install/livox_to_pointcloud2/lib:/opt/ros/humble/opt/rviz_ogre_vendor/lib:/opt/ros/humble/lib/x86_64-linux-gnu:/opt/ros/humble/lib:/opt/MVS/lib/64:/opt/MVS/lib/32:/opt/MVS/lib/64:/opt/MVS/lib/32:/opt/MVS/lib/64:/opt/MVS/lib/32:/usr/local/lib:/usr/local/opencv-4.7.0/lib /usr/bin/cmake --build /home/fins/Desktop/merged_lidar_ws/build/livox_to_pointcloud2 -- -j16 -l16
[19.253s] Invoking command in '/home/fins/Desktop/merged_lidar_ws/build/livox_to_pointcloud2': CMAKE_PREFIX_PATH=/home/fins/Desktop/merged_lidar_ws/install/livox_ros_driver2:/opt/ros/humble:/home/fins/Desktop/merged_lidar_ws/install/livox_to_pointcloud2:/home/fins/Desktop/merged_lidar_ws/install/lidar_merge LD_LIBRARY_PATH=/home/fins/Desktop/merged_lidar_ws/install/livox_ros_driver2/lib:/home/fins/Desktop/merged_lidar_ws/install/livox_to_pointcloud2/lib:/opt/ros/humble/opt/rviz_ogre_vendor/lib:/opt/ros/humble/lib/x86_64-linux-gnu:/opt/ros/humble/lib:/opt/MVS/lib/64:/opt/MVS/lib/32:/opt/MVS/lib/64:/opt/MVS/lib/32:/opt/MVS/lib/64:/opt/MVS/lib/32:/usr/local/lib:/usr/local/opencv-4.7.0/lib /usr/bin/cmake --install /home/fins/Desktop/merged_lidar_ws/build/livox_to_pointcloud2
[19.261s] -- Install configuration: "RelWithDebInfo"
[19.261s] -- Installing: /home/fins/Desktop/merged_lidar_ws/install/livox_to_pointcloud2/include
[19.261s] -- Installing: /home/fins/Desktop/merged_lidar_ws/install/livox_to_pointcloud2/include/livox_to_pointcloud2
[19.261s] -- Installing: /home/fins/Desktop/merged_lidar_ws/install/livox_to_pointcloud2/include/livox_to_pointcloud2/livox_converter.hpp
[19.261s] -- Installing: /home/fins/Desktop/merged_lidar_ws/install/livox_to_pointcloud2/include/livox_to_pointcloud2/livox_to_pointcloud2_ros2.hpp
[19.261s] -- Installing: /home/fins/Desktop/merged_lidar_ws/install/livox_to_pointcloud2/share/livox_to_pointcloud2/environment/library_path.sh
[19.262s] -- Installing: /home/fins/Desktop/merged_lidar_ws/install/livox_to_pointcloud2/share/livox_to_pointcloud2/environment/library_path.dsv
[19.262s] -- Installing: /home/fins/Desktop/merged_lidar_ws/install/livox_to_pointcloud2/lib/liblivox_to_pointcloud2.so
[19.280s] -- Set runtime path of "/home/fins/Desktop/merged_lidar_ws/install/livox_to_pointcloud2/lib/liblivox_to_pointcloud2.so" to ""
[19.280s] -- Installing: /home/fins/Desktop/merged_lidar_ws/install/livox_to_pointcloud2/lib/livox_to_pointcloud2/livox_to_pointcloud2_node
[19.281s] -- Set runtime path of "/home/fins/Desktop/merged_lidar_ws/install/livox_to_pointcloud2/lib/livox_to_pointcloud2/livox_to_pointcloud2_node" to ""
[19.281s] -- Installing: /home/fins/Desktop/merged_lidar_ws/install/livox_to_pointcloud2/share/ament_index/resource_index/package_run_dependencies/livox_to_pointcloud2
[19.282s] -- Installing: /home/fins/Desktop/merged_lidar_ws/install/livox_to_pointcloud2/share/ament_index/resource_index/parent_prefix_path/livox_to_pointcloud2
[19.282s] -- Installing: /home/fins/Desktop/merged_lidar_ws/install/livox_to_pointcloud2/share/livox_to_pointcloud2/environment/ament_prefix_path.sh
[19.282s] -- Installing: /home/fins/Desktop/merged_lidar_ws/install/livox_to_pointcloud2/share/livox_to_pointcloud2/environment/ament_prefix_path.dsv
[19.282s] -- Installing: /home/fins/Desktop/merged_lidar_ws/install/livox_to_pointcloud2/share/livox_to_pointcloud2/environment/path.sh
[19.282s] -- Installing: /home/fins/Desktop/merged_lidar_ws/install/livox_to_pointcloud2/share/livox_to_pointcloud2/environment/path.dsv
[19.282s] -- Installing: /home/fins/Desktop/merged_lidar_ws/install/livox_to_pointcloud2/share/livox_to_pointcloud2/local_setup.bash
[19.282s] -- Installing: /home/fins/Desktop/merged_lidar_ws/install/livox_to_pointcloud2/share/livox_to_pointcloud2/local_setup.sh
[19.283s] -- Installing: /home/fins/Desktop/merged_lidar_ws/install/livox_to_pointcloud2/share/livox_to_pointcloud2/local_setup.zsh
[19.283s] -- Installing: /home/fins/Desktop/merged_lidar_ws/install/livox_to_pointcloud2/share/livox_to_pointcloud2/local_setup.dsv
[19.283s] -- Installing: /home/fins/Desktop/merged_lidar_ws/install/livox_to_pointcloud2/share/livox_to_pointcloud2/package.dsv
[19.283s] -- Installing: /home/fins/Desktop/merged_lidar_ws/install/livox_to_pointcloud2/share/ament_index/resource_index/packages/livox_to_pointcloud2
[19.283s] -- Installing: /home/fins/Desktop/merged_lidar_ws/install/livox_to_pointcloud2/share/ament_index/resource_index/rclcpp_components/livox_to_pointcloud2
[19.283s] -- Installing: /home/fins/Desktop/merged_lidar_ws/install/livox_to_pointcloud2/share/livox_to_pointcloud2/cmake/ament_cmake_export_dependencies-extras.cmake
[19.284s] -- Installing: /home/fins/Desktop/merged_lidar_ws/install/livox_to_pointcloud2/share/livox_to_pointcloud2/cmake/ament_cmake_export_include_directories-extras.cmake
[19.284s] -- Installing: /home/fins/Desktop/merged_lidar_ws/install/livox_to_pointcloud2/share/livox_to_pointcloud2/cmake/ament_cmake_export_libraries-extras.cmake
[19.284s] -- Installing: /home/fins/Desktop/merged_lidar_ws/install/livox_to_pointcloud2/share/livox_to_pointcloud2/cmake/livox_to_pointcloud2Config.cmake
[19.284s] -- Installing: /home/fins/Desktop/merged_lidar_ws/install/livox_to_pointcloud2/share/livox_to_pointcloud2/cmake/livox_to_pointcloud2Config-version.cmake
[19.284s] -- Installing: /home/fins/Desktop/merged_lidar_ws/install/livox_to_pointcloud2/share/livox_to_pointcloud2/package.xml
[19.287s] Invoked command in '/home/fins/Desktop/merged_lidar_ws/build/livox_to_pointcloud2' returned '0': CMAKE_PREFIX_PATH=/home/fins/Desktop/merged_lidar_ws/install/livox_ros_driver2:/opt/ros/humble:/home/fins/Desktop/merged_lidar_ws/install/livox_to_pointcloud2:/home/fins/Desktop/merged_lidar_ws/install/lidar_merge LD_LIBRARY_PATH=/home/fins/Desktop/merged_lidar_ws/install/livox_ros_driver2/lib:/home/fins/Desktop/merged_lidar_ws/install/livox_to_pointcloud2/lib:/opt/ros/humble/opt/rviz_ogre_vendor/lib:/opt/ros/humble/lib/x86_64-linux-gnu:/opt/ros/humble/lib:/opt/MVS/lib/64:/opt/MVS/lib/32:/opt/MVS/lib/64:/opt/MVS/lib/32:/opt/MVS/lib/64:/opt/MVS/lib/32:/usr/local/lib:/usr/local/opencv-4.7.0/lib /usr/bin/cmake --install /home/fins/Desktop/merged_lidar_ws/build/livox_to_pointcloud2
