[01m[K/home/fins/Desktop/merged_lidar_ws/src/lidar_merge/src/merge.cpp:[m[K In constructor ‘[01m[KMergeCustomMsgNode::MergeCustomMsgNode()[m[K’:
[01m[K/home/fins/Desktop/merged_lidar_ws/src/lidar_merge/src/merge.cpp:27:20:[m[K [01;31m[Kerror: [m[Kno matching function for call to ‘[01m[Kmessage_filters::Subscriber<livox_ros_driver2::msg::CustomMsg_<std::allocator<void> > >::subscribe(std::shared_ptr<rclcpp::Node>&, const char [27], rclcpp::QoS&)[m[K’
   27 |     [01;31m[Ksub1_.subscribe(node_ptr, "/livox/lidar_192_168_1_198", qos)[m[K;
      |     [01;31m[K~~~~~~~~~~~~~~~^~~~~~~~~~~~~~~~~~~~~~~~~~~~~~~~~~~~~~~~~~~~~[m[K
In file included from [01m[K/home/fins/Desktop/merged_lidar_ws/src/lidar_merge/src/merge.cpp:4[m[K:
[01m[K/opt/ros/humble/include/message_filters/message_filters/subscriber.h:219:8:[m[K [01;36m[Knote: [m[Kcandidate: ‘[01m[Kvoid message_filters::Subscriber<M, NodeType>::subscribe(message_filters::Subscriber<M, NodeType>::NodePtr, const string&, rmw_qos_profile_t) [with M = livox_ros_driver2::msg::CustomMsg_<std::allocator<void> >; NodeType = rclcpp::Node; message_filters::Subscriber<M, NodeType>::NodePtr = std::shared_ptr<rclcpp::Node>; std::string = std::__cxx11::basic_string<char>; rmw_qos_profile_t = rmw_qos_profile_s][m[K’
  219 |   void [01;36m[Ksubscribe[m[K(NodePtr node, const std::string& topic, const rmw_qos_profile_t qos = rmw_qos_profile_default) override
      |        [01;36m[K^~~~~~~~~[m[K
[01m[K/opt/ros/humble/include/message_filters/message_filters/subscriber.h:219:82:[m[K [01;36m[Knote: [m[K  no known conversion for argument 3 from ‘[01m[Krclcpp::QoS[m[K’ to ‘[01m[Krmw_qos_profile_t[m[K’ {aka ‘[01m[Krmw_qos_profile_s[m[K’}
  219 | Ptr node, const std::string& topic, [01;36m[Kconst rmw_qos_profile_t qos = rmw_qos_profile_default[m[K) override
      |                                     [01;36m[K~~~~~~~~~~~~~~~~~~~~~~~~^~~~~~~~~~~~~~~~~~~~~~~~~~~~~[m[K

[01m[K/opt/ros/humble/include/message_filters/message_filters/subscriber.h:234:8:[m[K [01;36m[Knote: [m[Kcandidate: ‘[01m[Kvoid message_filters::Subscriber<M, NodeType>::subscribe(NodeType*, const string&, rmw_qos_profile_t) [with M = livox_ros_driver2::msg::CustomMsg_<std::allocator<void> >; NodeType = rclcpp::Node; std::string = std::__cxx11::basic_string<char>; rmw_qos_profile_t = rmw_qos_profile_s][m[K’
  234 |   void [01;36m[Ksubscribe[m[K(NodeType * node, const std::string& topic, const rmw_qos_profile_t qos = rmw_qos_profile_default) override
      |        [01;36m[K^~~~~~~~~[m[K
[01m[K/opt/ros/humble/include/message_filters/message_filters/subscriber.h:234:29:[m[K [01;36m[Knote: [m[K  no known conversion for argument 1 from ‘[01m[Kstd::shared_ptr<rclcpp::Node>[m[K’ to ‘[01m[Krclcpp::Node*[m[K’
  234 |   void subscribe([01;36m[KNodeType * node[m[K, const std::string& topic, const rmw_qos_profile_t qos = rmw_qos_profile_default) override
      |                  [01;36m[K~~~~~~~~~~~^~~~[m[K
[01m[K/opt/ros/humble/include/message_filters/message_filters/subscriber.h:249:8:[m[K [01;36m[Knote: [m[Kcandidate: ‘[01m[Kvoid message_filters::Subscriber<M, NodeType>::subscribe(message_filters::Subscriber<M, NodeType>::NodePtr, const string&, rmw_qos_profile_t, rclcpp::SubscriptionOptions) [with M = livox_ros_driver2::msg::CustomMsg_<std::allocator<void> >; NodeType = rclcpp::Node; message_filters::Subscriber<M, NodeType>::NodePtr = std::shared_ptr<rclcpp::Node>; std::string = std::__cxx11::basic_string<char>; rmw_qos_profile_t = rmw_qos_profile_s; rclcpp::SubscriptionOptions = rclcpp::SubscriptionOptionsWithAllocator<std::allocator<void> >][m[K’
  249 |   void [01;36m[Ksubscribe[m[K(
      |        [01;36m[K^~~~~~~~~[m[K
[01m[K/opt/ros/humble/include/message_filters/message_filters/subscriber.h:249:8:[m[K [01;36m[Knote: [m[K  candidate expects 4 arguments, 3 provided
[01m[K/opt/ros/humble/include/message_filters/message_filters/subscriber.h:271:8:[m[K [01;36m[Knote: [m[Kcandidate: ‘[01m[Kvoid message_filters::Subscriber<M, NodeType>::subscribe(NodeType*, const string&, rmw_qos_profile_t, rclcpp::SubscriptionOptions) [with M = livox_ros_driver2::msg::CustomMsg_<std::allocator<void> >; NodeType = rclcpp::Node; std::string = std::__cxx11::basic_string<char>; rmw_qos_profile_t = rmw_qos_profile_s; rclcpp::SubscriptionOptions = rclcpp::SubscriptionOptionsWithAllocator<std::allocator<void> >][m[K’
  271 |   void [01;36m[Ksubscribe[m[K(
      |        [01;36m[K^~~~~~~~~[m[K
[01m[K/opt/ros/humble/include/message_filters/message_filters/subscriber.h:271:8:[m[K [01;36m[Knote: [m[K  candidate expects 4 arguments, 3 provided
[01m[K/opt/ros/humble/include/message_filters/message_filters/subscriber.h:298:8:[m[K [01;36m[Knote: [m[Kcandidate: ‘[01m[Kvoid message_filters::Subscriber<M, NodeType>::subscribe() [with M = livox_ros_driver2::msg::CustomMsg_<std::allocator<void> >; NodeType = rclcpp::Node][m[K’
  298 |   void [01;36m[Ksubscribe[m[K() override
      |        [01;36m[K^~~~~~~~~[m[K
[01m[K/opt/ros/humble/include/message_filters/message_filters/subscriber.h:298:8:[m[K [01;36m[Knote: [m[K  candidate expects 0 arguments, 3 provided
[01m[K/home/fins/Desktop/merged_lidar_ws/src/lidar_merge/src/merge.cpp:28:20:[m[K [01;31m[Kerror: [m[Kno matching function for call to ‘[01m[Kmessage_filters::Subscriber<livox_ros_driver2::msg::CustomMsg_<std::allocator<void> > >::subscribe(std::shared_ptr<rclcpp::Node>&, const char [27], rclcpp::QoS&)[m[K’
   28 |     [01;31m[Ksub2_.subscribe(node_ptr, "/livox/lidar_192_168_1_187", qos)[m[K;
      |     [01;31m[K~~~~~~~~~~~~~~~^~~~~~~~~~~~~~~~~~~~~~~~~~~~~~~~~~~~~~~~~~~~~[m[K
In file included from [01m[K/home/fins/Desktop/merged_lidar_ws/src/lidar_merge/src/merge.cpp:4[m[K:
[01m[K/opt/ros/humble/include/message_filters/message_filters/subscriber.h:219:8:[m[K [01;36m[Knote: [m[Kcandidate: ‘[01m[Kvoid message_filters::Subscriber<M, NodeType>::subscribe(message_filters::Subscriber<M, NodeType>::NodePtr, const string&, rmw_qos_profile_t) [with M = livox_ros_driver2::msg::CustomMsg_<std::allocator<void> >; NodeType = rclcpp::Node; message_filters::Subscriber<M, NodeType>::NodePtr = std::shared_ptr<rclcpp::Node>; std::string = std::__cxx11::basic_string<char>; rmw_qos_profile_t = rmw_qos_profile_s][m[K’
  219 |   void [01;36m[Ksubscribe[m[K(NodePtr node, const std::string& topic, const rmw_qos_profile_t qos = rmw_qos_profile_default) override
      |        [01;36m[K^~~~~~~~~[m[K
[01m[K/opt/ros/humble/include/message_filters/message_filters/subscriber.h:219:82:[m[K [01;36m[Knote: [m[K  no known conversion for argument 3 from ‘[01m[Krclcpp::QoS[m[K’ to ‘[01m[Krmw_qos_profile_t[m[K’ {aka ‘[01m[Krmw_qos_profile_s[m[K’}
  219 | Ptr node, const std::string& topic, [01;36m[Kconst rmw_qos_profile_t qos = rmw_qos_profile_default[m[K) override
      |                                     [01;36m[K~~~~~~~~~~~~~~~~~~~~~~~~^~~~~~~~~~~~~~~~~~~~~~~~~~~~~[m[K

[01m[K/opt/ros/humble/include/message_filters/message_filters/subscriber.h:234:8:[m[K [01;36m[Knote: [m[Kcandidate: ‘[01m[Kvoid message_filters::Subscriber<M, NodeType>::subscribe(NodeType*, const string&, rmw_qos_profile_t) [with M = livox_ros_driver2::msg::CustomMsg_<std::allocator<void> >; NodeType = rclcpp::Node; std::string = std::__cxx11::basic_string<char>; rmw_qos_profile_t = rmw_qos_profile_s][m[K’
  234 |   void [01;36m[Ksubscribe[m[K(NodeType * node, const std::string& topic, const rmw_qos_profile_t qos = rmw_qos_profile_default) override
      |        [01;36m[K^~~~~~~~~[m[K
[01m[K/opt/ros/humble/include/message_filters/message_filters/subscriber.h:234:29:[m[K [01;36m[Knote: [m[K  no known conversion for argument 1 from ‘[01m[Kstd::shared_ptr<rclcpp::Node>[m[K’ to ‘[01m[Krclcpp::Node*[m[K’
  234 |   void subscribe([01;36m[KNodeType * node[m[K, const std::string& topic, const rmw_qos_profile_t qos = rmw_qos_profile_default) override
      |                  [01;36m[K~~~~~~~~~~~^~~~[m[K
[01m[K/opt/ros/humble/include/message_filters/message_filters/subscriber.h:249:8:[m[K [01;36m[Knote: [m[Kcandidate: ‘[01m[Kvoid message_filters::Subscriber<M, NodeType>::subscribe(message_filters::Subscriber<M, NodeType>::NodePtr, const string&, rmw_qos_profile_t, rclcpp::SubscriptionOptions) [with M = livox_ros_driver2::msg::CustomMsg_<std::allocator<void> >; NodeType = rclcpp::Node; message_filters::Subscriber<M, NodeType>::NodePtr = std::shared_ptr<rclcpp::Node>; std::string = std::__cxx11::basic_string<char>; rmw_qos_profile_t = rmw_qos_profile_s; rclcpp::SubscriptionOptions = rclcpp::SubscriptionOptionsWithAllocator<std::allocator<void> >][m[K’
  249 |   void [01;36m[Ksubscribe[m[K(
      |        [01;36m[K^~~~~~~~~[m[K
[01m[K/opt/ros/humble/include/message_filters/message_filters/subscriber.h:249:8:[m[K [01;36m[Knote: [m[K  candidate expects 4 arguments, 3 provided
[01m[K/opt/ros/humble/include/message_filters/message_filters/subscriber.h:271:8:[m[K [01;36m[Knote: [m[Kcandidate: ‘[01m[Kvoid message_filters::Subscriber<M, NodeType>::subscribe(NodeType*, const string&, rmw_qos_profile_t, rclcpp::SubscriptionOptions) [with M = livox_ros_driver2::msg::CustomMsg_<std::allocator<void> >; NodeType = rclcpp::Node; std::string = std::__cxx11::basic_string<char>; rmw_qos_profile_t = rmw_qos_profile_s; rclcpp::SubscriptionOptions = rclcpp::SubscriptionOptionsWithAllocator<std::allocator<void> >][m[K’
  271 |   void [01;36m[Ksubscribe[m[K(
      |        [01;36m[K^~~~~~~~~[m[K
[01m[K/opt/ros/humble/include/message_filters/message_filters/subscriber.h:271:8:[m[K [01;36m[Knote: [m[K  candidate expects 4 arguments, 3 provided
[01m[K/opt/ros/humble/include/message_filters/message_filters/subscriber.h:298:8:[m[K [01;36m[Knote: [m[Kcandidate: ‘[01m[Kvoid message_filters::Subscriber<M, NodeType>::subscribe() [with M = livox_ros_driver2::msg::CustomMsg_<std::allocator<void> >; NodeType = rclcpp::Node][m[K’
  298 |   void [01;36m[Ksubscribe[m[K() override
      |        [01;36m[K^~~~~~~~~[m[K
[01m[K/opt/ros/humble/include/message_filters/message_filters/subscriber.h:298:8:[m[K [01;36m[Knote: [m[K  candidate expects 0 arguments, 3 provided
gmake[2]: *** [CMakeFiles/merge_point_node.dir/build.make:76：CMakeFiles/merge_point_node.dir/src/merge.cpp.o] 错误 1
gmake[1]: *** [CMakeFiles/Makefile2:137：CMakeFiles/merge_point_node.dir/all] 错误 2
gmake: *** [Makefile:146：all] 错误 2
