[0.013s] Invoking command in '/home/fins/Desktop/merged_lidar_ws/build/livox_ros_driver2': CMAKE_PREFIX_PATH=/opt/ros/humble /usr/bin/cmake /home/fins/Desktop/merged_lidar_ws/src/livox_ros_driver2 -DROS_EDITION=ROS2 -DHUMBLE_ROS=humble -DCMAKE_INSTALL_PREFIX=/home/fins/Desktop/merged_lidar_ws/install/livox_ros_driver2
[0.078s] -- The C compiler identification is GNU 11.4.0
[0.143s] -- The CXX compiler identification is GNU 11.4.0
[0.151s] -- Detecting C compiler ABI info
[0.239s] -- Detecting C compiler ABI info - done
[0.246s] -- Check for working C compiler: /usr/bin/cc - skipped
[0.246s] -- Detecting C compile features
[0.246s] -- Detecting C compile features - done
[0.250s] -- Detecting CXX compiler ABI info
[0.352s] -- Detecting CXX compiler ABI info - done
[0.362s] -- Check for working CXX compiler: /usr/bin/c++ - skipped
[0.362s] -- Detecting CXX compile features
[0.362s] -- Detecting CXX compile features - done
[0.363s] -- livox_ros_driver2 version: 1.2.4
[0.365s] -- Found ament_cmake_auto: 1.3.10 (/opt/ros/humble/share/ament_cmake_auto/cmake)
[0.644s] -- Found Python3: /usr/bin/python3 (found version "3.10.12") found components: Interpreter 
[0.762s] -- Using all available rosidl_typesupport_c: rosidl_typesupport_fastrtps_c;rosidl_typesupport_introspection_c
[0.766s] -- Found rosidl_adapter: 3.1.5 (/opt/ros/humble/share/rosidl_adapter/cmake)
[0.797s] -- Using all available rosidl_typesupport_cpp: rosidl_typesupport_fastrtps_cpp;rosidl_typesupport_introspection_cpp
[0.858s] -- Found rmw_implementation_cmake: 6.1.2 (/opt/ros/humble/share/rmw_implementation_cmake/cmake)
[0.860s] -- Found rmw_fastrtps_cpp: 6.2.7 (/opt/ros/humble/share/rmw_fastrtps_cpp/cmake)
[0.942s] -- Found OpenSSL: /usr/lib/x86_64-linux-gnu/libcrypto.so (found version "3.0.2")  
[0.966s] -- Found FastRTPS: /opt/ros/humble/include  
[1.007s] -- Using RMW implementation 'rmw_fastrtps_cpp' as default
[1.014s] -- Looking for pthread.h
[1.083s] -- Looking for pthread.h - found
[1.083s] -- Performing Test CMAKE_HAVE_LIBC_PTHREAD
[1.152s] -- Performing Test CMAKE_HAVE_LIBC_PTHREAD - Success
[1.153s] -- Found Threads: TRUE  
[1.262s] -- Checking for module 'eigen3'
[1.277s] --   Found eigen3, version 3.4.0
[1.314s] -- Found Eigen: /usr/include/eigen3 (Required is at least version "3.1") 
[1.315s] -- Eigen found (include: /usr/include/eigen3, version: 3.4.0)
[1.345s] -- Checking for module 'flann'
[1.360s] --   Found flann, version 1.9.1
[1.401s] -- Found FLANN: /usr/lib/x86_64-linux-gnu/libflann_cpp.so  
[1.401s] -- FLANN found (include: /usr/include, lib: /usr/lib/x86_64-linux-gnu/libflann_cpp.so)
[2.257s] -- Checking for module 'libusb-1.0'
[2.272s] --   Found libusb-1.0, version 1.0.25
[2.312s] -- Found libusb: /usr/lib/x86_64-linux-gnu/libusb-1.0.so  
[2.313s] -- OpenNI found (version: 1.5.4.0, include: /usr/include/ni, lib: /usr/lib/libOpenNI.so;libusb::libusb)
[2.374s] -- OpenNI2 found (version: 2.2.0.33, include: /usr/include/openni2, lib: /usr/lib/x86_64-linux-gnu/libOpenNI2.so;libusb::libusb)
[2.499s] -- Eigen found (include: /usr/include/eigen3, version: 3.4.0)
[2.506s] -- OpenNI found (version: 1.5.4.0, include: /usr/include/ni, lib: /usr/lib/libOpenNI.so;libusb::libusb)
[2.512s] -- OpenNI2 found (version: 2.2.0.33, include: /usr/include/openni2, lib: /usr/lib/x86_64-linux-gnu/libOpenNI2.so;libusb::libusb)
[2.630s] -- Found Qhull version 8.0.2
[2.753s] -- OpenNI found (version: 1.5.4.0, include: /usr/include/ni, lib: /usr/lib/libOpenNI.so;libusb::libusb)
[2.872s] -- Found PCL_COMMON: /usr/lib/x86_64-linux-gnu/libpcl_common.so  
[2.873s] -- Found PCL_KDTREE: /usr/lib/x86_64-linux-gnu/libpcl_kdtree.so  
[2.874s] -- Found PCL_OCTREE: /usr/lib/x86_64-linux-gnu/libpcl_octree.so  
[2.874s] -- Found PCL_SEARCH: /usr/lib/x86_64-linux-gnu/libpcl_search.so  
[2.875s] -- Found PCL_SAMPLE_CONSENSUS: /usr/lib/x86_64-linux-gnu/libpcl_sample_consensus.so  
[2.875s] -- Found PCL_FILTERS: /usr/lib/x86_64-linux-gnu/libpcl_filters.so  
[2.876s] -- Found PCL_2D: /usr/include/pcl-1.12  
[2.876s] -- Found PCL_GEOMETRY: /usr/include/pcl-1.12  
[2.877s] -- Found PCL_IO: /usr/lib/x86_64-linux-gnu/libpcl_io.so  
[2.877s] -- Found PCL_FEATURES: /usr/lib/x86_64-linux-gnu/libpcl_features.so  
[2.878s] -- Found PCL_ML: /usr/lib/x86_64-linux-gnu/libpcl_ml.so  
[2.878s] -- Found PCL_SEGMENTATION: /usr/lib/x86_64-linux-gnu/libpcl_segmentation.so  
[2.879s] -- Found PCL_VISUALIZATION: /usr/lib/x86_64-linux-gnu/libpcl_visualization.so  
[2.880s] -- Found PCL_SURFACE: /usr/lib/x86_64-linux-gnu/libpcl_surface.so  
[2.880s] -- Found PCL_REGISTRATION: /usr/lib/x86_64-linux-gnu/libpcl_registration.so  
[2.881s] -- Found PCL_KEYPOINTS: /usr/lib/x86_64-linux-gnu/libpcl_keypoints.so  
[2.882s] -- Found PCL_TRACKING: /usr/lib/x86_64-linux-gnu/libpcl_tracking.so  
[2.882s] -- Found PCL_RECOGNITION: /usr/lib/x86_64-linux-gnu/libpcl_recognition.so  
[2.883s] -- Found PCL_STEREO: /usr/lib/x86_64-linux-gnu/libpcl_stereo.so  
[2.884s] -- Found PCL_APPS: /usr/lib/x86_64-linux-gnu/libpcl_apps.so  
[2.884s] -- Found PCL_IN_HAND_SCANNER: /usr/include/pcl-1.12  
[2.885s] -- Found PCL_MODELER: /usr/include/pcl-1.12  
[2.885s] -- Found PCL_POINT_CLOUD_EDITOR: /usr/include/pcl-1.12  
[2.886s] -- Found PCL_OUTOFCORE: /usr/lib/x86_64-linux-gnu/libpcl_outofcore.so  
[2.886s] -- Found PCL_PEOPLE: /usr/lib/x86_64-linux-gnu/libpcl_people.so  
[2.931s] -- Found PkgConfig: /usr/bin/pkg-config (found version "0.29.2") 
[2.932s] -- Checking for module 'apr-1'
[2.952s] --   Found apr-1, version 1.7.0
[2.996s] [0m/usr/include/apr-1.0[0m
[2.996s] [0mapr-1[0m
[3.159s] -- Found ament_cmake_ros: 0.10.0 (/opt/ros/humble/share/ament_cmake_ros/cmake)
[3.337s] -- Using all available rosidl_typesupport_c: rosidl_typesupport_fastrtps_c;rosidl_typesupport_introspection_c
[3.573s] -- Using all available rosidl_typesupport_cpp: rosidl_typesupport_fastrtps_cpp;rosidl_typesupport_introspection_cpp
[3.592s] -- Found PythonInterp: /usr/bin/python3 (found suitable version "3.10.12", minimum required is "3.6") 
[3.593s] -- Found python_cmake_module: 0.10.0 (/opt/ros/humble/share/python_cmake_module/cmake)
[3.614s] -- Found PythonLibs: /usr/lib/x86_64-linux-gnu/libpython3.10.so (found suitable version "3.10.12", minimum required is "3.5") 
[3.614s] -- Using PYTHON_EXECUTABLE: /usr/bin/python3
[3.614s] -- Using PYTHON_INCLUDE_DIRS: /usr/include/python3.10
[3.614s] -- Using PYTHON_LIBRARIES: /usr/lib/x86_64-linux-gnu/libpython3.10.so
[3.632s] -- Found PythonExtra: .so  
[3.680s] -- Found ament_lint_auto: 0.12.11 (/opt/ros/humble/share/ament_lint_auto/cmake)
[3.698s] -- Added test 'copyright' to check source files copyright and LICENSE
[3.706s] -- Added test 'cppcheck' to perform static code analysis on C / C++ code
[3.706s] -- Configured cppcheck include dirs: /home/fins/Desktop/merged_lidar_ws/src/livox_ros_driver2/3rdparty;/home/fins/Desktop/merged_lidar_ws/src/livox_ros_driver2/src
[3.706s] -- Configured cppcheck exclude dirs and/or files: 
[3.712s] -- Added test 'cpplint' to check C / C++ code against the Google style
[3.713s] -- Configured cpplint exclude dirs and/or files: 
[3.714s] -- Added test 'flake8' to check Python code syntax and style conventions
[3.715s] -- Added test 'lint_cmake' to check CMake code style
[3.716s] -- Added test 'pep257' to check Python code against some of the docstring style conventions in PEP 257
[3.723s] -- Added test 'uncrustify' to check C / C++ code style
[3.723s] -- Configured uncrustify additional arguments: 
[3.724s] -- Added test 'xmllint' to check XML markup files
[3.726s] -- Configuring done
[3.787s] -- Generating done
[3.791s] -- Build files have been written to: /home/fins/Desktop/merged_lidar_ws/build/livox_ros_driver2
[3.818s] Invoked command in '/home/fins/Desktop/merged_lidar_ws/build/livox_ros_driver2' returned '0': CMAKE_PREFIX_PATH=/opt/ros/humble /usr/bin/cmake /home/fins/Desktop/merged_lidar_ws/src/livox_ros_driver2 -DROS_EDITION=ROS2 -DHUMBLE_ROS=humble -DCMAKE_INSTALL_PREFIX=/home/fins/Desktop/merged_lidar_ws/install/livox_ros_driver2
[3.820s] Invoking command in '/home/fins/Desktop/merged_lidar_ws/build/livox_ros_driver2': CMAKE_PREFIX_PATH=/opt/ros/humble /usr/bin/cmake --build /home/fins/Desktop/merged_lidar_ws/build/livox_ros_driver2 -- -j16 -l16
[3.866s] [  1%] [34m[1mGenerating C code for ROS interfaces[0m
[3.878s] [  5%] [34m[1mGenerating C++ code for ROS interfaces[0m
[3.878s] [  5%] [32mBuilding CXX object CMakeFiles/livox_ros_driver2_node.dir/rclcpp_components/node_main_livox_ros_driver2_node.cpp.o[0m
[3.887s] [  5%] Built target ament_cmake_python_copy_livox_ros_driver2
[4.082s] running egg_info
[4.083s] creating livox_ros_driver2.egg-info
[4.104s] writing livox_ros_driver2.egg-info/PKG-INFO
[4.104s] writing dependency_links to livox_ros_driver2.egg-info/dependency_links.txt
[4.104s] writing top-level names to livox_ros_driver2.egg-info/top_level.txt
[4.199s] writing manifest file 'livox_ros_driver2.egg-info/SOURCES.txt'
[4.245s] reading manifest file 'livox_ros_driver2.egg-info/SOURCES.txt'
[4.245s] [  8%] [32mBuilding C object CMakeFiles/livox_interfaces2__rosidl_generator_c.dir/rosidl_generator_c/livox_ros_driver2/msg/detail/custom_msg__functions.c.o[0m
[4.245s] [  8%] [32mBuilding C object CMakeFiles/livox_interfaces2__rosidl_generator_c.dir/rosidl_generator_c/livox_ros_driver2/msg/detail/custom_point__functions.c.o[0m
[4.245s] [  8%] Built target livox_interfaces2__cpp
[4.245s] writing manifest file 'livox_ros_driver2.egg-info/SOURCES.txt'
[4.258s] [ 14%] [34m[1mGenerating C++ type support dispatch for ROS interfaces[0m
[4.258s] [ 14%] [34m[1mGenerating C++ introspection for ROS interfaces[0m
[4.258s] [ 14%] [34m[1mGenerating C++ type support for eProsima Fast-RTPS[0m
[4.293s] [ 15%] [32m[1mLinking C shared library liblivox_ros_driver2__rosidl_generator_c.so[0m
[4.309s] [ 15%] Built target ament_cmake_python_build_livox_ros_driver2_egg
[4.334s] [ 15%] Built target livox_interfaces2__rosidl_generator_c
[4.345s] [ 21%] [34m[1mGenerating C introspection for ROS interfaces[0m
[4.346s] [ 21%] [34m[1mGenerating C type support for eProsima Fast-RTPS[0m
[4.346s] [ 21%] [34m[1mGenerating C type support dispatch for ROS interfaces[0m
[4.612s] [ 22%] [32mBuilding CXX object CMakeFiles/livox_interfaces2__rosidl_typesupport_cpp.dir/rosidl_typesupport_cpp/livox_ros_driver2/msg/custom_msg__type_support.cpp.o[0m
[4.612s] [ 24%] [32mBuilding CXX object CMakeFiles/livox_interfaces2__rosidl_typesupport_cpp.dir/rosidl_typesupport_cpp/livox_ros_driver2/msg/custom_point__type_support.cpp.o[0m
[4.636s] [ 26%] [32mBuilding CXX object CMakeFiles/livox_interfaces2__rosidl_typesupport_introspection_cpp.dir/rosidl_typesupport_introspection_cpp/livox_ros_driver2/msg/detail/custom_point__type_support.cpp.o[0m
[4.637s] [ 28%] [32mBuilding CXX object CMakeFiles/livox_interfaces2__rosidl_typesupport_introspection_cpp.dir/rosidl_typesupport_introspection_cpp/livox_ros_driver2/msg/detail/custom_msg__type_support.cpp.o[0m
[4.665s] [ 31%] [32mBuilding CXX object CMakeFiles/livox_interfaces2__rosidl_typesupport_fastrtps_cpp.dir/rosidl_typesupport_fastrtps_cpp/livox_ros_driver2/msg/detail/dds_fastrtps/custom_point__type_support.cpp.o[0m
[4.665s] [ 31%] [32mBuilding CXX object CMakeFiles/livox_interfaces2__rosidl_typesupport_fastrtps_cpp.dir/rosidl_typesupport_fastrtps_cpp/livox_ros_driver2/msg/detail/dds_fastrtps/custom_msg__type_support.cpp.o[0m
[4.720s] [ 35%] [32mBuilding CXX object CMakeFiles/livox_interfaces2__rosidl_typesupport_c.dir/rosidl_typesupport_c/livox_ros_driver2/msg/custom_point__type_support.cpp.o[0m
[4.721s] [ 35%] [32mBuilding CXX object CMakeFiles/livox_interfaces2__rosidl_typesupport_c.dir/rosidl_typesupport_c/livox_ros_driver2/msg/custom_msg__type_support.cpp.o[0m
[4.744s] [ 38%] [32mBuilding C object CMakeFiles/livox_interfaces2__rosidl_typesupport_introspection_c.dir/rosidl_typesupport_introspection_c/livox_ros_driver2/msg/detail/custom_point__type_support.c.o[0m
[4.744s] [ 36%] [32mBuilding C object CMakeFiles/livox_interfaces2__rosidl_typesupport_introspection_c.dir/rosidl_typesupport_introspection_c/livox_ros_driver2/msg/detail/custom_msg__type_support.c.o[0m
[4.753s] [ 42%] [32mBuilding CXX object CMakeFiles/livox_interfaces2__rosidl_typesupport_fastrtps_c.dir/rosidl_typesupport_fastrtps_c/livox_ros_driver2/msg/detail/custom_point__type_support_c.cpp.o[0m
[4.753s] [ 42%] [32mBuilding CXX object CMakeFiles/livox_interfaces2__rosidl_typesupport_fastrtps_c.dir/rosidl_typesupport_fastrtps_c/livox_ros_driver2/msg/detail/custom_msg__type_support_c.cpp.o[0m
[4.770s] [ 43%] [32m[1mLinking CXX shared library liblivox_ros_driver2__rosidl_typesupport_c.so[0m
[4.795s] [ 45%] [32m[1mLinking C shared library liblivox_ros_driver2__rosidl_typesupport_introspection_c.so[0m
[4.840s] [ 45%] Built target livox_interfaces2__rosidl_typesupport_c
[4.850s] [ 45%] Built target livox_interfaces2__rosidl_typesupport_introspection_c
[4.896s] [ 47%] [32m[1mLinking CXX shared library liblivox_ros_driver2__rosidl_typesupport_cpp.so[0m
[4.944s] [ 47%] Built target livox_interfaces2__rosidl_typesupport_cpp
[4.973s] [ 49%] [32mBuilding CXX object CMakeFiles/livox_ros_driver2.dir/src/livox_ros_driver2.cpp.o[0m
[4.973s] [ 50%] [32mBuilding CXX object CMakeFiles/livox_ros_driver2.dir/src/comm/ldq.cpp.o[0m
[4.975s] [ 52%] [32mBuilding CXX object CMakeFiles/livox_ros_driver2.dir/src/lddc.cpp.o[0m
[4.975s] [ 56%] [32mBuilding CXX object CMakeFiles/livox_ros_driver2.dir/src/comm/comm.cpp.o[0m
[4.975s] [ 56%] [32mBuilding CXX object CMakeFiles/livox_ros_driver2.dir/src/comm/semaphore.cpp.o[0m
[4.975s] [ 57%] [32mBuilding CXX object CMakeFiles/livox_ros_driver2.dir/src/lds_lidar.cpp.o[0m
[4.975s] [ 59%] [32mBuilding CXX object CMakeFiles/livox_ros_driver2.dir/src/driver_node.cpp.o[0m
[4.977s] [ 61%] [32mBuilding CXX object CMakeFiles/livox_ros_driver2.dir/src/lds.cpp.o[0m
[4.977s] [ 63%] [32mBuilding CXX object CMakeFiles/livox_ros_driver2.dir/src/comm/lidar_imu_data_queue.cpp.o[0m
[5.110s] [ 64%] [32mBuilding CXX object CMakeFiles/livox_ros_driver2.dir/src/comm/cache_index.cpp.o[0m
[5.139s] [ 66%] [32mBuilding CXX object CMakeFiles/livox_ros_driver2.dir/src/comm/pub_handler.cpp.o[0m
[5.144s] [ 68%] [32mBuilding CXX object CMakeFiles/livox_ros_driver2.dir/src/parse_cfg_file/parse_cfg_file.cpp.o[0m
[5.156s] [ 70%] [32m[1mLinking CXX shared library liblivox_ros_driver2__rosidl_typesupport_fastrtps_c.so[0m
[5.174s] [ 71%] [32m[1mLinking CXX shared library liblivox_ros_driver2__rosidl_typesupport_introspection_cpp.so[0m
[5.204s] [ 73%] [32m[1mLinking CXX shared library liblivox_ros_driver2__rosidl_typesupport_fastrtps_cpp.so[0m
[5.324s] [ 73%] Built target livox_interfaces2__rosidl_typesupport_fastrtps_c
[5.327s] [ 73%] Built target livox_interfaces2__rosidl_typesupport_introspection_cpp
[5.340s] [ 75%] [32mBuilding CXX object CMakeFiles/livox_ros_driver2.dir/src/parse_cfg_file/parse_livox_lidar_cfg.cpp.o[0m
[5.341s] [ 77%] [32mBuilding CXX object CMakeFiles/livox_ros_driver2.dir/src/call_back/lidar_common_callback.cpp.o[0m
[5.379s] [ 77%] Built target livox_interfaces2__rosidl_typesupport_fastrtps_cpp
[5.397s] [ 78%] [32mBuilding CXX object CMakeFiles/livox_ros_driver2.dir/src/call_back/livox_lidar_callback.cpp.o[0m
[5.529s] [ 78%] Built target livox_interfaces2
[5.571s] [ 80%] [34m[1mGenerating Python code for ROS interfaces[0m
[6.594s] [ 80%] Built target livox_interfaces2__py
[6.619s] [ 84%] [32mBuilding C object CMakeFiles/livox_interfaces2__rosidl_generator_py.dir/rosidl_generator_py/livox_ros_driver2/msg/_custom_msg_s.c.o[0m
[6.619s] [ 84%] [32mBuilding C object CMakeFiles/livox_interfaces2__rosidl_generator_py.dir/rosidl_generator_py/livox_ros_driver2/msg/_custom_point_s.c.o[0m
[6.716s] [ 85%] [32m[1mLinking C shared library rosidl_generator_py/livox_ros_driver2/liblivox_interfaces2__rosidl_generator_py.so[0m
[6.761s] [ 85%] Built target livox_interfaces2__rosidl_generator_py
[6.785s] [ 91%] [32mBuilding C object CMakeFiles/livox_ros_driver2__rosidl_typesupport_fastrtps_c__pyext.dir/rosidl_generator_py/livox_ros_driver2/_livox_ros_driver2_s.ep.rosidl_typesupport_fastrtps_c.c.o[0m
[6.785s] [ 91%] [32mBuilding C object CMakeFiles/livox_ros_driver2__rosidl_typesupport_c__pyext.dir/rosidl_generator_py/livox_ros_driver2/_livox_ros_driver2_s.ep.rosidl_typesupport_c.c.o[0m
[6.785s] [ 91%] [32mBuilding C object CMakeFiles/livox_ros_driver2__rosidl_typesupport_introspection_c__pyext.dir/rosidl_generator_py/livox_ros_driver2/_livox_ros_driver2_s.ep.rosidl_typesupport_introspection_c.c.o[0m
[6.877s] [ 94%] [32m[1mLinking C shared library rosidl_generator_py/livox_ros_driver2/livox_ros_driver2_s__rosidl_typesupport_c.cpython-310-x86_64-linux-gnu.so[0m
[6.877s] [ 94%] [32m[1mLinking C shared library rosidl_generator_py/livox_ros_driver2/livox_ros_driver2_s__rosidl_typesupport_introspection_c.cpython-310-x86_64-linux-gnu.so[0m
[6.881s] [ 96%] [32m[1mLinking C shared library rosidl_generator_py/livox_ros_driver2/livox_ros_driver2_s__rosidl_typesupport_fastrtps_c.cpython-310-x86_64-linux-gnu.so[0m
[6.916s] [ 96%] Built target livox_ros_driver2__rosidl_typesupport_c__pyext
[6.917s] [ 96%] Built target livox_ros_driver2__rosidl_typesupport_introspection_c__pyext
[6.923s] [ 96%] Built target livox_ros_driver2__rosidl_typesupport_fastrtps_c__pyext
[7.701s] [ 98%] [32m[1mLinking CXX executable livox_ros_driver2_node[0m
[7.834s] [ 98%] Built target livox_ros_driver2_node
[12.342s] [100%] [32m[1mLinking CXX shared library liblivox_ros_driver2.so[0m
[12.891s] [100%] Built target livox_ros_driver2
[12.903s] Invoked command in '/home/fins/Desktop/merged_lidar_ws/build/livox_ros_driver2' returned '0': CMAKE_PREFIX_PATH=/opt/ros/humble /usr/bin/cmake --build /home/fins/Desktop/merged_lidar_ws/build/livox_ros_driver2 -- -j16 -l16
[13.053s] Invoking command in '/home/fins/Desktop/merged_lidar_ws/build/livox_ros_driver2': CMAKE_PREFIX_PATH=/opt/ros/humble /usr/bin/cmake --install /home/fins/Desktop/merged_lidar_ws/build/livox_ros_driver2
[13.060s] -- Install configuration: ""
[13.060s] -- Installing: /home/fins/Desktop/merged_lidar_ws/install/livox_ros_driver2/share/ament_index/resource_index/rosidl_interfaces/livox_ros_driver2
[13.060s] -- Installing: /home/fins/Desktop/merged_lidar_ws/install/livox_ros_driver2/include/livox_ros_driver2/livox_ros_driver2
[13.060s] -- Installing: /home/fins/Desktop/merged_lidar_ws/install/livox_ros_driver2/include/livox_ros_driver2/livox_ros_driver2/msg
[13.061s] -- Installing: /home/fins/Desktop/merged_lidar_ws/install/livox_ros_driver2/include/livox_ros_driver2/livox_ros_driver2/msg/rosidl_generator_c__visibility_control.h
[13.061s] -- Installing: /home/fins/Desktop/merged_lidar_ws/install/livox_ros_driver2/include/livox_ros_driver2/livox_ros_driver2/msg/custom_point.h
[13.061s] -- Installing: /home/fins/Desktop/merged_lidar_ws/install/livox_ros_driver2/include/livox_ros_driver2/livox_ros_driver2/msg/detail
[13.061s] -- Installing: /home/fins/Desktop/merged_lidar_ws/install/livox_ros_driver2/include/livox_ros_driver2/livox_ros_driver2/msg/detail/custom_point__struct.h
[13.061s] -- Installing: /home/fins/Desktop/merged_lidar_ws/install/livox_ros_driver2/include/livox_ros_driver2/livox_ros_driver2/msg/detail/custom_msg__functions.h
[13.061s] -- Installing: /home/fins/Desktop/merged_lidar_ws/install/livox_ros_driver2/include/livox_ros_driver2/livox_ros_driver2/msg/detail/custom_point__functions.c
[13.061s] -- Installing: /home/fins/Desktop/merged_lidar_ws/install/livox_ros_driver2/include/livox_ros_driver2/livox_ros_driver2/msg/detail/custom_msg__type_support.h
[13.061s] -- Installing: /home/fins/Desktop/merged_lidar_ws/install/livox_ros_driver2/include/livox_ros_driver2/livox_ros_driver2/msg/detail/custom_point__functions.h
[13.061s] -- Installing: /home/fins/Desktop/merged_lidar_ws/install/livox_ros_driver2/include/livox_ros_driver2/livox_ros_driver2/msg/detail/custom_msg__functions.c
[13.062s] -- Installing: /home/fins/Desktop/merged_lidar_ws/install/livox_ros_driver2/include/livox_ros_driver2/livox_ros_driver2/msg/detail/custom_point__type_support.h
[13.062s] -- Installing: /home/fins/Desktop/merged_lidar_ws/install/livox_ros_driver2/include/livox_ros_driver2/livox_ros_driver2/msg/detail/custom_msg__struct.h
[13.062s] -- Installing: /home/fins/Desktop/merged_lidar_ws/install/livox_ros_driver2/include/livox_ros_driver2/livox_ros_driver2/msg/custom_msg.h
[13.062s] -- Installing: /home/fins/Desktop/merged_lidar_ws/install/livox_ros_driver2/share/livox_ros_driver2/environment/library_path.sh
[13.062s] -- Installing: /home/fins/Desktop/merged_lidar_ws/install/livox_ros_driver2/share/livox_ros_driver2/environment/library_path.dsv
[13.062s] -- Installing: /home/fins/Desktop/merged_lidar_ws/install/livox_ros_driver2/lib/liblivox_ros_driver2__rosidl_generator_c.so
[13.063s] -- Set runtime path of "/home/fins/Desktop/merged_lidar_ws/install/livox_ros_driver2/lib/liblivox_ros_driver2__rosidl_generator_c.so" to ""
[13.063s] -- Up-to-date: /home/fins/Desktop/merged_lidar_ws/install/livox_ros_driver2/include/livox_ros_driver2/livox_ros_driver2
[13.063s] -- Up-to-date: /home/fins/Desktop/merged_lidar_ws/install/livox_ros_driver2/include/livox_ros_driver2/livox_ros_driver2/msg
[13.063s] -- Installing: /home/fins/Desktop/merged_lidar_ws/install/livox_ros_driver2/include/livox_ros_driver2/livox_ros_driver2/msg/rosidl_typesupport_fastrtps_c__visibility_control.h
[13.063s] -- Up-to-date: /home/fins/Desktop/merged_lidar_ws/install/livox_ros_driver2/include/livox_ros_driver2/livox_ros_driver2/msg/detail
[13.063s] -- Installing: /home/fins/Desktop/merged_lidar_ws/install/livox_ros_driver2/include/livox_ros_driver2/livox_ros_driver2/msg/detail/custom_msg__rosidl_typesupport_fastrtps_c.h
[13.063s] -- Installing: /home/fins/Desktop/merged_lidar_ws/install/livox_ros_driver2/include/livox_ros_driver2/livox_ros_driver2/msg/detail/custom_point__rosidl_typesupport_fastrtps_c.h
[13.063s] -- Installing: /home/fins/Desktop/merged_lidar_ws/install/livox_ros_driver2/lib/liblivox_ros_driver2__rosidl_typesupport_fastrtps_c.so
[13.063s] -- Set runtime path of "/home/fins/Desktop/merged_lidar_ws/install/livox_ros_driver2/lib/liblivox_ros_driver2__rosidl_typesupport_fastrtps_c.so" to ""
[13.064s] -- Up-to-date: /home/fins/Desktop/merged_lidar_ws/install/livox_ros_driver2/include/livox_ros_driver2/livox_ros_driver2
[13.064s] -- Up-to-date: /home/fins/Desktop/merged_lidar_ws/install/livox_ros_driver2/include/livox_ros_driver2/livox_ros_driver2/msg
[13.064s] -- Installing: /home/fins/Desktop/merged_lidar_ws/install/livox_ros_driver2/include/livox_ros_driver2/livox_ros_driver2/msg/rosidl_typesupport_introspection_c__visibility_control.h
[13.064s] -- Up-to-date: /home/fins/Desktop/merged_lidar_ws/install/livox_ros_driver2/include/livox_ros_driver2/livox_ros_driver2/msg/detail
[13.064s] -- Installing: /home/fins/Desktop/merged_lidar_ws/install/livox_ros_driver2/include/livox_ros_driver2/livox_ros_driver2/msg/detail/custom_msg__type_support.c
[13.064s] -- Installing: /home/fins/Desktop/merged_lidar_ws/install/livox_ros_driver2/include/livox_ros_driver2/livox_ros_driver2/msg/detail/custom_point__rosidl_typesupport_introspection_c.h
[13.064s] -- Installing: /home/fins/Desktop/merged_lidar_ws/install/livox_ros_driver2/include/livox_ros_driver2/livox_ros_driver2/msg/detail/custom_point__type_support.c
[13.064s] -- Installing: /home/fins/Desktop/merged_lidar_ws/install/livox_ros_driver2/include/livox_ros_driver2/livox_ros_driver2/msg/detail/custom_msg__rosidl_typesupport_introspection_c.h
[13.064s] -- Installing: /home/fins/Desktop/merged_lidar_ws/install/livox_ros_driver2/lib/liblivox_ros_driver2__rosidl_typesupport_introspection_c.so
[13.065s] -- Set runtime path of "/home/fins/Desktop/merged_lidar_ws/install/livox_ros_driver2/lib/liblivox_ros_driver2__rosidl_typesupport_introspection_c.so" to ""
[13.065s] -- Installing: /home/fins/Desktop/merged_lidar_ws/install/livox_ros_driver2/lib/liblivox_ros_driver2__rosidl_typesupport_c.so
[13.065s] -- Set runtime path of "/home/fins/Desktop/merged_lidar_ws/install/livox_ros_driver2/lib/liblivox_ros_driver2__rosidl_typesupport_c.so" to ""
[13.065s] -- Up-to-date: /home/fins/Desktop/merged_lidar_ws/install/livox_ros_driver2/include/livox_ros_driver2/livox_ros_driver2
[13.065s] -- Up-to-date: /home/fins/Desktop/merged_lidar_ws/install/livox_ros_driver2/include/livox_ros_driver2/livox_ros_driver2/msg
[13.065s] -- Installing: /home/fins/Desktop/merged_lidar_ws/install/livox_ros_driver2/include/livox_ros_driver2/livox_ros_driver2/msg/custom_point.hpp
[13.065s] -- Installing: /home/fins/Desktop/merged_lidar_ws/install/livox_ros_driver2/include/livox_ros_driver2/livox_ros_driver2/msg/custom_msg.hpp
[13.065s] -- Up-to-date: /home/fins/Desktop/merged_lidar_ws/install/livox_ros_driver2/include/livox_ros_driver2/livox_ros_driver2/msg/detail
[13.065s] -- Installing: /home/fins/Desktop/merged_lidar_ws/install/livox_ros_driver2/include/livox_ros_driver2/livox_ros_driver2/msg/detail/custom_point__builder.hpp
[13.065s] -- Installing: /home/fins/Desktop/merged_lidar_ws/install/livox_ros_driver2/include/livox_ros_driver2/livox_ros_driver2/msg/detail/custom_msg__struct.hpp
[13.065s] -- Installing: /home/fins/Desktop/merged_lidar_ws/install/livox_ros_driver2/include/livox_ros_driver2/livox_ros_driver2/msg/detail/custom_msg__traits.hpp
[13.066s] -- Installing: /home/fins/Desktop/merged_lidar_ws/install/livox_ros_driver2/include/livox_ros_driver2/livox_ros_driver2/msg/detail/custom_point__traits.hpp
[13.066s] -- Installing: /home/fins/Desktop/merged_lidar_ws/install/livox_ros_driver2/include/livox_ros_driver2/livox_ros_driver2/msg/detail/custom_msg__builder.hpp
[13.066s] -- Installing: /home/fins/Desktop/merged_lidar_ws/install/livox_ros_driver2/include/livox_ros_driver2/livox_ros_driver2/msg/detail/custom_point__struct.hpp
[13.066s] -- Up-to-date: /home/fins/Desktop/merged_lidar_ws/install/livox_ros_driver2/include/livox_ros_driver2/livox_ros_driver2
[13.066s] -- Up-to-date: /home/fins/Desktop/merged_lidar_ws/install/livox_ros_driver2/include/livox_ros_driver2/livox_ros_driver2/msg
[13.066s] -- Installing: /home/fins/Desktop/merged_lidar_ws/install/livox_ros_driver2/include/livox_ros_driver2/livox_ros_driver2/msg/rosidl_typesupport_fastrtps_cpp__visibility_control.h
[13.066s] -- Up-to-date: /home/fins/Desktop/merged_lidar_ws/install/livox_ros_driver2/include/livox_ros_driver2/livox_ros_driver2/msg/detail
[13.066s] -- Installing: /home/fins/Desktop/merged_lidar_ws/install/livox_ros_driver2/include/livox_ros_driver2/livox_ros_driver2/msg/detail/custom_msg__rosidl_typesupport_fastrtps_cpp.hpp
[13.066s] -- Installing: /home/fins/Desktop/merged_lidar_ws/install/livox_ros_driver2/include/livox_ros_driver2/livox_ros_driver2/msg/detail/dds_fastrtps
[13.066s] -- Installing: /home/fins/Desktop/merged_lidar_ws/install/livox_ros_driver2/include/livox_ros_driver2/livox_ros_driver2/msg/detail/custom_point__rosidl_typesupport_fastrtps_cpp.hpp
[13.067s] -- Installing: /home/fins/Desktop/merged_lidar_ws/install/livox_ros_driver2/lib/liblivox_ros_driver2__rosidl_typesupport_fastrtps_cpp.so
[13.067s] -- Set runtime path of "/home/fins/Desktop/merged_lidar_ws/install/livox_ros_driver2/lib/liblivox_ros_driver2__rosidl_typesupport_fastrtps_cpp.so" to ""
[13.067s] -- Up-to-date: /home/fins/Desktop/merged_lidar_ws/install/livox_ros_driver2/include/livox_ros_driver2/livox_ros_driver2
[13.067s] -- Up-to-date: /home/fins/Desktop/merged_lidar_ws/install/livox_ros_driver2/include/livox_ros_driver2/livox_ros_driver2/msg
[13.067s] -- Up-to-date: /home/fins/Desktop/merged_lidar_ws/install/livox_ros_driver2/include/livox_ros_driver2/livox_ros_driver2/msg/detail
[13.067s] -- Installing: /home/fins/Desktop/merged_lidar_ws/install/livox_ros_driver2/include/livox_ros_driver2/livox_ros_driver2/msg/detail/custom_msg__rosidl_typesupport_introspection_cpp.hpp
[13.067s] -- Installing: /home/fins/Desktop/merged_lidar_ws/install/livox_ros_driver2/include/livox_ros_driver2/livox_ros_driver2/msg/detail/custom_msg__type_support.cpp
[13.067s] -- Installing: /home/fins/Desktop/merged_lidar_ws/install/livox_ros_driver2/include/livox_ros_driver2/livox_ros_driver2/msg/detail/custom_point__rosidl_typesupport_introspection_cpp.hpp
[13.067s] -- Installing: /home/fins/Desktop/merged_lidar_ws/install/livox_ros_driver2/include/livox_ros_driver2/livox_ros_driver2/msg/detail/custom_point__type_support.cpp
[13.068s] -- Installing: /home/fins/Desktop/merged_lidar_ws/install/livox_ros_driver2/lib/liblivox_ros_driver2__rosidl_typesupport_introspection_cpp.so
[13.068s] -- Set runtime path of "/home/fins/Desktop/merged_lidar_ws/install/livox_ros_driver2/lib/liblivox_ros_driver2__rosidl_typesupport_introspection_cpp.so" to ""
[13.068s] -- Installing: /home/fins/Desktop/merged_lidar_ws/install/livox_ros_driver2/lib/liblivox_ros_driver2__rosidl_typesupport_cpp.so
[13.069s] -- Set runtime path of "/home/fins/Desktop/merged_lidar_ws/install/livox_ros_driver2/lib/liblivox_ros_driver2__rosidl_typesupport_cpp.so" to ""
[13.069s] -- Installing: /home/fins/Desktop/merged_lidar_ws/install/livox_ros_driver2/share/livox_ros_driver2/environment/pythonpath.sh
[13.069s] -- Installing: /home/fins/Desktop/merged_lidar_ws/install/livox_ros_driver2/share/livox_ros_driver2/environment/pythonpath.dsv
[13.069s] -- Installing: /home/fins/Desktop/merged_lidar_ws/install/livox_ros_driver2/local/lib/python3.10/dist-packages/livox_ros_driver2-1.0.0-py3.10.egg-info
[13.069s] -- Installing: /home/fins/Desktop/merged_lidar_ws/install/livox_ros_driver2/local/lib/python3.10/dist-packages/livox_ros_driver2-1.0.0-py3.10.egg-info/PKG-INFO
[13.070s] -- Installing: /home/fins/Desktop/merged_lidar_ws/install/livox_ros_driver2/local/lib/python3.10/dist-packages/livox_ros_driver2-1.0.0-py3.10.egg-info/SOURCES.txt
[13.070s] -- Installing: /home/fins/Desktop/merged_lidar_ws/install/livox_ros_driver2/local/lib/python3.10/dist-packages/livox_ros_driver2-1.0.0-py3.10.egg-info/top_level.txt
[13.070s] -- Installing: /home/fins/Desktop/merged_lidar_ws/install/livox_ros_driver2/local/lib/python3.10/dist-packages/livox_ros_driver2-1.0.0-py3.10.egg-info/dependency_links.txt
[13.070s] -- Installing: /home/fins/Desktop/merged_lidar_ws/install/livox_ros_driver2/local/lib/python3.10/dist-packages/livox_ros_driver2
[13.070s] -- Installing: /home/fins/Desktop/merged_lidar_ws/install/livox_ros_driver2/local/lib/python3.10/dist-packages/livox_ros_driver2/_livox_ros_driver2_s.ep.rosidl_typesupport_fastrtps_c.c
[13.070s] -- Installing: /home/fins/Desktop/merged_lidar_ws/install/livox_ros_driver2/local/lib/python3.10/dist-packages/livox_ros_driver2/livox_ros_driver2_s__rosidl_typesupport_fastrtps_c.cpython-310-x86_64-linux-gnu.so
[13.070s] -- Installing: /home/fins/Desktop/merged_lidar_ws/install/livox_ros_driver2/local/lib/python3.10/dist-packages/livox_ros_driver2/_livox_ros_driver2_s.ep.rosidl_typesupport_introspection_c.c
[13.070s] -- Installing: /home/fins/Desktop/merged_lidar_ws/install/livox_ros_driver2/local/lib/python3.10/dist-packages/livox_ros_driver2/msg
[13.071s] -- Installing: /home/fins/Desktop/merged_lidar_ws/install/livox_ros_driver2/local/lib/python3.10/dist-packages/livox_ros_driver2/msg/_custom_msg.py
[13.071s] -- Installing: /home/fins/Desktop/merged_lidar_ws/install/livox_ros_driver2/local/lib/python3.10/dist-packages/livox_ros_driver2/msg/_custom_msg_s.c
[13.071s] -- Installing: /home/fins/Desktop/merged_lidar_ws/install/livox_ros_driver2/local/lib/python3.10/dist-packages/livox_ros_driver2/msg/_custom_point_s.c
[13.071s] -- Installing: /home/fins/Desktop/merged_lidar_ws/install/livox_ros_driver2/local/lib/python3.10/dist-packages/livox_ros_driver2/msg/__init__.py
[13.071s] -- Installing: /home/fins/Desktop/merged_lidar_ws/install/livox_ros_driver2/local/lib/python3.10/dist-packages/livox_ros_driver2/msg/_custom_point.py
[13.071s] -- Installing: /home/fins/Desktop/merged_lidar_ws/install/livox_ros_driver2/local/lib/python3.10/dist-packages/livox_ros_driver2/liblivox_interfaces2__rosidl_generator_py.so
[13.071s] -- Installing: /home/fins/Desktop/merged_lidar_ws/install/livox_ros_driver2/local/lib/python3.10/dist-packages/livox_ros_driver2/livox_ros_driver2_s__rosidl_typesupport_c.cpython-310-x86_64-linux-gnu.so
[13.071s] -- Installing: /home/fins/Desktop/merged_lidar_ws/install/livox_ros_driver2/local/lib/python3.10/dist-packages/livox_ros_driver2/__init__.py
[13.072s] -- Installing: /home/fins/Desktop/merged_lidar_ws/install/livox_ros_driver2/local/lib/python3.10/dist-packages/livox_ros_driver2/_livox_ros_driver2_s.ep.rosidl_typesupport_c.c
[13.072s] -- Installing: /home/fins/Desktop/merged_lidar_ws/install/livox_ros_driver2/local/lib/python3.10/dist-packages/livox_ros_driver2/livox_ros_driver2_s__rosidl_typesupport_introspection_c.cpython-310-x86_64-linux-gnu.so
[13.100s] Listing '/home/fins/Desktop/merged_lidar_ws/install/livox_ros_driver2/local/lib/python3.10/dist-packages/livox_ros_driver2'...
[13.100s] Compiling '/home/fins/Desktop/merged_lidar_ws/install/livox_ros_driver2/local/lib/python3.10/dist-packages/livox_ros_driver2/__init__.py'...
[13.100s] Listing '/home/fins/Desktop/merged_lidar_ws/install/livox_ros_driver2/local/lib/python3.10/dist-packages/livox_ros_driver2/msg'...
[13.100s] Compiling '/home/fins/Desktop/merged_lidar_ws/install/livox_ros_driver2/local/lib/python3.10/dist-packages/livox_ros_driver2/msg/__init__.py'...
[13.100s] Compiling '/home/fins/Desktop/merged_lidar_ws/install/livox_ros_driver2/local/lib/python3.10/dist-packages/livox_ros_driver2/msg/_custom_msg.py'...
[13.100s] Compiling '/home/fins/Desktop/merged_lidar_ws/install/livox_ros_driver2/local/lib/python3.10/dist-packages/livox_ros_driver2/msg/_custom_point.py'...
[13.104s] -- Installing: /home/fins/Desktop/merged_lidar_ws/install/livox_ros_driver2/local/lib/python3.10/dist-packages/livox_ros_driver2/livox_ros_driver2_s__rosidl_typesupport_fastrtps_c.cpython-310-x86_64-linux-gnu.so
[13.104s] -- Set runtime path of "/home/fins/Desktop/merged_lidar_ws/install/livox_ros_driver2/local/lib/python3.10/dist-packages/livox_ros_driver2/livox_ros_driver2_s__rosidl_typesupport_fastrtps_c.cpython-310-x86_64-linux-gnu.so" to ""
[13.104s] -- Installing: /home/fins/Desktop/merged_lidar_ws/install/livox_ros_driver2/local/lib/python3.10/dist-packages/livox_ros_driver2/livox_ros_driver2_s__rosidl_typesupport_introspection_c.cpython-310-x86_64-linux-gnu.so
[13.105s] -- Set runtime path of "/home/fins/Desktop/merged_lidar_ws/install/livox_ros_driver2/local/lib/python3.10/dist-packages/livox_ros_driver2/livox_ros_driver2_s__rosidl_typesupport_introspection_c.cpython-310-x86_64-linux-gnu.so" to ""
[13.105s] -- Installing: /home/fins/Desktop/merged_lidar_ws/install/livox_ros_driver2/local/lib/python3.10/dist-packages/livox_ros_driver2/livox_ros_driver2_s__rosidl_typesupport_c.cpython-310-x86_64-linux-gnu.so
[13.105s] -- Set runtime path of "/home/fins/Desktop/merged_lidar_ws/install/livox_ros_driver2/local/lib/python3.10/dist-packages/livox_ros_driver2/livox_ros_driver2_s__rosidl_typesupport_c.cpython-310-x86_64-linux-gnu.so" to ""
[13.105s] -- Installing: /home/fins/Desktop/merged_lidar_ws/install/livox_ros_driver2/lib/liblivox_interfaces2__rosidl_generator_py.so
[13.105s] -- Set runtime path of "/home/fins/Desktop/merged_lidar_ws/install/livox_ros_driver2/lib/liblivox_interfaces2__rosidl_generator_py.so" to ""
[13.106s] -- Installing: /home/fins/Desktop/merged_lidar_ws/install/livox_ros_driver2/share/livox_ros_driver2/msg/CustomPoint.idl
[13.106s] -- Installing: /home/fins/Desktop/merged_lidar_ws/install/livox_ros_driver2/share/livox_ros_driver2/msg/CustomMsg.idl
[13.106s] -- Installing: /home/fins/Desktop/merged_lidar_ws/install/livox_ros_driver2/share/livox_ros_driver2/msg/CustomPoint.msg
[13.106s] -- Installing: /home/fins/Desktop/merged_lidar_ws/install/livox_ros_driver2/share/livox_ros_driver2/msg/CustomMsg.msg
[13.106s] -- Installing: /home/fins/Desktop/merged_lidar_ws/install/livox_ros_driver2/lib/livox_ros_driver2/livox_ros_driver2_node
[13.107s] -- Set runtime path of "/home/fins/Desktop/merged_lidar_ws/install/livox_ros_driver2/lib/livox_ros_driver2/livox_ros_driver2_node" to ""
[13.107s] -- Installing: /home/fins/Desktop/merged_lidar_ws/install/livox_ros_driver2/lib/liblivox_ros_driver2.so
[13.111s] -- Set runtime path of "/home/fins/Desktop/merged_lidar_ws/install/livox_ros_driver2/lib/liblivox_ros_driver2.so" to ""
[13.111s] -- Installing: /home/fins/Desktop/merged_lidar_ws/install/livox_ros_driver2/share/livox_ros_driver2/config
[13.111s] -- Installing: /home/fins/Desktop/merged_lidar_ws/install/livox_ros_driver2/share/livox_ros_driver2/config/MID360_config1.json
[13.111s] -- Installing: /home/fins/Desktop/merged_lidar_ws/install/livox_ros_driver2/share/livox_ros_driver2/config/HAP_config.json
[13.111s] -- Installing: /home/fins/Desktop/merged_lidar_ws/install/livox_ros_driver2/share/livox_ros_driver2/config/display_point_cloud_ROS1.rviz
[13.111s] -- Installing: /home/fins/Desktop/merged_lidar_ws/install/livox_ros_driver2/share/livox_ros_driver2/config/MID360_config2.json
[13.112s] -- Installing: /home/fins/Desktop/merged_lidar_ws/install/livox_ros_driver2/share/livox_ros_driver2/config/display_point_cloud_ROS2.rviz
[13.112s] -- Installing: /home/fins/Desktop/merged_lidar_ws/install/livox_ros_driver2/share/livox_ros_driver2/config/multi_config.json
[13.112s] -- Installing: /home/fins/Desktop/merged_lidar_ws/install/livox_ros_driver2/share/livox_ros_driver2/launch_ROS2
[13.112s] -- Installing: /home/fins/Desktop/merged_lidar_ws/install/livox_ros_driver2/share/livox_ros_driver2/launch_ROS2/rviz_HAP_launch.py
[13.112s] -- Installing: /home/fins/Desktop/merged_lidar_ws/install/livox_ros_driver2/share/livox_ros_driver2/launch_ROS2/rviz_MID360_launch2.py
[13.112s] -- Installing: /home/fins/Desktop/merged_lidar_ws/install/livox_ros_driver2/share/livox_ros_driver2/launch_ROS2/rviz_MID360_launch1.py
[13.112s] -- Installing: /home/fins/Desktop/merged_lidar_ws/install/livox_ros_driver2/share/livox_ros_driver2/launch_ROS2/rviz_mixed.py
[13.113s] -- Installing: /home/fins/Desktop/merged_lidar_ws/install/livox_ros_driver2/share/livox_ros_driver2/launch_ROS2/msg_HAP_launch.py
[13.113s] -- Installing: /home/fins/Desktop/merged_lidar_ws/install/livox_ros_driver2/share/livox_ros_driver2/launch_ROS2/msg_multi_launch.py
[13.113s] -- Installing: /home/fins/Desktop/merged_lidar_ws/install/livox_ros_driver2/share/ament_index/resource_index/package_run_dependencies/livox_ros_driver2
[13.113s] -- Installing: /home/fins/Desktop/merged_lidar_ws/install/livox_ros_driver2/share/ament_index/resource_index/parent_prefix_path/livox_ros_driver2
[13.113s] -- Installing: /home/fins/Desktop/merged_lidar_ws/install/livox_ros_driver2/share/livox_ros_driver2/environment/ament_prefix_path.sh
[13.113s] -- Installing: /home/fins/Desktop/merged_lidar_ws/install/livox_ros_driver2/share/livox_ros_driver2/environment/ament_prefix_path.dsv
[13.113s] -- Installing: /home/fins/Desktop/merged_lidar_ws/install/livox_ros_driver2/share/livox_ros_driver2/environment/path.sh
[13.113s] -- Installing: /home/fins/Desktop/merged_lidar_ws/install/livox_ros_driver2/share/livox_ros_driver2/environment/path.dsv
[13.113s] -- Installing: /home/fins/Desktop/merged_lidar_ws/install/livox_ros_driver2/share/livox_ros_driver2/local_setup.bash
[13.113s] -- Installing: /home/fins/Desktop/merged_lidar_ws/install/livox_ros_driver2/share/livox_ros_driver2/local_setup.sh
[13.113s] -- Installing: /home/fins/Desktop/merged_lidar_ws/install/livox_ros_driver2/share/livox_ros_driver2/local_setup.zsh
[13.114s] -- Installing: /home/fins/Desktop/merged_lidar_ws/install/livox_ros_driver2/share/livox_ros_driver2/local_setup.dsv
[13.114s] -- Installing: /home/fins/Desktop/merged_lidar_ws/install/livox_ros_driver2/share/livox_ros_driver2/package.dsv
[13.114s] -- Installing: /home/fins/Desktop/merged_lidar_ws/install/livox_ros_driver2/share/ament_index/resource_index/packages/livox_ros_driver2
[13.114s] -- Installing: /home/fins/Desktop/merged_lidar_ws/install/livox_ros_driver2/share/livox_ros_driver2/cmake/export_livox_interfaces2__rosidl_generator_cExport.cmake
[13.114s] -- Installing: /home/fins/Desktop/merged_lidar_ws/install/livox_ros_driver2/share/livox_ros_driver2/cmake/export_livox_interfaces2__rosidl_generator_cExport-noconfig.cmake
[13.114s] -- Installing: /home/fins/Desktop/merged_lidar_ws/install/livox_ros_driver2/share/livox_ros_driver2/cmake/export_livox_interfaces2__rosidl_typesupport_fastrtps_cExport.cmake
[13.114s] -- Installing: /home/fins/Desktop/merged_lidar_ws/install/livox_ros_driver2/share/livox_ros_driver2/cmake/export_livox_interfaces2__rosidl_typesupport_fastrtps_cExport-noconfig.cmake
[13.115s] -- Installing: /home/fins/Desktop/merged_lidar_ws/install/livox_ros_driver2/share/livox_ros_driver2/cmake/livox_interfaces2__rosidl_typesupport_introspection_cExport.cmake
[13.115s] -- Installing: /home/fins/Desktop/merged_lidar_ws/install/livox_ros_driver2/share/livox_ros_driver2/cmake/livox_interfaces2__rosidl_typesupport_introspection_cExport-noconfig.cmake
[13.115s] -- Installing: /home/fins/Desktop/merged_lidar_ws/install/livox_ros_driver2/share/livox_ros_driver2/cmake/livox_interfaces2__rosidl_typesupport_cExport.cmake
[13.115s] -- Installing: /home/fins/Desktop/merged_lidar_ws/install/livox_ros_driver2/share/livox_ros_driver2/cmake/livox_interfaces2__rosidl_typesupport_cExport-noconfig.cmake
[13.115s] -- Installing: /home/fins/Desktop/merged_lidar_ws/install/livox_ros_driver2/share/livox_ros_driver2/cmake/export_livox_interfaces2__rosidl_generator_cppExport.cmake
[13.115s] -- Installing: /home/fins/Desktop/merged_lidar_ws/install/livox_ros_driver2/share/livox_ros_driver2/cmake/export_livox_interfaces2__rosidl_typesupport_fastrtps_cppExport.cmake
[13.115s] -- Installing: /home/fins/Desktop/merged_lidar_ws/install/livox_ros_driver2/share/livox_ros_driver2/cmake/export_livox_interfaces2__rosidl_typesupport_fastrtps_cppExport-noconfig.cmake
[13.116s] -- Installing: /home/fins/Desktop/merged_lidar_ws/install/livox_ros_driver2/share/livox_ros_driver2/cmake/livox_interfaces2__rosidl_typesupport_introspection_cppExport.cmake
[13.116s] -- Installing: /home/fins/Desktop/merged_lidar_ws/install/livox_ros_driver2/share/livox_ros_driver2/cmake/livox_interfaces2__rosidl_typesupport_introspection_cppExport-noconfig.cmake
[13.116s] -- Installing: /home/fins/Desktop/merged_lidar_ws/install/livox_ros_driver2/share/livox_ros_driver2/cmake/livox_interfaces2__rosidl_typesupport_cppExport.cmake
[13.116s] -- Installing: /home/fins/Desktop/merged_lidar_ws/install/livox_ros_driver2/share/livox_ros_driver2/cmake/livox_interfaces2__rosidl_typesupport_cppExport-noconfig.cmake
[13.116s] -- Installing: /home/fins/Desktop/merged_lidar_ws/install/livox_ros_driver2/share/livox_ros_driver2/cmake/export_livox_interfaces2__rosidl_generator_pyExport.cmake
[13.116s] -- Installing: /home/fins/Desktop/merged_lidar_ws/install/livox_ros_driver2/share/livox_ros_driver2/cmake/export_livox_interfaces2__rosidl_generator_pyExport-noconfig.cmake
[13.117s] -- Installing: /home/fins/Desktop/merged_lidar_ws/install/livox_ros_driver2/share/ament_index/resource_index/rclcpp_components/livox_ros_driver2
[13.117s] -- Installing: /home/fins/Desktop/merged_lidar_ws/install/livox_ros_driver2/share/livox_ros_driver2/cmake/rosidl_cmake-extras.cmake
[13.117s] -- Installing: /home/fins/Desktop/merged_lidar_ws/install/livox_ros_driver2/share/livox_ros_driver2/cmake/ament_cmake_export_dependencies-extras.cmake
[13.117s] -- Installing: /home/fins/Desktop/merged_lidar_ws/install/livox_ros_driver2/share/livox_ros_driver2/cmake/ament_cmake_export_include_directories-extras.cmake
[13.117s] -- Installing: /home/fins/Desktop/merged_lidar_ws/install/livox_ros_driver2/share/livox_ros_driver2/cmake/ament_cmake_export_libraries-extras.cmake
[13.117s] -- Installing: /home/fins/Desktop/merged_lidar_ws/install/livox_ros_driver2/share/livox_ros_driver2/cmake/ament_cmake_export_targets-extras.cmake
[13.117s] -- Installing: /home/fins/Desktop/merged_lidar_ws/install/livox_ros_driver2/share/livox_ros_driver2/cmake/rosidl_cmake_export_typesupport_targets-extras.cmake
[13.118s] -- Installing: /home/fins/Desktop/merged_lidar_ws/install/livox_ros_driver2/share/livox_ros_driver2/cmake/rosidl_cmake_export_typesupport_libraries-extras.cmake
[13.118s] -- Installing: /home/fins/Desktop/merged_lidar_ws/install/livox_ros_driver2/share/livox_ros_driver2/cmake/livox_ros_driver2Config.cmake
[13.118s] -- Installing: /home/fins/Desktop/merged_lidar_ws/install/livox_ros_driver2/share/livox_ros_driver2/cmake/livox_ros_driver2Config-version.cmake
[13.118s] -- Installing: /home/fins/Desktop/merged_lidar_ws/install/livox_ros_driver2/share/livox_ros_driver2/package.xml
[13.120s] Invoked command in '/home/fins/Desktop/merged_lidar_ws/build/livox_ros_driver2' returned '0': CMAKE_PREFIX_PATH=/opt/ros/humble /usr/bin/cmake --install /home/fins/Desktop/merged_lidar_ws/build/livox_ros_driver2
