-- Found ament_cmake: 1.3.10 (/opt/ros/humble/share/ament_cmake/cmake)
-- Found ament_cmake_auto: 1.3.10 (/opt/ros/humble/share/ament_cmake_auto/cmake)
-- Found rosidl_generator_c: 3.1.5 (/opt/ros/humble/share/rosidl_generator_c/cmake)
-- Found rosidl_adapter: 3.1.5 (/opt/ros/humble/share/rosidl_adapter/cmake)
-- Found rosidl_generator_cpp: 3.1.5 (/opt/ros/humble/share/rosidl_generator_cpp/cmake)
-- Using all available rosidl_typesupport_c: rosidl_typesupport_fastrtps_c;rosidl_typesupport_introspection_c
-- Using all available rosidl_typesupport_cpp: rosidl_typesupport_fastrtps_cpp;rosidl_typesupport_introspection_cpp
-- Found rmw_implementation_cmake: 6.1.2 (/opt/ros/humble/share/rmw_implementation_cmake/cmake)
-- Found rmw_fastrtps_cpp: 6.2.7 (/opt/ros/humble/share/rmw_fastrtps_cpp/cmake)
-- Using RMW implementation 'rmw_fastrtps_cpp' as default
-- Found eigen3_cmake_module: 0.1.1 (/opt/ros/humble/share/eigen3_cmake_module/cmake)
-- Ensuring Eigen3 include directory is part of orocos-kdl CMake target
-- Eigen found (include: /usr/include/eigen3, version: 3.4.0)
-- FLANN found (include: /usr/include, lib: /usr/lib/x86_64-linux-gnu/libflann_cpp.so)
-- OpenNI found (version: 1.5.4.0, include: /usr/include/ni, lib: /usr/lib/libOpenNI.so;libusb::libusb)
-- OpenNI2 found (version: 2.2.0.33, include: /usr/include/openni2, lib: /usr/lib/x86_64-linux-gnu/libOpenNI2.so;libusb::libusb)
-- Eigen found (include: /usr/include/eigen3, version: 3.4.0)
-- OpenNI found (version: 1.5.4.0, include: /usr/include/ni, lib: /usr/lib/libOpenNI.so;libusb::libusb)
-- OpenNI2 found (version: 2.2.0.33, include: /usr/include/openni2, lib: /usr/lib/x86_64-linux-gnu/libOpenNI2.so;libusb::libusb)
-- Found Qhull version 8.0.2
-- OpenNI found (version: 1.5.4.0, include: /usr/include/ni, lib: /usr/lib/libOpenNI.so;libusb::libusb)
-- Configuring done
-- Generating done
-- Build files have been written to: /home/fins/Desktop/merged_lidar_ws/build/lidar_merge
[35m[1mConsolidate compiler generated dependencies of target merge_point_node[0m
[100%] Built target merge_point_node
-- Install configuration: "Release"
-- Up-to-date: /home/fins/Desktop/merged_lidar_ws/install/lidar_merge/include
-- Up-to-date: /home/fins/Desktop/merged_lidar_ws/install/lidar_merge/include/lidar_merge
-- Up-to-date: /home/fins/Desktop/merged_lidar_ws/install/lidar_merge/lib/lidar_merge/merge_point_node
-- Up-to-date: /home/fins/Desktop/merged_lidar_ws/install/lidar_merge/share/lidar_merge/launch
-- Up-to-date: /home/fins/Desktop/merged_lidar_ws/install/lidar_merge/share/lidar_merge/launch/merge_lidar.launch.py
-- Up-to-date: /home/fins/Desktop/merged_lidar_ws/install/lidar_merge/share/ament_index/resource_index/package_run_dependencies/lidar_merge
-- Up-to-date: /home/fins/Desktop/merged_lidar_ws/install/lidar_merge/share/ament_index/resource_index/parent_prefix_path/lidar_merge
-- Up-to-date: /home/fins/Desktop/merged_lidar_ws/install/lidar_merge/share/lidar_merge/environment/ament_prefix_path.sh
-- Installing: /home/fins/Desktop/merged_lidar_ws/install/lidar_merge/share/lidar_merge/environment/ament_prefix_path.dsv
-- Up-to-date: /home/fins/Desktop/merged_lidar_ws/install/lidar_merge/share/lidar_merge/environment/path.sh
-- Installing: /home/fins/Desktop/merged_lidar_ws/install/lidar_merge/share/lidar_merge/environment/path.dsv
-- Up-to-date: /home/fins/Desktop/merged_lidar_ws/install/lidar_merge/share/lidar_merge/local_setup.bash
-- Up-to-date: /home/fins/Desktop/merged_lidar_ws/install/lidar_merge/share/lidar_merge/local_setup.sh
-- Up-to-date: /home/fins/Desktop/merged_lidar_ws/install/lidar_merge/share/lidar_merge/local_setup.zsh
-- Installing: /home/fins/Desktop/merged_lidar_ws/install/lidar_merge/share/lidar_merge/local_setup.dsv
-- Installing: /home/fins/Desktop/merged_lidar_ws/install/lidar_merge/share/lidar_merge/package.dsv
-- Up-to-date: /home/fins/Desktop/merged_lidar_ws/install/lidar_merge/share/ament_index/resource_index/packages/lidar_merge
-- Up-to-date: /home/fins/Desktop/merged_lidar_ws/install/lidar_merge/share/lidar_merge/cmake/ament_cmake_export_dependencies-extras.cmake
-- Up-to-date: /home/fins/Desktop/merged_lidar_ws/install/lidar_merge/share/lidar_merge/cmake/ament_cmake_export_include_directories-extras.cmake
-- Up-to-date: /home/fins/Desktop/merged_lidar_ws/install/lidar_merge/share/lidar_merge/cmake/lidar_mergeConfig.cmake
-- Up-to-date: /home/fins/Desktop/merged_lidar_ws/install/lidar_merge/share/lidar_merge/cmake/lidar_mergeConfig-version.cmake
-- Up-to-date: /home/fins/Desktop/merged_lidar_ws/install/lidar_merge/share/lidar_merge/package.xml
