[0.015s] Invoking command in '/home/fins/Desktop/merged_lidar_ws/build/lidar_merge': AMENT_PREFIX_PATH=/home/fins/Desktop/merged_lidar_ws/install/livox_ros_driver2:${AMENT_PREFIX_PATH} CMAKE_PREFIX_PATH=/home/fins/Desktop/merged_lidar_ws/install/livox_ros_driver2:/opt/ros/humble LD_LIBRARY_PATH=/home/fins/Desktop/merged_lidar_ws/install/livox_ros_driver2/lib:/opt/ros/humble/opt/rviz_ogre_vendor/lib:/opt/ros/humble/lib/x86_64-linux-gnu:/opt/ros/humble/lib:/opt/MVS/lib/64:/opt/MVS/lib/32:/opt/MVS/lib/64:/opt/MVS/lib/32:/opt/MVS/lib/64:/opt/MVS/lib/32:/usr/local/lib:/usr/local/opencv-4.7.0/lib PYTHONPATH=/home/fins/Desktop/merged_lidar_ws/install/livox_ros_driver2/local/lib/python3.10/dist-packages:${PYTHONPATH} /usr/bin/cmake /home/fins/Desktop/merged_lidar_ws/src/lidar_merge -DAMENT_CMAKE_SYMLINK_INSTALL=1 -DCMAKE_INSTALL_PREFIX=/home/fins/Desktop/merged_lidar_ws/install/lidar_merge
[0.081s] -- The C compiler identification is GNU 11.4.0
[0.145s] -- The CXX compiler identification is GNU 11.4.0
[0.154s] -- Detecting C compiler ABI info
[0.238s] -- Detecting C compiler ABI info - done
[0.246s] -- Check for working C compiler: /usr/bin/cc - skipped
[0.246s] -- Detecting C compile features
[0.246s] -- Detecting C compile features - done
[0.249s] -- Detecting CXX compiler ABI info
[0.327s] -- Detecting CXX compiler ABI info - done
[0.333s] -- Check for working CXX compiler: /usr/bin/c++ - skipped
[0.333s] -- Detecting CXX compile features
[0.333s] -- Detecting CXX compile features - done
[0.336s] -- Found ament_cmake: 1.3.10 (/opt/ros/humble/share/ament_cmake/cmake)
[0.615s] -- Found Python3: /usr/bin/python3 (found version "3.10.12") found components: Interpreter 
[0.662s] -- Override CMake install command with custom implementation using symlinks instead of copying resources
[0.689s] -- Found ament_cmake_auto: 1.3.10 (/opt/ros/humble/share/ament_cmake_auto/cmake)
[0.773s] -- Found rosidl_generator_c: 3.1.5 (/opt/ros/humble/share/rosidl_generator_c/cmake)
[0.777s] -- Found rosidl_adapter: 3.1.5 (/opt/ros/humble/share/rosidl_adapter/cmake)
[0.783s] -- Found rosidl_generator_cpp: 3.1.5 (/opt/ros/humble/share/rosidl_generator_cpp/cmake)
[0.791s] -- Using all available rosidl_typesupport_c: rosidl_typesupport_fastrtps_c;rosidl_typesupport_introspection_c
[0.803s] -- Using all available rosidl_typesupport_cpp: rosidl_typesupport_fastrtps_cpp;rosidl_typesupport_introspection_cpp
[0.834s] -- Found rmw_implementation_cmake: 6.1.2 (/opt/ros/humble/share/rmw_implementation_cmake/cmake)
[0.836s] -- Found rmw_fastrtps_cpp: 6.2.7 (/opt/ros/humble/share/rmw_fastrtps_cpp/cmake)
[0.916s] -- Found OpenSSL: /usr/lib/x86_64-linux-gnu/libcrypto.so (found version "3.0.2")  
[0.940s] -- Found FastRTPS: /opt/ros/humble/include  
[0.980s] -- Using RMW implementation 'rmw_fastrtps_cpp' as default
[0.986s] -- Looking for pthread.h
[1.053s] -- Looking for pthread.h - found
[1.054s] -- Performing Test CMAKE_HAVE_LIBC_PTHREAD
[1.125s] -- Performing Test CMAKE_HAVE_LIBC_PTHREAD - Success
[1.126s] -- Found Threads: TRUE  
[1.259s] -- Found eigen3_cmake_module: 0.1.1 (/opt/ros/humble/share/eigen3_cmake_module/cmake)
[1.260s] -- Found Eigen3: TRUE (found version "3.4.0") 
[1.260s] -- Ensuring Eigen3 include directory is part of orocos-kdl CMake target
[1.312s] -- Checking for module 'eigen3'
[1.325s] --   Found eigen3, version 3.4.0
[1.363s] -- Found Eigen: /usr/include/eigen3 (Required is at least version "3.1") 
[1.363s] -- Eigen found (include: /usr/include/eigen3, version: 3.4.0)
[1.393s] -- Checking for module 'flann'
[1.406s] --   Found flann, version 1.9.1
[1.453s] -- Found FLANN: /usr/lib/x86_64-linux-gnu/libflann_cpp.so  
[1.453s] -- FLANN found (include: /usr/include, lib: /usr/lib/x86_64-linux-gnu/libflann_cpp.so)
[2.305s] -- Checking for module 'libusb-1.0'
[2.321s] --   Found libusb-1.0, version 1.0.25
[2.357s] -- Found libusb: /usr/lib/x86_64-linux-gnu/libusb-1.0.so  
[2.358s] -- OpenNI found (version: 1.5.4.0, include: /usr/include/ni, lib: /usr/lib/libOpenNI.so;libusb::libusb)
[2.420s] -- OpenNI2 found (version: 2.2.0.33, include: /usr/include/openni2, lib: /usr/lib/x86_64-linux-gnu/libOpenNI2.so;libusb::libusb)
[2.544s] -- Eigen found (include: /usr/include/eigen3, version: 3.4.0)
[2.550s] -- OpenNI found (version: 1.5.4.0, include: /usr/include/ni, lib: /usr/lib/libOpenNI.so;libusb::libusb)
[2.557s] -- OpenNI2 found (version: 2.2.0.33, include: /usr/include/openni2, lib: /usr/lib/x86_64-linux-gnu/libOpenNI2.so;libusb::libusb)
[2.671s] -- Found Qhull version 8.0.2
[2.787s] -- OpenNI found (version: 1.5.4.0, include: /usr/include/ni, lib: /usr/lib/libOpenNI.so;libusb::libusb)
[2.898s] -- Found PCL_COMMON: /usr/lib/x86_64-linux-gnu/libpcl_common.so  
[2.898s] -- Found PCL_KDTREE: /usr/lib/x86_64-linux-gnu/libpcl_kdtree.so  
[2.899s] -- Found PCL_OCTREE: /usr/lib/x86_64-linux-gnu/libpcl_octree.so  
[2.899s] -- Found PCL_SEARCH: /usr/lib/x86_64-linux-gnu/libpcl_search.so  
[2.900s] -- Found PCL_SAMPLE_CONSENSUS: /usr/lib/x86_64-linux-gnu/libpcl_sample_consensus.so  
[2.900s] -- Found PCL_FILTERS: /usr/lib/x86_64-linux-gnu/libpcl_filters.so  
[2.901s] -- Found PCL_2D: /usr/include/pcl-1.12  
[2.901s] -- Found PCL_GEOMETRY: /usr/include/pcl-1.12  
[2.901s] -- Found PCL_IO: /usr/lib/x86_64-linux-gnu/libpcl_io.so  
[2.902s] -- Found PCL_FEATURES: /usr/lib/x86_64-linux-gnu/libpcl_features.so  
[2.903s] -- Found PCL_ML: /usr/lib/x86_64-linux-gnu/libpcl_ml.so  
[2.903s] -- Found PCL_SEGMENTATION: /usr/lib/x86_64-linux-gnu/libpcl_segmentation.so  
[2.904s] -- Found PCL_VISUALIZATION: /usr/lib/x86_64-linux-gnu/libpcl_visualization.so  
[2.905s] -- Found PCL_SURFACE: /usr/lib/x86_64-linux-gnu/libpcl_surface.so  
[2.906s] -- Found PCL_REGISTRATION: /usr/lib/x86_64-linux-gnu/libpcl_registration.so  
[2.906s] -- Found PCL_KEYPOINTS: /usr/lib/x86_64-linux-gnu/libpcl_keypoints.so  
[2.907s] -- Found PCL_TRACKING: /usr/lib/x86_64-linux-gnu/libpcl_tracking.so  
[2.908s] -- Found PCL_RECOGNITION: /usr/lib/x86_64-linux-gnu/libpcl_recognition.so  
[2.908s] -- Found PCL_STEREO: /usr/lib/x86_64-linux-gnu/libpcl_stereo.so  
[2.909s] -- Found PCL_APPS: /usr/lib/x86_64-linux-gnu/libpcl_apps.so  
[2.910s] -- Found PCL_IN_HAND_SCANNER: /usr/include/pcl-1.12  
[2.910s] -- Found PCL_MODELER: /usr/include/pcl-1.12  
[2.910s] -- Found PCL_POINT_CLOUD_EDITOR: /usr/include/pcl-1.12  
[2.910s] -- Found PCL_OUTOFCORE: /usr/lib/x86_64-linux-gnu/libpcl_outofcore.so  
[2.911s] -- Found PCL_PEOPLE: /usr/lib/x86_64-linux-gnu/libpcl_people.so  
[2.927s] -- Configuring done
[2.940s] -- Generating done
[2.942s] -- Build files have been written to: /home/fins/Desktop/merged_lidar_ws/build/lidar_merge
[2.960s] Invoked command in '/home/fins/Desktop/merged_lidar_ws/build/lidar_merge' returned '0': AMENT_PREFIX_PATH=/home/fins/Desktop/merged_lidar_ws/install/livox_ros_driver2:${AMENT_PREFIX_PATH} CMAKE_PREFIX_PATH=/home/fins/Desktop/merged_lidar_ws/install/livox_ros_driver2:/opt/ros/humble LD_LIBRARY_PATH=/home/fins/Desktop/merged_lidar_ws/install/livox_ros_driver2/lib:/opt/ros/humble/opt/rviz_ogre_vendor/lib:/opt/ros/humble/lib/x86_64-linux-gnu:/opt/ros/humble/lib:/opt/MVS/lib/64:/opt/MVS/lib/32:/opt/MVS/lib/64:/opt/MVS/lib/32:/opt/MVS/lib/64:/opt/MVS/lib/32:/usr/local/lib:/usr/local/opencv-4.7.0/lib PYTHONPATH=/home/fins/Desktop/merged_lidar_ws/install/livox_ros_driver2/local/lib/python3.10/dist-packages:${PYTHONPATH} /usr/bin/cmake /home/fins/Desktop/merged_lidar_ws/src/lidar_merge -DAMENT_CMAKE_SYMLINK_INSTALL=1 -DCMAKE_INSTALL_PREFIX=/home/fins/Desktop/merged_lidar_ws/install/lidar_merge
[2.961s] Invoking command in '/home/fins/Desktop/merged_lidar_ws/build/lidar_merge': AMENT_PREFIX_PATH=/home/fins/Desktop/merged_lidar_ws/install/livox_ros_driver2:${AMENT_PREFIX_PATH} CMAKE_PREFIX_PATH=/home/fins/Desktop/merged_lidar_ws/install/livox_ros_driver2:/opt/ros/humble LD_LIBRARY_PATH=/home/fins/Desktop/merged_lidar_ws/install/livox_ros_driver2/lib:/opt/ros/humble/opt/rviz_ogre_vendor/lib:/opt/ros/humble/lib/x86_64-linux-gnu:/opt/ros/humble/lib:/opt/MVS/lib/64:/opt/MVS/lib/32:/opt/MVS/lib/64:/opt/MVS/lib/32:/opt/MVS/lib/64:/opt/MVS/lib/32:/usr/local/lib:/usr/local/opencv-4.7.0/lib PYTHONPATH=/home/fins/Desktop/merged_lidar_ws/install/livox_ros_driver2/local/lib/python3.10/dist-packages:${PYTHONPATH} /usr/bin/cmake --build /home/fins/Desktop/merged_lidar_ws/build/lidar_merge -- -j16 -l16
[3.011s] [ 50%] [32mBuilding CXX object CMakeFiles/merge_point_node.dir/src/merge.cpp.o[0m
[14.154s] [100%] [32m[1mLinking CXX executable merge_point_node[0m
[14.333s] [100%] Built target merge_point_node
[14.344s] Invoked command in '/home/fins/Desktop/merged_lidar_ws/build/lidar_merge' returned '0': AMENT_PREFIX_PATH=/home/fins/Desktop/merged_lidar_ws/install/livox_ros_driver2:${AMENT_PREFIX_PATH} CMAKE_PREFIX_PATH=/home/fins/Desktop/merged_lidar_ws/install/livox_ros_driver2:/opt/ros/humble LD_LIBRARY_PATH=/home/fins/Desktop/merged_lidar_ws/install/livox_ros_driver2/lib:/opt/ros/humble/opt/rviz_ogre_vendor/lib:/opt/ros/humble/lib/x86_64-linux-gnu:/opt/ros/humble/lib:/opt/MVS/lib/64:/opt/MVS/lib/32:/opt/MVS/lib/64:/opt/MVS/lib/32:/opt/MVS/lib/64:/opt/MVS/lib/32:/usr/local/lib:/usr/local/opencv-4.7.0/lib PYTHONPATH=/home/fins/Desktop/merged_lidar_ws/install/livox_ros_driver2/local/lib/python3.10/dist-packages:${PYTHONPATH} /usr/bin/cmake --build /home/fins/Desktop/merged_lidar_ws/build/lidar_merge -- -j16 -l16
[14.384s] Invoking command in '/home/fins/Desktop/merged_lidar_ws/build/lidar_merge': AMENT_PREFIX_PATH=/home/fins/Desktop/merged_lidar_ws/install/livox_ros_driver2:${AMENT_PREFIX_PATH} CMAKE_PREFIX_PATH=/home/fins/Desktop/merged_lidar_ws/install/livox_ros_driver2:/opt/ros/humble LD_LIBRARY_PATH=/home/fins/Desktop/merged_lidar_ws/install/livox_ros_driver2/lib:/opt/ros/humble/opt/rviz_ogre_vendor/lib:/opt/ros/humble/lib/x86_64-linux-gnu:/opt/ros/humble/lib:/opt/MVS/lib/64:/opt/MVS/lib/32:/opt/MVS/lib/64:/opt/MVS/lib/32:/opt/MVS/lib/64:/opt/MVS/lib/32:/usr/local/lib:/usr/local/opencv-4.7.0/lib PYTHONPATH=/home/fins/Desktop/merged_lidar_ws/install/livox_ros_driver2/local/lib/python3.10/dist-packages:${PYTHONPATH} /usr/bin/cmake --install /home/fins/Desktop/merged_lidar_ws/build/lidar_merge
[14.391s] -- Install configuration: "Release"
[14.391s] -- Execute custom install script
[14.392s] -- Symlinking: /home/fins/Desktop/merged_lidar_ws/install/lidar_merge/lib/lidar_merge/merge_point_node
[14.399s] -- Symlinking: /home/fins/Desktop/merged_lidar_ws/install/lidar_merge/share/ament_index/resource_index/package_run_dependencies/lidar_merge
[14.409s] -- Symlinking: /home/fins/Desktop/merged_lidar_ws/install/lidar_merge/share/ament_index/resource_index/parent_prefix_path/lidar_merge
[14.418s] -- Symlinking: /home/fins/Desktop/merged_lidar_ws/install/lidar_merge/share/lidar_merge/environment/ament_prefix_path.sh
[14.426s] -- Symlinking: /home/fins/Desktop/merged_lidar_ws/install/lidar_merge/share/lidar_merge/environment/ament_prefix_path.dsv
[14.435s] -- Symlinking: /home/fins/Desktop/merged_lidar_ws/install/lidar_merge/share/lidar_merge/environment/path.sh
[14.444s] -- Symlinking: /home/fins/Desktop/merged_lidar_ws/install/lidar_merge/share/lidar_merge/environment/path.dsv
[14.454s] -- Symlinking: /home/fins/Desktop/merged_lidar_ws/install/lidar_merge/share/lidar_merge/local_setup.bash
[14.463s] -- Symlinking: /home/fins/Desktop/merged_lidar_ws/install/lidar_merge/share/lidar_merge/local_setup.sh
[14.473s] -- Symlinking: /home/fins/Desktop/merged_lidar_ws/install/lidar_merge/share/lidar_merge/local_setup.zsh
[14.482s] -- Symlinking: /home/fins/Desktop/merged_lidar_ws/install/lidar_merge/share/lidar_merge/local_setup.dsv
[14.490s] -- Symlinking: /home/fins/Desktop/merged_lidar_ws/install/lidar_merge/share/lidar_merge/package.dsv
[14.498s] -- Symlinking: /home/fins/Desktop/merged_lidar_ws/install/lidar_merge/share/ament_index/resource_index/packages/lidar_merge
[14.506s] -- Symlinking: /home/fins/Desktop/merged_lidar_ws/install/lidar_merge/share/lidar_merge/cmake/ament_cmake_export_dependencies-extras.cmake
[14.514s] -- Symlinking: /home/fins/Desktop/merged_lidar_ws/install/lidar_merge/share/lidar_merge/cmake/ament_cmake_export_include_directories-extras.cmake
[14.522s] -- Symlinking: /home/fins/Desktop/merged_lidar_ws/install/lidar_merge/share/lidar_merge/cmake/lidar_mergeConfig.cmake
[14.530s] -- Symlinking: /home/fins/Desktop/merged_lidar_ws/install/lidar_merge/share/lidar_merge/cmake/lidar_mergeConfig-version.cmake
[14.540s] -- Symlinking: /home/fins/Desktop/merged_lidar_ws/install/lidar_merge/share/lidar_merge/package.xml
[14.551s] Invoked command in '/home/fins/Desktop/merged_lidar_ws/build/lidar_merge' returned '0': AMENT_PREFIX_PATH=/home/fins/Desktop/merged_lidar_ws/install/livox_ros_driver2:${AMENT_PREFIX_PATH} CMAKE_PREFIX_PATH=/home/fins/Desktop/merged_lidar_ws/install/livox_ros_driver2:/opt/ros/humble LD_LIBRARY_PATH=/home/fins/Desktop/merged_lidar_ws/install/livox_ros_driver2/lib:/opt/ros/humble/opt/rviz_ogre_vendor/lib:/opt/ros/humble/lib/x86_64-linux-gnu:/opt/ros/humble/lib:/opt/MVS/lib/64:/opt/MVS/lib/32:/opt/MVS/lib/64:/opt/MVS/lib/32:/opt/MVS/lib/64:/opt/MVS/lib/32:/usr/local/lib:/usr/local/opencv-4.7.0/lib PYTHONPATH=/home/fins/Desktop/merged_lidar_ws/install/livox_ros_driver2/local/lib/python3.10/dist-packages:${PYTHONPATH} /usr/bin/cmake --install /home/fins/Desktop/merged_lidar_ws/build/lidar_merge
